
                            < M A T L A B (R) >
                  Copyright 1984-2015 The MathWorks, Inc.
                   R2015a (8.5.0.197613) 64-bit (glnxa64)
                             February 12, 2015

 
To get started, type one of these: helpwin, helpdesk, or demo.
For product information, visit www.mathworks.com.
 

	Academic License


img1 =

homes.pgm.atts


img2 =

dummy


minGap =

    20


startTime =

12-Oct-2015 13:33:57

## Starting Data/homes.pgm.atts

 954 longest primitives returned (455 lines, 499 arcs read, but returning only 3000 max elements for computational reasons)

 Time taken by traditional algorithm = 4861.623500 (sec)
dimRedAlg =

PCA


 Wanted to embed 954 magnets embedded 954 magnet
 Writing coordinates of magnets in text file Coords.txt
 Image mask in VisionDots.bmp
 Relaxing nanodisk array with pi/4 orientation as initial states for all disks and external field along x.
 Time Taken = 3.723000 picoseconds
 Relaxing nanodisk array with pi/4 orientation as initial states for all disks and external field along y.
 Time Taken = 4.010000 picoseconds
 Time taken by nanomagnet computing = 31.560506 (sec)
 Detection Rate 0.390255 at 0.078739 false alarm
dimRedAlg =

LDA


 Wanted to embed 954 magnets embedded 954 magnet
 Writing coordinates of magnets in text file Coords.txt
 Image mask in VisionDots.bmp
 Relaxing nanodisk array with pi/4 orientation as initial states for all disks and external field along x.
 Time Taken = 6.298000 picoseconds
 Relaxing nanodisk array with pi/4 orientation as initial states for all disks and external field along y.slurmstepd: *** JOB 1930753 CANCELLED AT 2015-10-12T16:04:06 DUE TO TIME LIMIT on wh-520-9-14 ***
