
                            < M A T L A B (R) >
                  Copyright 1984-2015 The MathWorks, Inc.
                   R2015a (8.5.0.197613) 64-bit (glnxa64)
                             February 12, 2015

 
To get started, type one of these: helpwin, helpdesk, or demo.
For product information, visit www.mathworks.com.
 

	Academic License


img1 =

S005I003.pgm.atts


img2 =

dummy


minGap =

    20


startTime =

12-Oct-2015 13:29:48

## Starting Data/S005I003.pgm.atts

 381 longest primitives returned (228 lines, 153 arcs read, but returning only 3000 max elements for computational reasons)

 Time taken by traditional algorithm = 1608.434754 (sec)
dimRedAlg =

PCA


 Wanted to embed 381 magnets embedded 381 magnet
 Writing coordinates of magnets in text file Coords.txt
 Image mask in VisionDots.bmp
 Relaxing nanodisk array with pi/4 orientation as initial states for all disks and external field along x.
 Time Taken = 5.556000 picoseconds
 Relaxing nanodisk array with pi/4 orientation as initial states for all disks and external field along y.
 Time Taken = 6.589000 picoseconds
 Time taken by nanomagnet computing = 11.553924 (sec)
 Detection Rate 0.052328 at 0.099760 false alarm
dimRedAlg =

LDA


 Wanted to embed 381 magnets embedded 381 magnet
 Writing coordinates of magnets in text file Coords.txt
 Image mask in VisionDots.bmp
 Relaxing nanodisk array with pi/4 orientation as initial states for all disks and external field along x.
 Time Taken = 2.332000 picoseconds
 Relaxing nanodisk array with pi/4 orientation as initial states for all disks and external field along y.
 Time Taken = 9.214000 picoseconds
 Time taken by nanomagnet computing = 2.377033 (sec)
 Detection Rate 0.303157 at 0.091812 false alarm
dimRedAlg =

MDS


 Wanted to embed 381 magnets embedded 381 magnet
 Writing coordinates of magnets in text file Coords.txt
 Image mask in VisionDots.bmp
 Relaxing nanodisk array with pi/4 orientation as initial states for all disks and external field along x.
 Time Taken = 5.556000 picoseconds
 Relaxing nanodisk array with pi/4 orientation as initial states for all disks and external field along y.
 Time Taken = 6.589000 picoseconds
 Time taken by nanomagnet computing = 5.436335 (sec)
 Detection Rate 0.052328 at 0.099760 false alarm
dimRedAlg =

ProbPCA


 Wanted to embed 381 magnets embedded 381 magnet
 Writing coordinates of magnets in text file Coords.txt
 Image mask in VisionDots.bmp
 Relaxing nanodisk array with pi/4 orientation as initial states for all disks and external field along x.
 Time Taken = 29.967000 picoseconds
 Relaxing nanodisk array with pi/4 orientation as initial states for all disks and external field along y.
 Time Taken = 26.536000 picoseconds
 Time taken by nanomagnet computing = 257.635671 (sec)
 Detection Rate 0.617369 at 0.097525 false alarm
dimRedAlg =

FactorAnalysis

 

 Wanted to embed 381 magnets embedded 381 magnet
 Writing coordinates of magnets in text file Coords.txt
 Image mask in VisionDots.bmp
 Relaxing nanodisk array with pi/4 orientation as initial states for all disks and external field along x.
 Time Taken = 56.944000 picoseconds
 Relaxing nanodisk array with pi/4 orientation as initial states for all disks and external field along y.
 Time Taken = 1.316000 picoseconds
 Time taken by nanomagnet computing = 433.348204 (sec)
 Detection Rate 0.266429 at 0.099925 false alarm
dimRedAlg =

Sammon


 Wanted to embed 381 magnets embedded 381 magnet
 Writing coordinates of magnets in text file Coords.txt
 Image mask in VisionDots.bmp
 Relaxing nanodisk array with pi/4 orientation as initial states for all disks and external field along x.
 Time Taken = 4.646000 picoseconds
 Relaxing nanodisk array with pi/4 orientation as initial states for all disks and external field along y.
 Time Taken = 5.645000 picoseconds
 Time taken by nanomagnet computing = 285.187625 (sec)
 Detection Rate 0.922123 at 0.098353 false alarm
dimRedAlg =

Isomap

Constructing neighborhood graph...
Computing shortest paths...
Constructing low-dimensional embedding...

 Wanted to embed 380 magnets embedded 380 magnet
 #*#*# ERROR: Failed Execution. Alg: Isomap, File: Data/S005I003.pgm.atts

magnetVisionException = 

  MException with properties:

    identifier: 'MATLAB:badsubscript'
       message: 'Index exceeds matrix dimensions.'
         cause: {}
         stack: [3x1 struct]


dimRedAlg =

LandmarkIsomap


 Wanted to embed 380 magnets embedded 380 magnet
 #*#*# ERROR: Failed Execution. Alg: LandmarkIsomap, File: Data/S005I003.pgm.atts

magnetVisionException = 

  MException with properties:

    identifier: 'MATLAB:badsubscript'
       message: 'Index exceeds matrix dimensions.'
         cause: {}
         stack: [3x1 struct]


dimRedAlg =

LLE


 Wanted to embed 380 magnets embedded 380 magnet
 #*#*# ERROR: Failed Execution. Alg: LLE, File: Data/S005I003.pgm.atts

magnetVisionException = 

  MException with properties:

    identifier: 'MATLAB:badsubscript'
       message: 'Index exceeds matrix dimensions.'
         cause: {}
         stack: [3x1 struct]


dimRedAlg =

Laplacian


 Wanted to embed 381 magnets embedded 381 magnet
 Writing coordinates of magnets in text file Coords.txt
 Image mask in VisionDots.bmp
 Relaxing nanodisk array with pi/4 orientation as initial states for all disks and external field along x.
 Time Taken = 10.780000 picoseconds
 Relaxing nanodisk array with pi/4 orientation as initial states for all disks and external field along y.
 Time Taken = 2.503000 picoseconds
 Time taken by nanomagnet computing = 1.529764 (sec)
 Detection Rate 0.406830 at 0.098270 false alarm
dimRedAlg =

HessianLLE


 #*#*# ERROR: Failed Execution. Alg: HessianLLE, File: Data/S005I003.pgm.atts

magnetVisionException = 

  MException with properties:

    identifier: 'MATLAB:eigs:AminusBSingular'
       message: 'The shifted operator is singular. The shift is an eigenva...'
         cause: {0x1 cell}
         stack: [8x1 struct]


dimRedAlg =

LTSA

Find nearest neighbors...
Compute local information matrices for all datapoints...
Construct alignment matrix...
Perform eigenanalysis...

 #*#*# ERROR: Failed Execution. Alg: LTSA, File: Data/S005I003.pgm.atts

magnetVisionException = 

  MException with properties:

    identifier: 'MATLAB:eigs:AminusBSingular'
       message: 'The shifted operator is singular. The shift is an eigenva...'
         cause: {0x1 cell}
         stack: [8x1 struct]


dimRedAlg =

DiffusionMaps


 Wanted to embed 381 magnets embedded 381 magnet
 Writing coordinates of magnets in text file Coords.txt
 Image mask in VisionDots.bmp
 Relaxing nanodisk array with pi/4 orientation as initial states for all disks and external field along x.
 Time Taken = 1.644000 picoseconds
 Relaxing nanodisk array with pi/4 orientation as initial states for all disks and external field along y.
 Time Taken = 6.845000 picoseconds
 Time taken by nanomagnet computing = 7.083280 (sec)
 Detection Rate 0.551652 at 0.075503 false alarm
dimRedAlg =

KernelPCA


 Wanted to embed 381 magnets embedded 381 magnet
 Writing coordinates of magnets in text file Coords.txt
 Image mask in VisionDots.bmp
 Relaxing nanodisk array with pi/4 orientation as initial states for all disks and external field along x.slurmstepd: *** JOB 1930718 CANCELLED AT 2015-10-12T16:00:06 DUE TO TIME LIMIT on wh-520-10-20 ***
