
                            < M A T L A B (R) >
                  Copyright 1984-2015 The MathWorks, Inc.
                   R2015a (8.5.0.197613) 64-bit (glnxa64)
                             February 12, 2015

 
To get started, type one of these: helpwin, helpdesk, or demo.
For product information, visit www.mathworks.com.
 

	Academic License


img1 =

S004I006.PGM.atts


img2 =

dummy


minGap =

    20


startTime =

12-Oct-2015 13:28:46

## Starting Data/S004I006.PGM.atts

 503 longest primitives returned (225 lines, 278 arcs read, but returning only 3000 max elements for computational reasons)

 Time taken by traditional algorithm = 1328.930740 (sec)
dimRedAlg =

PCA


 Wanted to embed 503 magnets embedded 503 magnet
 Writing coordinates of magnets in text file Coords.txt
 Image mask in VisionDots.bmp
 Relaxing nanodisk array with pi/4 orientation as initial states for all disks and external field along x.
 Time Taken = 8.335000 picoseconds
 Relaxing nanodisk array with pi/4 orientation as initial states for all disks and external field along y.
 Time Taken = 7.914000 picoseconds
 Time taken by nanomagnet computing = 3.340813 (sec)
 Detection Rate 0.238995 at 0.089169 false alarm
dimRedAlg =

LDA


 Wanted to embed 503 magnets embedded 503 magnet
 Writing coordinates of magnets in text file Coords.txt
 Image mask in VisionDots.bmp
 Relaxing nanodisk array with pi/4 orientation as initial states for all disks and external field along x.
 Time Taken = 2.928000 picoseconds
 Relaxing nanodisk array with pi/4 orientation as initial states for all disks and external field along y.
 Time Taken = 11.635000 picoseconds
 Time taken by nanomagnet computing = 2.785926 (sec)
 Detection Rate 0.460467 at 0.084179 false alarm
dimRedAlg =

MDS


 Wanted to embed 503 magnets embedded 503 magnet
 Writing coordinates of magnets in text file Coords.txt
 Image mask in VisionDots.bmp
 Relaxing nanodisk array with pi/4 orientation as initial states for all disks and external field along x.
 Time Taken = 8.335000 picoseconds
 Relaxing nanodisk array with pi/4 orientation as initial states for all disks and external field along y.
 Time Taken = 7.914000 picoseconds
 Time taken by nanomagnet computing = 4.321047 (sec)
 Detection Rate 0.238995 at 0.089169 false alarm
dimRedAlg =

ProbPCA


 Wanted to embed 503 magnets embedded 503 magnet
 Writing coordinates of magnets in text file Coords.txt
 Image mask in VisionDots.bmp
 Relaxing nanodisk array with pi/4 orientation as initial states for all disks and external field along x.
 Time Taken = 37.136000 picoseconds
 Relaxing nanodisk array with pi/4 orientation as initial states for all disks and external field along y.
 Time Taken = 8.826000 picoseconds
 Time taken by nanomagnet computing = 120.932656 (sec)
 Detection Rate 0.543017 at 0.081152 false alarm
dimRedAlg =

FactorAnalysis

 

 Wanted to embed 503 magnets embedded 503 magnet
 Writing coordinates of magnets in text file Coords.txt
 Image mask in VisionDots.bmp
 Relaxing nanodisk array with pi/4 orientation as initial states for all disks and external field along x.
 Time Taken = 1.600000 picoseconds
 Relaxing nanodisk array with pi/4 orientation as initial states for all disks and external field along y.
 Time Taken = 1.231000 picoseconds
 Time taken by nanomagnet computing = 184.978510 (sec)
 Detection Rate 0.453394 at 0.099313 false alarm
dimRedAlg =

Sammon


 Wanted to embed 503 magnets embedded 503 magnet
 Writing coordinates of magnets in text file Coords.txt
 Image mask in VisionDots.bmp
 Relaxing nanodisk array with pi/4 orientation as initial states for all disks and external field along x.
 Time Taken = 2.777000 picoseconds
 Relaxing nanodisk array with pi/4 orientation as initial states for all disks and external field along y.
 Time Taken = 1.587000 picoseconds
 Time taken by nanomagnet computing = 253.468435 (sec)
 Detection Rate 0.840072 at 0.098331 false alarm
dimRedAlg =

Isomap

Constructing neighborhood graph...
Computing shortest paths...
Constructing low-dimensional embedding...

 Wanted to embed 497 magnets embedded 497 magnet
 #*#*# ERROR: Failed Execution. Alg: Isomap, File: Data/S004I006.PGM.atts

magnetVisionException = 

  MException with properties:

    identifier: 'MATLAB:badsubscript'
       message: 'Index exceeds matrix dimensions.'
         cause: {}
         stack: [3x1 struct]


dimRedAlg =

LandmarkIsomap


 Wanted to embed 497 magnets embedded 497 magnet
 #*#*# ERROR: Failed Execution. Alg: LandmarkIsomap, File: Data/S004I006.PGM.atts

magnetVisionException = 

  MException with properties:

    identifier: 'MATLAB:badsubscript'
       message: 'Index exceeds matrix dimensions.'
         cause: {}
         stack: [3x1 struct]


dimRedAlg =

LLE


 Wanted to embed 497 magnets embedded 497 magnet
 #*#*# ERROR: Failed Execution. Alg: LLE, File: Data/S004I006.PGM.atts

magnetVisionException = 

  MException with properties:

    identifier: 'MATLAB:badsubscript'
       message: 'Index exceeds matrix dimensions.'
         cause: {}
         stack: [3x1 struct]


dimRedAlg =

Laplacian


 Wanted to embed 503 magnets embedded 503 magnet
 Writing coordinates of magnets in text file Coords.txt
 Image mask in VisionDots.bmp
 Relaxing nanodisk array with pi/4 orientation as initial states for all disks and external field along x.
 Time Taken = 5.018000 picoseconds
 Relaxing nanodisk array with pi/4 orientation as initial states for all disks and external field along y.
 Time Taken = 1.748000 picoseconds
 Time taken by nanomagnet computing = 0.793423 (sec)
 Detection Rate 0.403568 at 0.094813 false alarm
dimRedAlg =

HessianLLE


 #*#*# ERROR: Failed Execution. Alg: HessianLLE, File: Data/S004I006.PGM.atts

magnetVisionException = 

  MException with properties:

    identifier: 'MATLAB:eigs:AminusBSingular'
       message: 'The shifted operator is singular. The shift is an eigenva...'
         cause: {0x1 cell}
         stack: [8x1 struct]


dimRedAlg =

LTSA

Find nearest neighbors...
Compute local information matrices for all datapoints...
Construct alignment matrix...
Perform eigenanalysis...

 #*#*# ERROR: Failed Execution. Alg: LTSA, File: Data/S004I006.PGM.atts

magnetVisionException = 

  MException with properties:

    identifier: 'MATLAB:eigs:AminusBSingular'
       message: 'The shifted operator is singular. The shift is an eigenva...'
         cause: {0x1 cell}
         stack: [8x1 struct]


dimRedAlg =

DiffusionMaps


 Wanted to embed 503 magnets embedded 503 magnet
 Writing coordinates of magnets in text file Coords.txt
 Image mask in VisionDots.bmp
 Relaxing nanodisk array with pi/4 orientation as initial states for all disks and external field along x.
 Time Taken = 3.740000 picoseconds
 Relaxing nanodisk array with pi/4 orientation as initial states for all disks and external field along y.
 Time Taken = 8.760000 picoseconds
 Time taken by nanomagnet computing = 3.819327 (sec)
 Detection Rate 0.627890 at 0.092032 false alarm
dimRedAlg =

KernelPCA


 Wanted to embed 503 magnets embedded 503 magnet
 Writing coordinates of magnets in text file Coords.txt
 Image mask in VisionDots.bmp
 Relaxing nanodisk array with pi/4 orientation as initial states for all disks and external field along x.
 Time Taken = 24.069000 picoseconds
 Relaxing nanodisk array with pi/4 orientation as initial states for all disks and external field along y.
 Time Taken = 4.399000 picoseconds
 Time taken by nanomagnet computing = 6.633670 (sec)
 Detection Rate 0.635913 at 0.098249 false alarm
dimRedAlg =

SNE


 Wanted to embed 503 magnets embedded 503 magnet
 Writing coordinates of magnets in text file Coords.txt
 Image mask in VisionDots.bmp
 Relaxing nanodisk array with pi/4 orientation as initial states for all disks and external field along x.
 Time Taken = 3.929000 picoseconds
 Relaxing nanodisk array with pi/4 orientation as initial states for all disks and external field along y.
 Time Taken = 6.812000 picoseconds
 Time taken by nanomagnet computing = 262.474582 (sec)
 Detection Rate 0.808825 at 0.096531 false alarm
dimRedAlg =

SymSNE


 Wanted to embed 503 magnets embedded 503 magnet
 Writing coordinates of magnets in text file Coords.txt
 Image mask in VisionDots.bmp
 Relaxing nanodisk array with pi/4 orientation as initial states for all disks and external field along x.
 Time Taken = 3.288000 picoseconds
 Relaxing nanodisk array with pi/4 orientation as initial states for all disks and external field along y.
 Time Taken = 1.514000 picoseconds
 Time taken by nanomagnet computing = 235.416316 (sec)
 Detection Rate 0.496041 at 0.099395 false alarm
dimRedAlg =

tSNE

Computed P-values 500 of 503 datapoints...
Mean value of sigma: 0.40316
Minimum value of sigma: 0.15096
Maximum value of sigma: 1.6999

 Wanted to embed 503 magnets embedded 503 magnet
 Writing coordinates of magnets in text file Coords.txt
 Image mask in VisionDots.bmp
 Relaxing nanodisk array with pi/4 orientation as initial states for all disks and external field along x.
 Time Taken = 13.705000 picoseconds
 Relaxing nanodisk array with pi/4 orientation as initial states for all disks and external field along y.
 Time Taken = 5.106000 picoseconds
 Time taken by nanomagnet computing = 102.477484 (sec)
 Detection Rate 0.669693 at 0.097595 false alarm
dimRedAlg =

NPE


 Wanted to embed 503 magnets embedded 503 magnet
 Writing coordinates of magnets in text file Coords.txt
 Image mask in VisionDots.bmp
 Relaxing nanodisk array with pi/4 orientation as initial states for all disks and external field along x.
 Time Taken = 3.204000 picoseconds
 Relaxing nanodisk array with pi/4 orientation as initial states for all disks and external field along y.slurmstepd: *** JOB 1930710 CANCELLED AT 2015-10-12T15:59:06 DUE TO TIME LIMIT on wh-520-10-21 ***
