
                            < M A T L A B (R) >
                  Copyright 1984-2015 The MathWorks, Inc.
                   R2015a (8.5.0.197613) 64-bit (glnxa64)
                             February 12, 2015

 
To get started, type one of these: helpwin, helpdesk, or demo.
For product information, visit www.mathworks.com.
 

	Academic License


img1 =

nicobarpigeon.pgm.atts


img2 =

dummy


minGap =

    20


startTime =

12-Oct-2015 13:36:36

## Starting Data/nicobarpigeon.pgm.atts

 677 longest primitives returned (285 lines, 392 arcs read, but returning only 3000 max elements for computational reasons)

 Time taken by traditional algorithm = 2221.158695 (sec)
dimRedAlg =

PCA


 Wanted to embed 677 magnets embedded 677 magnet
 Writing coordinates of magnets in text file Coords.txt
 Image mask in VisionDots.bmp
 Relaxing nanodisk array with pi/4 orientation as initial states for all disks and external field along x.
 Time Taken = 7.479000 picoseconds
 Relaxing nanodisk array with pi/4 orientation as initial states for all disks and external field along y.
 Time Taken = 3.966000 picoseconds
 Time taken by nanomagnet computing = 15.204587 (sec)
 Detection Rate 0.509827 at 0.092055 false alarm
dimRedAlg =

LDA


 Wanted to embed 677 magnets embedded 677 magnet
 Writing coordinates of magnets in text file Coords.txt
 Image mask in VisionDots.bmp
 Relaxing nanodisk array with pi/4 orientation as initial states for all disks and external field along x.
 Time Taken = 10.128000 picoseconds
 Relaxing nanodisk array with pi/4 orientation as initial states for all disks and external field along y.
 Time Taken = 9.925000 picoseconds
 Time taken by nanomagnet computing = 7.738611 (sec)
 Detection Rate 0.450549 at 0.095096 false alarm
dimRedAlg =

MDS


 Wanted to embed 677 magnets embedded 677 magnet
 Writing coordinates of magnets in text file Coords.txt
 Image mask in VisionDots.bmp
 Relaxing nanodisk array with pi/4 orientation as initial states for all disks and external field along x.
 Time Taken = 7.479000 picoseconds
 Relaxing nanodisk array with pi/4 orientation as initial states for all disks and external field along y.
 Time Taken = 3.966000 picoseconds
 Time taken by nanomagnet computing = 9.026552 (sec)
 Detection Rate 0.509827 at 0.092055 false alarm
dimRedAlg =

ProbPCA


 Wanted to embed 677 magnets embedded 677 magnet
 Writing coordinates of magnets in text file Coords.txt
 Image mask in VisionDots.bmp
 Relaxing nanodisk array with pi/4 orientation as initial states for all disks and external field along x.
 Time Taken = 12.151000 picoseconds
 Relaxing nanodisk array with pi/4 orientation as initial states for all disks and external field along y.
 Time Taken = 7.537000 picoseconds
 Time taken by nanomagnet computing = 262.966584 (sec)
 Detection Rate 0.571789 at 0.094780 false alarm
dimRedAlg =

FactorAnalysis

 

 Wanted to embed 677 magnets embedded 677 magnet
 Writing coordinates of magnets in text file Coords.txt
 Image mask in VisionDots.bmp
 Relaxing nanodisk array with pi/4 orientation as initial states for all disks and external field along x.
 Time Taken = 19.300000 picoseconds
 Relaxing nanodisk array with pi/4 orientation as initial states for all disks and external field along y.
 Time Taken = 15.252000 picoseconds
 Time taken by nanomagnet computing = 514.989478 (sec)
 Detection Rate 0.427816 at 0.095666 false alarm
dimRedAlg =

Sammon

slurmstepd: *** JOB 1930771 CANCELLED AT 2015-10-12T16:06:37 DUE TO TIME LIMIT on wh-520-9-12 ***
