
                            < M A T L A B (R) >
                  Copyright 1984-2015 The MathWorks, Inc.
                   R2015a (8.5.0.197613) 64-bit (glnxa64)
                             February 12, 2015

 
To get started, type one of these: helpwin, helpdesk, or demo.
For product information, visit www.mathworks.com.
 

	Academic License


img1 =

S005I006.pgm.atts


img2 =

dummy


minGap =

    20


startTime =

12-Oct-2015 13:29:48

## Starting Data/S005I006.pgm.atts

 422 longest primitives returned (225 lines, 197 arcs read, but returning only 3000 max elements for computational reasons)

 Time taken by traditional algorithm = 1763.786808 (sec)
dimRedAlg =

PCA


 Wanted to embed 422 magnets embedded 422 magnet
 Writing coordinates of magnets in text file Coords.txt
 Image mask in VisionDots.bmp
 Relaxing nanodisk array with pi/4 orientation as initial states for all disks and external field along x.
 Time Taken = 2.531000 picoseconds
 Relaxing nanodisk array with pi/4 orientation as initial states for all disks and external field along y.
 Time Taken = 13.072000 picoseconds
 Time taken by nanomagnet computing = 12.771311 (sec)
 Detection Rate 0.275564 at 0.098480 false alarm
dimRedAlg =

LDA


 Wanted to embed 422 magnets embedded 422 magnet
 Writing coordinates of magnets in text file Coords.txt
 Image mask in VisionDots.bmp
 Relaxing nanodisk array with pi/4 orientation as initial states for all disks and external field along x.
 Time Taken = 13.684000 picoseconds
 Relaxing nanodisk array with pi/4 orientation as initial states for all disks and external field along y.
 Time Taken = 10.385000 picoseconds
 Time taken by nanomagnet computing = 2.147662 (sec)
 Detection Rate 0.504906 at 0.062766 false alarm
dimRedAlg =

MDS


 Wanted to embed 422 magnets embedded 422 magnet
 Writing coordinates of magnets in text file Coords.txt
 Image mask in VisionDots.bmp
 Relaxing nanodisk array with pi/4 orientation as initial states for all disks and external field along x.
 Time Taken = 2.531000 picoseconds
 Relaxing nanodisk array with pi/4 orientation as initial states for all disks and external field along y.
 Time Taken = 13.072000 picoseconds
 Time taken by nanomagnet computing = 5.325595 (sec)
 Detection Rate 0.275564 at 0.098480 false alarm
dimRedAlg =

ProbPCA


 Wanted to embed 422 magnets embedded 422 magnet
 Writing coordinates of magnets in text file Coords.txt
 Image mask in VisionDots.bmp
 Relaxing nanodisk array with pi/4 orientation as initial states for all disks and external field along x.
 Time Taken = 7.348000 picoseconds
 Relaxing nanodisk array with pi/4 orientation as initial states for all disks and external field along y.
 Time Taken = 25.648000 picoseconds
 Time taken by nanomagnet computing = 321.962484 (sec)
 Detection Rate 0.567443 at 0.099379 false alarm
dimRedAlg =

FactorAnalysis

 

 Wanted to embed 422 magnets embedded 422 magnet
 Writing coordinates of magnets in text file Coords.txt
 Image mask in VisionDots.bmp
 Relaxing nanodisk array with pi/4 orientation as initial states for all disks and external field along x.
 Time Taken = 11.173000 picoseconds
 Relaxing nanodisk array with pi/4 orientation as initial states for all disks and external field along y.
 Time Taken = 8.263000 picoseconds
 Time taken by nanomagnet computing = 525.154139 (sec)
 Detection Rate 0.247429 at 0.097336 false alarm
dimRedAlg =

Sammon


 Wanted to embed 422 magnets embedded 422 magnet
 Writing coordinates of magnets in text file Coords.txt
 Image mask in VisionDots.bmp
 Relaxing nanodisk array with pi/4 orientation as initial states for all disks and external field along x.
 Time Taken = 8.245000 picoseconds
 Relaxing nanodisk array with pi/4 orientation as initial states for all disks and external field along y.
 Time Taken = 10.068000 picoseconds
 Time taken by nanomagnet computing = 281.767910 (sec)
 Detection Rate 0.943610 at 0.096273 false alarm
dimRedAlg =

Isomap

Constructing neighborhood graph...
Computing shortest paths...
Constructing low-dimensional embedding...

 Wanted to embed 421 magnets embedded 421 magnet
 #*#*# ERROR: Failed Execution. Alg: Isomap, File: Data/S005I006.pgm.atts

magnetVisionException = 

  MException with properties:

    identifier: 'MATLAB:badsubscript'
       message: 'Index exceeds matrix dimensions.'
         cause: {}
         stack: [3x1 struct]


dimRedAlg =

LandmarkIsomap


 Wanted to embed 421 magnets embedded 421 magnet
 #*#*# ERROR: Failed Execution. Alg: LandmarkIsomap, File: Data/S005I006.pgm.atts

magnetVisionException = 

  MException with properties:

    identifier: 'MATLAB:badsubscript'
       message: 'Index exceeds matrix dimensions.'
         cause: {}
         stack: [3x1 struct]


dimRedAlg =

LLE


 Wanted to embed 421 magnets embedded 421 magnet
 #*#*# ERROR: Failed Execution. Alg: LLE, File: Data/S005I006.pgm.atts

magnetVisionException = 

  MException with properties:

    identifier: 'MATLAB:badsubscript'
       message: 'Index exceeds matrix dimensions.'
         cause: {}
         stack: [3x1 struct]


dimRedAlg =

Laplacian


 Wanted to embed 422 magnets embedded 422 magnet
 Writing coordinates of magnets in text file Coords.txt
 Image mask in VisionDots.bmp
 Relaxing nanodisk array with pi/4 orientation as initial states for all disks and external field along x.
 Time Taken = 5.120000 picoseconds
 Relaxing nanodisk array with pi/4 orientation as initial states for all disks and external field along y.
 Time Taken = 4.328000 picoseconds
 Time taken by nanomagnet computing = 0.936073 (sec)
 Detection Rate 0.405958 at 0.099379 false alarm
dimRedAlg =

HessianLLE


 #*#*# ERROR: Failed Execution. Alg: HessianLLE, File: Data/S005I006.pgm.atts

magnetVisionException = 

  MException with properties:

    identifier: 'MATLAB:eigs:AminusBSingular'
       message: 'The shifted operator is singular. The shift is an eigenva...'
         cause: {0x1 cell}
         stack: [8x1 struct]


dimRedAlg =

LTSA

Find nearest neighbors...
Compute local information matrices for all datapoints...
Construct alignment matrix...
Perform eigenanalysis...

 #*#*# ERROR: Failed Execution. Alg: LTSA, File: Data/S005I006.pgm.atts

magnetVisionException = 

  MException with properties:

    identifier: 'MATLAB:eigs:AminusBSingular'
       message: 'The shifted operator is singular. The shift is an eigenva...'
         cause: {0x1 cell}
         stack: [8x1 struct]


dimRedAlg =

DiffusionMaps


 Wanted to embed 422 magnets embedded 422 magnet
 Writing coordinates of magnets in text file Coords.txt
 Image mask in VisionDots.bmp
 Relaxing nanodisk array with pi/4 orientation as initial states for all disks and external field along x.slurmstepd: *** JOB 1930721 CANCELLED AT 2015-10-12T16:00:06 DUE TO TIME LIMIT on wh-520-10-20 ***
