
                            < M A T L A B (R) >
                  Copyright 1984-2015 The MathWorks, Inc.
                   R2015a (8.5.0.197613) 64-bit (glnxa64)
                             February 12, 2015

 
To get started, type one of these: helpwin, helpdesk, or demo.
For product information, visit www.mathworks.com.
 

	Academic License


img1 =

S005I00C.PGM.atts


img2 =

dummy


minGap =

    20


startTime =

12-Oct-2015 13:30:50

## Starting Data/S005I00C.PGM.atts

 455 longest primitives returned (255 lines, 200 arcs read, but returning only 3000 max elements for computational reasons)

 Time taken by traditional algorithm = 1966.673643 (sec)
dimRedAlg =

PCA


 Wanted to embed 455 magnets embedded 455 magnet
 Writing coordinates of magnets in text file Coords.txt
 Image mask in VisionDots.bmp
 Relaxing nanodisk array with pi/4 orientation as initial states for all disks and external field along x.
 Time Taken = 59.394000 picoseconds
 Relaxing nanodisk array with pi/4 orientation as initial states for all disks and external field along y.
 Time Taken = 9.992000 picoseconds
 Time taken by nanomagnet computing = 16.157848 (sec)
 Detection Rate 0.182781 at 0.098448 false alarm
dimRedAlg =

LDA


 Wanted to embed 455 magnets embedded 455 magnet
 Writing coordinates of magnets in text file Coords.txt
 Image mask in VisionDots.bmp
 Relaxing nanodisk array with pi/4 orientation as initial states for all disks and external field along x.
 Time Taken = 3.662000 picoseconds
 Relaxing nanodisk array with pi/4 orientation as initial states for all disks and external field along y.
 Time Taken = 1.181000 picoseconds
 Time taken by nanomagnet computing = 5.992322 (sec)
 Detection Rate 0.238245 at 0.086904 false alarm
dimRedAlg =

MDS


 Wanted to embed 455 magnets embedded 455 magnet
 Writing coordinates of magnets in text file Coords.txt
 Image mask in VisionDots.bmp
 Relaxing nanodisk array with pi/4 orientation as initial states for all disks and external field along x.
 Time Taken = 59.394000 picoseconds
 Relaxing nanodisk array with pi/4 orientation as initial states for all disks and external field along y.
 Time Taken = 9.992000 picoseconds
 Time taken by nanomagnet computing = 7.013512 (sec)
 Detection Rate 0.182781 at 0.098448 false alarm
dimRedAlg =

ProbPCA

slurmstepd: *** JOB 1930727 CANCELLED AT 2015-10-12T16:01:06 DUE TO TIME LIMIT on wh-520-10-20 ***
