
                            < M A T L A B (R) >
                  Copyright 1984-2015 The MathWorks, Inc.
                   R2015a (8.5.0.197613) 64-bit (glnxa64)
                             February 12, 2015

 
To get started, type one of these: helpwin, helpdesk, or demo.
For product information, visit www.mathworks.com.
 

	Academic License


img1 =

216.pgm.atts


img2 =

dummy


minGap =

    20


startTime =

12-Oct-2015 13:27:12

## Starting Data/216.pgm.atts

 1024 longest primitives returned (432 lines, 592 arcs read, but returning only 3000 max elements for computational reasons)

 Time taken by traditional algorithm = 2129.760694 (sec)
dimRedAlg =

PCA


 Wanted to embed 1024 magnets embedded 1024 magnet
 Writing coordinates of magnets in text file Coords.txt
 Image mask in VisionDots.bmp
 Relaxing nanodisk array with pi/4 orientation as initial states for all disks and external field along x.
 Time Taken = 5.374000 picoseconds
 Relaxing nanodisk array with pi/4 orientation as initial states for all disks and external field along y.
 Time Taken = 4.331000 picoseconds
 Time taken by nanomagnet computing = 7.446852 (sec)
 Detection Rate 0.544809 at 0.097062 false alarm
dimRedAlg =

LDA


 Wanted to embed 1024 magnets embedded 1024 magnet
 Writing coordinates of magnets in text file Coords.txt
 Image mask in VisionDots.bmp
 Relaxing nanodisk array with pi/4 orientation as initial states for all disks and external field along x.
 Time Taken = 17.226000 picoseconds
 Relaxing nanodisk array with pi/4 orientation as initial states for all disks and external field along y.
 Time Taken = 4.560000 picoseconds
 Time taken by nanomagnet computing = 16.495741 (sec)
 Detection Rate 0.467442 at 0.096303 false alarm
dimRedAlg =

MDS


 Wanted to embed 1024 magnets embedded 1024 magnet
 Writing coordinates of magnets in text file Coords.txt
 Image mask in VisionDots.bmp
 Relaxing nanodisk array with pi/4 orientation as initial states for all disks and external field along x.
 Time Taken = 5.374000 picoseconds
 Relaxing nanodisk array with pi/4 orientation as initial states for all disks and external field along y.
 Time Taken = 4.331000 picoseconds
 Time taken by nanomagnet computing = 4.371289 (sec)
 Detection Rate 0.544809 at 0.097062 false alarm
dimRedAlg =

ProbPCA


 Wanted to embed 1024 magnets embedded 1024 magnet
 Writing coordinates of magnets in text file Coords.txt
 Image mask in VisionDots.bmp
 Relaxing nanodisk array with pi/4 orientation as initial states for all disks and external field along x.
 Time Taken = 26.456000 picoseconds
 Relaxing nanodisk array with pi/4 orientation as initial states for all disks and external field along y.
 Time Taken = 2.154000 picoseconds
 Time taken by nanomagnet computing = 264.033744 (sec)
 Detection Rate 0.497147 at 0.099786 false alarm
dimRedAlg =

FactorAnalysis

 

 Wanted to embed 1024 magnets embedded 1024 magnet
 Writing coordinates of magnets in text file Coords.txt
 Image mask in VisionDots.bmp
 Relaxing nanodisk array with pi/4 orientation as initial states for all disks and external field along x.
 Time Taken = 7.758000 picoseconds
 Relaxing nanodisk array with pi/4 orientation as initial states for all disks and external field along y.
 Time Taken = 10.351000 picoseconds
 Time taken by nanomagnet computing = 463.683574 (sec)
 Detection Rate 0.513650 at 0.093089 false alarm
dimRedAlg =

Sammon

slurmstepd: *** JOB 1930699 CANCELLED AT 2015-10-12T15:57:36 DUE TO TIME LIMIT on wh-520-10-34 ***
