
                            < M A T L A B (R) >
                  Copyright 1984-2015 The MathWorks, Inc.
                   R2015a (8.5.0.197613) 64-bit (glnxa64)
                             February 12, 2015

 
To get started, type one of these: helpwin, helpdesk, or demo.
For product information, visit www.mathworks.com.
 

	Academic License


img1 =

217.pgm.atts


img2 =

dummy


minGap =

    20


startTime =

12-Oct-2015 13:27:12

## Starting Data/217.pgm.atts

 558 longest primitives returned (211 lines, 347 arcs read, but returning only 3000 max elements for computational reasons)

 Time taken by traditional algorithm = 1090.904651 (sec)
dimRedAlg =

PCA


 Wanted to embed 558 magnets embedded 558 magnet
 Writing coordinates of magnets in text file Coords.txt
 Image mask in VisionDots.bmp
 Relaxing nanodisk array with pi/4 orientation as initial states for all disks and external field along x.
 Time Taken = 25.059000 picoseconds
 Relaxing nanodisk array with pi/4 orientation as initial states for all disks and external field along y.
 Time Taken = 17.426000 picoseconds
 Time taken by nanomagnet computing = 3.685288 (sec)
 Detection Rate 0.355327 at 0.092306 false alarm
dimRedAlg =

LDA


 Wanted to embed 558 magnets embedded 558 magnet
 Writing coordinates of magnets in text file Coords.txt
 Image mask in VisionDots.bmp
 Relaxing nanodisk array with pi/4 orientation as initial states for all disks and external field along x.
 Time Taken = 1.525000 picoseconds
 Relaxing nanodisk array with pi/4 orientation as initial states for all disks and external field along y.
 Time Taken = 23.683000 picoseconds
 Time taken by nanomagnet computing = 2.923043 (sec)
 Detection Rate 0.479078 at 0.083131 false alarm
dimRedAlg =

MDS


 Wanted to embed 558 magnets embedded 558 magnet
 Writing coordinates of magnets in text file Coords.txt
 Image mask in VisionDots.bmp
 Relaxing nanodisk array with pi/4 orientation as initial states for all disks and external field along x.
 Time Taken = 25.059000 picoseconds
 Relaxing nanodisk array with pi/4 orientation as initial states for all disks and external field along y.
 Time Taken = 17.426000 picoseconds
 Time taken by nanomagnet computing = 1.597113 (sec)
 Detection Rate 0.355327 at 0.092306 false alarm
dimRedAlg =

ProbPCA


 Wanted to embed 558 magnets embedded 558 magnet
 Writing coordinates of magnets in text file Coords.txt
 Image mask in VisionDots.bmp
 Relaxing nanodisk array with pi/4 orientation as initial states for all disks and external field along x.
 Time Taken = 15.652000 picoseconds
 Relaxing nanodisk array with pi/4 orientation as initial states for all disks and external field along y.
 Time Taken = 19.232000 picoseconds
 Time taken by nanomagnet computing = 86.476308 (sec)
 Detection Rate 0.623504 at 0.098770 false alarm
dimRedAlg =

FactorAnalysis

 

 Wanted to embed 558 magnets embedded 558 magnet
 Writing coordinates of magnets in text file Coords.txt
 Image mask in VisionDots.bmp
 Relaxing nanodisk array with pi/4 orientation as initial states for all disks and external field along x.
 Time Taken = 5.008000 picoseconds
 Relaxing nanodisk array with pi/4 orientation as initial states for all disks and external field along y.
 Time Taken = 3.246000 picoseconds
 Time taken by nanomagnet computing = 174.312608 (sec)
 Detection Rate 0.282817 at 0.099882 false alarm
dimRedAlg =

Sammon


 Wanted to embed 558 magnets embedded 558 magnet
 Writing coordinates of magnets in text file Coords.txt
 Image mask in VisionDots.bmp
 Relaxing nanodisk array with pi/4 orientation as initial states for all disks and external field along x.
 Time Taken = 7.302000 picoseconds
 Relaxing nanodisk array with pi/4 orientation as initial states for all disks and external field along y.
 Time Taken = 5.490000 picoseconds
 Time taken by nanomagnet computing = 198.029907 (sec)
 Detection Rate 0.675735 at 0.089803 false alarm
dimRedAlg =

Isomap

Constructing neighborhood graph...
Computing shortest paths...
Constructing low-dimensional embedding...

 Wanted to embed 554 magnets embedded 554 magnet
 #*#*# ERROR: Failed Execution. Alg: Isomap, File: Data/217.pgm.atts

magnetVisionException = 

  MException with properties:

    identifier: 'MATLAB:badsubscript'
       message: 'Index exceeds matrix dimensions.'
         cause: {}
         stack: [3x1 struct]


dimRedAlg =

LandmarkIsomap


 Wanted to embed 554 magnets embedded 554 magnet
 #*#*# ERROR: Failed Execution. Alg: LandmarkIsomap, File: Data/217.pgm.atts

magnetVisionException = 

  MException with properties:

    identifier: 'MATLAB:badsubscript'
       message: 'Index exceeds matrix dimensions.'
         cause: {}
         stack: [3x1 struct]


dimRedAlg =

LLE


 Wanted to embed 554 magnets embedded 554 magnet
 #*#*# ERROR: Failed Execution. Alg: LLE, File: Data/217.pgm.atts

magnetVisionException = 

  MException with properties:

    identifier: 'MATLAB:badsubscript'
       message: 'Index exceeds matrix dimensions.'
         cause: {}
         stack: [3x1 struct]


dimRedAlg =

Laplacian


 Wanted to embed 558 magnets embedded 558 magnet
 Writing coordinates of magnets in text file Coords.txt
 Image mask in VisionDots.bmp
 Relaxing nanodisk array with pi/4 orientation as initial states for all disks and external field along x.
 Time Taken = 3.888000 picoseconds
 Relaxing nanodisk array with pi/4 orientation as initial states for all disks and external field along y.
 Time Taken = 11.625000 picoseconds
 Time taken by nanomagnet computing = 0.484754 (sec)
 Detection Rate 0.397665 at 0.098561 false alarm
dimRedAlg =

HessianLLE


 #*#*# ERROR: Failed Execution. Alg: HessianLLE, File: Data/217.pgm.atts

magnetVisionException = 

  MException with properties:

    identifier: 'MATLAB:eigs:AminusBSingular'
       message: 'The shifted operator is singular. The shift is an eigenva...'
         cause: {0x1 cell}
         stack: [8x1 struct]


dimRedAlg =

LTSA

Find nearest neighbors...
Compute local information matrices for all datapoints...
Construct alignment matrix...
Perform eigenanalysis...

 #*#*# ERROR: Failed Execution. Alg: LTSA, File: Data/217.pgm.atts

magnetVisionException = 

  MException with properties:

    identifier: 'MATLAB:eigs:AminusBSingular'
       message: 'The shifted operator is singular. The shift is an eigenva...'
         cause: {0x1 cell}
         stack: [8x1 struct]


dimRedAlg =

DiffusionMaps


 Wanted to embed 558 magnets embedded 558 magnet
 Writing coordinates of magnets in text file Coords.txt
 Image mask in VisionDots.bmp
 Relaxing nanodisk array with pi/4 orientation as initial states for all disks and external field along x.
 Time Taken = 2.330000 picoseconds
 Relaxing nanodisk array with pi/4 orientation as initial states for all disks and external field along y.
 Time Taken = 3.319000 picoseconds
 Time taken by nanomagnet computing = 2.363773 (sec)
 Detection Rate 0.434365 at 0.064016 false alarm
dimRedAlg =

KernelPCA


 Wanted to embed 558 magnets embedded 558 magnet
 Writing coordinates of magnets in text file Coords.txt
 Image mask in VisionDots.bmp
 Relaxing nanodisk array with pi/4 orientation as initial states for all disks and external field along x.
 Time Taken = 10.023000 picoseconds
 Relaxing nanodisk array with pi/4 orientation as initial states for all disks and external field along y.
 Time Taken = 8.183000 picoseconds
 Time taken by nanomagnet computing = 8.330919 (sec)
 Detection Rate 0.338016 at 0.091471 false alarm
dimRedAlg =

SNE


 Wanted to embed 558 magnets embedded 558 magnet
 Writing coordinates of magnets in text file Coords.txt
 Image mask in VisionDots.bmp
 Relaxing nanodisk array with pi/4 orientation as initial states for all disks and external field along x.
 Time Taken = 18.911000 picoseconds
 Relaxing nanodisk array with pi/4 orientation as initial states for all disks and external field along y.
 Time Taken = 5.184000 picoseconds
 Time taken by nanomagnet computing = 239.180628 (sec)
 Detection Rate 0.797112 at 0.091124 false alarm
dimRedAlg =

SymSNE


 Wanted to embed 558 magnets embedded 558 magnet
 Writing coordinates of magnets in text file Coords.txt
 Image mask in VisionDots.bmp
 Relaxing nanodisk array with pi/4 orientation as initial states for all disks and external field along x.
 Time Taken = 4.698000 picoseconds
 Relaxing nanodisk array with pi/4 orientation as initial states for all disks and external field along y.
 Time Taken = 6.840000 picoseconds
 Time taken by nanomagnet computing = 190.529388 (sec)
 Detection Rate 0.594322 at 0.158615 false alarm
dimRedAlg =

tSNE

Computed P-values 500 of 558 datapoints...
Mean value of sigma: 0.4061
Minimum value of sigma: 0.16154
Maximum value of sigma: 1.9777

 Wanted to embed 558 magnets embedded 558 magnet
 Writing coordinates of magnets in text file Coords.txt
 Image mask in VisionDots.bmp
 Relaxing nanodisk array with pi/4 orientation as initial states for all disks and external field along x.
 Time Taken = 4.612000 picoseconds
 Relaxing nanodisk array with pi/4 orientation as initial states for all disks and external field along y.
 Time Taken = 3.131000 picoseconds
 Time taken by nanomagnet computing = 67.571103 (sec)
 Detection Rate 0.625878 at 0.096476 false alarm
dimRedAlg =

NPE


 Wanted to embed 558 magnets embedded 558 magnet
 Writing coordinates of magnets in text file Coords.txt
 Image mask in VisionDots.bmp
 Relaxing nanodisk array with pi/4 orientation as initial states for all disks and external field along x.slurmstepd: *** JOB 1930700 CANCELLED AT 2015-10-12T15:57:36 DUE TO TIME LIMIT on wh-520-10-34 ***
