
                            < M A T L A B (R) >
                  Copyright 1984-2015 The MathWorks, Inc.
                   R2015a (8.5.0.197613) 64-bit (glnxa64)
                             February 12, 2015

 
To get started, type one of these: helpwin, helpdesk, or demo.
For product information, visit www.mathworks.com.
 

	Academic License


img1 =

S004I00D.PGM.atts


img2 =

dummy


minGap =

    20


startTime =

12-Oct-2015 13:29:17

## Starting Data/S004I00D.PGM.atts

 455 longest primitives returned (214 lines, 241 arcs read, but returning only 3000 max elements for computational reasons)

 Time taken by traditional algorithm = 1183.064953 (sec)
dimRedAlg =

PCA


 Wanted to embed 455 magnets embedded 455 magnet
 Writing coordinates of magnets in text file Coords.txt
 Image mask in VisionDots.bmp
 Relaxing nanodisk array with pi/4 orientation as initial states for all disks and external field along x.
 Time Taken = 8.178000 picoseconds
 Relaxing nanodisk array with pi/4 orientation as initial states for all disks and external field along y.
 Time Taken = 10.234000 picoseconds
 Time taken by nanomagnet computing = 6.810411 (sec)
 Detection Rate 0.173352 at 0.095280 false alarm
dimRedAlg =

LDA


 Wanted to embed 455 magnets embedded 455 magnet
 Writing coordinates of magnets in text file Coords.txt
 Image mask in VisionDots.bmp
 Relaxing nanodisk array with pi/4 orientation as initial states for all disks and external field along x.
 Time Taken = 140.623000 picoseconds
 Relaxing nanodisk array with pi/4 orientation as initial states for all disks and external field along y.
 Time Taken = 10.568000 picoseconds
 Time taken by nanomagnet computing = 1.929592 (sec)
 Detection Rate 0.381099 at 0.089894 false alarm
dimRedAlg =

MDS


 Wanted to embed 455 magnets embedded 455 magnet
 Writing coordinates of magnets in text file Coords.txt
 Image mask in VisionDots.bmp
 Relaxing nanodisk array with pi/4 orientation as initial states for all disks and external field along x.
 Time Taken = 8.178000 picoseconds
 Relaxing nanodisk array with pi/4 orientation as initial states for all disks and external field along y.
 Time Taken = 10.234000 picoseconds
 Time taken by nanomagnet computing = 3.318911 (sec)
 Detection Rate 0.173352 at 0.095280 false alarm
dimRedAlg =

ProbPCA


 Wanted to embed 455 magnets embedded 455 magnet
 Writing coordinates of magnets in text file Coords.txt
 Image mask in VisionDots.bmp
 Relaxing nanodisk array with pi/4 orientation as initial states for all disks and external field along x.
 Time Taken = 13.619000 picoseconds
 Relaxing nanodisk array with pi/4 orientation as initial states for all disks and external field along y.
 Time Taken = 17.132000 picoseconds
 Time taken by nanomagnet computing = 102.742714 (sec)
 Detection Rate 0.691692 at 0.098131 false alarm
dimRedAlg =

FactorAnalysis

 

 Wanted to embed 455 magnets embedded 455 magnet
 Writing coordinates of magnets in text file Coords.txt
 Image mask in VisionDots.bmp
 Relaxing nanodisk array with pi/4 orientation as initial states for all disks and external field along x.
 Time Taken = 1.954000 picoseconds
 Relaxing nanodisk array with pi/4 orientation as initial states for all disks and external field along y.
 Time Taken = 5.095000 picoseconds
 Time taken by nanomagnet computing = 136.202159 (sec)
 Detection Rate 0.413438 at 0.096388 false alarm
dimRedAlg =

Sammon


 Wanted to embed 455 magnets embedded 455 magnet
 Writing coordinates of magnets in text file Coords.txt
 Image mask in VisionDots.bmp
 Relaxing nanodisk array with pi/4 orientation as initial states for all disks and external field along x.
 Time Taken = 3.890000 picoseconds
 Relaxing nanodisk array with pi/4 orientation as initial states for all disks and external field along y.
 Time Taken = 8.569000 picoseconds
 Time taken by nanomagnet computing = 256.428053 (sec)
 Detection Rate 0.316650 at 0.097022 false alarm
dimRedAlg =

Isomap

Constructing neighborhood graph...
Computing shortest paths...
Constructing low-dimensional embedding...

 Wanted to embed 451 magnets embedded 451 magnet
 #*#*# ERROR: Failed Execution. Alg: Isomap, File: Data/S004I00D.PGM.atts

magnetVisionException = 

  MException with properties:

    identifier: 'MATLAB:badsubscript'
       message: 'Index exceeds matrix dimensions.'
         cause: {}
         stack: [3x1 struct]


dimRedAlg =

LandmarkIsomap


 Wanted to embed 451 magnets embedded 451 magnet
 #*#*# ERROR: Failed Execution. Alg: LandmarkIsomap, File: Data/S004I00D.PGM.atts

magnetVisionException = 

  MException with properties:

    identifier: 'MATLAB:badsubscript'
       message: 'Index exceeds matrix dimensions.'
         cause: {}
         stack: [3x1 struct]


dimRedAlg =

LLE


 Wanted to embed 451 magnets embedded 451 magnet
 #*#*# ERROR: Failed Execution. Alg: LLE, File: Data/S004I00D.PGM.atts

magnetVisionException = 

  MException with properties:

    identifier: 'MATLAB:badsubscript'
       message: 'Index exceeds matrix dimensions.'
         cause: {}
         stack: [3x1 struct]


dimRedAlg =

Laplacian


 Wanted to embed 455 magnets embedded 455 magnet
 Writing coordinates of magnets in text file Coords.txt
 Image mask in VisionDots.bmp
 Relaxing nanodisk array with pi/4 orientation as initial states for all disks and external field along x.
 Time Taken = 4.048000 picoseconds
 Relaxing nanodisk array with pi/4 orientation as initial states for all disks and external field along y.
 Time Taken = 1.687000 picoseconds
 Time taken by nanomagnet computing = 0.598030 (sec)
 Detection Rate 0.538453 at 0.099794 false alarm
dimRedAlg =

HessianLLE


 #*#*# ERROR: Failed Execution. Alg: HessianLLE, File: Data/S004I00D.PGM.atts

magnetVisionException = 

  MException with properties:

    identifier: 'MATLAB:eigs:AminusBSingular'
       message: 'The shifted operator is singular. The shift is an eigenva...'
         cause: {0x1 cell}
         stack: [8x1 struct]


dimRedAlg =

LTSA

Find nearest neighbors...
Compute local information matrices for all datapoints...
Construct alignment matrix...
Perform eigenanalysis...

 #*#*# ERROR: Failed Execution. Alg: LTSA, File: Data/S004I00D.PGM.atts

magnetVisionException = 

  MException with properties:

    identifier: 'MATLAB:eigs:AminusBSingular'
       message: 'The shifted operator is singular. The shift is an eigenva...'
         cause: {0x1 cell}
         stack: [8x1 struct]


dimRedAlg =

DiffusionMaps


 Wanted to embed 455 magnets embedded 455 magnet
 Writing coordinates of magnets in text file Coords.txt
 Image mask in VisionDots.bmp
 Relaxing nanodisk array with pi/4 orientation as initial states for all disks and external field along x.
 Time Taken = 1.311000 picoseconds
 Relaxing nanodisk array with pi/4 orientation as initial states for all disks and external field along y.
 Time Taken = 1.318000 picoseconds
 Time taken by nanomagnet computing = 6.006855 (sec)
 Detection Rate 0.382699 at 0.086884 false alarm
dimRedAlg =

KernelPCA


 Wanted to embed 455 magnets embedded 455 magnet
 Writing coordinates of magnets in text file Coords.txt
 Image mask in VisionDots.bmp
 Relaxing nanodisk array with pi/4 orientation as initial states for all disks and external field along x.
 Time Taken = 13.150000 picoseconds
 Relaxing nanodisk array with pi/4 orientation as initial states for all disks and external field along y.slurmstepd: *** JOB 1930714 CANCELLED AT 2015-10-12T15:59:36 DUE TO TIME LIMIT on wh-520-10-21 ***
