
                            < M A T L A B (R) >
                  Copyright 1984-2015 The MathWorks, Inc.
                   R2015a (8.5.0.197613) 64-bit (glnxa64)
                             February 12, 2015

 
To get started, type one of these: helpwin, helpdesk, or demo.
For product information, visit www.mathworks.com.
 

	Academic License


img1 =

S005I004.pgm.atts


img2 =

dummy


minGap =

    20


startTime =

12-Oct-2015 13:29:48

## Starting Data/S005I004.pgm.atts

 323 longest primitives returned (203 lines, 120 arcs read, but returning only 3000 max elements for computational reasons)

 Time taken by traditional algorithm = 1399.656444 (sec)
dimRedAlg =

PCA


 Wanted to embed 323 magnets embedded 323 magnet
 Writing coordinates of magnets in text file Coords.txt
 Image mask in VisionDots.bmp
 Relaxing nanodisk array with pi/4 orientation as initial states for all disks and external field along x.
 Time Taken = 3.223000 picoseconds
 Relaxing nanodisk array with pi/4 orientation as initial states for all disks and external field along y.
 Time Taken = 4.529000 picoseconds
 Time taken by nanomagnet computing = 12.529680 (sec)
 Detection Rate 1.000000 at 0.092746 false alarm
dimRedAlg =

LDA


 Wanted to embed 323 magnets embedded 323 magnet
 Writing coordinates of magnets in text file Coords.txt
 Image mask in VisionDots.bmp
 Relaxing nanodisk array with pi/4 orientation as initial states for all disks and external field along x.
 Time Taken = 9.938000 picoseconds
 Relaxing nanodisk array with pi/4 orientation as initial states for all disks and external field along y.
 Time Taken = 5.111000 picoseconds
 Time taken by nanomagnet computing = 2.191480 (sec)
 Detection Rate 0.759512 at 0.096043 false alarm
dimRedAlg =

MDS


 Wanted to embed 323 magnets embedded 323 magnet
 Writing coordinates of magnets in text file Coords.txt
 Image mask in VisionDots.bmp
 Relaxing nanodisk array with pi/4 orientation as initial states for all disks and external field along x.
 Time Taken = 3.223000 picoseconds
 Relaxing nanodisk array with pi/4 orientation as initial states for all disks and external field along y.
 Time Taken = 4.529000 picoseconds
 Time taken by nanomagnet computing = 4.769141 (sec)
 Detection Rate 1.000000 at 0.092746 false alarm
dimRedAlg =

ProbPCA


 Wanted to embed 323 magnets embedded 323 magnet
 Writing coordinates of magnets in text file Coords.txt
 Image mask in VisionDots.bmp
 Relaxing nanodisk array with pi/4 orientation as initial states for all disks and external field along x.
 Time Taken = 7.550000 picoseconds
 Relaxing nanodisk array with pi/4 orientation as initial states for all disks and external field along y.
 Time Taken = 9.068000 picoseconds
 Time taken by nanomagnet computing = 172.842390 (sec)
 Detection Rate 0.970375 at 0.099932 false alarm
dimRedAlg =

FactorAnalysis

 

 Wanted to embed 323 magnets embedded 323 magnet
 Writing coordinates of magnets in text file Coords.txt
 Image mask in VisionDots.bmp
 Relaxing nanodisk array with pi/4 orientation as initial states for all disks and external field along x.
 Time Taken = 28.500000 picoseconds
 Relaxing nanodisk array with pi/4 orientation as initial states for all disks and external field along y.
 Time Taken = 3.862000 picoseconds
 Time taken by nanomagnet computing = 331.546587 (sec)
 Detection Rate 0.864943 at 0.097311 false alarm
dimRedAlg =

Sammon


 Wanted to embed 323 magnets embedded 323 magnet
 Writing coordinates of magnets in text file Coords.txt
 Image mask in VisionDots.bmp
 Relaxing nanodisk array with pi/4 orientation as initial states for all disks and external field along x.
 Time Taken = 7.321000 picoseconds
 Relaxing nanodisk array with pi/4 orientation as initial states for all disks and external field along y.
 Time Taken = 2.411000 picoseconds
 Time taken by nanomagnet computing = 226.758761 (sec)
 Detection Rate 0.837351 at 0.252114 false alarm
dimRedAlg =

Isomap

Constructing neighborhood graph...
Computing shortest paths...
Constructing low-dimensional embedding...

 Wanted to embed 323 magnets embedded 323 magnet
 Writing coordinates of magnets in text file Coords.txt
 Image mask in VisionDots.bmp
 Relaxing nanodisk array with pi/4 orientation as initial states for all disks and external field along x.
 Time Taken = 12.514000 picoseconds
 Relaxing nanodisk array with pi/4 orientation as initial states for all disks and external field along y.
 Time Taken = 14.410000 picoseconds
 Time taken by nanomagnet computing = 10.872115 (sec)
 Detection Rate 0.044438 at 0.096297 false alarm
dimRedAlg =

LandmarkIsomap


 Wanted to embed 323 magnets embedded 323 magnet
 Writing coordinates of magnets in text file Coords.txt
 Image mask in VisionDots.bmp
 Relaxing nanodisk array with pi/4 orientation as initial states for all disks and external field along x.
 Time Taken = 3.224000 picoseconds
 Relaxing nanodisk array with pi/4 orientation as initial states for all disks and external field along y.
 Time Taken = 3.977000 picoseconds
 Time taken by nanomagnet computing = 1.240016 (sec)
 Detection Rate 0.881499 at 0.169513 false alarm
dimRedAlg =

LLE


 Wanted to embed 323 magnets embedded 323 magnet
 Writing coordinates of magnets in text file Coords.txt
 Image mask in VisionDots.bmp
 Relaxing nanodisk array with pi/4 orientation as initial states for all disks and external field along x.
 Time Taken = 2.519000 picoseconds
 Relaxing nanodisk array with pi/4 orientation as initial states for all disks and external field along y.
 Time Taken = 4.291000 picoseconds
 Time taken by nanomagnet computing = 2.304469 (sec)
 Detection Rate 0.390067 at 0.097058 false alarm
dimRedAlg =

Laplacian


 Wanted to embed 323 magnets embedded 323 magnet
 Writing coordinates of magnets in text file Coords.txt
 Image mask in VisionDots.bmp
 Relaxing nanodisk array with pi/4 orientation as initial states for all disks and external field along x.
 Time Taken = 1.802000 picoseconds
 Relaxing nanodisk array with pi/4 orientation as initial states for all disks and external field along y.
 Time Taken = 3.082000 picoseconds
 Time taken by nanomagnet computing = 0.977289 (sec)
 Detection Rate 0.168167 at 0.099341 false alarm
dimRedAlg =

HessianLLE


 Wanted to embed 323 magnets embedded 323 magnet
 Writing coordinates of magnets in text file Coords.txt
 Image mask in VisionDots.bmp
 Relaxing nanodisk array with pi/4 orientation as initial states for all disks and external field along x.
 Time Taken = 11.183000 picoseconds
 Relaxing nanodisk array with pi/4 orientation as initial states for all disks and external field along y.
 Time Taken = 4.001000 picoseconds
 Time taken by nanomagnet computing = 19.271454 (sec)
 Detection Rate 0.371188 at 0.072117 false alarm
dimRedAlg =

LTSA

Find nearest neighbors...
Compute local information matrices for all datapoints...
Construct alignment matrix...
Perform eigenanalysis...

 Wanted to embed 323 magnets embedded 323 magnet
 Writing coordinates of magnets in text file Coords.txt
 Image mask in VisionDots.bmp
 Relaxing nanodisk array with pi/4 orientation as initial states for all disks and external field along x.
 Time Taken = 6.606000 picoseconds
 Relaxing nanodisk array with pi/4 orientation as initial states for all disks and external field along y.
 Time Taken = 2.938000 picoseconds
 Time taken by nanomagnet computing = 1.497942 (sec)
 Detection Rate 0.526866 at 0.094606 false alarm
dimRedAlg =

DiffusionMaps


 Wanted to embed 323 magnets embedded 323 magnet
 Writing coordinates of magnets in text file Coords.txt
 Image mask in VisionDots.bmp
 Relaxing nanodisk array with pi/4 orientation as initial states for all disks and external field along x.
 Time Taken = 3.265000 picoseconds
 Relaxing nanodisk array with pi/4 orientation as initial states for all disks and external field along y.
 Time Taken = 3.933000 picoseconds
 Time taken by nanomagnet computing = 3.443809 (sec)
 Detection Rate 0.812954 at 0.095705 false alarm
dimRedAlg =

KernelPCA


 Wanted to embed 323 magnets embedded 323 magnet
 Writing coordinates of magnets in text file Coords.txt
 Image mask in VisionDots.bmp
 Relaxing nanodisk array with pi/4 orientation as initial states for all disks and external field along x.
 Time Taken = 21.435000 picoseconds
 Relaxing nanodisk array with pi/4 orientation as initial states for all disks and external field along y.
 Time Taken = 10.503000 picoseconds
 Time taken by nanomagnet computing = 14.735922 (sec)
 Detection Rate 1.000000 at 0.099510 false alarm
dimRedAlg =

SNE


 Wanted to embed 323 magnets embedded 323 magnet
 Writing coordinates of magnets in text file Coords.txt
 Image mask in VisionDots.bmp
 Relaxing nanodisk array with pi/4 orientation as initial states for all disks and external field along x.
 Time Taken = 5.577000 picoseconds
 Relaxing nanodisk array with pi/4 orientation as initial states for all disks and external field along y.
 Time Taken = 2.139000 picoseconds
 Time taken by nanomagnet computing = 355.089304 (sec)
 Detection Rate 0.663085 at 0.328627 false alarm
dimRedAlg =

SymSNE


 Wanted to embed 323 magnets embedded 323 magnet
 Writing coordinates of magnets in text file Coords.txt
 Image mask in VisionDots.bmp
 Relaxing nanodisk array with pi/4 orientation as initial states for all disks and external field along x.
 Time Taken = 0.560000 picoseconds
 Relaxing nanodisk array with pi/4 orientation as initial states for all disks and external field along y.
 Time Taken = 0.653000 picoseconds
 Time taken by nanomagnet computing = 308.799189 (sec)
 Detection Rate 0.554168 at 0.411988 false alarm
dimRedAlg =

tSNE

Mean value of sigma: 0.48448
Minimum value of sigma: 0.16912
Maximum value of sigma: 2.0675

 Wanted to embed 323 magnets embedded 323 magnet
 Writing coordinates of magnets in text file Coords.txt
 Image mask in VisionDots.bmp
 Relaxing nanodisk array with pi/4 orientation as initial states for all disks and external field along x.
 Time Taken = 3.240000 picoseconds
 Relaxing nanodisk array with pi/4 orientation as initial states for all disks and external field along y.
 Time Taken = 4.717000 picoseconds
 Time taken by nanomagnet computing = 116.752105 (sec)
 Detection Rate 0.928551 at 0.336743 false alarm
dimRedAlg =

NPE


 Wanted to embed 323 magnets embedded 323 magnet
 Writing coordinates of magnets in text file Coords.txt
 Image mask in VisionDots.bmp
 Relaxing nanodisk array with pi/4 orientation as initial states for all disks and external field along x.
 Time Taken = 2.638000 picoseconds
 Relaxing nanodisk array with pi/4 orientation as initial states for all disks and external field along y.
 Time Taken = 3.301000 picoseconds
 Time taken by nanomagnet computing = 4.584342 (sec)
 Detection Rate 0.883532 at 0.099679 false alarm
dimRedAlg =

LPP


 Wanted to embed 323 magnets embedded 323 magnet
 Writing coordinates of magnets in text file Coords.txt
 Image mask in VisionDots.bmp
 Relaxing nanodisk array with pi/4 orientation as initial states for all disks and external field along x.
 Time Taken = 1.292000 picoseconds
 Relaxing nanodisk array with pi/4 orientation as initial states for all disks and external field along y.
 Time Taken = 2.969000 picoseconds
 Time taken by nanomagnet computing = 4.659614 (sec)
 Detection Rate 0.168167 at 0.041934 false alarm
dimRedAlg =

SPE


 Wanted to embed 323 magnets embedded 323 magnet
 Writing coordinates of magnets in text file Coords.txt
 Image mask in VisionDots.bmp
 Relaxing nanodisk array with pi/4 orientation as initial states for all disks and external field along x.
 Time Taken = 3.247000 picoseconds
 Relaxing nanodisk array with pi/4 orientation as initial states for all disks and external field along y.
 Time Taken = 4.324000 picoseconds
 Time taken by nanomagnet computing = 14.436415 (sec)
 Detection Rate 0.890502 at 0.116926 false alarm
dimRedAlg =

LLTSA


 Wanted to embed 323 magnets embedded 323 magnet
 Writing coordinates of magnets in text file Coords.txt
 Image mask in VisionDots.bmp
 Relaxing nanodisk array with pi/4 orientation as initial states for all disks and external field along x.
 Time Taken = 5.936000 picoseconds
 Relaxing nanodisk array with pi/4 orientation as initial states for all disks and external field along y.slurmstepd: *** JOB 1930719 CANCELLED AT 2015-10-12T16:00:06 DUE TO TIME LIMIT on wh-520-10-20 ***
