
                            < M A T L A B (R) >
                  Copyright 1984-2015 The MathWorks, Inc.
                   R2015a (8.5.0.197613) 64-bit (glnxa64)
                             February 12, 2015

 
To get started, type one of these: helpwin, helpdesk, or demo.
For product information, visit www.mathworks.com.
 

	Academic License


img1 =

S005I005.pgm.atts


img2 =

dummy


minGap =

    20


startTime =

12-Oct-2015 13:29:48

## Starting Data/S005I005.pgm.atts

 385 longest primitives returned (203 lines, 182 arcs read, but returning only 3000 max elements for computational reasons)

 Time taken by traditional algorithm = 1623.565928 (sec)
dimRedAlg =

PCA


 Wanted to embed 385 magnets embedded 385 magnet
 Writing coordinates of magnets in text file Coords.txt
 Image mask in VisionDots.bmp
 Relaxing nanodisk array with pi/4 orientation as initial states for all disks and external field along x.
 Time Taken = 5.901000 picoseconds
 Relaxing nanodisk array with pi/4 orientation as initial states for all disks and external field along y.
 Time Taken = 3.961000 picoseconds
 Time taken by nanomagnet computing = 11.549807 (sec)
 Detection Rate 0.097726 at 0.094333 false alarm
dimRedAlg =

LDA


 Wanted to embed 385 magnets embedded 385 magnet
 Writing coordinates of magnets in text file Coords.txt
 Image mask in VisionDots.bmp
 Relaxing nanodisk array with pi/4 orientation as initial states for all disks and external field along x.
 Time Taken = 6.566000 picoseconds
 Relaxing nanodisk array with pi/4 orientation as initial states for all disks and external field along y.
 Time Taken = 3.216000 picoseconds
 Time taken by nanomagnet computing = 3.229470 (sec)
 Detection Rate 0.492752 at 0.063174 false alarm
dimRedAlg =

MDS


 Wanted to embed 385 magnets embedded 385 magnet
 Writing coordinates of magnets in text file Coords.txt
 Image mask in VisionDots.bmp
 Relaxing nanodisk array with pi/4 orientation as initial states for all disks and external field along x.
 Time Taken = 5.901000 picoseconds
 Relaxing nanodisk array with pi/4 orientation as initial states for all disks and external field along y.
 Time Taken = 3.961000 picoseconds
 Time taken by nanomagnet computing = 6.335386 (sec)
 Detection Rate 0.097726 at 0.094333 false alarm
dimRedAlg =

ProbPCA


 Wanted to embed 385 magnets embedded 385 magnet
 Writing coordinates of magnets in text file Coords.txt
 Image mask in VisionDots.bmp
 Relaxing nanodisk array with pi/4 orientation as initial states for all disks and external field along x.
 Time Taken = 11.709000 picoseconds
 Relaxing nanodisk array with pi/4 orientation as initial states for all disks and external field along y.
 Time Taken = 3.345000 picoseconds
 Time taken by nanomagnet computing = 245.876451 (sec)
 Detection Rate 0.526868 at 0.099041 false alarm
dimRedAlg =

FactorAnalysis

 

 Wanted to embed 385 magnets embedded 385 magnet
 Writing coordinates of magnets in text file Coords.txt
 Image mask in VisionDots.bmp
 Relaxing nanodisk array with pi/4 orientation as initial states for all disks and external field along x.
 Time Taken = 83.326000 picoseconds
 Relaxing nanodisk array with pi/4 orientation as initial states for all disks and external field along y.
 Time Taken = 4.372000 picoseconds
 Time taken by nanomagnet computing = 418.948114 (sec)
 Detection Rate 0.553612 at 0.099041 false alarm
dimRedAlg =

Sammon


 Wanted to embed 385 magnets embedded 385 magnet
 Writing coordinates of magnets in text file Coords.txt
 Image mask in VisionDots.bmp
 Relaxing nanodisk array with pi/4 orientation as initial states for all disks and external field along x.
 Time Taken = 11.689000 picoseconds
 Relaxing nanodisk array with pi/4 orientation as initial states for all disks and external field along y.
 Time Taken = 3.470000 picoseconds
 Time taken by nanomagnet computing = 242.109049 (sec)
 Detection Rate 0.834791 at 0.091423 false alarm
dimRedAlg =

Isomap

Constructing neighborhood graph...
Computing shortest paths...
Constructing low-dimensional embedding...

 Wanted to embed 382 magnets embedded 382 magnet
 #*#*# ERROR: Failed Execution. Alg: Isomap, File: Data/S005I005.pgm.atts

magnetVisionException = 

  MException with properties:

    identifier: 'MATLAB:badsubscript'
       message: 'Index exceeds matrix dimensions.'
         cause: {}
         stack: [3x1 struct]


dimRedAlg =

LandmarkIsomap


 Wanted to embed 382 magnets embedded 382 magnet
 #*#*# ERROR: Failed Execution. Alg: LandmarkIsomap, File: Data/S005I005.pgm.atts

magnetVisionException = 

  MException with properties:

    identifier: 'MATLAB:badsubscript'
       message: 'Index exceeds matrix dimensions.'
         cause: {}
         stack: [3x1 struct]


dimRedAlg =

LLE


 Wanted to embed 382 magnets embedded 382 magnet
 #*#*# ERROR: Failed Execution. Alg: LLE, File: Data/S005I005.pgm.atts

magnetVisionException = 

  MException with properties:

    identifier: 'MATLAB:badsubscript'
       message: 'Index exceeds matrix dimensions.'
         cause: {}
         stack: [3x1 struct]


dimRedAlg =

Laplacian


 Wanted to embed 385 magnets embedded 385 magnet
 Writing coordinates of magnets in text file Coords.txt
 Image mask in VisionDots.bmp
 Relaxing nanodisk array with pi/4 orientation as initial states for all disks and external field along x.
 Time Taken = 4.134000 picoseconds
 Relaxing nanodisk array with pi/4 orientation as initial states for all disks and external field along y.
 Time Taken = 10.275000 picoseconds
 Time taken by nanomagnet computing = 0.598583 (sec)
 Detection Rate 0.264934 at 0.098442 false alarm
dimRedAlg =

HessianLLE


 #*#*# ERROR: Failed Execution. Alg: HessianLLE, File: Data/S005I005.pgm.atts

magnetVisionException = 

  MException with properties:

    identifier: 'MATLAB:eigs:AminusBSingular'
       message: 'The shifted operator is singular. The shift is an eigenva...'
         cause: {0x1 cell}
         stack: [8x1 struct]


dimRedAlg =

LTSA

Find nearest neighbors...
Compute local information matrices for all datapoints...
Construct alignment matrix...
Perform eigenanalysis...

 #*#*# ERROR: Failed Execution. Alg: LTSA, File: Data/S005I005.pgm.atts

magnetVisionException = 

  MException with properties:

    identifier: 'MATLAB:eigs:AminusBSingular'
       message: 'The shifted operator is singular. The shift is an eigenva...'
         cause: {0x1 cell}
         stack: [8x1 struct]


dimRedAlg =

DiffusionMaps


 Wanted to embed 385 magnets embedded 385 magnet
 Writing coordinates of magnets in text file Coords.txt
 Image mask in VisionDots.bmp
 Relaxing nanodisk array with pi/4 orientation as initial states for all disks and external field along x.
 Time Taken = 1.234000 picoseconds
 Relaxing nanodisk array with pi/4 orientation as initial states for all disks and external field along y.
 Time Taken = 3.239000 picoseconds
 Time taken by nanomagnet computing = 3.721901 (sec)
 Detection Rate 0.402649 at 0.064715 false alarm
dimRedAlg =

KernelPCA


 Wanted to embed 385 magnets embedded 385 magnet
 Writing coordinates of magnets in text file Coords.txt
 Image mask in VisionDots.bmp
 Relaxing nanodisk array with pi/4 orientation as initial states for all disks and external field along x.slurmstepd: *** JOB 1930720 CANCELLED AT 2015-10-12T16:00:06 DUE TO TIME LIMIT on wh-520-10-20 ***
