
                            < M A T L A B (R) >
                  Copyright 1984-2015 The MathWorks, Inc.
                   R2015a (8.5.0.197613) 64-bit (glnxa64)
                             February 12, 2015

 
To get started, type one of these: helpwin, helpdesk, or demo.
For product information, visit www.mathworks.com.
 

	Academic License


img1 =

buildings.pgm.atts


img2 =

dummy


minGap =

    20


startTime =

12-Oct-2015 13:32:59

## Starting Data/buildings.pgm.atts

 699 longest primitives returned (290 lines, 409 arcs read, but returning only 3000 max elements for computational reasons)

 Time taken by traditional algorithm = 3053.994274 (sec)
dimRedAlg =

PCA


 Wanted to embed 699 magnets embedded 699 magnet
 Writing coordinates of magnets in text file Coords.txt
 Image mask in VisionDots.bmp
 Relaxing nanodisk array with pi/4 orientation as initial states for all disks and external field along x.
 Time Taken = 3.009000 picoseconds
 Relaxing nanodisk array with pi/4 orientation as initial states for all disks and external field along y.
 Time Taken = 8.656000 picoseconds
 Time taken by nanomagnet computing = 17.037921 (sec)
 Detection Rate 0.072958 at 0.092980 false alarm
dimRedAlg =

LDA


 Wanted to embed 699 magnets embedded 699 magnet
 Writing coordinates of magnets in text file Coords.txt
 Image mask in VisionDots.bmp
 Relaxing nanodisk array with pi/4 orientation as initial states for all disks and external field along x.
 Time Taken = 1.679000 picoseconds
 Relaxing nanodisk array with pi/4 orientation as initial states for all disks and external field along y.
 Time Taken = 2.671000 picoseconds
 Time taken by nanomagnet computing = 12.968944 (sec)
 Detection Rate 0.191245 at 0.073471 false alarm
dimRedAlg =

MDS


 Wanted to embed 699 magnets embedded 699 magnet
 Writing coordinates of magnets in text file Coords.txt
 Image mask in VisionDots.bmp
 Relaxing nanodisk array with pi/4 orientation as initial states for all disks and external field along x.
 Time Taken = 3.009000 picoseconds
 Relaxing nanodisk array with pi/4 orientation as initial states for all disks and external field along y.
 Time Taken = 8.656000 picoseconds
 Time taken by nanomagnet computing = 12.705607 (sec)
 Detection Rate 0.072958 at 0.092980 false alarm
dimRedAlg =

ProbPCA


 Wanted to embed 699 magnets embedded 699 magnet
 Writing coordinates of magnets in text file Coords.txt
 Image mask in VisionDots.bmp
 Relaxing nanodisk array with pi/4 orientation as initial states for all disks and external field along x.slurmstepd: *** JOB 1930743 CANCELLED AT 2015-10-12T16:03:06 DUE TO TIME LIMIT on wh-520-10-12 ***
