
                            < M A T L A B (R) >
                  Copyright 1984-2015 The MathWorks, Inc.
                   R2015a (8.5.0.197613) 64-bit (glnxa64)
                             February 12, 2015

 
To get started, type one of these: helpwin, helpdesk, or demo.
For product information, visit www.mathworks.com.
 

	Academic License


img1 =

103.pgm.atts


img2 =

dummy


minGap =

    20


startTime =

12-Oct-2015 13:25:40

## Starting Data/103.pgm.atts

 524 longest primitives returned (188 lines, 336 arcs read, but returning only 3000 max elements for computational reasons)

 Time taken by traditional algorithm = 1186.087623 (sec)
dimRedAlg =

PCA


 Wanted to embed 524 magnets embedded 524 magnet
 Writing coordinates of magnets in text file Coords.txt
 Image mask in VisionDots.bmp
 Relaxing nanodisk array with pi/4 orientation as initial states for all disks and external field along x.
 Time Taken = 2.274000 picoseconds
 Relaxing nanodisk array with pi/4 orientation as initial states for all disks and external field along y.
 Time Taken = 6.411000 picoseconds
 Time taken by nanomagnet computing = 7.039296 (sec)
 Detection Rate 0.479336 at 0.096463 false alarm
dimRedAlg =

LDA


 Wanted to embed 524 magnets embedded 524 magnet
 Writing coordinates of magnets in text file Coords.txt
 Image mask in VisionDots.bmp
 Relaxing nanodisk array with pi/4 orientation as initial states for all disks and external field along x.
 Time Taken = 155.716000 picoseconds
 Relaxing nanodisk array with pi/4 orientation as initial states for all disks and external field along y.slurmstepd: *** JOB 1930688 CANCELLED AT 2015-10-12T15:55:37 DUE TO TIME LIMIT on wh-520-10-38 ***
