
                            < M A T L A B (R) >
                  Copyright 1984-2015 The MathWorks, Inc.
                   R2015a (8.5.0.197613) 64-bit (glnxa64)
                             February 12, 2015

 
To get started, type one of these: helpwin, helpdesk, or demo.
For product information, visit www.mathworks.com.
 

	Academic License


img1 =

zebra.pgm.atts


img2 =

dummy


minGap =

    20


startTime =

12-Oct-2015 13:37:36

## Starting Data/zebra.pgm.atts

 729 longest primitives returned (283 lines, 446 arcs read, but returning only 3000 max elements for computational reasons)

 Time taken by traditional algorithm = 1628.191370 (sec)
dimRedAlg =

PCA


 Wanted to embed 729 magnets embedded 729 magnet
 Writing coordinates of magnets in text file Coords.txt
 Image mask in VisionDots.bmp
 Relaxing nanodisk array with pi/4 orientation as initial states for all disks and external field along x.
 Time Taken = 1.852000 picoseconds
 Relaxing nanodisk array with pi/4 orientation as initial states for all disks and external field along y.
 Time Taken = 9.481000 picoseconds
 Time taken by nanomagnet computing = 2.299226 (sec)
 Detection Rate 0.136411 at 0.098670 false alarm
dimRedAlg =

LDA


 Wanted to embed 729 magnets embedded 729 magnet
 Writing coordinates of magnets in text file Coords.txt
 Image mask in VisionDots.bmp
 Relaxing nanodisk array with pi/4 orientation as initial states for all disks and external field along x.
 Time Taken = 8.019000 picoseconds
 Relaxing nanodisk array with pi/4 orientation as initial states for all disks and external field along y.
 Time Taken = 17.296000 picoseconds
 Time taken by nanomagnet computing = 5.589724 (sec)
 Detection Rate 0.038057 at 0.081832 false alarm
dimRedAlg =

MDS


 Wanted to embed 729 magnets embedded 729 magnet
 Writing coordinates of magnets in text file Coords.txt
 Image mask in VisionDots.bmp
 Relaxing nanodisk array with pi/4 orientation as initial states for all disks and external field along x.
 Time Taken = 1.852000 picoseconds
 Relaxing nanodisk array with pi/4 orientation as initial states for all disks and external field along y.
 Time Taken = 9.481000 picoseconds
 Time taken by nanomagnet computing = 2.045897 (sec)
 Detection Rate 0.136411 at 0.098670 false alarm
dimRedAlg =

ProbPCA


 Wanted to embed 729 magnets embedded 729 magnet
 Writing coordinates of magnets in text file Coords.txt
 Image mask in VisionDots.bmp
 Relaxing nanodisk array with pi/4 orientation as initial states for all disks and external field along x.
 Time Taken = 26.138000 picoseconds
 Relaxing nanodisk array with pi/4 orientation as initial states for all disks and external field along y.
 Time Taken = 8.515000 picoseconds
 Time taken by nanomagnet computing = 117.641508 (sec)
 Detection Rate 0.511602 at 0.096155 false alarm
dimRedAlg =

FactorAnalysis

 

 Wanted to embed 729 magnets embedded 729 magnet
 Writing coordinates of magnets in text file Coords.txt
 Image mask in VisionDots.bmp
 Relaxing nanodisk array with pi/4 orientation as initial states for all disks and external field along x.slurmstepd: *** JOB 1930781 CANCELLED AT 2015-10-12T16:07:37 DUE TO TIME LIMIT on wh-520-8-52 ***
