
                            < M A T L A B (R) >
                  Copyright 1984-2015 The MathWorks, Inc.
                   R2015a (8.5.0.197613) 64-bit (glnxa64)
                             February 12, 2015

 
To get started, type one of these: helpwin, helpdesk, or demo.
For product information, visit www.mathworks.com.
 

	Academic License


img1 =

woods.pgm.atts


img2 =

dummy


minGap =

    20


startTime =

12-Oct-2015 13:37:36

## Starting Data/woods.pgm.atts

 576 longest primitives returned (221 lines, 355 arcs read, but returning only 3000 max elements for computational reasons)

 Time taken by traditional algorithm = 991.780611 (sec)
dimRedAlg =

PCA


 Wanted to embed 576 magnets embedded 576 magnet
 Writing coordinates of magnets in text file Coords.txt
 Image mask in VisionDots.bmp
 Relaxing nanodisk array with pi/4 orientation as initial states for all disks and external field along x.
 Time Taken = 18.393000 picoseconds
 Relaxing nanodisk array with pi/4 orientation as initial states for all disks and external field along y.
 Time Taken = 21.821000 picoseconds
 Time taken by nanomagnet computing = 3.021884 (sec)
 Detection Rate 0.224903 at 0.064363 false alarm
dimRedAlg =

LDA


 Wanted to embed 576 magnets embedded 576 magnet
 Writing coordinates of magnets in text file Coords.txt
 Image mask in VisionDots.bmp
 Relaxing nanodisk array with pi/4 orientation as initial states for all disks and external field along x.
 Time Taken = 7.136000 picoseconds
 Relaxing nanodisk array with pi/4 orientation as initial states for all disks and external field along y.
 Time Taken = 1.257000 picoseconds
 Time taken by nanomagnet computing = 3.115249 (sec)
 Detection Rate 0.277432 at 0.072513 false alarm
dimRedAlg =

MDS


 Wanted to embed 576 magnets embedded 576 magnet
 Writing coordinates of magnets in text file Coords.txt
 Image mask in VisionDots.bmp
 Relaxing nanodisk array with pi/4 orientation as initial states for all disks and external field along x.
 Time Taken = 18.393000 picoseconds
 Relaxing nanodisk array with pi/4 orientation as initial states for all disks and external field along y.
 Time Taken = 21.821000 picoseconds
 Time taken by nanomagnet computing = 1.148916 (sec)
 Detection Rate 0.224903 at 0.064363 false alarm
dimRedAlg =

ProbPCA


 Wanted to embed 576 magnets embedded 576 magnet
 Writing coordinates of magnets in text file Coords.txt
 Image mask in VisionDots.bmp
 Relaxing nanodisk array with pi/4 orientation as initial states for all disks and external field along x.
 Time Taken = 32.563000 picoseconds
 Relaxing nanodisk array with pi/4 orientation as initial states for all disks and external field along y.
 Time Taken = 3.017000 picoseconds
 Time taken by nanomagnet computing = 97.865199 (sec)
 Detection Rate 0.450195 at 0.089649 false alarm
dimRedAlg =

FactorAnalysis

 

 Wanted to embed 576 magnets embedded 576 magnet
 Writing coordinates of magnets in text file Coords.txt
 Image mask in VisionDots.bmp
 Relaxing nanodisk array with pi/4 orientation as initial states for all disks and external field along x.
 Time Taken = 3.549000 picoseconds
 Relaxing nanodisk array with pi/4 orientation as initial states for all disks and external field along y.
 Time Taken = 17.736000 picoseconds
 Time taken by nanomagnet computing = 115.708462 (sec)
 Detection Rate 0.173444 at 0.069518 false alarm
dimRedAlg =

Sammon


 Wanted to embed 576 magnets embedded 576 magnet
 Writing coordinates of magnets in text file Coords.txt
 Image mask in VisionDots.bmp
 Relaxing nanodisk array with pi/4 orientation as initial states for all disks and external field along x.
 Time Taken = 2.241000 picoseconds
 Relaxing nanodisk array with pi/4 orientation as initial states for all disks and external field along y.
 Time Taken = 9.529000 picoseconds
 Time taken by nanomagnet computing = 173.535520 (sec)
 Detection Rate 0.252140 at 0.099331 false alarm
dimRedAlg =

Isomap

Constructing neighborhood graph...
Computing shortest paths...
Constructing low-dimensional embedding...

 Wanted to embed 574 magnets embedded 574 magnet
 #*#*# ERROR: Failed Execution. Alg: Isomap, File: Data/woods.pgm.atts

magnetVisionException = 

  MException with properties:

    identifier: 'MATLAB:badsubscript'
       message: 'Index exceeds matrix dimensions.'
         cause: {}
         stack: [3x1 struct]


dimRedAlg =

LandmarkIsomap


 Wanted to embed 574 magnets embedded 574 magnet
 #*#*# ERROR: Failed Execution. Alg: LandmarkIsomap, File: Data/woods.pgm.atts

magnetVisionException = 

  MException with properties:

    identifier: 'MATLAB:badsubscript'
       message: 'Index exceeds matrix dimensions.'
         cause: {}
         stack: [3x1 struct]


dimRedAlg =

LLE


 Wanted to embed 574 magnets embedded 574 magnet
 #*#*# ERROR: Failed Execution. Alg: LLE, File: Data/woods.pgm.atts

magnetVisionException = 

  MException with properties:

    identifier: 'MATLAB:badsubscript'
       message: 'Index exceeds matrix dimensions.'
         cause: {}
         stack: [3x1 struct]


dimRedAlg =

Laplacian


 Wanted to embed 576 magnets embedded 576 magnet
 Writing coordinates of magnets in text file Coords.txt
 Image mask in VisionDots.bmp
 Relaxing nanodisk array with pi/4 orientation as initial states for all disks and external field along x.
 Time Taken = 37.249000 picoseconds
 Relaxing nanodisk array with pi/4 orientation as initial states for all disks and external field along y.
 Time Taken = 3.958000 picoseconds
 Time taken by nanomagnet computing = 0.433894 (sec)
 Detection Rate 0.405739 at 0.098635 false alarm
dimRedAlg =

HessianLLE


 #*#*# ERROR: Failed Execution. Alg: HessianLLE, File: Data/woods.pgm.atts

magnetVisionException = 

  MException with properties:

    identifier: 'MATLAB:eigs:AminusBSingular'
       message: 'The shifted operator is singular. The shift is an eigenva...'
         cause: {0x1 cell}
         stack: [8x1 struct]


dimRedAlg =

LTSA

Find nearest neighbors...
Compute local information matrices for all datapoints...
Construct alignment matrix...
Perform eigenanalysis...

 #*#*# ERROR: Failed Execution. Alg: LTSA, File: Data/woods.pgm.atts

magnetVisionException = 

  MException with properties:

    identifier: 'MATLAB:eigs:AminusBSingular'
       message: 'The shifted operator is singular. The shift is an eigenva...'
         cause: {0x1 cell}
         stack: [8x1 struct]


dimRedAlg =

DiffusionMaps


 Wanted to embed 576 magnets embedded 576 magnet
 Writing coordinates of magnets in text file Coords.txt
 Image mask in VisionDots.bmp
 Relaxing nanodisk array with pi/4 orientation as initial states for all disks and external field along x.
 Time Taken = 1.803000 picoseconds
 Relaxing nanodisk array with pi/4 orientation as initial states for all disks and external field along y.
 Time Taken = 14.094000 picoseconds
 Time taken by nanomagnet computing = 0.572164 (sec)
 Detection Rate 0.472374 at 0.097311 false alarm
dimRedAlg =

KernelPCA


 Wanted to embed 576 magnets embedded 576 magnet
 Writing coordinates of magnets in text file Coords.txt
 Image mask in VisionDots.bmp
 Relaxing nanodisk array with pi/4 orientation as initial states for all disks and external field along x.
 Time Taken = 14.335000 picoseconds
 Relaxing nanodisk array with pi/4 orientation as initial states for all disks and external field along y.
 Time Taken = 14.956000 picoseconds
 Time taken by nanomagnet computing = 5.952155 (sec)
 Detection Rate 0.503307 at 0.081360 false alarm
dimRedAlg =

SNE


 Wanted to embed 576 magnets embedded 576 magnet
 Writing coordinates of magnets in text file Coords.txt
 Image mask in VisionDots.bmp
 Relaxing nanodisk array with pi/4 orientation as initial states for all disks and external field along x.
 Time Taken = 17.065000 picoseconds
 Relaxing nanodisk array with pi/4 orientation as initial states for all disks and external field along y.
 Time Taken = 7.777000 picoseconds
 Time taken by nanomagnet computing = 168.170175 (sec)
 Detection Rate 0.691245 at 0.099401 false alarm
dimRedAlg =

SymSNE


 Wanted to embed 576 magnets embedded 576 magnet
 Writing coordinates of magnets in text file Coords.txt
 Image mask in VisionDots.bmp
 Relaxing nanodisk array with pi/4 orientation as initial states for all disks and external field along x.
 Time Taken = 6.568000 picoseconds
 Relaxing nanodisk array with pi/4 orientation as initial states for all disks and external field along y.
 Time Taken = 7.736000 picoseconds
 Time taken by nanomagnet computing = 132.181205 (sec)
 Detection Rate 0.579475 at 0.161257 false alarm
dimRedAlg =

tSNE

Computed P-values 500 of 576 datapoints...
Mean value of sigma: 0.39242
Minimum value of sigma: 0.14134
Maximum value of sigma: 2.4743

 Wanted to embed 576 magnets embedded 576 magnet
 Writing coordinates of magnets in text file Coords.txt
 Image mask in VisionDots.bmp
 Relaxing nanodisk array with pi/4 orientation as initial states for all disks and external field along x.slurmstepd: *** JOB 1930780 CANCELLED AT 2015-10-12T16:07:37 DUE TO TIME LIMIT on wh-520-8-52 ***
