
                            < M A T L A B (R) >
                  Copyright 1984-2015 The MathWorks, Inc.
                   R2015a (8.5.0.197613) 64-bit (glnxa64)
                             February 12, 2015

 
To get started, type one of these: helpwin, helpdesk, or demo.
For product information, visit www.mathworks.com.
 

	Academic License


img1 =

S005I00B.PGM.atts


img2 =

dummy


minGap =

    20


startTime =

12-Oct-2015 13:30:50

## Starting Data/S005I00B.PGM.atts

 454 longest primitives returned (256 lines, 198 arcs read, but returning only 3000 max elements for computational reasons)

 Time taken by traditional algorithm = 1904.965338 (sec)
dimRedAlg =

PCA


 Wanted to embed 454 magnets embedded 454 magnet
 Writing coordinates of magnets in text file Coords.txt
 Image mask in VisionDots.bmp
 Relaxing nanodisk array with pi/4 orientation as initial states for all disks and external field along x.
 Time Taken = 11.462000 picoseconds
 Relaxing nanodisk array with pi/4 orientation as initial states for all disks and external field along y.
 Time Taken = 11.422000 picoseconds
 Time taken by nanomagnet computing = 12.683550 (sec)
 Detection Rate 0.816812 at 0.094664 false alarm
dimRedAlg =

LDA


 Wanted to embed 454 magnets embedded 454 magnet
 Writing coordinates of magnets in text file Coords.txt
 Image mask in VisionDots.bmp
 Relaxing nanodisk array with pi/4 orientation as initial states for all disks and external field along x.
 Time Taken = 5.082000 picoseconds
 Relaxing nanodisk array with pi/4 orientation as initial states for all disks and external field along y.
 Time Taken = 2.379000 picoseconds
 Time taken by nanomagnet computing = 4.161782 (sec)
 Detection Rate 0.659882 at 0.097863 false alarm
dimRedAlg =

MDS


 Wanted to embed 454 magnets embedded 454 magnet
 Writing coordinates of magnets in text file Coords.txt
 Image mask in VisionDots.bmp
 Relaxing nanodisk array with pi/4 orientation as initial states for all disks and external field along x.
 Time Taken = 11.462000 picoseconds
 Relaxing nanodisk array with pi/4 orientation as initial states for all disks and external field along y.
 Time Taken = 11.422000 picoseconds
 Time taken by nanomagnet computing = 5.835654 (sec)
 Detection Rate 0.816812 at 0.094664 false alarm
dimRedAlg =

ProbPCA


 Wanted to embed 454 magnets embedded 454 magnet
 Writing coordinates of magnets in text file Coords.txt
 Image mask in VisionDots.bmp
 Relaxing nanodisk array with pi/4 orientation as initial states for all disks and external field along x.
 Time Taken = 11.562000 picoseconds
 Relaxing nanodisk array with pi/4 orientation as initial states for all disks and external field along y.
 Time Taken = 5.336000 picoseconds
 Time taken by nanomagnet computing = 324.314678 (sec)
 Detection Rate 0.904755 at 0.091398 false alarm
dimRedAlg =

FactorAnalysis

 

 Wanted to embed 454 magnets embedded 454 magnet
 Writing coordinates of magnets in text file Coords.txt
 Image mask in VisionDots.bmp
 Relaxing nanodisk array with pi/4 orientation as initial states for all disks and external field along x.
 Time Taken = 4.382000 picoseconds
 Relaxing nanodisk array with pi/4 orientation as initial states for all disks and external field along y.
 Time Taken = 2.182000 picoseconds
 Time taken by nanomagnet computing = 558.737560 (sec)
 Detection Rate 0.667107 at 0.097387 false alarm
dimRedAlg =

Sammon


 Wanted to embed 454 magnets embedded 454 magnet
 Writing coordinates of magnets in text file Coords.txt
 Image mask in VisionDots.bmp
 Relaxing nanodisk array with pi/4 orientation as initial states for all disks and external field along x.
 Time Taken = 4.434000 picoseconds
 Relaxing nanodisk array with pi/4 orientation as initial states for all disks and external field along y.
 Time Taken = 3.834000 picoseconds
 Time taken by nanomagnet computing = 351.733354 (sec)
 Detection Rate 0.964108 at 0.098816 false alarm
dimRedAlg =

Isomap

Constructing neighborhood graph...
Computing shortest paths...
Constructing low-dimensional embedding...

 Wanted to embed 454 magnets embedded 454 magnet
 Writing coordinates of magnets in text file Coords.txt
 Image mask in VisionDots.bmp
 Relaxing nanodisk array with pi/4 orientation as initial states for all disks and external field along x.
 Time Taken = 4.382000 picoseconds
 Relaxing nanodisk array with pi/4 orientation as initial states for all disks and external field along y.
 Time Taken = 9.405000 picoseconds
 Time taken by nanomagnet computing = 15.992218 (sec)
 Detection Rate 0.874767 at 0.095549 false alarm
dimRedAlg =

LandmarkIsomap


 Wanted to embed 454 magnets embedded 454 magnet
 Writing coordinates of magnets in text file Coords.txt
 Image mask in VisionDots.bmp
 Relaxing nanodisk array with pi/4 orientation as initial states for all disks and external field along x.
 Time Taken = 7.574000 picoseconds
 Relaxing nanodisk array with pi/4 orientation as initial states for all disks and external field along y.
 Time Taken = 4.539000 picoseconds
 Time taken by nanomagnet computing = 1.383450 (sec)
 Detection Rate 0.684354 at 0.098135 false alarm
dimRedAlg =

LLE


 Wanted to embed 454 magnets embedded 454 magnet
 Writing coordinates of magnets in text file Coords.txt
 Image mask in VisionDots.bmp
 Relaxing nanodisk array with pi/4 orientation as initial states for all disks and external field along x.
 Time Taken = 8.604000 picoseconds
 Relaxing nanodisk array with pi/4 orientation as initial states for all disks and external field along y.
 Time Taken = 4.784000 picoseconds
 Time taken by nanomagnet computing = 3.286885 (sec)
 Detection Rate 0.907784 at 0.088812 false alarm
dimRedAlg =

Laplacian


 Wanted to embed 454 magnets embedded 454 magnet
 Writing coordinates of magnets in text file Coords.txt
 Image mask in VisionDots.bmp
 Relaxing nanodisk array with pi/4 orientation as initial states for all disks and external field along x.slurmstepd: *** JOB 1930726 CANCELLED AT 2015-10-12T16:01:06 DUE TO TIME LIMIT on wh-520-10-20 ***
