
                            < M A T L A B (R) >
                  Copyright 1984-2015 The MathWorks, Inc.
                   R2015a (8.5.0.197613) 64-bit (glnxa64)
                             February 12, 2015

 
To get started, type one of these: helpwin, helpdesk, or demo.
For product information, visit www.mathworks.com.
 

	Academic License


img1 =

020.pgm.atts


img2 =

dummy


minGap =

    20


startTime =

12-Oct-2015 13:25:40

## Starting Data/020.pgm.atts

 668 longest primitives returned (269 lines, 399 arcs read, but returning only 3000 max elements for computational reasons)

 Time taken by traditional algorithm = 1880.038357 (sec)
dimRedAlg =

PCA


 Wanted to embed 668 magnets embedded 668 magnet
 Writing coordinates of magnets in text file Coords.txt
 Image mask in VisionDots.bmp
 Relaxing nanodisk array with pi/4 orientation as initial states for all disks and external field along x.
 Time Taken = 19.409000 picoseconds
 Relaxing nanodisk array with pi/4 orientation as initial states for all disks and external field along y.
 Time Taken = 12.442000 picoseconds
 Time taken by nanomagnet computing = 8.658191 (sec)
 Detection Rate 0.499000 at 0.094529 false alarm
dimRedAlg =

LDA


 Wanted to embed 668 magnets embedded 668 magnet
 Writing coordinates of magnets in text file Coords.txt
 Image mask in VisionDots.bmp
 Relaxing nanodisk array with pi/4 orientation as initial states for all disks and external field along x.
 Time Taken = 19.639000 picoseconds
 Relaxing nanodisk array with pi/4 orientation as initial states for all disks and external field along y.
 Time Taken = 3.486000 picoseconds
 Time taken by nanomagnet computing = 9.305911 (sec)
 Detection Rate 0.511831 at 0.094662 false alarm
dimRedAlg =

MDS


 Wanted to embed 668 magnets embedded 668 magnet
 Writing coordinates of magnets in text file Coords.txt
 Image mask in VisionDots.bmp
 Relaxing nanodisk array with pi/4 orientation as initial states for all disks and external field along x.
 Time Taken = 19.409000 picoseconds
 Relaxing nanodisk array with pi/4 orientation as initial states for all disks and external field along y.
 Time Taken = 12.442000 picoseconds
 Time taken by nanomagnet computing = 8.719796 (sec)
 Detection Rate 0.499000 at 0.094529 false alarm
dimRedAlg =

ProbPCA


 Wanted to embed 668 magnets embedded 668 magnet
 Writing coordinates of magnets in text file Coords.txt
 Image mask in VisionDots.bmp
 Relaxing nanodisk array with pi/4 orientation as initial states for all disks and external field along x.
 Time Taken = 22.068000 picoseconds
 Relaxing nanodisk array with pi/4 orientation as initial states for all disks and external field along y.
 Time Taken = 3.899000 picoseconds
 Time taken by nanomagnet computing = 216.622954 (sec)
 Detection Rate 0.299783 at 0.077198 false alarm
dimRedAlg =

FactorAnalysis

 

 Wanted to embed 668 magnets embedded 668 magnet
 Writing coordinates of magnets in text file Coords.txt
 Image mask in VisionDots.bmp
 Relaxing nanodisk array with pi/4 orientation as initial states for all disks and external field along x.
 Time Taken = 12.248000 picoseconds
 Relaxing nanodisk array with pi/4 orientation as initial states for all disks and external field along y.slurmstepd: *** JOB 1930686 CANCELLED AT 2015-10-12T15:55:37 DUE TO TIME LIMIT on wh-520-10-38 ***
