
                            < M A T L A B (R) >
                  Copyright 1984-2015 The MathWorks, Inc.
                   R2015a (8.5.0.197613) 64-bit (glnxa64)
                             February 12, 2015

 
To get started, type one of these: helpwin, helpdesk, or demo.
For product information, visit www.mathworks.com.
 

	Academic License


img1 =

101.pgm.atts


img2 =

dummy


minGap =

    20


startTime =

12-Oct-2015 13:25:40

## Starting Data/101.pgm.atts

 831 longest primitives returned (343 lines, 488 arcs read, but returning only 3000 max elements for computational reasons)

 Time taken by traditional algorithm = 2739.491416 (sec)
dimRedAlg =

PCA


 Wanted to embed 831 magnets embedded 831 magnet
 Writing coordinates of magnets in text file Coords.txt
 Image mask in VisionDots.bmp
 Relaxing nanodisk array with pi/4 orientation as initial states for all disks and external field along x.slurmstepd: *** JOB 1930687 CANCELLED AT 2015-10-12T15:55:37 DUE TO TIME LIMIT on wh-520-10-38 ***
