
                            < M A T L A B (R) >
                  Copyright 1984-2015 The MathWorks, Inc.
                   R2015a (8.5.0.197613) 64-bit (glnxa64)
                             February 12, 2015

 
To get started, type one of these: helpwin, helpdesk, or demo.
For product information, visit www.mathworks.com.
 

	Academic License


img1 =

school.pgm.atts


img2 =

dummy


minGap =

    20


startTime =

12-Oct-2015 13:37:09

## Starting Data/school.pgm.atts

 534 longest primitives returned (264 lines, 270 arcs read, but returning only 3000 max elements for computational reasons)

 Time taken by traditional algorithm = 1542.164499 (sec)
dimRedAlg =

PCA


 Wanted to embed 534 magnets embedded 534 magnet
 Writing coordinates of magnets in text file Coords.txt
 Image mask in VisionDots.bmp
 Relaxing nanodisk array with pi/4 orientation as initial states for all disks and external field along x.
 Time Taken = 6.730000 picoseconds
 Relaxing nanodisk array with pi/4 orientation as initial states for all disks and external field along y.
 Time Taken = 6.660000 picoseconds
 Time taken by nanomagnet computing = 10.603936 (sec)
 Detection Rate 0.472414 at 0.095394 false alarm
dimRedAlg =

LDA


 Wanted to embed 534 magnets embedded 534 magnet
 Writing coordinates of magnets in text file Coords.txt
 Image mask in VisionDots.bmp
 Relaxing nanodisk array with pi/4 orientation as initial states for all disks and external field along x.
 Time Taken = 3.818000 picoseconds
 Relaxing nanodisk array with pi/4 orientation as initial states for all disks and external field along y.
 Time Taken = 3.019000 picoseconds
 Time taken by nanomagnet computing = 5.634702 (sec)
 Detection Rate 0.091600 at 0.098946 false alarm
dimRedAlg =

MDS


 Wanted to embed 534 magnets embedded 534 magnet
 Writing coordinates of magnets in text file Coords.txt
 Image mask in VisionDots.bmp
 Relaxing nanodisk array with pi/4 orientation as initial states for all disks and external field along x.
 Time Taken = 6.730000 picoseconds
 Relaxing nanodisk array with pi/4 orientation as initial states for all disks and external field along y.
 Time Taken = 6.660000 picoseconds
 Time taken by nanomagnet computing = 6.198299 (sec)
 Detection Rate 0.472414 at 0.095394 false alarm
dimRedAlg =

ProbPCA


 Wanted to embed 534 magnets embedded 534 magnet
 Writing coordinates of magnets in text file Coords.txt
 Image mask in VisionDots.bmp
 Relaxing nanodisk array with pi/4 orientation as initial states for all disks and external field along x.
 Time Taken = 17.515000 picoseconds
 Relaxing nanodisk array with pi/4 orientation as initial states for all disks and external field along y.
 Time Taken = 10.281000 picoseconds
 Time taken by nanomagnet computing = 163.875731 (sec)
 Detection Rate 0.765959 at 0.066984 false alarm
dimRedAlg =

FactorAnalysis

 

 Wanted to embed 534 magnets embedded 534 magnet
 Writing coordinates of magnets in text file Coords.txt
 Image mask in VisionDots.bmp
 Relaxing nanodisk array with pi/4 orientation as initial states for all disks and external field along x.
 Time Taken = 2.180000 picoseconds
 Relaxing nanodisk array with pi/4 orientation as initial states for all disks and external field along y.
 Time Taken = 6.256000 picoseconds
 Time taken by nanomagnet computing = 320.284368 (sec)
 Detection Rate 0.492219 at 0.098181 false alarm
dimRedAlg =

Sammon


 Wanted to embed 534 magnets embedded 534 magnet
 Writing coordinates of magnets in text file Coords.txt
 Image mask in VisionDots.bmp
 Relaxing nanodisk array with pi/4 orientation as initial states for all disks and external field along x.
 Time Taken = 5.936000 picoseconds
 Relaxing nanodisk array with pi/4 orientation as initial states for all disks and external field along y.
 Time Taken = 11.677000 picoseconds
 Time taken by nanomagnet computing = 201.536049 (sec)
 Detection Rate 0.891689 at 0.099601 false alarm
dimRedAlg =

Isomap

Constructing neighborhood graph...
Computing shortest paths...
Constructing low-dimensional embedding...

 Wanted to embed 501 magnets embedded 501 magnet
 #*#*# ERROR: Failed Execution. Alg: Isomap, File: Data/school.pgm.atts

magnetVisionException = 

  MException with properties:

    identifier: 'MATLAB:badsubscript'
       message: 'Index exceeds matrix dimensions.'
         cause: {}
         stack: [3x1 struct]


dimRedAlg =

LandmarkIsomap


 Wanted to embed 501 magnets embedded 501 magnet
 #*#*# ERROR: Failed Execution. Alg: LandmarkIsomap, File: Data/school.pgm.atts

magnetVisionException = 

  MException with properties:

    identifier: 'MATLAB:badsubscript'
       message: 'Index exceeds matrix dimensions.'
         cause: {}
         stack: [3x1 struct]


dimRedAlg =

LLE


 Wanted to embed 501 magnets embedded 501 magnet
 #*#*# ERROR: Failed Execution. Alg: LLE, File: Data/school.pgm.atts

magnetVisionException = 

  MException with properties:

    identifier: 'MATLAB:badsubscript'
       message: 'Index exceeds matrix dimensions.'
         cause: {}
         stack: [3x1 struct]


dimRedAlg =

Laplacian


 Wanted to embed 534 magnets embedded 534 magnet
 Writing coordinates of magnets in text file Coords.txt
 Image mask in VisionDots.bmp
 Relaxing nanodisk array with pi/4 orientation as initial states for all disks and external field along x.
 Time Taken = 7.640000 picoseconds
 Relaxing nanodisk array with pi/4 orientation as initial states for all disks and external field along y.
 Time Taken = 3.289000 picoseconds
 Time taken by nanomagnet computing = 0.702792 (sec)
 Detection Rate 0.298851 at 0.096869 false alarm
dimRedAlg =

HessianLLE


 #*#*# ERROR: Failed Execution. Alg: HessianLLE, File: Data/school.pgm.atts

magnetVisionException = 

  MException with properties:

    identifier: 'MATLAB:eigs:AminusBSingular'
       message: 'The shifted operator is singular. The shift is an eigenva...'
         cause: {0x1 cell}
         stack: [8x1 struct]


dimRedAlg =

LTSA

Find nearest neighbors...
Compute local information matrices for all datapoints...
Construct alignment matrix...
Perform eigenanalysis...

 #*#*# ERROR: Failed Execution. Alg: LTSA, File: Data/school.pgm.atts

magnetVisionException = 

  MException with properties:

    identifier: 'MATLAB:eigs:AminusBSingular'
       message: 'The shifted operator is singular. The shift is an eigenva...'
         cause: {0x1 cell}
         stack: [8x1 struct]


dimRedAlg =

DiffusionMaps


 Wanted to embed 534 magnets embedded 534 magnet
 Writing coordinates of magnets in text file Coords.txt
 Image mask in VisionDots.bmp
 Relaxing nanodisk array with pi/4 orientation as initial states for all disks and external field along x.
 Time Taken = 2.972000 picoseconds
 Relaxing nanodisk array with pi/4 orientation as initial states for all disks and external field along y.
 Time Taken = 1.267000 picoseconds
 Time taken by nanomagnet computing = 8.594275 (sec)
 Detection Rate 0.554642 at 0.077965 false alarm
dimRedAlg =

KernelPCA


 Wanted to embed 534 magnets embedded 534 magnet
 Writing coordinates of magnets in text file Coords.txt
 Image mask in VisionDots.bmp
 Relaxing nanodisk array with pi/4 orientation as initial states for all disks and external field along x.
 Time Taken = 6.173000 picoseconds
 Relaxing nanodisk array with pi/4 orientation as initial states for all disks and external field along y.
 Time Taken = 7.408000 picoseconds
 Time taken by nanomagnet computing = 12.308575 (sec)
 Detection Rate 0.681963 at 0.099000 false alarm
dimRedAlg =

SNE


 Wanted to embed 534 magnets embedded 534 magnet
 Writing coordinates of magnets in text file Coords.txt
 Image mask in VisionDots.bmp
 Relaxing nanodisk array with pi/4 orientation as initial states for all disks and external field along x.slurmstepd: *** JOB 1930776 CANCELLED AT 2015-10-12T16:07:07 DUE TO TIME LIMIT on wh-520-9-12 ***
