
                            < M A T L A B (R) >
                  Copyright 1984-2015 The MathWorks, Inc.
                   R2015a (8.5.0.197613) 64-bit (glnxa64)
                             February 12, 2015

 
To get started, type one of these: helpwin, helpdesk, or demo.
For product information, visit www.mathworks.com.
 

	Academic License


img1 =

dog2.pgm.atts


img2 =

dummy


minGap =

    20


startTime =

12-Oct-2015 13:33:33

## Starting Data/dog2.pgm.atts

 544 longest primitives returned (236 lines, 308 arcs read, but returning only 3000 max elements for computational reasons)

 Time taken by traditional algorithm = 2086.023622 (sec)
dimRedAlg =

PCA


 Wanted to embed 544 magnets embedded 544 magnet
 Writing coordinates of magnets in text file Coords.txt
 Image mask in VisionDots.bmp
 Relaxing nanodisk array with pi/4 orientation as initial states for all disks and external field along x.
 Time Taken = 7.645000 picoseconds
 Relaxing nanodisk array with pi/4 orientation as initial states for all disks and external field along y.
 Time Taken = 1.661000 picoseconds
 Time taken by nanomagnet computing = 18.163865 (sec)
 Detection Rate 0.300993 at 0.098346 false alarm
dimRedAlg =

LDA


 Wanted to embed 544 magnets embedded 544 magnet
 Writing coordinates of magnets in text file Coords.txt
 Image mask in VisionDots.bmp
 Relaxing nanodisk array with pi/4 orientation as initial states for all disks and external field along x.
 Time Taken = 2.244000 picoseconds
 Relaxing nanodisk array with pi/4 orientation as initial states for all disks and external field along y.
 Time Taken = 1.630000 picoseconds
 Time taken by nanomagnet computing = 5.643812 (sec)
 Detection Rate 0.349455 at 0.087458 false alarm
dimRedAlg =

MDS


 Wanted to embed 544 magnets embedded 544 magnet
 Writing coordinates of magnets in text file Coords.txt
 Image mask in VisionDots.bmp
 Relaxing nanodisk array with pi/4 orientation as initial states for all disks and external field along x.
 Time Taken = 7.645000 picoseconds
 Relaxing nanodisk array with pi/4 orientation as initial states for all disks and external field along y.
 Time Taken = 1.661000 picoseconds
 Time taken by nanomagnet computing = 12.412283 (sec)
 Detection Rate 0.300993 at 0.098346 false alarm
dimRedAlg =

ProbPCA


 Wanted to embed 544 magnets embedded 544 magnet
 Writing coordinates of magnets in text file Coords.txt
 Image mask in VisionDots.bmp
 Relaxing nanodisk array with pi/4 orientation as initial states for all disks and external field along x.
 Time Taken = 23.656000 picoseconds
 Relaxing nanodisk array with pi/4 orientation as initial states for all disks and external field along y.
 Time Taken = 28.173000 picoseconds
 Time taken by nanomagnet computing = 363.348866 (sec)
 Detection Rate 0.526275 at 0.096225 false alarm
dimRedAlg =

FactorAnalysis

 

 Wanted to embed 544 magnets embedded 544 magnet
 Writing coordinates of magnets in text file Coords.txt
 Image mask in VisionDots.bmp
 Relaxing nanodisk array with pi/4 orientation as initial states for all disks and external field along x.
 Time Taken = 11.851000 picoseconds
 Relaxing nanodisk array with pi/4 orientation as initial states for all disks and external field along y.
 Time Taken = 8.950000 picoseconds
 Time taken by nanomagnet computing = 756.086564 (sec)
 Detection Rate 0.383807 at 0.094033 false alarm
dimRedAlg =

Sammon

slurmstepd: *** JOB 1930748 CANCELLED AT 2015-10-12T16:03:36 DUE TO TIME LIMIT on wh-520-9-14 ***
