
                            < M A T L A B (R) >
                  Copyright 1984-2015 The MathWorks, Inc.
                   R2015a (8.5.0.197613) 64-bit (glnxa64)
                             February 12, 2015

 
To get started, type one of these: helpwin, helpdesk, or demo.
For product information, visit www.mathworks.com.
 

	Academic License


img1 =

giraffe.pgm.atts


img2 =

dummy


minGap =

    20


startTime =

12-Oct-2015 13:33:57

## Starting Data/giraffe.pgm.atts

 767 longest primitives returned (303 lines, 464 arcs read, but returning only 3000 max elements for computational reasons)

 Time taken by traditional algorithm = 3929.261754 (sec)
dimRedAlg =

PCA


 Wanted to embed 767 magnets embedded 767 magnet
 Writing coordinates of magnets in text file Coords.txt
 Image mask in VisionDots.bmp
 Relaxing nanodisk array with pi/4 orientation as initial states for all disks and external field along x.
 Time Taken = 9.055000 picoseconds
 Relaxing nanodisk array with pi/4 orientation as initial states for all disks and external field along y.
 Time Taken = 10.848000 picoseconds
 Time taken by nanomagnet computing = 23.646914 (sec)
 Detection Rate 0.455548 at 0.098570 false alarm
dimRedAlg =

LDA


 Wanted to embed 767 magnets embedded 767 magnet
 Writing coordinates of magnets in text file Coords.txt
 Image mask in VisionDots.bmp
 Relaxing nanodisk array with pi/4 orientation as initial states for all disks and external field along x.
 Time Taken = 5.703000 picoseconds
 Relaxing nanodisk array with pi/4 orientation as initial states for all disks and external field along y.
 Time Taken = 5.254000 picoseconds
 Time taken by nanomagnet computing = 20.705216 (sec)
 Detection Rate 0.559595 at 0.099331 false alarm
dimRedAlg =

MDS


 Wanted to embed 767 magnets embedded 767 magnet
 Writing coordinates of magnets in text file Coords.txt
 Image mask in VisionDots.bmp
 Relaxing nanodisk array with pi/4 orientation as initial states for all disks and external field along x.
 Time Taken = 9.055000 picoseconds
 Relaxing nanodisk array with pi/4 orientation as initial states for all disks and external field along y.slurmstepd: *** JOB 1930750 CANCELLED AT 2015-10-12T16:04:06 DUE TO TIME LIMIT on wh-520-9-14 ***
