
                            < M A T L A B (R) >
                  Copyright 1984-2015 The MathWorks, Inc.
                   R2015a (8.5.0.197613) 64-bit (glnxa64)
                             February 12, 2015

 
To get started, type one of these: helpwin, helpdesk, or demo.
For product information, visit www.mathworks.com.
 

	Academic License


img1 =

redbirdofparadise.pgm.atts


img2 =

dummy


minGap =

    20


startTime =

12-Oct-2015 13:36:35

## Starting Data/redbirdofparadise.pgm.atts

 557 longest primitives returned (237 lines, 320 arcs read, but returning only 3000 max elements for computational reasons)

 Time taken by traditional algorithm = 1600.739146 (sec)
dimRedAlg =

PCA


 Wanted to embed 557 magnets embedded 557 magnet
 Writing coordinates of magnets in text file Coords.txt
 Image mask in VisionDots.bmp
 Relaxing nanodisk array with pi/4 orientation as initial states for all disks and external field along x.
 Time Taken = 12.262000 picoseconds
 Relaxing nanodisk array with pi/4 orientation as initial states for all disks and external field along y.
 Time Taken = 3.852000 picoseconds
 Time taken by nanomagnet computing = 11.061133 (sec)
 Detection Rate 0.475569 at 0.090728 false alarm
dimRedAlg =

LDA


 Wanted to embed 557 magnets embedded 557 magnet
 Writing coordinates of magnets in text file Coords.txt
 Image mask in VisionDots.bmp
 Relaxing nanodisk array with pi/4 orientation as initial states for all disks and external field along x.
 Time Taken = 5.185000 picoseconds
 Relaxing nanodisk array with pi/4 orientation as initial states for all disks and external field along y.
 Time Taken = 10.749000 picoseconds
 Time taken by nanomagnet computing = 4.349285 (sec)
 Detection Rate 0.366108 at 0.088174 false alarm
dimRedAlg =

MDS


 Wanted to embed 557 magnets embedded 557 magnet
 Writing coordinates of magnets in text file Coords.txt
 Image mask in VisionDots.bmp
 Relaxing nanodisk array with pi/4 orientation as initial states for all disks and external field along x.
 Time Taken = 12.262000 picoseconds
 Relaxing nanodisk array with pi/4 orientation as initial states for all disks and external field along y.
 Time Taken = 3.852000 picoseconds
 Time taken by nanomagnet computing = 5.794282 (sec)
 Detection Rate 0.475569 at 0.090728 false alarm
dimRedAlg =

ProbPCA


 Wanted to embed 557 magnets embedded 557 magnet
 Writing coordinates of magnets in text file Coords.txt
 Image mask in VisionDots.bmp
 Relaxing nanodisk array with pi/4 orientation as initial states for all disks and external field along x.
 Time Taken = 50.477000 picoseconds
 Relaxing nanodisk array with pi/4 orientation as initial states for all disks and external field along y.
 Time Taken = 11.019000 picoseconds
 Time taken by nanomagnet computing = 183.358479 (sec)
 Detection Rate 0.386977 at 0.079796 false alarm
dimRedAlg =

FactorAnalysis

 

 Wanted to embed 557 magnets embedded 557 magnet
 Writing coordinates of magnets in text file Coords.txt
 Image mask in VisionDots.bmp
 Relaxing nanodisk array with pi/4 orientation as initial states for all disks and external field along x.
 Time Taken = 1.445000 picoseconds
 Relaxing nanodisk array with pi/4 orientation as initial states for all disks and external field along y.
 Time Taken = 8.843000 picoseconds
 Time taken by nanomagnet computing = 323.113689 (sec)
 Detection Rate 0.178088 at 0.079157 false alarm
dimRedAlg =

Sammon


 Wanted to embed 557 magnets embedded 557 magnet
 Writing coordinates of magnets in text file Coords.txt
 Image mask in VisionDots.bmp
 Relaxing nanodisk array with pi/4 orientation as initial states for all disks and external field along x.slurmstepd: *** JOB 1930774 CANCELLED AT 2015-10-12T16:06:37 DUE TO TIME LIMIT on wh-520-9-12 ***
