
                            < M A T L A B (R) >
                  Copyright 1984-2015 The MathWorks, Inc.
                   R2015a (8.5.0.197613) 64-bit (glnxa64)
                             February 12, 2015

 
To get started, type one of these: helpwin, helpdesk, or demo.
For product information, visit www.mathworks.com.
 

	Academic License


img1 =

S003I007.pgm.atts


img2 =

dummy


minGap =

    20


startTime =

12-Oct-2015 13:28:18

## Starting Data/S003I007.pgm.atts

 373 longest primitives returned (207 lines, 166 arcs read, but returning only 3000 max elements for computational reasons)

 Time taken by traditional algorithm = 881.285003 (sec)
dimRedAlg =

PCA


 Wanted to embed 373 magnets embedded 373 magnet
 Writing coordinates of magnets in text file Coords.txt
 Image mask in VisionDots.bmp
 Relaxing nanodisk array with pi/4 orientation as initial states for all disks and external field along x.
 Time Taken = 3.658000 picoseconds
 Relaxing nanodisk array with pi/4 orientation as initial states for all disks and external field along y.
 Time Taken = 3.602000 picoseconds
 Time taken by nanomagnet computing = 5.439278 (sec)
 Detection Rate 0.345128 at 0.093351 false alarm
dimRedAlg =

LDA


 Wanted to embed 373 magnets embedded 373 magnet
 Writing coordinates of magnets in text file Coords.txt
 Image mask in VisionDots.bmp
 Relaxing nanodisk array with pi/4 orientation as initial states for all disks and external field along x.
 Time Taken = 1.218000 picoseconds
 Relaxing nanodisk array with pi/4 orientation as initial states for all disks and external field along y.
 Time Taken = 2.281000 picoseconds
 Time taken by nanomagnet computing = 0.887411 (sec)
 Detection Rate 0.274952 at 0.099655 false alarm
dimRedAlg =

MDS


 Wanted to embed 373 magnets embedded 373 magnet
 Writing coordinates of magnets in text file Coords.txt
 Image mask in VisionDots.bmp
 Relaxing nanodisk array with pi/4 orientation as initial states for all disks and external field along x.
 Time Taken = 3.658000 picoseconds
 Relaxing nanodisk array with pi/4 orientation as initial states for all disks and external field along y.
 Time Taken = 3.602000 picoseconds
 Time taken by nanomagnet computing = 2.460742 (sec)
 Detection Rate 0.345128 at 0.093351 false alarm
dimRedAlg =

ProbPCA


 Wanted to embed 373 magnets embedded 373 magnet
 Writing coordinates of magnets in text file Coords.txt
 Image mask in VisionDots.bmp
 Relaxing nanodisk array with pi/4 orientation as initial states for all disks and external field along x.
 Time Taken = 33.081000 picoseconds
 Relaxing nanodisk array with pi/4 orientation as initial states for all disks and external field along y.
 Time Taken = 9.690000 picoseconds
 Time taken by nanomagnet computing = 93.198645 (sec)
 Detection Rate 0.403509 at 0.099914 false alarm
dimRedAlg =

FactorAnalysis

 

 Wanted to embed 373 magnets embedded 373 magnet
 Writing coordinates of magnets in text file Coords.txt
 Image mask in VisionDots.bmp
 Relaxing nanodisk array with pi/4 orientation as initial states for all disks and external field along x.
 Time Taken = 175.135000 picoseconds
 Relaxing nanodisk array with pi/4 orientation as initial states for all disks and external field along y.
 Time Taken = 3.251000 picoseconds
 Time taken by nanomagnet computing = 138.621399 (sec)
 Detection Rate 0.483414 at 0.099136 false alarm
dimRedAlg =

Sammon


 Wanted to embed 373 magnets embedded 373 magnet
 Writing coordinates of magnets in text file Coords.txt
 Image mask in VisionDots.bmp
 Relaxing nanodisk array with pi/4 orientation as initial states for all disks and external field along x.
 Time Taken = 6.929000 picoseconds
 Relaxing nanodisk array with pi/4 orientation as initial states for all disks and external field along y.
 Time Taken = 2.675000 picoseconds
 Time taken by nanomagnet computing = 211.146698 (sec)
 Detection Rate 0.838714 at 0.103282 false alarm
dimRedAlg =

Isomap

Constructing neighborhood graph...
Computing shortest paths...
Constructing low-dimensional embedding...

 Wanted to embed 369 magnets embedded 369 magnet
 #*#*# ERROR: Failed Execution. Alg: Isomap, File: Data/S003I007.pgm.atts

magnetVisionException = 

  MException with properties:

    identifier: 'MATLAB:badsubscript'
       message: 'Index exceeds matrix dimensions.'
         cause: {}
         stack: [3x1 struct]


dimRedAlg =

LandmarkIsomap


 Wanted to embed 369 magnets embedded 369 magnet
 #*#*# ERROR: Failed Execution. Alg: LandmarkIsomap, File: Data/S003I007.pgm.atts

magnetVisionException = 

  MException with properties:

    identifier: 'MATLAB:badsubscript'
       message: 'Index exceeds matrix dimensions.'
         cause: {}
         stack: [3x1 struct]


dimRedAlg =

LLE


 Wanted to embed 369 magnets embedded 369 magnet
 #*#*# ERROR: Failed Execution. Alg: LLE, File: Data/S003I007.pgm.atts

magnetVisionException = 

  MException with properties:

    identifier: 'MATLAB:badsubscript'
       message: 'Index exceeds matrix dimensions.'
         cause: {}
         stack: [3x1 struct]


dimRedAlg =

Laplacian


 Wanted to embed 373 magnets embedded 373 magnet
 Writing coordinates of magnets in text file Coords.txt
 Image mask in VisionDots.bmp
 Relaxing nanodisk array with pi/4 orientation as initial states for all disks and external field along x.
 Time Taken = 7.417000 picoseconds
 Relaxing nanodisk array with pi/4 orientation as initial states for all disks and external field along y.
 Time Taken = 5.417000 picoseconds
 Time taken by nanomagnet computing = 0.662718 (sec)
 Detection Rate 0.199764 at 0.094646 false alarm
dimRedAlg =

HessianLLE


 #*#*# ERROR: Failed Execution. Alg: HessianLLE, File: Data/S003I007.pgm.atts

magnetVisionException = 

  MException with properties:

    identifier: 'MATLAB:eigs:AminusBSingular'
       message: 'The shifted operator is singular. The shift is an eigenva...'
         cause: {0x1 cell}
         stack: [8x1 struct]


dimRedAlg =

LTSA

Find nearest neighbors...
Compute local information matrices for all datapoints...
Construct alignment matrix...
Perform eigenanalysis...

 #*#*# ERROR: Failed Execution. Alg: LTSA, File: Data/S003I007.pgm.atts

magnetVisionException = 

  MException with properties:

    identifier: 'MATLAB:eigs:AminusBSingular'
       message: 'The shifted operator is singular. The shift is an eigenva...'
         cause: {0x1 cell}
         stack: [8x1 struct]


dimRedAlg =

DiffusionMaps


 Wanted to embed 373 magnets embedded 373 magnet
 Writing coordinates of magnets in text file Coords.txt
 Image mask in VisionDots.bmp
 Relaxing nanodisk array with pi/4 orientation as initial states for all disks and external field along x.
 Time Taken = 8.837000 picoseconds
 Relaxing nanodisk array with pi/4 orientation as initial states for all disks and external field along y.
 Time Taken = 1.134000 picoseconds
 Time taken by nanomagnet computing = 2.527506 (sec)
 Detection Rate 0.437564 at 0.096805 false alarm
dimRedAlg =

KernelPCA


 Wanted to embed 373 magnets embedded 373 magnet
 Writing coordinates of magnets in text file Coords.txt
 Image mask in VisionDots.bmp
 Relaxing nanodisk array with pi/4 orientation as initial states for all disks and external field along x.
 Time Taken = 8.332000 picoseconds
 Relaxing nanodisk array with pi/4 orientation as initial states for all disks and external field along y.
 Time Taken = 3.457000 picoseconds
 Time taken by nanomagnet computing = 7.421149 (sec)
 Detection Rate 0.461005 at 0.099568 false alarm
dimRedAlg =

SNE


 Wanted to embed 373 magnets embedded 373 magnet
 Writing coordinates of magnets in text file Coords.txt
 Image mask in VisionDots.bmp
 Relaxing nanodisk array with pi/4 orientation as initial states for all disks and external field along x.
 Time Taken = 3.170000 picoseconds
 Relaxing nanodisk array with pi/4 orientation as initial states for all disks and external field along y.
 Time Taken = 4.929000 picoseconds
 Time taken by nanomagnet computing = 204.783706 (sec)
 Detection Rate 0.784903 at 0.098359 false alarm
dimRedAlg =

SymSNE


 Wanted to embed 373 magnets embedded 373 magnet
 Writing coordinates of magnets in text file Coords.txt
 Image mask in VisionDots.bmp
 Relaxing nanodisk array with pi/4 orientation as initial states for all disks and external field along x.
 Time Taken = 0.717000 picoseconds
 Relaxing nanodisk array with pi/4 orientation as initial states for all disks and external field along y.
 Time Taken = 0.894000 picoseconds
 Time taken by nanomagnet computing = 195.047918 (sec)
 Detection Rate 0.542091 at 0.218135 false alarm
dimRedAlg =

tSNE

Mean value of sigma: 0.45362
Minimum value of sigma: 0.15672
Maximum value of sigma: 1.5968

 Wanted to embed 373 magnets embedded 373 magnet
 Writing coordinates of magnets in text file Coords.txt
 Image mask in VisionDots.bmp
 Relaxing nanodisk array with pi/4 orientation as initial states for all disks and external field along x.
 Time Taken = 7.260000 picoseconds
 Relaxing nanodisk array with pi/4 orientation as initial states for all disks and external field along y.
 Time Taken = 3.210000 picoseconds
 Time taken by nanomagnet computing = 82.851434 (sec)
 Detection Rate 0.425328 at 0.128497 false alarm
dimRedAlg =

NPE


 Wanted to embed 373 magnets embedded 373 magnet
 Writing coordinates of magnets in text file Coords.txt
 Image mask in VisionDots.bmp
 Relaxing nanodisk array with pi/4 orientation as initial states for all disks and external field along x.
 Time Taken = 1.203000 picoseconds
 Relaxing nanodisk array with pi/4 orientation as initial states for all disks and external field along y.
 Time Taken = 1.325000 picoseconds
 Time taken by nanomagnet computing = 1.983603 (sec)
 Detection Rate 0.669763 at 0.075302 false alarm
dimRedAlg =

LPP


 Wanted to embed 373 magnets embedded 373 magnet
 Writing coordinates of magnets in text file Coords.txt
 Image mask in VisionDots.bmp
 Relaxing nanodisk array with pi/4 orientation as initial states for all disks and external field along x.
 Time Taken = 6.357000 picoseconds
 Relaxing nanodisk array with pi/4 orientation as initial states for all disks and external field along y.
 Time Taken = 8.558000 picoseconds
 Time taken by nanomagnet computing = 6.090520 (sec)
 Detection Rate 0.520419 at 0.099827 false alarm
dimRedAlg =

SPE


 Wanted to embed 373 magnets embedded 373 magnet
 Writing coordinates of magnets in text file Coords.txt
 Image mask in VisionDots.bmp
 Relaxing nanodisk array with pi/4 orientation as initial states for all disks and external field along x.
 Time Taken = 24.776000 picoseconds
 Relaxing nanodisk array with pi/4 orientation as initial states for all disks and external field along y.
 Time Taken = 4.288000 picoseconds
 Time taken by nanomagnet computing = 4.648046 (sec)
 Detection Rate 0.910217 at 0.099914 false alarm
dimRedAlg =

LLTSA

[Warning: Only 1 of the 2 requested eigenvalues converged.] 
[> In eigs/processEUPDinfo (line 1291)
  In eigs (line 353)
  In lltsa (line 95)
  In compute_mapping (line 243)
  In MagnetVision (line 62)
  In main (line 121)
  In rp_gridMain_Run2Img (line 11)] 

 Wanted to embed 373 magnets embedded 373 magnet
 Writing coordinates of magnets in text file Coords.txt
 Image mask in VisionDots.bmp
 Relaxing nanodisk array with pi/4 orientation as initial states for all disks and external field along x.
 Time Taken = 1.254000 picoseconds
 Relaxing nanodisk array with pi/4 orientation as initial states for all disks and external field along y.
 Time Taken = 1.704000 picoseconds
 Time taken by nanomagnet computing = 5.564732 (sec)
 Detection Rate 0.372844 at 0.094387 false alarm
dimRedAlg =

CCA

Running normal LLE...
Running Conformal Eigenmaps...
CSDP OUTPUT =============================================================================
Iedge :9048, ivertex: 28782
Elements time: 0.445160 
Factor time: 0.000790 
Other time: 0.163384 
Total time: 0.609335 
=========================================================================================

 Wanted to embed 369 magnets embedded 369 magnet
 #*#*# ERROR: Failed Execution. Alg: CCA, File: Data/S003I007.pgm.atts

magnetVisionException = 

  MException with properties:

    identifier: 'MATLAB:badsubscript'
       message: 'Index exceeds matrix dimensions.'
         cause: {}
         stack: [3x1 struct]


dimRedAlg =

MVU

Running normal LLE...
Running Maximum Variance Unfolding...
CSDP OUTPUT =============================================================================
Iedge :3302, ivertex: 4428
Elements time: 0.454734 
Factor time: 0.000883 
Other time: 0.148109 
Total time: 0.603726 
=========================================================================================

 Wanted to embed 369 magnets embedded 369 magnet
 #*#*# ERROR: Failed Execution. Alg: MVU, File: Data/S003I007.pgm.atts

magnetVisionException = 

  MException with properties:

    identifier: 'MATLAB:badsubscript'
       message: 'Index exceeds matrix dimensions.'
         cause: {}
         stack: [3x1 struct]


dimRedAlg =

LandmarkMVU

Elements time: 0.319689 
Factor time: 0.174168 
Other time: 0.210393 
Total time: 0.704250 
Elements time: 0.345649 
Factor time: 0.196763 
Other time: 0.249812 
Total time: 0.792225 

 Wanted to embed 373 magnets embedded 373 magnet
 Writing coordinates of magnets in text file Coords.txt
 Image mask in VisionDots.bmp
 Relaxing nanodisk array with pi/4 orientation as initial states for all disks and external field along x.
 Time Taken = 3.274000 picoseconds
 Relaxing nanodisk array with pi/4 orientation as initial states for all disks and external field along y.
 Time Taken = 3.284000 picoseconds
 Time taken by nanomagnet computing = 2.438171 (sec)
 Detection Rate 0.171753 at 0.089983 false alarm
dimRedAlg =

FastMVU

Elements time: 0.000739 
Factor time: 0.000048 
Other time: 0.005804 
Total time: 0.006591 

 Wanted to embed 369 magnets embedded 369 magnet
 #*#*# ERROR: Failed Execution. Alg: FastMVU, File: Data/S003I007.pgm.atts

magnetVisionException = 

  MException with properties:

    identifier: 'MATLAB:badsubscript'
       message: 'Index exceeds matrix dimensions.'
         cause: {}
         stack: [3x1 struct]


dimRedAlg =

LLC

Running EM algorithm and compute local factor analyzers...
.................slurmstepd: *** JOB 1930706 CANCELLED AT 2015-10-12T15:58:36 DUE TO TIME LIMIT on wh-520-10-37 ***
