
                            < M A T L A B (R) >
                  Copyright 1984-2015 The MathWorks, Inc.
                   R2015a (8.5.0.197613) 64-bit (glnxa64)
                             February 12, 2015

 
To get started, type one of these: helpwin, helpdesk, or demo.
For product information, visit www.mathworks.com.
 

	Academic License


img1 =

image1.pgm.atts


img2 =

dummy


minGap =

    20


startTime =

12-Oct-2015 20:42:06

## Starting Data/image1.pgm.atts

 300 longest primitives returned (153 lines, 147 arcs read, but returning only 3000 max elements for computational reasons)

 Time taken by traditional algorithm = 676.858884 (sec)
dimRedAlg =

PCA


dimRedAlg =

LDA


dimRedAlg =

MDS


dimRedAlg =

ProbPCA


dimRedAlg =

FactorAnalysis


dimRedAlg =

Sammon


dimRedAlg =

Isomap

Constructing neighborhood graph...
Computing shortest paths...
Constructing low-dimensional embedding...

 Wanted to embed 289 magnets embedded 289 magnet
 #*#*# ERROR: Failed Execution. Alg: Isomap, File: Data/image1.pgm.atts

magnetVisionException = 

  MException with properties:

    identifier: 'MATLAB:badsubscript'
       message: 'Index exceeds matrix dimensions.'
         cause: {}
         stack: [3x1 struct]


dimRedAlg =

LandmarkIsomap


 Wanted to embed 289 magnets embedded 289 magnet
 #*#*# ERROR: Failed Execution. Alg: LandmarkIsomap, File: Data/image1.pgm.atts

magnetVisionException = 

  MException with properties:

    identifier: 'MATLAB:badsubscript'
       message: 'Index exceeds matrix dimensions.'
         cause: {}
         stack: [3x1 struct]


dimRedAlg =

LLE


 Wanted to embed 289 magnets embedded 289 magnet
 #*#*# ERROR: Failed Execution. Alg: LLE, File: Data/image1.pgm.atts

magnetVisionException = 

  MException with properties:

    identifier: 'MATLAB:badsubscript'
       message: 'Index exceeds matrix dimensions.'
         cause: {}
         stack: [3x1 struct]


dimRedAlg =

Laplacian


dimRedAlg =

HessianLLE


 #*#*# ERROR: Failed Execution. Alg: HessianLLE, File: Data/image1.pgm.atts

magnetVisionException = 

  MException with properties:

    identifier: 'MATLAB:eigs:AminusBSingular'
       message: 'The shifted operator is singular. The shift is an eigenva...'
         cause: {0x1 cell}
         stack: [8x1 struct]


dimRedAlg =

LTSA

Find nearest neighbors...
Compute local information matrices for all datapoints...
Construct alignment matrix...
Perform eigenanalysis...

 #*#*# ERROR: Failed Execution. Alg: LTSA, File: Data/image1.pgm.atts

magnetVisionException = 

  MException with properties:

    identifier: 'MATLAB:eigs:AminusBSingular'
       message: 'The shifted operator is singular. The shift is an eigenva...'
         cause: {0x1 cell}
         stack: [8x1 struct]


dimRedAlg =

DiffusionMaps


dimRedAlg =

KernelPCA


dimRedAlg =

SNE


dimRedAlg =

SymSNE


dimRedAlg =

tSNE


dimRedAlg =

NPE


dimRedAlg =

LPP


dimRedAlg =

SPE


dimRedAlg =

LLTSA


dimRedAlg =

CCA

Running normal LLE...
Running Conformal Eigenmaps...
CSDP OUTPUT =============================================================================
Iedge :7442, ivertex: 22542
Elements time: 0.773612 
Factor time: 0.000809 
Other time: 0.278908 
Total time: 1.053329 
=========================================================================================

 Wanted to embed 289 magnets embedded 289 magnet
 #*#*# ERROR: Failed Execution. Alg: CCA, File: Data/image1.pgm.atts

magnetVisionException = 

  MException with properties:

    identifier: 'MATLAB:badsubscript'
       message: 'Index exceeds matrix dimensions.'
         cause: {}
         stack: [3x1 struct]


dimRedAlg =

MVU

Running normal LLE...
Running Maximum Variance Unfolding...
CSDP OUTPUT =============================================================================
Iedge :2591, ivertex: 3468
Elements time: 0.785003 
Factor time: 0.000857 
Other time: 0.231390 
Total time: 1.017250 
=========================================================================================

 Wanted to embed 289 magnets embedded 289 magnet
 #*#*# ERROR: Failed Execution. Alg: MVU, File: Data/image1.pgm.atts

magnetVisionException = 

  MException with properties:

    identifier: 'MATLAB:badsubscript'
       message: 'Index exceeds matrix dimensions.'
         cause: {}
         stack: [3x1 struct]


dimRedAlg =

LandmarkMVU


dimRedAlg =

FastMVU

Elements time: 0.001587 
Factor time: 0.000054 
Other time: 0.008319 
Total time: 0.009960 

 Wanted to embed 289 magnets embedded 289 magnet
 #*#*# ERROR: Failed Execution. Alg: FastMVU, File: Data/image1.pgm.atts

magnetVisionException = 

  MException with properties:

    identifier: 'MATLAB:badsubscript'
       message: 'Index exceeds matrix dimensions.'
         cause: {}
         stack: [3x1 struct]


dimRedAlg =

LLC


dimRedAlg =

GPLVM


dimRedAlg =

Autoencoder

Network size: 365   78   30    2
Initial MSE of reconstructions: 0.19105
Final MSE of reconstructions: 0.0013977
Initial MSE of reconstructions: 0.051239
Final MSE of reconstructions: 0.0002257
Initial MSE of reconstructions: 0.037932
Final MSE of reconstructions: 0.00046086
Initial MSE of reconstructions: 0.041904
Final MSE of reconstructions: 0.00048844
MSE of initial model: 0.17658
MSE of final model: 0.44306

 Wanted to embed 300 magnets embedded 300 magnet
 Writing coordinates of magnets in text file Coords.txt
 Image mask in VisionDots.bmp
 Relaxing nanodisk array with pi/4 orientation as initial states for all disks and external field along x.
 Time Taken = 3.243000 picoseconds
 Relaxing nanodisk array with pi/4 orientation as initial states for all disks and external field along y.
 Time Taken = 2.390000 picoseconds
 Time taken by nanomagnet computing = 683.044355 (sec)
 Detection Rate 0.734842 at 0.097165 false alarm
dimRedAlg =

NCA


 Wanted to embed 300 magnets embedded 300 magnet
 Writing coordinates of magnets in text file Coords.txt
 Image mask in VisionDots.bmp
 Relaxing nanodisk array with pi/4 orientation as initial states for all disks and external field along x.
 Time Taken = 15.893000 picoseconds
 Relaxing nanodisk array with pi/4 orientation as initial states for all disks and external field along y.
 Time Taken = 7.671000 picoseconds
 Time taken by nanomagnet computing = 265.242382 (sec)
 Detection Rate 0.669546 at 0.098317 false alarm
dimRedAlg =

MCML


 Wanted to embed 300 magnets embedded 300 magnet
 Writing coordinates of magnets in text file Coords.txt
 Image mask in VisionDots.bmp
 Relaxing nanodisk array with pi/4 orientation as initial states for all disks and external field along x.
 Time Taken = 6.212000 picoseconds
 Relaxing nanodisk array with pi/4 orientation as initial states for all disks and external field along y.
 Time Taken = 5.055000 picoseconds
 Time taken by nanomagnet computing = 794.848557 (sec)
 Detection Rate 0.504923 at 0.091978 false alarm
dimRedAlg =

LMNN


 Wanted to embed 300 magnets embedded 300 magnet
 Writing coordinates of magnets in text file Coords.txt
 Image mask in VisionDots.bmp
 Relaxing nanodisk array with pi/4 orientation as initial states for all disks and external field along x.
 Time Taken = 2.438000 picoseconds
 Relaxing nanodisk array with pi/4 orientation as initial states for all disks and external field along y.
 Time Taken = 4.869000 picoseconds
 Time taken by nanomagnet computing = 910.387754 (sec)
 Detection Rate 0.468302 at 0.096243 false alarm
startTime =

12-Oct-2015 20:42:06


endTIme =

12-Oct-2015 21:49:31

Elapsed time is 965.614789 seconds.

startTime =

12-Oct-2015 21:49:31

## Starting Data/dummy
{Error using fscanf
Invalid file identifier. Use fopen to generate a valid file identifier.

Error in ReadEdgeAttsFile (line 31)
paren = fscanf(infile, ' %c', 1);


Error in main (line 54)
Lines = ReadEdgeAttsFile (ImageFile);


Error in rp_gridMain_Run2Img (line 20)
	main(['Data' filesep img2], minGap);

} 
>> 