
                            < M A T L A B (R) >
                  Copyright 1984-2015 The MathWorks, Inc.
                   R2015a (8.5.0.197613) 64-bit (glnxa64)
                             February 12, 2015

 
To get started, type one of these: helpwin, helpdesk, or demo.
For product information, visit www.mathworks.com.
 

	Academic License


img1 =

203.pgm.atts


img2 =

dummy


minGap =

    20


startTime =

12-Oct-2015 13:26:47

## Starting Data/203.pgm.atts

 627 longest primitives returned (226 lines, 401 arcs read, but returning only 3000 max elements for computational reasons)

 Time taken by traditional algorithm = 1265.972581 (sec)
dimRedAlg =

PCA


 Wanted to embed 627 magnets embedded 627 magnet
 Writing coordinates of magnets in text file Coords.txt
 Image mask in VisionDots.bmp
 Relaxing nanodisk array with pi/4 orientation as initial states for all disks and external field along x.
 Time Taken = 5.925000 picoseconds
 Relaxing nanodisk array with pi/4 orientation as initial states for all disks and external field along y.
 Time Taken = 3.487000 picoseconds
 Time taken by nanomagnet computing = 7.579310 (sec)
 Detection Rate 0.119717 at 0.093893 false alarm
dimRedAlg =

LDA


 Wanted to embed 627 magnets embedded 627 magnet
 Writing coordinates of magnets in text file Coords.txt
 Image mask in VisionDots.bmp
 Relaxing nanodisk array with pi/4 orientation as initial states for all disks and external field along x.
 Time Taken = 6.429000 picoseconds
 Relaxing nanodisk array with pi/4 orientation as initial states for all disks and external field along y.
 Time Taken = 11.806000 picoseconds
 Time taken by nanomagnet computing = 3.794057 (sec)
 Detection Rate 0.171247 at 0.096640 false alarm
dimRedAlg =

MDS


 Wanted to embed 627 magnets embedded 627 magnet
 Writing coordinates of magnets in text file Coords.txt
 Image mask in VisionDots.bmp
 Relaxing nanodisk array with pi/4 orientation as initial states for all disks and external field along x.
 Time Taken = 5.925000 picoseconds
 Relaxing nanodisk array with pi/4 orientation as initial states for all disks and external field along y.
 Time Taken = 3.487000 picoseconds
 Time taken by nanomagnet computing = 4.010910 (sec)
 Detection Rate 0.119717 at 0.093893 false alarm
dimRedAlg =

ProbPCA


 Wanted to embed 627 magnets embedded 627 magnet
 Writing coordinates of magnets in text file Coords.txt
 Image mask in VisionDots.bmp
 Relaxing nanodisk array with pi/4 orientation as initial states for all disks and external field along x.
 Time Taken = 4.721000 picoseconds
 Relaxing nanodisk array with pi/4 orientation as initial states for all disks and external field along y.
 Time Taken = 1.867000 picoseconds
 Time taken by nanomagnet computing = 116.188660 (sec)
 Detection Rate 0.473142 at 0.083961 false alarm
dimRedAlg =

FactorAnalysis

 

 Wanted to embed 627 magnets embedded 627 magnet
 Writing coordinates of magnets in text file Coords.txt
 Image mask in VisionDots.bmp
 Relaxing nanodisk array with pi/4 orientation as initial states for all disks and external field along x.
 Time Taken = 16.850000 picoseconds
 Relaxing nanodisk array with pi/4 orientation as initial states for all disks and external field along y.
 Time Taken = 11.302000 picoseconds
 Time taken by nanomagnet computing = 212.185357 (sec)
 Detection Rate 0.270768 at 0.098331 false alarm
dimRedAlg =

Sammon


 Wanted to embed 627 magnets embedded 627 magnet
 Writing coordinates of magnets in text file Coords.txt
 Image mask in VisionDots.bmp
 Relaxing nanodisk array with pi/4 orientation as initial states for all disks and external field along x.
 Time Taken = 3.458000 picoseconds
 Relaxing nanodisk array with pi/4 orientation as initial states for all disks and external field along y.
 Time Taken = 4.570000 picoseconds
 Time taken by nanomagnet computing = 230.237741 (sec)
 Detection Rate 0.409119 at 0.095020 false alarm
dimRedAlg =

Isomap

Constructing neighborhood graph...
Computing shortest paths...
Constructing low-dimensional embedding...

 Wanted to embed 615 magnets embedded 615 magnet
 #*#*# ERROR: Failed Execution. Alg: Isomap, File: Data/203.pgm.atts

magnetVisionException = 

  MException with properties:

    identifier: 'MATLAB:badsubscript'
       message: 'Index exceeds matrix dimensions.'
         cause: {}
         stack: [3x1 struct]


dimRedAlg =

LandmarkIsomap


 Wanted to embed 615 magnets embedded 615 magnet
 #*#*# ERROR: Failed Execution. Alg: LandmarkIsomap, File: Data/203.pgm.atts

magnetVisionException = 

  MException with properties:

    identifier: 'MATLAB:badsubscript'
       message: 'Index exceeds matrix dimensions.'
         cause: {}
         stack: [3x1 struct]


dimRedAlg =

LLE


 Wanted to embed 615 magnets embedded 615 magnet
 #*#*# ERROR: Failed Execution. Alg: LLE, File: Data/203.pgm.atts

magnetVisionException = 

  MException with properties:

    identifier: 'MATLAB:badsubscript'
       message: 'Index exceeds matrix dimensions.'
         cause: {}
         stack: [3x1 struct]


dimRedAlg =

Laplacian


 Wanted to embed 627 magnets embedded 627 magnet
 Writing coordinates of magnets in text file Coords.txt
 Image mask in VisionDots.bmp
 Relaxing nanodisk array with pi/4 orientation as initial states for all disks and external field along x.
 Time Taken = 10.019000 picoseconds
 Relaxing nanodisk array with pi/4 orientation as initial states for all disks and external field along y.
 Time Taken = 5.792000 picoseconds
 Time taken by nanomagnet computing = 0.627122 (sec)
 Detection Rate 0.316469 at 0.094597 false alarm
dimRedAlg =

HessianLLE


 #*#*# ERROR: Failed Execution. Alg: HessianLLE, File: Data/203.pgm.atts

magnetVisionException = 

  MException with properties:

    identifier: 'MATLAB:eigs:AminusBSingular'
       message: 'The shifted operator is singular. The shift is an eigenva...'
         cause: {0x1 cell}
         stack: [8x1 struct]


dimRedAlg =

LTSA

Find nearest neighbors...
Compute local information matrices for all datapoints...
Construct alignment matrix...
Perform eigenanalysis...

 #*#*# ERROR: Failed Execution. Alg: LTSA, File: Data/203.pgm.atts

magnetVisionException = 

  MException with properties:

    identifier: 'MATLAB:eigs:AminusBSingular'
       message: 'The shifted operator is singular. The shift is an eigenva...'
         cause: {0x1 cell}
         stack: [8x1 struct]


dimRedAlg =

DiffusionMaps


 Wanted to embed 627 magnets embedded 627 magnet
 Writing coordinates of magnets in text file Coords.txt
 Image mask in VisionDots.bmp
 Relaxing nanodisk array with pi/4 orientation as initial states for all disks and external field along x.
 Time Taken = 1.239000 picoseconds
 Relaxing nanodisk array with pi/4 orientation as initial states for all disks and external field along y.
 Time Taken = 1.352000 picoseconds
 Time taken by nanomagnet computing = 2.899835 (sec)
 Detection Rate 0.422548 at 0.092907 false alarm
dimRedAlg =

KernelPCA


 Wanted to embed 627 magnets embedded 627 magnet
 Writing coordinates of magnets in text file Coords.txt
 Image mask in VisionDots.bmp
 Relaxing nanodisk array with pi/4 orientation as initial states for all disks and external field along x.
 Time Taken = 8.649000 picoseconds
 Relaxing nanodisk array with pi/4 orientation as initial states for all disks and external field along y.
 Time Taken = 25.798000 picoseconds
 Time taken by nanomagnet computing = 6.438606 (sec)
 Detection Rate 0.306892 at 0.076213 false alarm
dimRedAlg =

SNE


 Wanted to embed 627 magnets embedded 627 magnet
 Writing coordinates of magnets in text file Coords.txt
 Image mask in VisionDots.bmp
 Relaxing nanodisk array with pi/4 orientation as initial states for all disks and external field along x.
 Time Taken = 29.646000 picoseconds
 Relaxing nanodisk array with pi/4 orientation as initial states for all disks and external field along y.
 Time Taken = 6.368000 picoseconds
 Time taken by nanomagnet computing = 214.518328 (sec)
 Detection Rate 0.629606 at 0.094104 false alarm
dimRedAlg =

SymSNE


 Wanted to embed 627 magnets embedded 627 magnet
 Writing coordinates of magnets in text file Coords.txt
 Image mask in VisionDots.bmp
 Relaxing nanodisk array with pi/4 orientation as initial states for all disks and external field along x.
 Time Taken = 15.295000 picoseconds
 Relaxing nanodisk array with pi/4 orientation as initial states for all disks and external field along y.
 Time Taken = 6.797000 picoseconds
 Time taken by nanomagnet computing = 250.404851 (sec)
 Detection Rate 0.495732 at 0.165810 false alarm
dimRedAlg =

tSNE

Computed P-values 500 of 627 datapoints...
Mean value of sigma: 0.34189
Minimum value of sigma: 0.1219
Maximum value of sigma: 2.1751

 Wanted to embed 627 magnets embedded 627 magnet
 Writing coordinates of magnets in text file Coords.txt
 Image mask in VisionDots.bmp
 Relaxing nanodisk array with pi/4 orientation as initial states for all disks and external field along x.
 Time Taken = 6.276000 picoseconds
 Relaxing nanodisk array with pi/4 orientation as initial states for all disks and external field along y.slurmstepd: *** JOB 1930697 CANCELLED AT 2015-10-12T15:56:36 DUE TO TIME LIMIT on wh-520-10-34 ***
