
                            < M A T L A B (R) >
                  Copyright 1984-2015 The MathWorks, Inc.
                   R2015a (8.5.0.197613) 64-bit (glnxa64)
                             February 12, 2015

 
To get started, type one of these: helpwin, helpdesk, or demo.
For product information, visit www.mathworks.com.
 

	Academic License


img1 =

019.pgm.atts


img2 =

dummy


minGap =

    20


startTime =

12-Oct-2015 13:25:17

## Starting Data/019.pgm.atts

 541 longest primitives returned (224 lines, 317 arcs read, but returning only 3000 max elements for computational reasons)

 Time taken by traditional algorithm = 1238.283305 (sec)
dimRedAlg =

PCA


 Wanted to embed 541 magnets embedded 541 magnet
 Writing coordinates of magnets in text file Coords.txt
 Image mask in VisionDots.bmp
 Relaxing nanodisk array with pi/4 orientation as initial states for all disks and external field along x.
 Time Taken = 3.631000 picoseconds
 Relaxing nanodisk array with pi/4 orientation as initial states for all disks and external field along y.
 Time Taken = 9.235000 picoseconds
 Time taken by nanomagnet computing = 9.605804 (sec)
 Detection Rate 0.463684 at 0.089648 false alarm
dimRedAlg =

LDA


 Wanted to embed 541 magnets embedded 541 magnet
 Writing coordinates of magnets in text file Coords.txt
 Image mask in VisionDots.bmp
 Relaxing nanodisk array with pi/4 orientation as initial states for all disks and external field along x.
 Time Taken = 14.241000 picoseconds
 Relaxing nanodisk array with pi/4 orientation as initial states for all disks and external field along y.
 Time Taken = 3.333000 picoseconds
 Time taken by nanomagnet computing = 3.628354 (sec)
 Detection Rate 0.176000 at 0.095909 false alarm
dimRedAlg =

MDS


 Wanted to embed 541 magnets embedded 541 magnet
 Writing coordinates of magnets in text file Coords.txt
 Image mask in VisionDots.bmp
 Relaxing nanodisk array with pi/4 orientation as initial states for all disks and external field along x.
 Time Taken = 3.631000 picoseconds
 Relaxing nanodisk array with pi/4 orientation as initial states for all disks and external field along y.
 Time Taken = 9.235000 picoseconds
 Time taken by nanomagnet computing = 3.311236 (sec)
 Detection Rate 0.463684 at 0.089648 false alarm
dimRedAlg =

ProbPCA


 Wanted to embed 541 magnets embedded 541 magnet
 Writing coordinates of magnets in text file Coords.txt
 Image mask in VisionDots.bmp
 Relaxing nanodisk array with pi/4 orientation as initial states for all disks and external field along x.
 Time Taken = 10.769000 picoseconds
 Relaxing nanodisk array with pi/4 orientation as initial states for all disks and external field along y.
 Time Taken = 2.210000 picoseconds
 Time taken by nanomagnet computing = 149.141977 (sec)
 Detection Rate 0.632211 at 0.097474 false alarm
dimRedAlg =

FactorAnalysis

 

 Wanted to embed 541 magnets embedded 541 magnet
 Writing coordinates of magnets in text file Coords.txt
 Image mask in VisionDots.bmp
 Relaxing nanodisk array with pi/4 orientation as initial states for all disks and external field along x.
 Time Taken = 42.875000 picoseconds
 Relaxing nanodisk array with pi/4 orientation as initial states for all disks and external field along y.
 Time Taken = 16.557000 picoseconds
 Time taken by nanomagnet computing = 294.790784 (sec)
 Detection Rate 0.568947 at 0.089363 false alarm
dimRedAlg =

Sammon


 Wanted to embed 541 magnets embedded 541 magnet
 Writing coordinates of magnets in text file Coords.txt
 Image mask in VisionDots.bmp
 Relaxing nanodisk array with pi/4 orientation as initial states for all disks and external field along x.
 Time Taken = 3.433000 picoseconds
 Relaxing nanodisk array with pi/4 orientation as initial states for all disks and external field along y.
 Time Taken = 3.990000 picoseconds
 Time taken by nanomagnet computing = 285.727958 (sec)
 Detection Rate 0.599474 at 0.090857 false alarm
dimRedAlg =

Isomap

Constructing neighborhood graph...
Computing shortest paths...
Constructing low-dimensional embedding...

 Wanted to embed 535 magnets embedded 535 magnet
 #*#*# ERROR: Failed Execution. Alg: Isomap, File: Data/019.pgm.atts

magnetVisionException = 

  MException with properties:

    identifier: 'MATLAB:badsubscript'
       message: 'Index exceeds matrix dimensions.'
         cause: {}
         stack: [3x1 struct]


dimRedAlg =

LandmarkIsomap


 Wanted to embed 535 magnets embedded 535 magnet
 #*#*# ERROR: Failed Execution. Alg: LandmarkIsomap, File: Data/019.pgm.atts

magnetVisionException = 

  MException with properties:

    identifier: 'MATLAB:badsubscript'
       message: 'Index exceeds matrix dimensions.'
         cause: {}
         stack: [3x1 struct]


dimRedAlg =

LLE


 Wanted to embed 535 magnets embedded 535 magnet
 #*#*# ERROR: Failed Execution. Alg: LLE, File: Data/019.pgm.atts

magnetVisionException = 

  MException with properties:

    identifier: 'MATLAB:badsubscript'
       message: 'Index exceeds matrix dimensions.'
         cause: {}
         stack: [3x1 struct]


dimRedAlg =

Laplacian


 Wanted to embed 541 magnets embedded 541 magnet
 Writing coordinates of magnets in text file Coords.txt
 Image mask in VisionDots.bmp
 Relaxing nanodisk array with pi/4 orientation as initial states for all disks and external field along x.
 Time Taken = 3.659000 picoseconds
 Relaxing nanodisk array with pi/4 orientation as initial states for all disks and external field along y.
 Time Taken = 5.600000 picoseconds
 Time taken by nanomagnet computing = 0.805397 (sec)
 Detection Rate 0.574632 at 0.096834 false alarm
dimRedAlg =

HessianLLE


 #*#*# ERROR: Failed Execution. Alg: HessianLLE, File: Data/019.pgm.atts

magnetVisionException = 

  MException with properties:

    identifier: 'MATLAB:eigs:AminusBSingular'
       message: 'The shifted operator is singular. The shift is an eigenva...'
         cause: {0x1 cell}
         stack: [8x1 struct]


dimRedAlg =

LTSA

Find nearest neighbors...
Compute local information matrices for all datapoints...
Construct alignment matrix...
Perform eigenanalysis...

 #*#*# ERROR: Failed Execution. Alg: LTSA, File: Data/019.pgm.atts

magnetVisionException = 

  MException with properties:

    identifier: 'MATLAB:eigs:AminusBSingular'
       message: 'The shifted operator is singular. The shift is an eigenva...'
         cause: {0x1 cell}
         stack: [8x1 struct]


dimRedAlg =

DiffusionMaps


 Wanted to embed 541 magnets embedded 541 magnet
 Writing coordinates of magnets in text file Coords.txt
 Image mask in VisionDots.bmp
 Relaxing nanodisk array with pi/4 orientation as initial states for all disks and external field along x.
 Time Taken = 1.550000 picoseconds
 Relaxing nanodisk array with pi/4 orientation as initial states for all disks and external field along y.
 Time Taken = 6.740000 picoseconds
 Time taken by nanomagnet computing = 5.397044 (sec)
 Detection Rate 0.554842 at 0.064817 false alarm
dimRedAlg =

KernelPCA


 Wanted to embed 541 magnets embedded 541 magnet
 Writing coordinates of magnets in text file Coords.txt
 Image mask in VisionDots.bmp
 Relaxing nanodisk array with pi/4 orientation as initial states for all disks and external field along x.
 Time Taken = 10.853000 picoseconds
 Relaxing nanodisk array with pi/4 orientation as initial states for all disks and external field along y.
 Time Taken = 10.256000 picoseconds
 Time taken by nanomagnet computing = 9.392097 (sec)
 Detection Rate 0.844105 at 0.075774 false alarm
dimRedAlg =

SNE


 Wanted to embed 541 magnets embedded 541 magnet
 Writing coordinates of magnets in text file Coords.txt
 Image mask in VisionDots.bmp
 Relaxing nanodisk array with pi/4 orientation as initial states for all disks and external field along x.
 Time Taken = 4.053000 picoseconds
 Relaxing nanodisk array with pi/4 orientation as initial states for all disks and external field along y.
 Time Taken = 9.000000 picoseconds
 Time taken by nanomagnet computing = 275.392076 (sec)
 Detection Rate 0.781368 at 0.072287 false alarm
dimRedAlg =

SymSNE

slurmstepd: *** JOB 1930685 CANCELLED AT 2015-10-12T15:55:06 DUE TO TIME LIMIT on wh-520-10-38 ***
