
                            < M A T L A B (R) >
                  Copyright 1984-2015 The MathWorks, Inc.
                   R2015a (8.5.0.197613) 64-bit (glnxa64)
                             February 12, 2015

 
To get started, type one of these: helpwin, helpdesk, or demo.
For product information, visit www.mathworks.com.
 

	Academic License


img1 =

airfield_edges.pgm.atts


img2 =

dummy


minGap =

    20


startTime =

12-Oct-2015 13:32:24

## Starting Data/airfield_edges.pgm.atts

 1190 longest primitives returned (669 lines, 521 arcs read, but returning only 3000 max elements for computational reasons)

 Time taken by traditional algorithm = 5079.551286 (sec)
dimRedAlg =

PCA


 Wanted to embed 1190 magnets embedded 1190 magnet
 Writing coordinates of magnets in text file Coords.txt
 Image mask in VisionDots.bmp
 Relaxing nanodisk array with pi/4 orientation as initial states for all disks and external field along x.slurmstepd: *** JOB 1930740 CANCELLED AT 2015-10-12T16:02:36 DUE TO TIME LIMIT on wh-520-10-12 ***
