
                            < M A T L A B (R) >
                  Copyright 1984-2015 The MathWorks, Inc.
                   R2015a (8.5.0.197613) 64-bit (glnxa64)
                             February 12, 2015

 
To get started, type one of these: helpwin, helpdesk, or demo.
For product information, visit www.mathworks.com.
 

	Academic License


img1 =

S006I008.PGM.atts


img2 =

dummy


minGap =

    20


startTime =

12-Oct-2015 13:30:50

## Starting Data/S006I008.PGM.atts

 341 longest primitives returned (183 lines, 158 arcs read, but returning only 3000 max elements for computational reasons)

 Time taken by traditional algorithm = 1615.371385 (sec)
dimRedAlg =

PCA


 Wanted to embed 341 magnets embedded 341 magnet
 Writing coordinates of magnets in text file Coords.txt
 Image mask in VisionDots.bmp
 Relaxing nanodisk array with pi/4 orientation as initial states for all disks and external field along x.
 Time Taken = 86.172000 picoseconds
 Relaxing nanodisk array with pi/4 orientation as initial states for all disks and external field along y.
 Time Taken = 2.954000 picoseconds
 Time taken by nanomagnet computing = 9.846433 (sec)
 Detection Rate 0.538503 at 0.098542 false alarm
dimRedAlg =

LDA


 Wanted to embed 341 magnets embedded 341 magnet
 Writing coordinates of magnets in text file Coords.txt
 Image mask in VisionDots.bmp
 Relaxing nanodisk array with pi/4 orientation as initial states for all disks and external field along x.
 Time Taken = 23.848000 picoseconds
 Relaxing nanodisk array with pi/4 orientation as initial states for all disks and external field along y.
 Time Taken = 16.343000 picoseconds
 Time taken by nanomagnet computing = 1.915245 (sec)
 Detection Rate 0.211995 at 0.096067 false alarm
dimRedAlg =

MDS


 Wanted to embed 341 magnets embedded 341 magnet
 Writing coordinates of magnets in text file Coords.txt
 Image mask in VisionDots.bmp
 Relaxing nanodisk array with pi/4 orientation as initial states for all disks and external field along x.
 Time Taken = 86.172000 picoseconds
 Relaxing nanodisk array with pi/4 orientation as initial states for all disks and external field along y.
 Time Taken = 2.954000 picoseconds
 Time taken by nanomagnet computing = 3.142312 (sec)
 Detection Rate 0.538503 at 0.098542 false alarm
dimRedAlg =

ProbPCA


 Wanted to embed 341 magnets embedded 341 magnet
 Writing coordinates of magnets in text file Coords.txt
 Image mask in VisionDots.bmp
 Relaxing nanodisk array with pi/4 orientation as initial states for all disks and external field along x.
 Time Taken = 7.691000 picoseconds
 Relaxing nanodisk array with pi/4 orientation as initial states for all disks and external field along y.
 Time Taken = 8.410000 picoseconds
 Time taken by nanomagnet computing = 199.205490 (sec)
 Detection Rate 0.717159 at 0.099072 false alarm
dimRedAlg =

FactorAnalysis

 

 Wanted to embed 341 magnets embedded 341 magnet
 Writing coordinates of magnets in text file Coords.txt
 Image mask in VisionDots.bmp
 Relaxing nanodisk array with pi/4 orientation as initial states for all disks and external field along x.
 Time Taken = 1.911000 picoseconds
 Relaxing nanodisk array with pi/4 orientation as initial states for all disks and external field along y.
 Time Taken = 5.464000 picoseconds
 Time taken by nanomagnet computing = 329.644774 (sec)
 Detection Rate 0.622758 at 0.092709 false alarm
dimRedAlg =

Sammon

slurmstepd: *** JOB 1930728 CANCELLED AT 2015-10-12T16:01:06 DUE TO TIME LIMIT on wh-520-10-20 ***
