
                            < M A T L A B (R) >
                  Copyright 1984-2015 The MathWorks, Inc.
                   R2015a (8.5.0.197613) 64-bit (glnxa64)
                             February 12, 2015

 
To get started, type one of these: helpwin, helpdesk, or demo.
For product information, visit www.mathworks.com.
 

	Academic License


img1 =

police.pgm.atts


img2 =

dummy


minGap =

    20


startTime =

12-Oct-2015 13:36:36

## Starting Data/police.pgm.atts

 1037 longest primitives returned (435 lines, 602 arcs read, but returning only 3000 max elements for computational reasons)

 Time taken by traditional algorithm = 3587.791079 (sec)
dimRedAlg =

PCA


 Wanted to embed 1037 magnets embedded 1037 magnet
 Writing coordinates of magnets in text file Coords.txt
 Image mask in VisionDots.bmp
 Relaxing nanodisk array with pi/4 orientation as initial states for all disks and external field along x.
 Time Taken = 17.944000 picoseconds
 Relaxing nanodisk array with pi/4 orientation as initial states for all disks and external field along y.
 Time Taken = 23.994000 picoseconds
 Time taken by nanomagnet computing = 24.045009 (sec)
 Detection Rate 0.463454 at 0.099435 false alarm
dimRedAlg =

LDA


 Wanted to embed 1037 magnets embedded 1037 magnet
 Writing coordinates of magnets in text file Coords.txt
 Image mask in VisionDots.bmp
 Relaxing nanodisk array with pi/4 orientation as initial states for all disks and external field along x.slurmstepd: *** JOB 1930773 CANCELLED AT 2015-10-12T16:06:37 DUE TO TIME LIMIT on wh-520-9-12 ***
