
                            < M A T L A B (R) >
                  Copyright 1984-2015 The MathWorks, Inc.
                   R2015a (8.5.0.197613) 64-bit (glnxa64)
                             February 12, 2015

 
To get started, type one of these: helpwin, helpdesk, or demo.
For product information, visit www.mathworks.com.
 

	Academic License


img1 =

zebra_b.pgm.atts


img2 =

dummy


minGap =

    20


startTime =

12-Oct-2015 13:38:18

## Starting Data/zebra_b.pgm.atts

 707 longest primitives returned (252 lines, 455 arcs read, but returning only 3000 max elements for computational reasons)

 Time taken by traditional algorithm = 2349.935017 (sec)
dimRedAlg =

PCA


 Wanted to embed 707 magnets embedded 707 magnet
 Writing coordinates of magnets in text file Coords.txt
 Image mask in VisionDots.bmp
 Relaxing nanodisk array with pi/4 orientation as initial states for all disks and external field along x.
 Time Taken = 3.155000 picoseconds
 Relaxing nanodisk array with pi/4 orientation as initial states for all disks and external field along y.
 Time Taken = 3.662000 picoseconds
 Time taken by nanomagnet computing = 10.511242 (sec)
 Detection Rate 0.183042 at 0.095366 false alarm
dimRedAlg =

LDA


 Wanted to embed 707 magnets embedded 707 magnet
 Writing coordinates of magnets in text file Coords.txt
 Image mask in VisionDots.bmp
 Relaxing nanodisk array with pi/4 orientation as initial states for all disks and external field along x.
 Time Taken = 3.914000 picoseconds
 Relaxing nanodisk array with pi/4 orientation as initial states for all disks and external field along y.
 Time Taken = 1.239000 picoseconds
 Time taken by nanomagnet computing = 6.698711 (sec)
 Detection Rate 0.199807 at 0.098564 false alarm
dimRedAlg =

MDS


 Wanted to embed 707 magnets embedded 707 magnet
 Writing coordinates of magnets in text file Coords.txt
 Image mask in VisionDots.bmp
 Relaxing nanodisk array with pi/4 orientation as initial states for all disks and external field along x.
 Time Taken = 3.155000 picoseconds
 Relaxing nanodisk array with pi/4 orientation as initial states for all disks and external field along y.
 Time Taken = 3.662000 picoseconds
 Time taken by nanomagnet computing = 8.088716 (sec)
 Detection Rate 0.183042 at 0.095366 false alarm
dimRedAlg =

ProbPCA


 Wanted to embed 707 magnets embedded 707 magnet
 Writing coordinates of magnets in text file Coords.txt
 Image mask in VisionDots.bmp
 Relaxing nanodisk array with pi/4 orientation as initial states for all disks and external field along x.
 Time Taken = 15.218000 picoseconds
 Relaxing nanodisk array with pi/4 orientation as initial states for all disks and external field along y.
 Time Taken = 13.175000 picoseconds
 Time taken by nanomagnet computing = 226.145616 (sec)
 Detection Rate 0.490207 at 0.078144 false alarm
dimRedAlg =

FactorAnalysis

 

 Wanted to embed 707 magnets embedded 707 magnet
 Writing coordinates of magnets in text file Coords.txt
 Image mask in VisionDots.bmp
 Relaxing nanodisk array with pi/4 orientation as initial states for all disks and external field along x.
 Time Taken = 4.802000 picoseconds
 Relaxing nanodisk array with pi/4 orientation as initial states for all disks and external field along y.
 Time Taken = 4.923000 picoseconds
 Time taken by nanomagnet computing = 415.691382 (sec)
 Detection Rate 0.405174 at 0.080837 false alarm
dimRedAlg =

Sammon


 Wanted to embed 707 magnets embedded 707 magnet
 Writing coordinates of magnets in text file Coords.txt
 Image mask in VisionDots.bmp
 Relaxing nanodisk array with pi/4 orientation as initial states for all disks and external field along x.slurmstepd: *** JOB 1930783 CANCELLED AT 2015-10-12T16:08:07 DUE TO TIME LIMIT on wh-520-10-38 ***
