
                            < M A T L A B (R) >
                  Copyright 1984-2015 The MathWorks, Inc.
                   R2015a (8.5.0.197613) 64-bit (glnxa64)
                             February 12, 2015

 
To get started, type one of these: helpwin, helpdesk, or demo.
For product information, visit www.mathworks.com.
 

	Academic License


img1 =

zebra1.pgm.atts


img2 =

dummy


minGap =

    20


startTime =

12-Oct-2015 20:45:57

## Starting Data/zebra1.pgm.atts

 674 longest primitives returned (250 lines, 424 arcs read, but returning only 3000 max elements for computational reasons)

 Time taken by traditional algorithm = 752.133176 (sec)
dimRedAlg =

PCA


dimRedAlg =

LDA


dimRedAlg =

MDS


dimRedAlg =

ProbPCA


dimRedAlg =

FactorAnalysis


dimRedAlg =

Sammon


dimRedAlg =

Isomap

Constructing neighborhood graph...
Computing shortest paths...
Constructing low-dimensional embedding...

 Wanted to embed 671 magnets embedded 671 magnet
 #*#*# ERROR: Failed Execution. Alg: Isomap, File: Data/zebra1.pgm.atts

magnetVisionException = 

  MException with properties:

    identifier: 'MATLAB:badsubscript'
       message: 'Index exceeds matrix dimensions.'
         cause: {}
         stack: [3x1 struct]


dimRedAlg =

LandmarkIsomap


 Wanted to embed 671 magnets embedded 671 magnet
 #*#*# ERROR: Failed Execution. Alg: LandmarkIsomap, File: Data/zebra1.pgm.atts

magnetVisionException = 

  MException with properties:

    identifier: 'MATLAB:badsubscript'
       message: 'Index exceeds matrix dimensions.'
         cause: {}
         stack: [3x1 struct]


dimRedAlg =

LLE


 Wanted to embed 671 magnets embedded 671 magnet
 #*#*# ERROR: Failed Execution. Alg: LLE, File: Data/zebra1.pgm.atts

magnetVisionException = 

  MException with properties:

    identifier: 'MATLAB:badsubscript'
       message: 'Index exceeds matrix dimensions.'
         cause: {}
         stack: [3x1 struct]


dimRedAlg =

Laplacian


dimRedAlg =

HessianLLE


 #*#*# ERROR: Failed Execution. Alg: HessianLLE, File: Data/zebra1.pgm.atts

magnetVisionException = 

  MException with properties:

    identifier: 'MATLAB:eigs:AminusBSingular'
       message: 'The shifted operator is singular. The shift is an eigenva...'
         cause: {0x1 cell}
         stack: [8x1 struct]


dimRedAlg =

LTSA

Find nearest neighbors...
Compute local information matrices for all datapoints...
Construct alignment matrix...
Perform eigenanalysis...

 #*#*# ERROR: Failed Execution. Alg: LTSA, File: Data/zebra1.pgm.atts

magnetVisionException = 

  MException with properties:

    identifier: 'MATLAB:eigs:AminusBSingular'
       message: 'The shifted operator is singular. The shift is an eigenva...'
         cause: {0x1 cell}
         stack: [8x1 struct]


dimRedAlg =

DiffusionMaps


dimRedAlg =

KernelPCA


dimRedAlg =

SNE


dimRedAlg =

SymSNE


dimRedAlg =

tSNE


dimRedAlg =

NPE


dimRedAlg =

LPP


dimRedAlg =

SPE


dimRedAlg =

LLTSA


dimRedAlg =

CCA

Running normal LLE...
Running Conformal Eigenmaps...
CSDP OUTPUT =============================================================================
Iedge :18825, ivertex: 52338
Elements time: 1.418131 
Factor time: 0.002341 
Other time: 0.538670 
Total time: 1.959142 
=========================================================================================

 Wanted to embed 671 magnets embedded 671 magnet
 #*#*# ERROR: Failed Execution. Alg: CCA, File: Data/zebra1.pgm.atts

magnetVisionException = 

  MException with properties:

    identifier: 'MATLAB:badsubscript'
       message: 'Index exceeds matrix dimensions.'
         cause: {}
         stack: [3x1 struct]


dimRedAlg =

MVU

Running normal LLE...
Running Maximum Variance Unfolding...
CSDP OUTPUT =============================================================================
Iedge :5977, ivertex: 8052
Elements time: 1.996255 
Factor time: 0.001479 
Other time: 0.531185 
Total time: 2.528919 
=========================================================================================

 Wanted to embed 671 magnets embedded 671 magnet
 #*#*# ERROR: Failed Execution. Alg: MVU, File: Data/zebra1.pgm.atts

magnetVisionException = 

  MException with properties:

    identifier: 'MATLAB:badsubscript'
       message: 'Index exceeds matrix dimensions.'
         cause: {}
         stack: [3x1 struct]


dimRedAlg =

LandmarkMVU


dimRedAlg =

FastMVU

Elements time: 0.002000 
Factor time: 0.000071 
Other time: 0.048837 
Total time: 0.050908 

 Wanted to embed 671 magnets embedded 671 magnet
 #*#*# ERROR: Failed Execution. Alg: FastMVU, File: Data/zebra1.pgm.atts

magnetVisionException = 

  MException with properties:

    identifier: 'MATLAB:badsubscript'
       message: 'Index exceeds matrix dimensions.'
         cause: {}
         stack: [3x1 struct]


dimRedAlg =

LLC


dimRedAlg =

GPLVM


dimRedAlg =

Autoencoder


dimRedAlg =

NCA


 Wanted to embed 674 magnets embedded 674 magnet
 Writing coordinates of magnets in text file Coords.txt
 Image mask in VisionDots.bmp
 Relaxing nanodisk array with pi/4 orientation as initial states for all disks and external field along x.
 Time Taken = 11.840000 picoseconds
 Relaxing nanodisk array with pi/4 orientation as initial states for all disks and external field along y.
 Time Taken = 1.239000 picoseconds
 Time taken by nanomagnet computing = 1372.707949 (sec)
 Detection Rate 0.401247 at 0.099700 false alarm
dimRedAlg =

MCML


 Wanted to embed 674 magnets embedded 674 magnet
 Writing coordinates of magnets in text file Coords.txt
 Image mask in VisionDots.bmp
 Relaxing nanodisk array with pi/4 orientation as initial states for all disks and external field along x.
 Time Taken = 5.582000 picoseconds
 Relaxing nanodisk array with pi/4 orientation as initial states for all disks and external field along y.
 Time Taken = 39.462000 picoseconds
 Time taken by nanomagnet computing = 5295.425420 (sec)
 Detection Rate 0.414725 at 0.092634 false alarm
dimRedAlg =

LMNN


 Wanted to embed 674 magnets embedded 674 magnet
 Writing coordinates of magnets in text file Coords.txt
 Image mask in VisionDots.bmp
 Relaxing nanodisk array with pi/4 orientation as initial states for all disks and external field along x.
 Time Taken = 49.302000 picoseconds
 Relaxing nanodisk array with pi/4 orientation as initial states for all disks and external field along y.
 Time Taken = 15.717000 picoseconds
 Time taken by nanomagnet computing = 6778.474884 (sec)
 Detection Rate 0.185275 at 0.077890 false alarm
startTime =

12-Oct-2015 20:45:57


endTIme =

13-Oct-2015 03:48:15

Elapsed time is 12208.711604 seconds.

startTime =

13-Oct-2015 03:48:15

## Starting Data/dummy
{Error using fscanf
Invalid file identifier. Use fopen to generate a valid file identifier.

Error in ReadEdgeAttsFile (line 31)
paren = fscanf(infile, ' %c', 1);


Error in main (line 54)
Lines = ReadEdgeAttsFile (ImageFile);


Error in rp_gridMain_Run2Img (line 20)
	main(['Data' filesep img2], minGap);

} 
>> 