
                            < M A T L A B (R) >
                  Copyright 1984-2015 The MathWorks, Inc.
                   R2015a (8.5.0.197613) 64-bit (glnxa64)
                             February 12, 2015

 
To get started, type one of these: helpwin, helpdesk, or demo.
For product information, visit www.mathworks.com.
 

	Academic License


img1 =

S004I00E.PGM.atts


img2 =

dummy


minGap =

    20


startTime =

12-Oct-2015 13:29:22

## Starting Data/S004I00E.PGM.atts

 683 longest primitives returned (242 lines, 441 arcs read, but returning only 3000 max elements for computational reasons)

 Time taken by traditional algorithm = 3646.342701 (sec)
dimRedAlg =

PCA


 Wanted to embed 683 magnets embedded 683 magnet
 Writing coordinates of magnets in text file Coords.txt
 Image mask in VisionDots.bmp
 Relaxing nanodisk array with pi/4 orientation as initial states for all disks and external field along x.
 Time Taken = 8.248000 picoseconds
 Relaxing nanodisk array with pi/4 orientation as initial states for all disks and external field along y.
 Time Taken = 7.902000 picoseconds
 Time taken by nanomagnet computing = 21.088435 (sec)
 Detection Rate 0.514360 at 0.098522 false alarm
dimRedAlg =

LDA


 Wanted to embed 683 magnets embedded 683 magnet
 Writing coordinates of magnets in text file Coords.txt
 Image mask in VisionDots.bmp
 Relaxing nanodisk array with pi/4 orientation as initial states for all disks and external field along x.
 Time Taken = 19.530000 picoseconds
 Relaxing nanodisk array with pi/4 orientation as initial states for all disks and external field along y.slurmstepd: *** JOB 1930715 CANCELLED AT 2015-10-12T15:59:36 DUE TO TIME LIMIT on wh-520-10-20 ***
