
                            < M A T L A B (R) >
                  Copyright 1984-2015 The MathWorks, Inc.
                   R2015a (8.5.0.197613) 64-bit (glnxa64)
                             February 12, 2015

 
To get started, type one of these: helpwin, helpdesk, or demo.
For product information, visit www.mathworks.com.
 

	Academic License


img1 =

S004I004.PGM.atts


img2 =

dummy


minGap =

    20


startTime =

12-Oct-2015 13:28:19

## Starting Data/S004I004.PGM.atts

 411 longest primitives returned (178 lines, 233 arcs read, but returning only 3000 max elements for computational reasons)

 Time taken by traditional algorithm = 870.100986 (sec)
dimRedAlg =

PCA


 Wanted to embed 411 magnets embedded 411 magnet
 Writing coordinates of magnets in text file Coords.txt
 Image mask in VisionDots.bmp
 Relaxing nanodisk array with pi/4 orientation as initial states for all disks and external field along x.
 Time Taken = 8.370000 picoseconds
 Relaxing nanodisk array with pi/4 orientation as initial states for all disks and external field along y.
 Time Taken = 23.937000 picoseconds
 Time taken by nanomagnet computing = 2.493833 (sec)
 Detection Rate 0.291694 at 0.094594 false alarm
dimRedAlg =

LDA


 Wanted to embed 411 magnets embedded 411 magnet
 Writing coordinates of magnets in text file Coords.txt
 Image mask in VisionDots.bmp
 Relaxing nanodisk array with pi/4 orientation as initial states for all disks and external field along x.
 Time Taken = 12.082000 picoseconds
 Relaxing nanodisk array with pi/4 orientation as initial states for all disks and external field along y.
 Time Taken = 14.044000 picoseconds
 Time taken by nanomagnet computing = 1.230894 (sec)
 Detection Rate 0.100927 at 0.098380 false alarm
dimRedAlg =

MDS


 Wanted to embed 411 magnets embedded 411 magnet
 Writing coordinates of magnets in text file Coords.txt
 Image mask in VisionDots.bmp
 Relaxing nanodisk array with pi/4 orientation as initial states for all disks and external field along x.
 Time Taken = 8.370000 picoseconds
 Relaxing nanodisk array with pi/4 orientation as initial states for all disks and external field along y.
 Time Taken = 23.937000 picoseconds
 Time taken by nanomagnet computing = 3.107407 (sec)
 Detection Rate 0.291694 at 0.094594 false alarm
dimRedAlg =

ProbPCA


 Wanted to embed 411 magnets embedded 411 magnet
 Writing coordinates of magnets in text file Coords.txt
 Image mask in VisionDots.bmp
 Relaxing nanodisk array with pi/4 orientation as initial states for all disks and external field along x.
 Time Taken = 9.024000 picoseconds
 Relaxing nanodisk array with pi/4 orientation as initial states for all disks and external field along y.
 Time Taken = 4.652000 picoseconds
 Time taken by nanomagnet computing = 94.891773 (sec)
 Detection Rate 0.769027 at 0.095399 false alarm
dimRedAlg =

FactorAnalysis

 

 Wanted to embed 411 magnets embedded 411 magnet
 Writing coordinates of magnets in text file Coords.txt
 Image mask in VisionDots.bmp
 Relaxing nanodisk array with pi/4 orientation as initial states for all disks and external field along x.
 Time Taken = 1.458000 picoseconds
 Relaxing nanodisk array with pi/4 orientation as initial states for all disks and external field along y.
 Time Taken = 12.030000 picoseconds
 Time taken by nanomagnet computing = 149.681899 (sec)
 Detection Rate 0.502151 at 0.098542 false alarm
dimRedAlg =

Sammon


 Wanted to embed 411 magnets embedded 411 magnet
 Writing coordinates of magnets in text file Coords.txt
 Image mask in VisionDots.bmp
 Relaxing nanodisk array with pi/4 orientation as initial states for all disks and external field along x.
 Time Taken = 5.708000 picoseconds
 Relaxing nanodisk array with pi/4 orientation as initial states for all disks and external field along y.
 Time Taken = 7.050000 picoseconds
 Time taken by nanomagnet computing = 200.515220 (sec)
 Detection Rate 1.000000 at 0.095480 false alarm
dimRedAlg =

Isomap

Constructing neighborhood graph...
Computing shortest paths...
Constructing low-dimensional embedding...

 Wanted to embed 408 magnets embedded 408 magnet
 #*#*# ERROR: Failed Execution. Alg: Isomap, File: Data/S004I004.PGM.atts

magnetVisionException = 

  MException with properties:

    identifier: 'MATLAB:badsubscript'
       message: 'Index exceeds matrix dimensions.'
         cause: {}
         stack: [3x1 struct]


dimRedAlg =

LandmarkIsomap


 Wanted to embed 408 magnets embedded 408 magnet
 #*#*# ERROR: Failed Execution. Alg: LandmarkIsomap, File: Data/S004I004.PGM.atts

magnetVisionException = 

  MException with properties:

    identifier: 'MATLAB:badsubscript'
       message: 'Index exceeds matrix dimensions.'
         cause: {}
         stack: [3x1 struct]


dimRedAlg =

LLE


 Wanted to embed 408 magnets embedded 408 magnet
 #*#*# ERROR: Failed Execution. Alg: LLE, File: Data/S004I004.PGM.atts

magnetVisionException = 

  MException with properties:

    identifier: 'MATLAB:badsubscript'
       message: 'Index exceeds matrix dimensions.'
         cause: {}
         stack: [3x1 struct]


dimRedAlg =

Laplacian


 Wanted to embed 411 magnets embedded 411 magnet
 Writing coordinates of magnets in text file Coords.txt
 Image mask in VisionDots.bmp
 Relaxing nanodisk array with pi/4 orientation as initial states for all disks and external field along x.
 Time Taken = 2.870000 picoseconds
 Relaxing nanodisk array with pi/4 orientation as initial states for all disks and external field along y.
 Time Taken = 18.533000 picoseconds
 Time taken by nanomagnet computing = 0.671854 (sec)
 Detection Rate 0.634844 at 0.085892 false alarm
dimRedAlg =

HessianLLE


 #*#*# ERROR: Failed Execution. Alg: HessianLLE, File: Data/S004I004.PGM.atts

magnetVisionException = 

  MException with properties:

    identifier: 'MATLAB:eigs:AminusBSingular'
       message: 'The shifted operator is singular. The shift is an eigenva...'
         cause: {0x1 cell}
         stack: [8x1 struct]


dimRedAlg =

LTSA

Find nearest neighbors...
Compute local information matrices for all datapoints...
Construct alignment matrix...
Perform eigenanalysis...

 #*#*# ERROR: Failed Execution. Alg: LTSA, File: Data/S004I004.PGM.atts

magnetVisionException = 

  MException with properties:

    identifier: 'MATLAB:eigs:AminusBSingular'
       message: 'The shifted operator is singular. The shift is an eigenva...'
         cause: {0x1 cell}
         stack: [8x1 struct]


dimRedAlg =

DiffusionMaps


 Wanted to embed 411 magnets embedded 411 magnet
 Writing coordinates of magnets in text file Coords.txt
 Image mask in VisionDots.bmp
 Relaxing nanodisk array with pi/4 orientation as initial states for all disks and external field along x.
 Time Taken = 59.045000 picoseconds
 Relaxing nanodisk array with pi/4 orientation as initial states for all disks and external field along y.
 Time Taken = 11.609000 picoseconds
 Time taken by nanomagnet computing = 3.842976 (sec)
 Detection Rate 0.464262 at 0.091935 false alarm
dimRedAlg =

KernelPCA


 Wanted to embed 411 magnets embedded 411 magnet
 Writing coordinates of magnets in text file Coords.txt
 Image mask in VisionDots.bmp
 Relaxing nanodisk array with pi/4 orientation as initial states for all disks and external field along x.
 Time Taken = 4.933000 picoseconds
 Relaxing nanodisk array with pi/4 orientation as initial states for all disks and external field along y.
 Time Taken = 3.357000 picoseconds
 Time taken by nanomagnet computing = 5.472658 (sec)
 Detection Rate 0.722700 at 0.098944 false alarm
dimRedAlg =

SNE


 Wanted to embed 411 magnets embedded 411 magnet
 Writing coordinates of magnets in text file Coords.txt
 Image mask in VisionDots.bmp
 Relaxing nanodisk array with pi/4 orientation as initial states for all disks and external field along x.
 Time Taken = 26.130000 picoseconds
 Relaxing nanodisk array with pi/4 orientation as initial states for all disks and external field along y.
 Time Taken = 18.975000 picoseconds
 Time taken by nanomagnet computing = 222.205878 (sec)
 Detection Rate 0.620450 at 0.109016 false alarm
dimRedAlg =

SymSNE


 Wanted to embed 411 magnets embedded 411 magnet
 Writing coordinates of magnets in text file Coords.txt
 Image mask in VisionDots.bmp
 Relaxing nanodisk array with pi/4 orientation as initial states for all disks and external field along x.
 Time Taken = 1.137000 picoseconds
 Relaxing nanodisk array with pi/4 orientation as initial states for all disks and external field along y.
 Time Taken = 1.642000 picoseconds
 Time taken by nanomagnet computing = 206.789105 (sec)
 Detection Rate 0.509431 at 0.260011 false alarm
dimRedAlg =

tSNE

Mean value of sigma: 0.44198
Minimum value of sigma: 0.17078
Maximum value of sigma: 2.4271

 Wanted to embed 411 magnets embedded 411 magnet
 Writing coordinates of magnets in text file Coords.txt
 Image mask in VisionDots.bmp
 Relaxing nanodisk array with pi/4 orientation as initial states for all disks and external field along x.
 Time Taken = 5.527000 picoseconds
 Relaxing nanodisk array with pi/4 orientation as initial states for all disks and external field along y.
 Time Taken = 5.402000 picoseconds
 Time taken by nanomagnet computing = 85.608632 (sec)
 Detection Rate 0.391132 at 0.198936 false alarm
dimRedAlg =

NPE


 Wanted to embed 411 magnets embedded 411 magnet
 Writing coordinates of magnets in text file Coords.txt
 Image mask in VisionDots.bmp
 Relaxing nanodisk array with pi/4 orientation as initial states for all disks and external field along x.
 Time Taken = 3.262000 picoseconds
 Relaxing nanodisk array with pi/4 orientation as initial states for all disks and external field along y.
 Time Taken = 3.245000 picoseconds
 Time taken by nanomagnet computing = 1.462172 (sec)
 Detection Rate 0.207975 at 0.070824 false alarm
dimRedAlg =

LPP


 Wanted to embed 411 magnets embedded 411 magnet
 Writing coordinates of magnets in text file Coords.txt
 Image mask in VisionDots.bmp
 Relaxing nanodisk array with pi/4 orientation as initial states for all disks and external field along x.
 Time Taken = 8.311000 picoseconds
 Relaxing nanodisk array with pi/4 orientation as initial states for all disks and external field along y.
 Time Taken = 8.585000 picoseconds
 Time taken by nanomagnet computing = 5.464000 (sec)
 Detection Rate 0.562872 at 0.097978 false alarm
dimRedAlg =

SPE


 Wanted to embed 411 magnets embedded 411 magnet
 Writing coordinates of magnets in text file Coords.txt
 Image mask in VisionDots.bmp
 Relaxing nanodisk array with pi/4 orientation as initial states for all disks and external field along x.
 Time Taken = 6.519000 picoseconds
 Relaxing nanodisk array with pi/4 orientation as initial states for all disks and external field along y.slurmstepd: *** JOB 1930709 CANCELLED AT 2015-10-12T15:58:36 DUE TO TIME LIMIT on wh-520-10-21 ***
