
                            < M A T L A B (R) >
                  Copyright 1984-2015 The MathWorks, Inc.
                   R2015a (8.5.0.197613) 64-bit (glnxa64)
                             February 12, 2015

 
To get started, type one of these: helpwin, helpdesk, or demo.
For product information, visit www.mathworks.com.
 

	Academic License


img1 =

S006I00E.PGM.atts


img2 =

dummy


minGap =

    20


startTime =

12-Oct-2015 13:31:27

## Starting Data/S006I00E.PGM.atts

 444 longest primitives returned (214 lines, 230 arcs read, but returning only 3000 max elements for computational reasons)

 Time taken by traditional algorithm = 1672.937216 (sec)
dimRedAlg =

PCA


 Wanted to embed 444 magnets embedded 444 magnet
 Writing coordinates of magnets in text file Coords.txt
 Image mask in VisionDots.bmp
 Relaxing nanodisk array with pi/4 orientation as initial states for all disks and external field along x.
 Time Taken = 1.981000 picoseconds
 Relaxing nanodisk array with pi/4 orientation as initial states for all disks and external field along y.
 Time Taken = 8.958000 picoseconds
 Time taken by nanomagnet computing = 6.071789 (sec)
 Detection Rate 0.405259 at 0.099954 false alarm
dimRedAlg =

LDA


 Wanted to embed 444 magnets embedded 444 magnet
 Writing coordinates of magnets in text file Coords.txt
 Image mask in VisionDots.bmp
 Relaxing nanodisk array with pi/4 orientation as initial states for all disks and external field along x.
 Time Taken = 4.382000 picoseconds
 Relaxing nanodisk array with pi/4 orientation as initial states for all disks and external field along y.
 Time Taken = 15.383000 picoseconds
 Time taken by nanomagnet computing = 4.947617 (sec)
 Detection Rate 0.460258 at 0.095962 false alarm
dimRedAlg =

MDS


 Wanted to embed 444 magnets embedded 444 magnet
 Writing coordinates of magnets in text file Coords.txt
 Image mask in VisionDots.bmp
 Relaxing nanodisk array with pi/4 orientation as initial states for all disks and external field along x.
 Time Taken = 1.981000 picoseconds
 Relaxing nanodisk array with pi/4 orientation as initial states for all disks and external field along y.
 Time Taken = 8.958000 picoseconds
 Time taken by nanomagnet computing = 5.754449 (sec)
 Detection Rate 0.405259 at 0.099954 false alarm
dimRedAlg =

ProbPCA


 Wanted to embed 444 magnets embedded 444 magnet
 Writing coordinates of magnets in text file Coords.txt
 Image mask in VisionDots.bmp
 Relaxing nanodisk array with pi/4 orientation as initial states for all disks and external field along x.
 Time Taken = 15.405000 picoseconds
 Relaxing nanodisk array with pi/4 orientation as initial states for all disks and external field along y.
 Time Taken = 3.130000 picoseconds
 Time taken by nanomagnet computing = 217.697199 (sec)
 Detection Rate 0.712218 at 0.083909 false alarm
dimRedAlg =

FactorAnalysis

 

 Wanted to embed 444 magnets embedded 444 magnet
 Writing coordinates of magnets in text file Coords.txt
 Image mask in VisionDots.bmp
 Relaxing nanodisk array with pi/4 orientation as initial states for all disks and external field along x.
 Time Taken = 2.406000 picoseconds
 Relaxing nanodisk array with pi/4 orientation as initial states for all disks and external field along y.
 Time Taken = 4.221000 picoseconds
 Time taken by nanomagnet computing = 418.725309 (sec)
 Detection Rate 0.611386 at 0.085752 false alarm
dimRedAlg =

Sammon


 Wanted to embed 444 magnets embedded 444 magnet
 Writing coordinates of magnets in text file Coords.txt
 Image mask in VisionDots.bmp
 Relaxing nanodisk array with pi/4 orientation as initial states for all disks and external field along x.
 Time Taken = 15.137000 picoseconds
 Relaxing nanodisk array with pi/4 orientation as initial states for all disks and external field along y.
 Time Taken = 18.250000 picoseconds
 Time taken by nanomagnet computing = 305.281252 (sec)
 Detection Rate 0.931010 at 0.093505 false alarm
dimRedAlg =

Isomap

Constructing neighborhood graph...
Computing shortest paths...
Constructing low-dimensional embedding...

 Wanted to embed 441 magnets embedded 441 magnet
 #*#*# ERROR: Failed Execution. Alg: Isomap, File: Data/S006I00E.PGM.atts

magnetVisionException = 

  MException with properties:

    identifier: 'MATLAB:badsubscript'
       message: 'Index exceeds matrix dimensions.'
         cause: {}
         stack: [3x1 struct]


dimRedAlg =

LandmarkIsomap


 Wanted to embed 441 magnets embedded 441 magnet
 #*#*# ERROR: Failed Execution. Alg: LandmarkIsomap, File: Data/S006I00E.PGM.atts

magnetVisionException = 

  MException with properties:

    identifier: 'MATLAB:badsubscript'
       message: 'Index exceeds matrix dimensions.'
         cause: {}
         stack: [3x1 struct]


dimRedAlg =

LLE


 Wanted to embed 441 magnets embedded 441 magnet
 #*#*# ERROR: Failed Execution. Alg: LLE, File: Data/S006I00E.PGM.atts

magnetVisionException = 

  MException with properties:

    identifier: 'MATLAB:badsubscript'
       message: 'Index exceeds matrix dimensions.'
         cause: {}
         stack: [3x1 struct]


dimRedAlg =

Laplacian


 Wanted to embed 444 magnets embedded 444 magnet
 Writing coordinates of magnets in text file Coords.txt
 Image mask in VisionDots.bmp
 Relaxing nanodisk array with pi/4 orientation as initial states for all disks and external field along x.
 Time Taken = 8.999000 picoseconds
 Relaxing nanodisk array with pi/4 orientation as initial states for all disks and external field along y.
 Time Taken = 5.818000 picoseconds
 Time taken by nanomagnet computing = 1.073103 (sec)
 Detection Rate 0.360150 at 0.099109 false alarm
dimRedAlg =

HessianLLE


 #*#*# ERROR: Failed Execution. Alg: HessianLLE, File: Data/S006I00E.PGM.atts

magnetVisionException = 

  MException with properties:

    identifier: 'MATLAB:eigs:AminusBSingular'
       message: 'The shifted operator is singular. The shift is an eigenva...'
         cause: {0x1 cell}
         stack: [8x1 struct]


dimRedAlg =

LTSA

Find nearest neighbors...
Compute local information matrices for all datapoints...
Construct alignment matrix...
Perform eigenanalysis...

 #*#*# ERROR: Failed Execution. Alg: LTSA, File: Data/S006I00E.PGM.atts

magnetVisionException = 

  MException with properties:

    identifier: 'MATLAB:eigs:AminusBSingular'
       message: 'The shifted operator is singular. The shift is an eigenva...'
         cause: {0x1 cell}
         stack: [8x1 struct]


dimRedAlg =

DiffusionMaps


 Wanted to embed 444 magnets embedded 444 magnet
 Writing coordinates of magnets in text file Coords.txt
 Image mask in VisionDots.bmp
 Relaxing nanodisk array with pi/4 orientation as initial states for all disks and external field along x.
 Time Taken = 1.181000 picoseconds
 Relaxing nanodisk array with pi/4 orientation as initial states for all disks and external field along y.
 Time Taken = 1.181000 picoseconds
 Time taken by nanomagnet computing = 9.325321 (sec)
 Detection Rate 0.557110 at 0.073852 false alarm
dimRedAlg =

KernelPCA


 Wanted to embed 444 magnets embedded 444 magnet
 Writing coordinates of magnets in text file Coords.txt
 Image mask in VisionDots.bmp
 Relaxing nanodisk array with pi/4 orientation as initial states for all disks and external field along x.
 Time Taken = 3.754000 picoseconds
 Relaxing nanodisk array with pi/4 orientation as initial states for all disks and external field along y.
 Time Taken = 26.938000 picoseconds
 Time taken by nanomagnet computing = 20.261387 (sec)
 Detection Rate 0.536003 at 0.097421 false alarm
dimRedAlg =

SNE


 Wanted to embed 444 magnets embedded 444 magnet
 Writing coordinates of magnets in text file Coords.txt
 Image mask in VisionDots.bmp
 Relaxing nanodisk array with pi/4 orientation as initial states for all disks and external field along x.
 Time Taken = 3.387000 picoseconds
 Relaxing nanodisk array with pi/4 orientation as initial states for all disks and external field along y.
 Time Taken = 4.489000 picoseconds
 Time taken by nanomagnet computing = 324.061817 (sec)
 Detection Rate 0.778796 at 0.099263 false alarm
dimRedAlg =

SymSNE


 Wanted to embed 444 magnets embedded 444 magnet
 Writing coordinates of magnets in text file Coords.txt
 Image mask in VisionDots.bmp
 Relaxing nanodisk array with pi/4 orientation as initial states for all disks and external field along x.
 Time Taken = 2.116000 picoseconds
 Relaxing nanodisk array with pi/4 orientation as initial states for all disks and external field along y.
 Time Taken = 1.775000 picoseconds
 Time taken by nanomagnet computing = 332.193323 (sec)
 Detection Rate 0.404053 at 0.148933 false alarm
dimRedAlg =

tSNE

Mean value of sigma: 0.41411
Minimum value of sigma: 0.14131
Maximum value of sigma: 1.7397

 Wanted to embed 444 magnets embedded 444 magnet
 Writing coordinates of magnets in text file Coords.txt
 Image mask in VisionDots.bmp
 Relaxing nanodisk array with pi/4 orientation as initial states for all disks and external field along x.slurmstepd: *** JOB 1930732 CANCELLED AT 2015-10-12T16:01:36 DUE TO TIME LIMIT on wh-520-10-12 ***
