
                            < M A T L A B (R) >
                  Copyright 1984-2015 The MathWorks, Inc.
                   R2015a (8.5.0.197613) 64-bit (glnxa64)
                             February 12, 2015

 
To get started, type one of these: helpwin, helpdesk, or demo.
For product information, visit www.mathworks.com.
 

	Academic License


img1 =

010.pgm.atts


img2 =

dummy


minGap =

    20


startTime =

12-Oct-2015 13:25:17

## Starting Data/010.pgm.atts

 399 longest primitives returned (146 lines, 253 arcs read, but returning only 3000 max elements for computational reasons)

 Time taken by traditional algorithm = 841.102673 (sec)
dimRedAlg =

PCA


 Wanted to embed 399 magnets embedded 399 magnet
 Writing coordinates of magnets in text file Coords.txt
 Image mask in VisionDots.bmp
 Relaxing nanodisk array with pi/4 orientation as initial states for all disks and external field along x.
 Time Taken = 3.023000 picoseconds
 Relaxing nanodisk array with pi/4 orientation as initial states for all disks and external field along y.
 Time Taken = 5.449000 picoseconds
 Time taken by nanomagnet computing = 4.458686 (sec)
 Detection Rate 0.250530 at 0.099560 false alarm
dimRedAlg =

LDA


 Wanted to embed 399 magnets embedded 399 magnet
 Writing coordinates of magnets in text file Coords.txt
 Image mask in VisionDots.bmp
 Relaxing nanodisk array with pi/4 orientation as initial states for all disks and external field along x.
 Time Taken = 2.255000 picoseconds
 Relaxing nanodisk array with pi/4 orientation as initial states for all disks and external field along y.
 Time Taken = 7.287000 picoseconds
 Time taken by nanomagnet computing = 1.800945 (sec)
 Detection Rate 0.501515 at 0.085148 false alarm
dimRedAlg =

MDS


 Wanted to embed 399 magnets embedded 399 magnet
 Writing coordinates of magnets in text file Coords.txt
 Image mask in VisionDots.bmp
 Relaxing nanodisk array with pi/4 orientation as initial states for all disks and external field along x.
 Time Taken = 3.023000 picoseconds
 Relaxing nanodisk array with pi/4 orientation as initial states for all disks and external field along y.
 Time Taken = 5.449000 picoseconds
 Time taken by nanomagnet computing = 2.753389 (sec)
 Detection Rate 0.250530 at 0.099560 false alarm
dimRedAlg =

ProbPCA


 Wanted to embed 399 magnets embedded 399 magnet
 Writing coordinates of magnets in text file Coords.txt
 Image mask in VisionDots.bmp
 Relaxing nanodisk array with pi/4 orientation as initial states for all disks and external field along x.
 Time Taken = 3.475000 picoseconds
 Relaxing nanodisk array with pi/4 orientation as initial states for all disks and external field along y.
 Time Taken = 19.810000 picoseconds
 Time taken by nanomagnet computing = 99.104602 (sec)
 Detection Rate 0.613905 at 0.088725 false alarm
dimRedAlg =

FactorAnalysis

 

 Wanted to embed 399 magnets embedded 399 magnet
 Writing coordinates of magnets in text file Coords.txt
 Image mask in VisionDots.bmp
 Relaxing nanodisk array with pi/4 orientation as initial states for all disks and external field along x.
 Time Taken = 11.127000 picoseconds
 Relaxing nanodisk array with pi/4 orientation as initial states for all disks and external field along y.
 Time Taken = 4.391000 picoseconds
 Time taken by nanomagnet computing = 169.392389 (sec)
 Detection Rate 0.251590 at 0.092405 false alarm
dimRedAlg =

Sammon


 Wanted to embed 399 magnets embedded 399 magnet
 Writing coordinates of magnets in text file Coords.txt
 Image mask in VisionDots.bmp
 Relaxing nanodisk array with pi/4 orientation as initial states for all disks and external field along x.
 Time Taken = 67.772000 picoseconds
 Relaxing nanodisk array with pi/4 orientation as initial states for all disks and external field along y.
 Time Taken = 3.362000 picoseconds
 Time taken by nanomagnet computing = 203.206591 (sec)
 Detection Rate 0.646925 at 0.097925 false alarm
dimRedAlg =

Isomap

Constructing neighborhood graph...
Computing shortest paths...
Constructing low-dimensional embedding...

 Wanted to embed 391 magnets embedded 391 magnet
 #*#*# ERROR: Failed Execution. Alg: Isomap, File: Data/010.pgm.atts

magnetVisionException = 

  MException with properties:

    identifier: 'MATLAB:badsubscript'
       message: 'Index exceeds matrix dimensions.'
         cause: {}
         stack: [3x1 struct]


dimRedAlg =

LandmarkIsomap


 Wanted to embed 391 magnets embedded 391 magnet
 #*#*# ERROR: Failed Execution. Alg: LandmarkIsomap, File: Data/010.pgm.atts

magnetVisionException = 

  MException with properties:

    identifier: 'MATLAB:badsubscript'
       message: 'Index exceeds matrix dimensions.'
         cause: {}
         stack: [3x1 struct]


dimRedAlg =

LLE


 Wanted to embed 391 magnets embedded 391 magnet
 #*#*# ERROR: Failed Execution. Alg: LLE, File: Data/010.pgm.atts

magnetVisionException = 

  MException with properties:

    identifier: 'MATLAB:badsubscript'
       message: 'Index exceeds matrix dimensions.'
         cause: {}
         stack: [3x1 struct]


dimRedAlg =

Laplacian


 Wanted to embed 399 magnets embedded 399 magnet
 Writing coordinates of magnets in text file Coords.txt
 Image mask in VisionDots.bmp
 Relaxing nanodisk array with pi/4 orientation as initial states for all disks and external field along x.
 Time Taken = 6.568000 picoseconds
 Relaxing nanodisk array with pi/4 orientation as initial states for all disks and external field along y.
 Time Taken = 3.985000 picoseconds
 Time taken by nanomagnet computing = 0.575820 (sec)
 Detection Rate 0.194335 at 0.085045 false alarm
dimRedAlg =

HessianLLE


 #*#*# ERROR: Failed Execution. Alg: HessianLLE, File: Data/010.pgm.atts

magnetVisionException = 

  MException with properties:

    identifier: 'MATLAB:eigs:AminusBSingular'
       message: 'The shifted operator is singular. The shift is an eigenva...'
         cause: {0x1 cell}
         stack: [8x1 struct]


dimRedAlg =

LTSA

Find nearest neighbors...
Compute local information matrices for all datapoints...
Construct alignment matrix...
Perform eigenanalysis...

 #*#*# ERROR: Failed Execution. Alg: LTSA, File: Data/010.pgm.atts

magnetVisionException = 

  MException with properties:

    identifier: 'MATLAB:eigs:AminusBSingular'
       message: 'The shifted operator is singular. The shift is an eigenva...'
         cause: {0x1 cell}
         stack: [8x1 struct]


dimRedAlg =

DiffusionMaps


 Wanted to embed 399 magnets embedded 399 magnet
 Writing coordinates of magnets in text file Coords.txt
 Image mask in VisionDots.bmp
 Relaxing nanodisk array with pi/4 orientation as initial states for all disks and external field along x.
 Time Taken = 6.065000 picoseconds
 Relaxing nanodisk array with pi/4 orientation as initial states for all disks and external field along y.
 Time Taken = 15.045000 picoseconds
 Time taken by nanomagnet computing = 4.602026 (sec)
 Detection Rate 0.360800 at 0.098538 false alarm
dimRedAlg =

KernelPCA


 Wanted to embed 399 magnets embedded 399 magnet
 Writing coordinates of magnets in text file Coords.txt
 Image mask in VisionDots.bmp
 Relaxing nanodisk array with pi/4 orientation as initial states for all disks and external field along x.
 Time Taken = 26.610000 picoseconds
 Relaxing nanodisk array with pi/4 orientation as initial states for all disks and external field along y.
 Time Taken = 10.025000 picoseconds
 Time taken by nanomagnet computing = 8.982540 (sec)
 Detection Rate 0.456377 at 0.097925 false alarm
dimRedAlg =

SNE


 Wanted to embed 399 magnets embedded 399 magnet
 Writing coordinates of magnets in text file Coords.txt
 Image mask in VisionDots.bmp
 Relaxing nanodisk array with pi/4 orientation as initial states for all disks and external field along x.
 Time Taken = 5.371000 picoseconds
 Relaxing nanodisk array with pi/4 orientation as initial states for all disks and external field along y.
 Time Taken = 4.019000 picoseconds
 Time taken by nanomagnet computing = 221.797013 (sec)
 Detection Rate 0.726447 at 0.097312 false alarm
dimRedAlg =

SymSNE


 Wanted to embed 399 magnets embedded 399 magnet
 Writing coordinates of magnets in text file Coords.txt
 Image mask in VisionDots.bmp
 Relaxing nanodisk array with pi/4 orientation as initial states for all disks and external field along x.
 Time Taken = 0.980000 picoseconds
 Relaxing nanodisk array with pi/4 orientation as initial states for all disks and external field along y.
 Time Taken = 1.054000 picoseconds
 Time taken by nanomagnet computing = 206.540778 (sec)
 Detection Rate 0.504847 at 0.162016 false alarm
dimRedAlg =

tSNE

Mean value of sigma: 0.40849
Minimum value of sigma: 0.15731
Maximum value of sigma: 2.0856

 Wanted to embed 399 magnets embedded 399 magnet
 Writing coordinates of magnets in text file Coords.txt
 Image mask in VisionDots.bmp
 Relaxing nanodisk array with pi/4 orientation as initial states for all disks and external field along x.
 Time Taken = 2.800000 picoseconds
 Relaxing nanodisk array with pi/4 orientation as initial states for all disks and external field along y.
 Time Taken = 6.424000 picoseconds
 Time taken by nanomagnet computing = 86.039938 (sec)
 Detection Rate 0.545592 at 0.115506 false alarm
dimRedAlg =

NPE


 Wanted to embed 399 magnets embedded 399 magnet
 Writing coordinates of magnets in text file Coords.txt
 Image mask in VisionDots.bmp
 Relaxing nanodisk array with pi/4 orientation as initial states for all disks and external field along x.slurmstepd: *** JOB 1930684 CANCELLED AT 2015-10-12T15:55:06 DUE TO TIME LIMIT on wh-520-10-38 ***
