
                            < M A T L A B (R) >
                  Copyright 1984-2015 The MathWorks, Inc.
                   R2015a (8.5.0.197613) 64-bit (glnxa64)
                             February 12, 2015

 
To get started, type one of these: helpwin, helpdesk, or demo.
For product information, visit www.mathworks.com.
 

	Academic License


img1 =

largebuilding.pgm.atts


img2 =

dummy


minGap =

    20


startTime =

12-Oct-2015 13:36:02

## Starting Data/largebuilding.pgm.atts

 1004 longest primitives returned (441 lines, 563 arcs read, but returning only 3000 max elements for computational reasons)

 Time taken by traditional algorithm = 3510.505692 (sec)
dimRedAlg =

PCA


 Wanted to embed 1004 magnets embedded 1004 magnet
 Writing coordinates of magnets in text file Coords.txt
 Image mask in VisionDots.bmp
 Relaxing nanodisk array with pi/4 orientation as initial states for all disks and external field along x.
 Time Taken = 9.211000 picoseconds
 Relaxing nanodisk array with pi/4 orientation as initial states for all disks and external field along y.
 Time Taken = 2.079000 picoseconds
 Time taken by nanomagnet computing = 16.744100 (sec)
 Detection Rate 0.567915 at 0.094491 false alarm
dimRedAlg =

LDA


 Wanted to embed 1004 magnets embedded 1004 magnet
 Writing coordinates of magnets in text file Coords.txt
 Image mask in VisionDots.bmp
 Relaxing nanodisk array with pi/4 orientation as initial states for all disks and external field along x.
 Time Taken = 3.587000 picoseconds
 Relaxing nanodisk array with pi/4 orientation as initial states for all disks and external field along y.
 Time Taken = 3.148000 picoseconds
 Time taken by nanomagnet computing = 30.690655 (sec)
 Detection Rate 0.344447 at 0.076839 false alarm
dimRedAlg =

MDS


 Wanted to embed 1004 magnets embedded 1004 magnet
 Writing coordinates of magnets in text file Coords.txt
 Image mask in VisionDots.bmp
 Relaxing nanodisk array with pi/4 orientation as initial states for all disks and external field along x.
 Time Taken = 9.211000 picoseconds
 Relaxing nanodisk array with pi/4 orientation as initial states for all disks and external field along y.
 Time Taken = 2.079000 picoseconds
 Time taken by nanomagnet computing = 11.830544 (sec)
 Detection Rate 0.567915 at 0.094491 false alarm
dimRedAlg =

ProbPCA


 Wanted to embed 1004 magnets embedded 1004 magnet
 Writing coordinates of magnets in text file Coords.txt
 Image mask in VisionDots.bmp
 Relaxing nanodisk array with pi/4 orientation as initial states for all disks and external field along x.slurmstepd: *** JOB 1930767 CANCELLED AT 2015-10-12T16:06:07 DUE TO TIME LIMIT on wh-520-9-12 ***
