
                            < M A T L A B (R) >
                  Copyright 1984-2015 The MathWorks, Inc.
                   R2015a (8.5.0.197613) 64-bit (glnxa64)
                             February 12, 2015

 
To get started, type one of these: helpwin, helpdesk, or demo.
For product information, visit www.mathworks.com.
 

	Academic License


img1 =

goldenbackedwoodpecker.pgm.atts


img2 =

dummy


minGap =

    20


startTime =

12-Oct-2015 13:33:57

## Starting Data/goldenbackedwoodpecker.pgm.atts

 601 longest primitives returned (192 lines, 409 arcs read, but returning only 3000 max elements for computational reasons)

 Time taken by traditional algorithm = 2451.974923 (sec)
dimRedAlg =

PCA


 Wanted to embed 601 magnets embedded 601 magnet
 Writing coordinates of magnets in text file Coords.txt
 Image mask in VisionDots.bmp
 Relaxing nanodisk array with pi/4 orientation as initial states for all disks and external field along x.
 Time Taken = 2.711000 picoseconds
 Relaxing nanodisk array with pi/4 orientation as initial states for all disks and external field along y.
 Time Taken = 1.165000 picoseconds
 Time taken by nanomagnet computing = 20.580782 (sec)
 Detection Rate 0.334048 at 0.089208 false alarm
dimRedAlg =

LDA


 Wanted to embed 601 magnets embedded 601 magnet
 Writing coordinates of magnets in text file Coords.txt
 Image mask in VisionDots.bmp
 Relaxing nanodisk array with pi/4 orientation as initial states for all disks and external field along x.
 Time Taken = 52.423000 picoseconds
 Relaxing nanodisk array with pi/4 orientation as initial states for all disks and external field along y.
 Time Taken = 7.626000 picoseconds
 Time taken by nanomagnet computing = 9.263502 (sec)
 Detection Rate 0.328582 at 0.094427 false alarm
dimRedAlg =

MDS


 Wanted to embed 601 magnets embedded 601 magnet
 Writing coordinates of magnets in text file Coords.txt
 Image mask in VisionDots.bmp
 Relaxing nanodisk array with pi/4 orientation as initial states for all disks and external field along x.
 Time Taken = 2.711000 picoseconds
 Relaxing nanodisk array with pi/4 orientation as initial states for all disks and external field along y.
 Time Taken = 1.165000 picoseconds
 Time taken by nanomagnet computing = 12.057319 (sec)
 Detection Rate 0.334048 at 0.089208 false alarm
dimRedAlg =

ProbPCA


 Wanted to embed 601 magnets embedded 601 magnet
 Writing coordinates of magnets in text file Coords.txt
 Image mask in VisionDots.bmp
 Relaxing nanodisk array with pi/4 orientation as initial states for all disks and external field along x.slurmstepd: *** JOB 1930751 CANCELLED AT 2015-10-12T16:04:06 DUE TO TIME LIMIT on wh-520-9-14 ***
