
                            < M A T L A B (R) >
                  Copyright 1984-2015 The MathWorks, Inc.
                   R2015a (8.5.0.197613) 64-bit (glnxa64)
                             February 12, 2015

 
To get started, type one of these: helpwin, helpdesk, or demo.
For product information, visit www.mathworks.com.
 

	Academic License


img1 =

S006I016.PGM.atts


img2 =

dummy


minGap =

    20


startTime =

12-Oct-2015 13:31:52

## Starting Data/S006I016.PGM.atts

 322 longest primitives returned (169 lines, 153 arcs read, but returning only 3000 max elements for computational reasons)

 Time taken by traditional algorithm = 1343.607691 (sec)
dimRedAlg =

PCA


 Wanted to embed 322 magnets embedded 322 magnet
 Writing coordinates of magnets in text file Coords.txt
 Image mask in VisionDots.bmp
 Relaxing nanodisk array with pi/4 orientation as initial states for all disks and external field along x.
 Time Taken = 22.185000 picoseconds
 Relaxing nanodisk array with pi/4 orientation as initial states for all disks and external field along y.
 Time Taken = 1.744000 picoseconds
 Time taken by nanomagnet computing = 6.681083 (sec)
 Detection Rate 0.807363 at 0.098872 false alarm
dimRedAlg =

LDA


 Wanted to embed 322 magnets embedded 322 magnet
 Writing coordinates of magnets in text file Coords.txt
 Image mask in VisionDots.bmp
 Relaxing nanodisk array with pi/4 orientation as initial states for all disks and external field along x.
 Time Taken = 5.310000 picoseconds
 Relaxing nanodisk array with pi/4 orientation as initial states for all disks and external field along y.
 Time Taken = 11.400000 picoseconds
 Time taken by nanomagnet computing = 1.857054 (sec)
 Detection Rate 0.365608 at 0.089460 false alarm
dimRedAlg =

MDS


 Wanted to embed 322 magnets embedded 322 magnet
 Writing coordinates of magnets in text file Coords.txt
 Image mask in VisionDots.bmp
 Relaxing nanodisk array with pi/4 orientation as initial states for all disks and external field along x.
 Time Taken = 22.185000 picoseconds
 Relaxing nanodisk array with pi/4 orientation as initial states for all disks and external field along y.
 Time Taken = 1.744000 picoseconds
 Time taken by nanomagnet computing = 3.413247 (sec)
 Detection Rate 0.807363 at 0.098872 false alarm
dimRedAlg =

ProbPCA


 Wanted to embed 322 magnets embedded 322 magnet
 Writing coordinates of magnets in text file Coords.txt
 Image mask in VisionDots.bmp
 Relaxing nanodisk array with pi/4 orientation as initial states for all disks and external field along x.
 Time Taken = 3.353000 picoseconds
 Relaxing nanodisk array with pi/4 orientation as initial states for all disks and external field along y.
 Time Taken = 4.307000 picoseconds
 Time taken by nanomagnet computing = 151.051041 (sec)
 Detection Rate 0.794587 at 0.096328 false alarm
dimRedAlg =

FactorAnalysis

 

 Wanted to embed 322 magnets embedded 322 magnet
 Writing coordinates of magnets in text file Coords.txt
 Image mask in VisionDots.bmp
 Relaxing nanodisk array with pi/4 orientation as initial states for all disks and external field along x.
 Time Taken = 17.707000 picoseconds
 Relaxing nanodisk array with pi/4 orientation as initial states for all disks and external field along y.
 Time Taken = 2.547000 picoseconds
 Time taken by nanomagnet computing = 265.594601 (sec)
 Detection Rate 0.889897 at 0.097770 false alarm
dimRedAlg =

Sammon


 Wanted to embed 322 magnets embedded 322 magnet
 Writing coordinates of magnets in text file Coords.txt
 Image mask in VisionDots.bmp
 Relaxing nanodisk array with pi/4 orientation as initial states for all disks and external field along x.
 Time Taken = 6.371000 picoseconds
 Relaxing nanodisk array with pi/4 orientation as initial states for all disks and external field along y.
 Time Taken = 4.016000 picoseconds
 Time taken by nanomagnet computing = 231.737960 (sec)
 Detection Rate 0.771894 at 0.242178 false alarm
dimRedAlg =

Isomap

Constructing neighborhood graph...
Computing shortest paths...
Constructing low-dimensional embedding...

 Wanted to embed 319 magnets embedded 319 magnet
 #*#*# ERROR: Failed Execution. Alg: Isomap, File: Data/S006I016.PGM.atts

magnetVisionException = 

  MException with properties:

    identifier: 'MATLAB:badsubscript'
       message: 'Index exceeds matrix dimensions.'
         cause: {}
         stack: [3x1 struct]


dimRedAlg =

LandmarkIsomap


 Wanted to embed 319 magnets embedded 319 magnet
 #*#*# ERROR: Failed Execution. Alg: LandmarkIsomap, File: Data/S006I016.PGM.atts

magnetVisionException = 

  MException with properties:

    identifier: 'MATLAB:badsubscript'
       message: 'Index exceeds matrix dimensions.'
         cause: {}
         stack: [3x1 struct]


dimRedAlg =

LLE


 Wanted to embed 319 magnets embedded 319 magnet
 #*#*# ERROR: Failed Execution. Alg: LLE, File: Data/S006I016.PGM.atts

magnetVisionException = 

  MException with properties:

    identifier: 'MATLAB:badsubscript'
       message: 'Index exceeds matrix dimensions.'
         cause: {}
         stack: [3x1 struct]


dimRedAlg =

Laplacian


 Wanted to embed 322 magnets embedded 322 magnet
 Writing coordinates of magnets in text file Coords.txt
 Image mask in VisionDots.bmp
 Relaxing nanodisk array with pi/4 orientation as initial states for all disks and external field along x.
 Time Taken = 2.646000 picoseconds
 Relaxing nanodisk array with pi/4 orientation as initial states for all disks and external field along y.
 Time Taken = 2.943000 picoseconds
 Time taken by nanomagnet computing = 0.762035 (sec)
 Detection Rate 0.376030 at 0.098618 false alarm
dimRedAlg =

HessianLLE


 Wanted to embed 322 magnets embedded 322 magnet
 Writing coordinates of magnets in text file Coords.txt
 Image mask in VisionDots.bmp
 Relaxing nanodisk array with pi/4 orientation as initial states for all disks and external field along x.
 Time Taken = 7.874000 picoseconds
 Relaxing nanodisk array with pi/4 orientation as initial states for all disks and external field along y.
 Time Taken = 4.416000 picoseconds
 Time taken by nanomagnet computing = 17.036847 (sec)
 Detection Rate 0.339385 at 0.078436 false alarm
dimRedAlg =

LTSA

Find nearest neighbors...
Compute local information matrices for all datapoints...
Construct alignment matrix...
Perform eigenanalysis...

 Wanted to embed 322 magnets embedded 322 magnet
 Writing coordinates of magnets in text file Coords.txt
 Image mask in VisionDots.bmp
 Relaxing nanodisk array with pi/4 orientation as initial states for all disks and external field along x.
 Time Taken = 2.730000 picoseconds
 Relaxing nanodisk array with pi/4 orientation as initial states for all disks and external field along y.
 Time Taken = 4.824000 picoseconds
 Time taken by nanomagnet computing = 0.949316 (sec)
 Detection Rate 0.290637 at 0.082591 false alarm
dimRedAlg =

DiffusionMaps


 Wanted to embed 322 magnets embedded 322 magnet
 Writing coordinates of magnets in text file Coords.txt
 Image mask in VisionDots.bmp
 Relaxing nanodisk array with pi/4 orientation as initial states for all disks and external field along x.
 Time Taken = 5.352000 picoseconds
 Relaxing nanodisk array with pi/4 orientation as initial states for all disks and external field along y.
 Time Taken = 1.199000 picoseconds
 Time taken by nanomagnet computing = 3.919601 (sec)
 Detection Rate 0.232644 at 0.097770 false alarm
dimRedAlg =

KernelPCA


 Wanted to embed 322 magnets embedded 322 magnet
 Writing coordinates of magnets in text file Coords.txt
 Image mask in VisionDots.bmp
 Relaxing nanodisk array with pi/4 orientation as initial states for all disks and external field along x.
 Time Taken = 9.258000 picoseconds
 Relaxing nanodisk array with pi/4 orientation as initial states for all disks and external field along y.
 Time Taken = 13.936000 picoseconds
 Time taken by nanomagnet computing = 10.710230 (sec)
 Detection Rate 0.867373 at 0.099890 false alarm
dimRedAlg =

SNE


 Wanted to embed 322 magnets embedded 322 magnet
 Writing coordinates of magnets in text file Coords.txt
 Image mask in VisionDots.bmp
 Relaxing nanodisk array with pi/4 orientation as initial states for all disks and external field along x.
 Time Taken = 3.329000 picoseconds
 Relaxing nanodisk array with pi/4 orientation as initial states for all disks and external field along y.
 Time Taken = 2.803000 picoseconds
 Time taken by nanomagnet computing = 237.202035 (sec)
 Detection Rate 0.588838 at 0.162978 false alarm
dimRedAlg =

SymSNE


 Wanted to embed 322 magnets embedded 322 magnet
 Writing coordinates of magnets in text file Coords.txt
 Image mask in VisionDots.bmp
 Relaxing nanodisk array with pi/4 orientation as initial states for all disks and external field along x.
 Time Taken = 0.558000 picoseconds
 Relaxing nanodisk array with pi/4 orientation as initial states for all disks and external field along y.
 Time Taken = 0.571000 picoseconds
 Time taken by nanomagnet computing = 246.511370 (sec)
 Detection Rate 0.564633 at 0.310947 false alarm
dimRedAlg =

tSNE

Mean value of sigma: 0.48375
Minimum value of sigma: 0.17512
Maximum value of sigma: 1.3662

 Wanted to embed 322 magnets embedded 322 magnet
 Writing coordinates of magnets in text file Coords.txt
 Image mask in VisionDots.bmp
 Relaxing nanodisk array with pi/4 orientation as initial states for all disks and external field along x.
 Time Taken = 2.937000 picoseconds
 Relaxing nanodisk array with pi/4 orientation as initial states for all disks and external field along y.
 Time Taken = 4.647000 picoseconds
 Time taken by nanomagnet computing = 103.547282 (sec)
 Detection Rate 0.498235 at 0.223268 false alarm
dimRedAlg =

NPE


 Wanted to embed 322 magnets embedded 322 magnet
 Writing coordinates of magnets in text file Coords.txt
 Image mask in VisionDots.bmp
 Relaxing nanodisk array with pi/4 orientation as initial states for all disks and external field along x.
 Time Taken = 1.521000 picoseconds
 Relaxing nanodisk array with pi/4 orientation as initial states for all disks and external field along y.
 Time Taken = 11.796000 picoseconds
 Time taken by nanomagnet computing = 6.539486 (sec)
 Detection Rate 0.681123 at 0.089714 false alarm
dimRedAlg =

LPP


 Wanted to embed 322 magnets embedded 322 magnet
 Writing coordinates of magnets in text file Coords.txt
 Image mask in VisionDots.bmp
 Relaxing nanodisk array with pi/4 orientation as initial states for all disks and external field along x.
 Time Taken = 8.668000 picoseconds
 Relaxing nanodisk array with pi/4 orientation as initial states for all disks and external field along y.
 Time Taken = 7.710000 picoseconds
 Time taken by nanomagnet computing = 8.959284 (sec)
 Detection Rate 0.742814 at 0.092597 false alarm
dimRedAlg =

SPE


 Wanted to embed 322 magnets embedded 322 magnet
 Writing coordinates of magnets in text file Coords.txt
 Image mask in VisionDots.bmp
 Relaxing nanodisk array with pi/4 orientation as initial states for all disks and external field along x.
 Time Taken = 5.094000 picoseconds
 Relaxing nanodisk array with pi/4 orientation as initial states for all disks and external field along y.
 Time Taken = 10.254000 picoseconds
 Time taken by nanomagnet computing = 15.970310 (sec)
 Detection Rate 0.714070 at 0.121682 false alarm
dimRedAlg =

LLTSA


 Wanted to embed 322 magnets embedded 322 magnet
 Writing coordinates of magnets in text file Coords.txt
 Image mask in VisionDots.bmp
 Relaxing nanodisk array with pi/4 orientation as initial states for all disks and external field along x.
 Time Taken = 6.778000 picoseconds
 Relaxing nanodisk array with pi/4 orientation as initial states for all disks and external field along y.
 Time Taken = 103.108000 picoseconds
 Time taken by nanomagnet computing = 28.025833 (sec)
 Detection Rate 0.541267 at 0.098957 false alarm
dimRedAlg =

CCA

Running normal LLE...
Running Conformal Eigenmaps...
CSDP OUTPUT =============================================================================
Iedge :7259, ivertex: 24882
Elements time: 2.278421 
Factor time: 0.021020 
Other time: 0.870258 
Total time: 3.169699 
=========================================================================================

 Wanted to embed 319 magnets embedded 319 magnet
 #*#*# ERROR: Failed Execution. Alg: CCA, File: Data/S006I016.PGM.atts

magnetVisionException = 

  MException with properties:

    identifier: 'MATLAB:badsubscript'
       message: 'Index exceeds matrix dimensions.'
         cause: {}
         stack: [3x1 struct]


dimRedAlg =

MVU

Running normal LLE...
Running Maximum Variance Unfolding...
CSDP OUTPUT =============================================================================
Iedge :2791, ivertex: 3828
Elements time: 1.230503 
Factor time: 0.000880 
Other time: 0.425494 
Total time: 1.656877 
=========================================================================================

 Wanted to embed 319 magnets embedded 319 magnet
 #*#*# ERROR: Failed Execution. Alg: MVU, File: Data/S006I016.PGM.atts

magnetVisionException = 

  MException with properties:

    identifier: 'MATLAB:badsubscript'
       message: 'Index exceeds matrix dimensions.'
         cause: {}
         stack: [3x1 struct]


dimRedAlg =

LandmarkMVU

Elements time: 0.693615 
Factor time: 0.292535 
Other time: 0.495240 
Total time: 1.481390 
Elements time: 1.067238 
Factor time: 0.710616 
Other time: 1.317608 
Total time: 3.095462 

 Wanted to embed 322 magnets embedded 322 magnet
 Writing coordinates of magnets in text file Coords.txt
 Image mask in VisionDots.bmp
 Relaxing nanodisk array with pi/4 orientation as initial states for all disks and external field along x.
 Time Taken = 4.801000 picoseconds
 Relaxing nanodisk array with pi/4 orientation as initial states for all disks and external field along y.
 Time Taken = 6.025000 picoseconds
 Time taken by nanomagnet computing = 8.532449 (sec)
 Detection Rate 0.362078 at 0.095735 false alarm
dimRedAlg =

FastMVU

Elements time: 0.000790 
Factor time: 0.000048 
Other time: 0.014970 
Total time: 0.015807 

 Wanted to embed 319 magnets embedded 319 magnet
 #*#*# ERROR: Failed Execution. Alg: FastMVU, File: Data/S006I016.PGM.atts

magnetVisionException = 

  MException with properties:

    identifier: 'MATLAB:badsubscript'
       message: 'Index exceeds matrix dimensions.'
         cause: {}
         stack: [3x1 struct]


dimRedAlg =

LLC

Running EM algorithm and compute local factor analyzers...
...slurmstepd: *** JOB 1930734 CANCELLED AT 2015-10-12T16:02:06 DUE TO TIME LIMIT on wh-520-10-12 ***
