
                            < M A T L A B (R) >
                  Copyright 1984-2015 The MathWorks, Inc.
                   R2015a (8.5.0.197613) 64-bit (glnxa64)
                             February 12, 2015

 
To get started, type one of these: helpwin, helpdesk, or demo.
For product information, visit www.mathworks.com.
 

	Academic License


img1 =

S006I009.PGM.atts


img2 =

dummy


minGap =

    20


startTime =

12-Oct-2015 13:30:50

## Starting Data/S006I009.PGM.atts

 406 longest primitives returned (213 lines, 193 arcs read, but returning only 3000 max elements for computational reasons)

 Time taken by traditional algorithm = 1783.738102 (sec)
dimRedAlg =

PCA


 Wanted to embed 406 magnets embedded 406 magnet
 Writing coordinates of magnets in text file Coords.txt
 Image mask in VisionDots.bmp
 Relaxing nanodisk array with pi/4 orientation as initial states for all disks and external field along x.
 Time Taken = 7.829000 picoseconds
 Relaxing nanodisk array with pi/4 orientation as initial states for all disks and external field along y.
 Time Taken = 1.832000 picoseconds
 Time taken by nanomagnet computing = 14.339535 (sec)
 Detection Rate 0.051347 at 0.090143 false alarm
dimRedAlg =

LDA


 Wanted to embed 406 magnets embedded 406 magnet
 Writing coordinates of magnets in text file Coords.txt
 Image mask in VisionDots.bmp
 Relaxing nanodisk array with pi/4 orientation as initial states for all disks and external field along x.
 Time Taken = 4.225000 picoseconds
 Relaxing nanodisk array with pi/4 orientation as initial states for all disks and external field along y.
 Time Taken = 3.642000 picoseconds
 Time taken by nanomagnet computing = 3.322797 (sec)
 Detection Rate 0.529779 at 0.095542 false alarm
dimRedAlg =

MDS


 Wanted to embed 406 magnets embedded 406 magnet
 Writing coordinates of magnets in text file Coords.txt
 Image mask in VisionDots.bmp
 Relaxing nanodisk array with pi/4 orientation as initial states for all disks and external field along x.
 Time Taken = 7.829000 picoseconds
 Relaxing nanodisk array with pi/4 orientation as initial states for all disks and external field along y.
 Time Taken = 1.832000 picoseconds
 Time taken by nanomagnet computing = 8.440666 (sec)
 Detection Rate 0.051347 at 0.090143 false alarm
dimRedAlg =

ProbPCA


 Wanted to embed 406 magnets embedded 406 magnet
 Writing coordinates of magnets in text file Coords.txt
 Image mask in VisionDots.bmp
 Relaxing nanodisk array with pi/4 orientation as initial states for all disks and external field along x.
 Time Taken = 2.632000 picoseconds
 Relaxing nanodisk array with pi/4 orientation as initial states for all disks and external field along y.
 Time Taken = 8.148000 picoseconds
 Time taken by nanomagnet computing = 289.344204 (sec)
 Detection Rate 0.670353 at 0.097260 false alarm
dimRedAlg =

FactorAnalysis

 

 Wanted to embed 406 magnets embedded 406 magnet
 Writing coordinates of magnets in text file Coords.txt
 Image mask in VisionDots.bmp
 Relaxing nanodisk array with pi/4 orientation as initial states for all disks and external field along x.
 Time Taken = 1.159000 picoseconds
 Relaxing nanodisk array with pi/4 orientation as initial states for all disks and external field along y.slurmstepd: *** JOB 1930729 CANCELLED AT 2015-10-12T16:01:06 DUE TO TIME LIMIT on wh-520-10-20 ***
