
                            < M A T L A B (R) >
                  Copyright 1984-2015 The MathWorks, Inc.
                   R2015a (8.5.0.197613) 64-bit (glnxa64)
                             February 12, 2015

 
To get started, type one of these: helpwin, helpdesk, or demo.
For product information, visit www.mathworks.com.
 

	Academic License


img1 =

airfield.pgm.atts


img2 =

dummy


minGap =

    20


startTime =

12-Oct-2015 13:32:24

## Starting Data/airfield.pgm.atts

 903 longest primitives returned (386 lines, 517 arcs read, but returning only 3000 max elements for computational reasons)

 Time taken by traditional algorithm = 4122.752383 (sec)
dimRedAlg =

PCA


 Wanted to embed 903 magnets embedded 903 magnet
 Writing coordinates of magnets in text file Coords.txt
 Image mask in VisionDots.bmp
 Relaxing nanodisk array with pi/4 orientation as initial states for all disks and external field along x.
 Time Taken = 7.134000 picoseconds
 Relaxing nanodisk array with pi/4 orientation as initial states for all disks and external field along y.
 Time Taken = 2.455000 picoseconds
 Time taken by nanomagnet computing = 20.354636 (sec)
 Detection Rate 0.477325 at 0.094677 false alarm
dimRedAlg =

LDA


 Wanted to embed 903 magnets embedded 903 magnet
 Writing coordinates of magnets in text file Coords.txt
 Image mask in VisionDots.bmp
 Relaxing nanodisk array with pi/4 orientation as initial states for all disks and external field along x.
 Time Taken = 6.502000 picoseconds
 Relaxing nanodisk array with pi/4 orientation as initial states for all disks and external field along y.slurmstepd: *** JOB 1930739 CANCELLED AT 2015-10-12T16:02:36 DUE TO TIME LIMIT on wh-520-10-12 ***
