
                            < M A T L A B (R) >
                  Copyright 1984-2015 The MathWorks, Inc.
                   R2015a (8.5.0.197613) 64-bit (glnxa64)
                             February 12, 2015

 
To get started, type one of these: helpwin, helpdesk, or demo.
For product information, visit www.mathworks.com.
 

	Academic License


img1 =

golfcart.pgm.atts


img2 =

dummy


minGap =

    20


startTime =

12-Oct-2015 13:33:57

## Starting Data/golfcart.pgm.atts

 770 longest primitives returned (323 lines, 447 arcs read, but returning only 3000 max elements for computational reasons)

 Time taken by traditional algorithm = 3936.565016 (sec)
dimRedAlg =

PCA


 Wanted to embed 770 magnets embedded 770 magnet
 Writing coordinates of magnets in text file Coords.txt
 Image mask in VisionDots.bmp
 Relaxing nanodisk array with pi/4 orientation as initial states for all disks and external field along x.
 Time Taken = 22.598000 picoseconds
 Relaxing nanodisk array with pi/4 orientation as initial states for all disks and external field along y.
 Time Taken = 12.977000 picoseconds
 Time taken by nanomagnet computing = 24.693039 (sec)
 Detection Rate 0.556310 at 0.095761 false alarm
dimRedAlg =

LDA


 Wanted to embed 770 magnets embedded 770 magnet
 Writing coordinates of magnets in text file Coords.txt
 Image mask in VisionDots.bmp
 Relaxing nanodisk array with pi/4 orientation as initial states for all disks and external field along x.slurmstepd: *** JOB 1930752 CANCELLED AT 2015-10-12T16:04:06 DUE TO TIME LIMIT on wh-520-9-14 ***
