
                            < M A T L A B (R) >
                  Copyright 1984-2015 The MathWorks, Inc.
                   R2015a (8.5.0.197613) 64-bit (glnxa64)
                             February 12, 2015

 
To get started, type one of these: helpwin, helpdesk, or demo.
For product information, visit www.mathworks.com.
 

	Academic License


img1 =

image15.pgm.atts


img2 =

dummy


minGap =

    20


startTime =

12-Oct-2015 20:42:47

## Starting Data/image15.pgm.atts

 228 longest primitives returned (93 lines, 135 arcs read, but returning only 3000 max elements for computational reasons)

 Time taken by traditional algorithm = 242.664004 (sec)
dimRedAlg =

PCA


dimRedAlg =

LDA


dimRedAlg =

MDS


dimRedAlg =

ProbPCA


dimRedAlg =

FactorAnalysis


dimRedAlg =

Sammon


dimRedAlg =

Isomap


dimRedAlg =

LandmarkIsomap


dimRedAlg =

LLE


dimRedAlg =

Laplacian


dimRedAlg =

HessianLLE


dimRedAlg =

LTSA


dimRedAlg =

DiffusionMaps


dimRedAlg =

KernelPCA


dimRedAlg =

SNE


dimRedAlg =

SymSNE


dimRedAlg =

tSNE


dimRedAlg =

NPE


dimRedAlg =

LPP


dimRedAlg =

SPE


dimRedAlg =

LLTSA


dimRedAlg =

CCA


dimRedAlg =

MVU


dimRedAlg =

LandmarkMVU


dimRedAlg =

FastMVU


dimRedAlg =

LLC


dimRedAlg =

GPLVM


dimRedAlg =

Autoencoder


dimRedAlg =

NCA


dimRedAlg =

MCML


 Wanted to embed 228 magnets embedded 228 magnet
 Writing coordinates of magnets in text file Coords.txt
 Image mask in VisionDots.bmp
 Relaxing nanodisk array with pi/4 orientation as initial states for all disks and external field along x.
 Time Taken = 5.052000 picoseconds
 Relaxing nanodisk array with pi/4 orientation as initial states for all disks and external field along y.
 Time Taken = 6.318000 picoseconds
 Time taken by nanomagnet computing = 202.534474 (sec)
 Detection Rate 0.409784 at 0.092791 false alarm
dimRedAlg =

LMNN


 Wanted to embed 228 magnets embedded 228 magnet
 Writing coordinates of magnets in text file Coords.txt
 Image mask in VisionDots.bmp
 Relaxing nanodisk array with pi/4 orientation as initial states for all disks and external field along x.
 Time Taken = 2.725000 picoseconds
 Relaxing nanodisk array with pi/4 orientation as initial states for all disks and external field along y.
 Time Taken = 18.964000 picoseconds
 Time taken by nanomagnet computing = 406.620350 (sec)
 Detection Rate 0.338769 at 0.099191 false alarm
startTime =

12-Oct-2015 20:42:47


endTIme =

12-Oct-2015 21:00:27

Elapsed time is 518.633128 seconds.

startTime =

12-Oct-2015 21:00:27

## Starting Data/dummy
{Error using fscanf
Invalid file identifier. Use fopen to generate a valid file identifier.

Error in ReadEdgeAttsFile (line 31)
paren = fscanf(infile, ' %c', 1);


Error in main (line 54)
Lines = ReadEdgeAttsFile (ImageFile);


Error in rp_gridMain_Run2Img (line 20)
	main(['Data' filesep img2], minGap);

} 
>> 