
                            < M A T L A B (R) >
                  Copyright 1984-2015 The MathWorks, Inc.
                   R2015a (8.5.0.197613) 64-bit (glnxa64)
                             February 12, 2015

 
To get started, type one of these: helpwin, helpdesk, or demo.
For product information, visit www.mathworks.com.
 

	Academic License


img1 =

tiger_m.pgm.atts


img2 =

dummy


minGap =

    20


startTime =

12-Oct-2015 13:37:36

## Starting Data/tiger_m.pgm.atts

 648 longest primitives returned (252 lines, 396 arcs read, but returning only 3000 max elements for computational reasons)

 Time taken by traditional algorithm = 1256.530886 (sec)
dimRedAlg =

PCA


 Wanted to embed 648 magnets embedded 648 magnet
 Writing coordinates of magnets in text file Coords.txt
 Image mask in VisionDots.bmp
 Relaxing nanodisk array with pi/4 orientation as initial states for all disks and external field along x.
 Time Taken = 3.298000 picoseconds
 Relaxing nanodisk array with pi/4 orientation as initial states for all disks and external field along y.
 Time Taken = 2.161000 picoseconds
 Time taken by nanomagnet computing = 1.954790 (sec)
 Detection Rate 0.194178 at 0.097516 false alarm
dimRedAlg =

LDA


 Wanted to embed 648 magnets embedded 648 magnet
 Writing coordinates of magnets in text file Coords.txt
 Image mask in VisionDots.bmp
 Relaxing nanodisk array with pi/4 orientation as initial states for all disks and external field along x.
 Time Taken = 4.571000 picoseconds
 Relaxing nanodisk array with pi/4 orientation as initial states for all disks and external field along y.
 Time Taken = 19.665000 picoseconds
 Time taken by nanomagnet computing = 4.608316 (sec)
 Detection Rate 0.413596 at 0.096209 false alarm
dimRedAlg =

MDS


 Wanted to embed 648 magnets embedded 648 magnet
 Writing coordinates of magnets in text file Coords.txt
 Image mask in VisionDots.bmp
 Relaxing nanodisk array with pi/4 orientation as initial states for all disks and external field along x.
 Time Taken = 3.298000 picoseconds
 Relaxing nanodisk array with pi/4 orientation as initial states for all disks and external field along y.
 Time Taken = 2.161000 picoseconds
 Time taken by nanomagnet computing = 2.628826 (sec)
 Detection Rate 0.194178 at 0.097516 false alarm
dimRedAlg =

ProbPCA


 Wanted to embed 648 magnets embedded 648 magnet
 Writing coordinates of magnets in text file Coords.txt
 Image mask in VisionDots.bmp
 Relaxing nanodisk array with pi/4 orientation as initial states for all disks and external field along x.
 Time Taken = 8.895000 picoseconds
 Relaxing nanodisk array with pi/4 orientation as initial states for all disks and external field along y.
 Time Taken = 31.474000 picoseconds
 Time taken by nanomagnet computing = 96.226568 (sec)
 Detection Rate 0.482719 at 0.090784 false alarm
dimRedAlg =

FactorAnalysis

 

 Wanted to embed 648 magnets embedded 648 magnet
 Writing coordinates of magnets in text file Coords.txt
 Image mask in VisionDots.bmp
 Relaxing nanodisk array with pi/4 orientation as initial states for all disks and external field along x.
 Time Taken = 3.778000 picoseconds
 Relaxing nanodisk array with pi/4 orientation as initial states for all disks and external field along y.
 Time Taken = 2.161000 picoseconds
 Time taken by nanomagnet computing = 146.242313 (sec)
 Detection Rate 0.125319 at 0.070784 false alarm
dimRedAlg =

Sammon


 Wanted to embed 648 magnets embedded 648 magnet
 Writing coordinates of magnets in text file Coords.txt
 Image mask in VisionDots.bmp
 Relaxing nanodisk array with pi/4 orientation as initial states for all disks and external field along x.
 Time Taken = 23.958000 picoseconds
 Relaxing nanodisk array with pi/4 orientation as initial states for all disks and external field along y.
 Time Taken = 1.487000 picoseconds
 Time taken by nanomagnet computing = 239.028492 (sec)
 Detection Rate 0.417817 at 0.095948 false alarm
dimRedAlg =

Isomap

Constructing neighborhood graph...
Computing shortest paths...
Constructing low-dimensional embedding...

 Wanted to embed 641 magnets embedded 641 magnet
 #*#*# ERROR: Failed Execution. Alg: Isomap, File: Data/tiger_m.pgm.atts

magnetVisionException = 

  MException with properties:

    identifier: 'MATLAB:badsubscript'
       message: 'Index exceeds matrix dimensions.'
         cause: {}
         stack: [3x1 struct]


dimRedAlg =

LandmarkIsomap


 Wanted to embed 641 magnets embedded 641 magnet
 #*#*# ERROR: Failed Execution. Alg: LandmarkIsomap, File: Data/tiger_m.pgm.atts

magnetVisionException = 

  MException with properties:

    identifier: 'MATLAB:badsubscript'
       message: 'Index exceeds matrix dimensions.'
         cause: {}
         stack: [3x1 struct]


dimRedAlg =

LLE


 Wanted to embed 641 magnets embedded 641 magnet
 #*#*# ERROR: Failed Execution. Alg: LLE, File: Data/tiger_m.pgm.atts

magnetVisionException = 

  MException with properties:

    identifier: 'MATLAB:badsubscript'
       message: 'Index exceeds matrix dimensions.'
         cause: {}
         stack: [3x1 struct]


dimRedAlg =

Laplacian


 Wanted to embed 648 magnets embedded 648 magnet
 Writing coordinates of magnets in text file Coords.txt
 Image mask in VisionDots.bmp
 Relaxing nanodisk array with pi/4 orientation as initial states for all disks and external field along x.
 Time Taken = 4.942000 picoseconds
 Relaxing nanodisk array with pi/4 orientation as initial states for all disks and external field along y.
 Time Taken = 5.497000 picoseconds
 Time taken by nanomagnet computing = 0.831036 (sec)
 Detection Rate 0.348518 at 0.081307 false alarm
dimRedAlg =

HessianLLE


 #*#*# ERROR: Failed Execution. Alg: HessianLLE, File: Data/tiger_m.pgm.atts

magnetVisionException = 

  MException with properties:

    identifier: 'MATLAB:eigs:AminusBSingular'
       message: 'The shifted operator is singular. The shift is an eigenva...'
         cause: {0x1 cell}
         stack: [8x1 struct]


dimRedAlg =

LTSA

Find nearest neighbors...
Compute local information matrices for all datapoints...
Construct alignment matrix...
Perform eigenanalysis...

 #*#*# ERROR: Failed Execution. Alg: LTSA, File: Data/tiger_m.pgm.atts

magnetVisionException = 

  MException with properties:

    identifier: 'MATLAB:eigs:AminusBSingular'
       message: 'The shifted operator is singular. The shift is an eigenva...'
         cause: {0x1 cell}
         stack: [8x1 struct]


dimRedAlg =

DiffusionMaps


 Wanted to embed 648 magnets embedded 648 magnet
 Writing coordinates of magnets in text file Coords.txt
 Image mask in VisionDots.bmp
 Relaxing nanodisk array with pi/4 orientation as initial states for all disks and external field along x.
 Time Taken = 6.638000 picoseconds
 Relaxing nanodisk array with pi/4 orientation as initial states for all disks and external field along y.slurmstepd: *** JOB 1930779 CANCELLED AT 2015-10-12T16:07:38 DUE TO TIME LIMIT on wh-520-8-52 ***
