
                            < M A T L A B (R) >
                  Copyright 1984-2015 The MathWorks, Inc.
                   R2015a (8.5.0.197613) 64-bit (glnxa64)
                             February 12, 2015

 
To get started, type one of these: helpwin, helpdesk, or demo.
For product information, visit www.mathworks.com.
 

	Academic License


img1 =

S005I001.pgm.atts


img2 =

dummy


minGap =

    20


startTime =

12-Oct-2015 13:29:22

## Starting Data/S005I001.pgm.atts

 396 longest primitives returned (198 lines, 198 arcs read, but returning only 3000 max elements for computational reasons)

 Time taken by traditional algorithm = 1595.064939 (sec)
dimRedAlg =

PCA


 Wanted to embed 396 magnets embedded 396 magnet
 Writing coordinates of magnets in text file Coords.txt
 Image mask in VisionDots.bmp
 Relaxing nanodisk array with pi/4 orientation as initial states for all disks and external field along x.
 Time Taken = 2.128000 picoseconds
 Relaxing nanodisk array with pi/4 orientation as initial states for all disks and external field along y.
 Time Taken = 1.150000 picoseconds
 Time taken by nanomagnet computing = 12.658471 (sec)
 Detection Rate 0.332397 at 0.098852 false alarm
dimRedAlg =

LDA


 Wanted to embed 396 magnets embedded 396 magnet
 Writing coordinates of magnets in text file Coords.txt
 Image mask in VisionDots.bmp
 Relaxing nanodisk array with pi/4 orientation as initial states for all disks and external field along x.
 Time Taken = 3.556000 picoseconds
 Relaxing nanodisk array with pi/4 orientation as initial states for all disks and external field along y.
 Time Taken = 1.243000 picoseconds
 Time taken by nanomagnet computing = 3.389971 (sec)
 Detection Rate 0.258115 at 0.094880 false alarm
dimRedAlg =

MDS


 Wanted to embed 396 magnets embedded 396 magnet
 Writing coordinates of magnets in text file Coords.txt
 Image mask in VisionDots.bmp
 Relaxing nanodisk array with pi/4 orientation as initial states for all disks and external field along x.
 Time Taken = 2.128000 picoseconds
 Relaxing nanodisk array with pi/4 orientation as initial states for all disks and external field along y.
 Time Taken = 1.150000 picoseconds
 Time taken by nanomagnet computing = 6.481722 (sec)
 Detection Rate 0.332397 at 0.098852 false alarm
dimRedAlg =

ProbPCA


 Wanted to embed 396 magnets embedded 396 magnet
 Writing coordinates of magnets in text file Coords.txt
 Image mask in VisionDots.bmp
 Relaxing nanodisk array with pi/4 orientation as initial states for all disks and external field along x.
 Time Taken = 37.548000 picoseconds
 Relaxing nanodisk array with pi/4 orientation as initial states for all disks and external field along y.
 Time Taken = 13.971000 picoseconds
 Time taken by nanomagnet computing = 238.213532 (sec)
 Detection Rate 0.673221 at 0.095053 false alarm
dimRedAlg =

FactorAnalysis

 

 Wanted to embed 396 magnets embedded 396 magnet
 Writing coordinates of magnets in text file Coords.txt
 Image mask in VisionDots.bmp
 Relaxing nanodisk array with pi/4 orientation as initial states for all disks and external field along x.
 Time Taken = 5.769000 picoseconds
 Relaxing nanodisk array with pi/4 orientation as initial states for all disks and external field along y.
 Time Taken = 6.468000 picoseconds
 Time taken by nanomagnet computing = 439.431210 (sec)
 Detection Rate 0.521067 at 0.094362 false alarm
dimRedAlg =

Sammon


 Wanted to embed 396 magnets embedded 396 magnet
 Writing coordinates of magnets in text file Coords.txt
 Image mask in VisionDots.bmp
 Relaxing nanodisk array with pi/4 orientation as initial states for all disks and external field along x.
 Time Taken = 7.105000 picoseconds
 Relaxing nanodisk array with pi/4 orientation as initial states for all disks and external field along y.
 Time Taken = 5.346000 picoseconds
 Time taken by nanomagnet computing = 288.295906 (sec)
 Detection Rate 0.974563 at 0.095226 false alarm
dimRedAlg =

Isomap

Constructing neighborhood graph...
Computing shortest paths...
Constructing low-dimensional embedding...

 Wanted to embed 388 magnets embedded 388 magnet
 #*#*# ERROR: Failed Execution. Alg: Isomap, File: Data/S005I001.pgm.atts

magnetVisionException = 

  MException with properties:

    identifier: 'MATLAB:badsubscript'
       message: 'Index exceeds matrix dimensions.'
         cause: {}
         stack: [3x1 struct]


dimRedAlg =

LandmarkIsomap


 Wanted to embed 388 magnets embedded 388 magnet
 #*#*# ERROR: Failed Execution. Alg: LandmarkIsomap, File: Data/S005I001.pgm.atts

magnetVisionException = 

  MException with properties:

    identifier: 'MATLAB:badsubscript'
       message: 'Index exceeds matrix dimensions.'
         cause: {}
         stack: [3x1 struct]


dimRedAlg =

LLE


 Wanted to embed 388 magnets embedded 388 magnet
 #*#*# ERROR: Failed Execution. Alg: LLE, File: Data/S005I001.pgm.atts

magnetVisionException = 

  MException with properties:

    identifier: 'MATLAB:badsubscript'
       message: 'Index exceeds matrix dimensions.'
         cause: {}
         stack: [3x1 struct]


dimRedAlg =

Laplacian


 Wanted to embed 396 magnets embedded 396 magnet
 Writing coordinates of magnets in text file Coords.txt
 Image mask in VisionDots.bmp
 Relaxing nanodisk array with pi/4 orientation as initial states for all disks and external field along x.
 Time Taken = 11.542000 picoseconds
 Relaxing nanodisk array with pi/4 orientation as initial states for all disks and external field along y.
 Time Taken = 7.881000 picoseconds
 Time taken by nanomagnet computing = 2.309940 (sec)
 Detection Rate 0.072722 at 0.093585 false alarm
dimRedAlg =

HessianLLE


 #*#*# ERROR: Failed Execution. Alg: HessianLLE, File: Data/S005I001.pgm.atts

magnetVisionException = 

  MException with properties:

    identifier: 'MATLAB:eigs:AminusBSingular'
       message: 'The shifted operator is singular. The shift is an eigenva...'
         cause: {0x1 cell}
         stack: [8x1 struct]


dimRedAlg =

LTSA

Find nearest neighbors...
Compute local information matrices for all datapoints...
Construct alignment matrix...
Perform eigenanalysis...

 #*#*# ERROR: Failed Execution. Alg: LTSA, File: Data/S005I001.pgm.atts

magnetVisionException = 

  MException with properties:

    identifier: 'MATLAB:eigs:AminusBSingular'
       message: 'The shifted operator is singular. The shift is an eigenva...'
         cause: {0x1 cell}
         stack: [8x1 struct]


dimRedAlg =

DiffusionMaps


 Wanted to embed 396 magnets embedded 396 magnet
 Writing coordinates of magnets in text file Coords.txt
 Image mask in VisionDots.bmp
 Relaxing nanodisk array with pi/4 orientation as initial states for all disks and external field along x.
 Time Taken = 5.457000 picoseconds
 Relaxing nanodisk array with pi/4 orientation as initial states for all disks and external field along y.
 Time Taken = 7.700000 picoseconds
 Time taken by nanomagnet computing = 7.801060 (sec)
 Detection Rate 0.627497 at 0.092118 false alarm
dimRedAlg =

KernelPCA


 Wanted to embed 396 magnets embedded 396 magnet
 Writing coordinates of magnets in text file Coords.txt
 Image mask in VisionDots.bmp
 Relaxing nanodisk array with pi/4 orientation as initial states for all disks and external field along x.
 Time Taken = 9.429000 picoseconds
 Relaxing nanodisk array with pi/4 orientation as initial states for all disks and external field along y.
 Time Taken = 3.681000 picoseconds
 Time taken by nanomagnet computing = 14.834027 (sec)
 Detection Rate 0.871099 at 0.097557 false alarm
dimRedAlg =

SNE


 Wanted to embed 396 magnets embedded 396 magnet
 Writing coordinates of magnets in text file Coords.txt
 Image mask in VisionDots.bmp
 Relaxing nanodisk array with pi/4 orientation as initial states for all disks and external field along x.
 Time Taken = 4.345000 picoseconds
 Relaxing nanodisk array with pi/4 orientation as initial states for all disks and external field along y.
 Time Taken = 9.668000 picoseconds
 Time taken by nanomagnet computing = 346.361189 (sec)
 Detection Rate 0.608302 at 0.092377 false alarm
dimRedAlg =

SymSNE


 Wanted to embed 396 magnets embedded 396 magnet
 Writing coordinates of magnets in text file Coords.txt
 Image mask in VisionDots.bmp
 Relaxing nanodisk array with pi/4 orientation as initial states for all disks and external field along x.
 Time Taken = 0.722000 picoseconds
 Relaxing nanodisk array with pi/4 orientation as initial states for all disks and external field along y.
 Time Taken = 1.019000 picoseconds
 Time taken by nanomagnet computing = 354.219767 (sec)
 Detection Rate 0.474719 at 0.231460 false alarm
dimRedAlg =

tSNE

Mean value of sigma: 0.42036
Minimum value of sigma: 0.13451
Maximum value of sigma: 1.8038

 Wanted to embed 396 magnets embedded 396 magnet
 Writing coordinates of magnets in text file Coords.txt
 Image mask in VisionDots.bmp
 Relaxing nanodisk array with pi/4 orientation as initial states for all disks and external field along x.
 Time Taken = 2.231000 picoseconds
 Relaxing nanodisk array with pi/4 orientation as initial states for all disks and external field along y.slurmstepd: *** JOB 1930716 CANCELLED AT 2015-10-12T15:59:36 DUE TO TIME LIMIT on wh-520-10-20 ***
