
                            < M A T L A B (R) >
                  Copyright 1984-2015 The MathWorks, Inc.
                   R2015a (8.5.0.197613) 64-bit (glnxa64)
                             February 12, 2015

 
To get started, type one of these: helpwin, helpdesk, or demo.
For product information, visit www.mathworks.com.
 

	Academic License


img1 =

S004I007.PGM.atts


img2 =

dummy


minGap =

    20


startTime =

12-Oct-2015 13:28:46

## Starting Data/S004I007.PGM.atts

 457 longest primitives returned (212 lines, 245 arcs read, but returning only 3000 max elements for computational reasons)

 Time taken by traditional algorithm = 1105.471463 (sec)
dimRedAlg =

PCA


 Wanted to embed 457 magnets embedded 457 magnet
 Writing coordinates of magnets in text file Coords.txt
 Image mask in VisionDots.bmp
 Relaxing nanodisk array with pi/4 orientation as initial states for all disks and external field along x.
 Time Taken = 12.661000 picoseconds
 Relaxing nanodisk array with pi/4 orientation as initial states for all disks and external field along y.
 Time Taken = 6.022000 picoseconds
 Time taken by nanomagnet computing = 3.007106 (sec)
 Detection Rate 0.603348 at 0.084834 false alarm
dimRedAlg =

LDA


 Wanted to embed 457 magnets embedded 457 magnet
 Writing coordinates of magnets in text file Coords.txt
 Image mask in VisionDots.bmp
 Relaxing nanodisk array with pi/4 orientation as initial states for all disks and external field along x.
 Time Taken = 3.805000 picoseconds
 Relaxing nanodisk array with pi/4 orientation as initial states for all disks and external field along y.
 Time Taken = 4.170000 picoseconds
 Time taken by nanomagnet computing = 2.810527 (sec)
 Detection Rate 0.614426 at 0.064425 false alarm
dimRedAlg =

MDS


 Wanted to embed 457 magnets embedded 457 magnet
 Writing coordinates of magnets in text file Coords.txt
 Image mask in VisionDots.bmp
 Relaxing nanodisk array with pi/4 orientation as initial states for all disks and external field along x.
 Time Taken = 12.661000 picoseconds
 Relaxing nanodisk array with pi/4 orientation as initial states for all disks and external field along y.
 Time Taken = 6.022000 picoseconds
 Time taken by nanomagnet computing = 2.188714 (sec)
 Detection Rate 0.603348 at 0.084834 false alarm
dimRedAlg =

ProbPCA


 Wanted to embed 457 magnets embedded 457 magnet
 Writing coordinates of magnets in text file Coords.txt
 Image mask in VisionDots.bmp
 Relaxing nanodisk array with pi/4 orientation as initial states for all disks and external field along x.
 Time Taken = 16.327000 picoseconds
 Relaxing nanodisk array with pi/4 orientation as initial states for all disks and external field along y.
 Time Taken = 7.563000 picoseconds
 Time taken by nanomagnet computing = 105.551371 (sec)
 Detection Rate 0.753399 at 0.099797 false alarm
dimRedAlg =

FactorAnalysis

 

 Wanted to embed 457 magnets embedded 457 magnet
 Writing coordinates of magnets in text file Coords.txt
 Image mask in VisionDots.bmp
 Relaxing nanodisk array with pi/4 orientation as initial states for all disks and external field along x.
 Time Taken = 2.761000 picoseconds
 Relaxing nanodisk array with pi/4 orientation as initial states for all disks and external field along y.
 Time Taken = 5.379000 picoseconds
 Time taken by nanomagnet computing = 178.992300 (sec)
 Detection Rate 0.738922 at 0.099216 false alarm
dimRedAlg =

Sammon


 Wanted to embed 457 magnets embedded 457 magnet
 Writing coordinates of magnets in text file Coords.txt
 Image mask in VisionDots.bmp
 Relaxing nanodisk array with pi/4 orientation as initial states for all disks and external field along x.
 Time Taken = 4.164000 picoseconds
 Relaxing nanodisk array with pi/4 orientation as initial states for all disks and external field along y.
 Time Taken = 5.750000 picoseconds
 Time taken by nanomagnet computing = 194.124743 (sec)
 Detection Rate 0.989929 at 0.099869 false alarm
dimRedAlg =

Isomap

Constructing neighborhood graph...
Computing shortest paths...
Constructing low-dimensional embedding...

 Wanted to embed 454 magnets embedded 454 magnet
 #*#*# ERROR: Failed Execution. Alg: Isomap, File: Data/S004I007.PGM.atts

magnetVisionException = 

  MException with properties:

    identifier: 'MATLAB:badsubscript'
       message: 'Index exceeds matrix dimensions.'
         cause: {}
         stack: [3x1 struct]


dimRedAlg =

LandmarkIsomap


 Wanted to embed 454 magnets embedded 454 magnet
 #*#*# ERROR: Failed Execution. Alg: LandmarkIsomap, File: Data/S004I007.PGM.atts

magnetVisionException = 

  MException with properties:

    identifier: 'MATLAB:badsubscript'
       message: 'Index exceeds matrix dimensions.'
         cause: {}
         stack: [3x1 struct]


dimRedAlg =

LLE


 Wanted to embed 454 magnets embedded 454 magnet
 #*#*# ERROR: Failed Execution. Alg: LLE, File: Data/S004I007.PGM.atts

magnetVisionException = 

  MException with properties:

    identifier: 'MATLAB:badsubscript'
       message: 'Index exceeds matrix dimensions.'
         cause: {}
         stack: [3x1 struct]


dimRedAlg =

Laplacian


 Wanted to embed 457 magnets embedded 457 magnet
 Writing coordinates of magnets in text file Coords.txt
 Image mask in VisionDots.bmp
 Relaxing nanodisk array with pi/4 orientation as initial states for all disks and external field along x.
 Time Taken = 4.440000 picoseconds
 Relaxing nanodisk array with pi/4 orientation as initial states for all disks and external field along y.
 Time Taken = 2.114000 picoseconds
 Time taken by nanomagnet computing = 0.519692 (sec)
 Detection Rate 0.543177 at 0.099288 false alarm
dimRedAlg =

HessianLLE


 #*#*# ERROR: Failed Execution. Alg: HessianLLE, File: Data/S004I007.PGM.atts

magnetVisionException = 

  MException with properties:

    identifier: 'MATLAB:eigs:AminusBSingular'
       message: 'The shifted operator is singular. The shift is an eigenva...'
         cause: {0x1 cell}
         stack: [8x1 struct]


dimRedAlg =

LTSA

Find nearest neighbors...
Compute local information matrices for all datapoints...
Construct alignment matrix...
Perform eigenanalysis...

 #*#*# ERROR: Failed Execution. Alg: LTSA, File: Data/S004I007.PGM.atts

magnetVisionException = 

  MException with properties:

    identifier: 'MATLAB:eigs:AminusBSingular'
       message: 'The shifted operator is singular. The shift is an eigenva...'
         cause: {0x1 cell}
         stack: [8x1 struct]


dimRedAlg =

DiffusionMaps


 Wanted to embed 457 magnets embedded 457 magnet
 Writing coordinates of magnets in text file Coords.txt
 Image mask in VisionDots.bmp
 Relaxing nanodisk array with pi/4 orientation as initial states for all disks and external field along x.
 Time Taken = 1.290000 picoseconds
 Relaxing nanodisk array with pi/4 orientation as initial states for all disks and external field along y.
 Time Taken = 4.900000 picoseconds
 Time taken by nanomagnet computing = 3.141381 (sec)
 Detection Rate 0.777694 at 0.084035 false alarm
dimRedAlg =

KernelPCA


 Wanted to embed 457 magnets embedded 457 magnet
 Writing coordinates of magnets in text file Coords.txt
 Image mask in VisionDots.bmp
 Relaxing nanodisk array with pi/4 orientation as initial states for all disks and external field along x.
 Time Taken = 9.697000 picoseconds
 Relaxing nanodisk array with pi/4 orientation as initial states for all disks and external field along y.
 Time Taken = 5.123000 picoseconds
 Time taken by nanomagnet computing = 5.982397 (sec)
 Detection Rate 0.902190 at 0.096964 false alarm
dimRedAlg =

SNE


 Wanted to embed 457 magnets embedded 457 magnet
 Writing coordinates of magnets in text file Coords.txt
 Image mask in VisionDots.bmp
 Relaxing nanodisk array with pi/4 orientation as initial states for all disks and external field along x.
 Time Taken = 39.201000 picoseconds
 Relaxing nanodisk array with pi/4 orientation as initial states for all disks and external field along y.
 Time Taken = 5.993000 picoseconds
 Time taken by nanomagnet computing = 231.910012 (sec)
 Detection Rate 0.806017 at 0.098635 false alarm
dimRedAlg =

SymSNE


 Wanted to embed 457 magnets embedded 457 magnet
 Writing coordinates of magnets in text file Coords.txt
 Image mask in VisionDots.bmp
 Relaxing nanodisk array with pi/4 orientation as initial states for all disks and external field along x.
 Time Taken = 1.404000 picoseconds
 Relaxing nanodisk array with pi/4 orientation as initial states for all disks and external field along y.
 Time Taken = 1.172000 picoseconds
 Time taken by nanomagnet computing = 223.233988 (sec)
 Detection Rate 0.443479 at 0.160227 false alarm
dimRedAlg =

tSNE

Mean value of sigma: 0.46728
Minimum value of sigma: 0.18897
Maximum value of sigma: 1.7889

 Wanted to embed 457 magnets embedded 457 magnet
 Writing coordinates of magnets in text file Coords.txt
 Image mask in VisionDots.bmp
 Relaxing nanodisk array with pi/4 orientation as initial states for all disks and external field along x.
 Time Taken = 4.768000 picoseconds
 Relaxing nanodisk array with pi/4 orientation as initial states for all disks and external field along y.
 Time Taken = 3.320000 picoseconds
 Time taken by nanomagnet computing = 90.099232 (sec)
 Detection Rate 0.240685 at 0.102920 false alarm
dimRedAlg =

NPE


 Wanted to embed 457 magnets embedded 457 magnet
 Writing coordinates of magnets in text file Coords.txt
 Image mask in VisionDots.bmp
 Relaxing nanodisk array with pi/4 orientation as initial states for all disks and external field along x.
 Time Taken = 5.311000 picoseconds
 Relaxing nanodisk array with pi/4 orientation as initial states for all disks and external field along y.
 Time Taken = 2.491000 picoseconds
 Time taken by nanomagnet computing = 4.494344 (sec)
 Detection Rate 0.794184 at 0.080259 false alarm
dimRedAlg =

LPP


 Wanted to embed 457 magnets embedded 457 magnet
 Writing coordinates of magnets in text file Coords.txt
 Image mask in VisionDots.bmp
 Relaxing nanodisk array with pi/4 orientation as initial states for all disks and external field along x.
 Time Taken = 5.003000 picoseconds
 Relaxing nanodisk array with pi/4 orientation as initial states for all disks and external field along y.
 Time Taken = 2.465000 picoseconds
 Time taken by nanomagnet computing = 6.233063 (sec)
 Detection Rate 0.516239 at 0.097981 false alarm
dimRedAlg =

SPE


 Wanted to embed 457 magnets embedded 457 magnet
 Writing coordinates of magnets in text file Coords.txt
 Image mask in VisionDots.bmp
 Relaxing nanodisk array with pi/4 orientation as initial states for all disks and external field along x.
 Time Taken = 6.983000 picoseconds
 Relaxing nanodisk array with pi/4 orientation as initial states for all disks and external field along y.
 Time Taken = 6.032000 picoseconds
 Time taken by nanomagnet computing = 12.497605 (sec)
 Detection Rate 0.859643 at 0.099651 false alarm
dimRedAlg =

LLTSA

[Warning: Only 1 of the 2 requested eigenvalues converged.] 
[> In eigs/processEUPDinfo (line 1291)
  In eigs (line 353)
  In lltsa (line 95)
  In compute_mapping (line 243)
  In MagnetVision (line 62)
  In main (line 121)
  In rp_gridMain_Run2Img (line 11)] 

 #*#*# ERROR: Failed Execution. Alg: LLTSA, File: Data/S004I007.PGM.atts

magnetVisionException = 

  MException with properties:

    identifier: 'MATLAB:badsubscript'
       message: 'Subscript indices must either be real positive integers o...'
         cause: {}
         stack: [3x1 struct]


dimRedAlg =

CCA

Running normal LLE...
Running Conformal Eigenmaps...
CSDP OUTPUT =============================================================================
Iedge :12175, ivertex: 35412
Elements time: 0.817968 
Factor time: 0.000826 
Other time: 0.261614 
Total time: 1.080408 
=========================================================================================

 Wanted to embed 454 magnets embedded 454 magnet
 #*#*# ERROR: Failed Execution. Alg: CCA, File: Data/S004I007.PGM.atts

magnetVisionException = 

  MException with properties:

    identifier: 'MATLAB:badsubscript'
       message: 'Index exceeds matrix dimensions.'
         cause: {}
         stack: [3x1 struct]


dimRedAlg =

MVU

Running normal LLE...
Running Maximum Variance Unfolding...
CSDP OUTPUT =============================================================================
Iedge :3968, ivertex: 5448
Elements time: 0.681449 
Factor time: 0.000932 
Other time: 0.222887 
Total time: 0.905268 
=========================================================================================

 Wanted to embed 454 magnets embedded 454 magnet
 #*#*# ERROR: Failed Execution. Alg: MVU, File: Data/S004I007.PGM.atts

magnetVisionException = 

  MException with properties:

    identifier: 'MATLAB:badsubscript'
       message: 'Index exceeds matrix dimensions.'
         cause: {}
         stack: [3x1 struct]


dimRedAlg =

LandmarkMVU

Elements time: 0.666690 
Factor time: 0.250745 
Other time: 0.718034 
Total time: 1.635470 
Elements time: 0.701003 
Factor time: 0.222126 
Other time: 0.722875 
Total time: 1.646004 

 Wanted to embed 457 magnets embedded 457 magnet
 Writing coordinates of magnets in text file Coords.txt
 Image mask in VisionDots.bmp
 Relaxing nanodisk array with pi/4 orientation as initial states for all disks and external field along x.slurmstepd: *** JOB 1930711 CANCELLED AT 2015-10-12T15:59:06 DUE TO TIME LIMIT on wh-520-10-21 ***
