
                            < M A T L A B (R) >
                  Copyright 1984-2015 The MathWorks, Inc.
                   R2015a (8.5.0.197613) 64-bit (glnxa64)
                             February 12, 2015

 
To get started, type one of these: helpwin, helpdesk, or demo.
For product information, visit www.mathworks.com.
 

	Academic License


img1 =

image24.pgm.atts


img2 =

dummy


minGap =

    20


startTime =

12-Oct-2015 13:34:59

## Starting Data/image24.pgm.atts

 321 longest primitives returned (111 lines, 210 arcs read, but returning only 3000 max elements for computational reasons)

 Time taken by traditional algorithm = 1465.348449 (sec)
dimRedAlg =

PCA


 Wanted to embed 321 magnets embedded 321 magnet
 Writing coordinates of magnets in text file Coords.txt
 Image mask in VisionDots.bmp
 Relaxing nanodisk array with pi/4 orientation as initial states for all disks and external field along x.
 Time Taken = 9.378000 picoseconds
 Relaxing nanodisk array with pi/4 orientation as initial states for all disks and external field along y.
 Time Taken = 40.211000 picoseconds
 Time taken by nanomagnet computing = 10.435903 (sec)
 Detection Rate 0.345388 at 0.095033 false alarm
dimRedAlg =

LDA


 Wanted to embed 321 magnets embedded 321 magnet
 Writing coordinates of magnets in text file Coords.txt
 Image mask in VisionDots.bmp
 Relaxing nanodisk array with pi/4 orientation as initial states for all disks and external field along x.
 Time Taken = 8.284000 picoseconds
 Relaxing nanodisk array with pi/4 orientation as initial states for all disks and external field along y.
 Time Taken = 5.673000 picoseconds
 Time taken by nanomagnet computing = 1.345858 (sec)
 Detection Rate 0.243086 at 0.094340 false alarm
dimRedAlg =

MDS


 Wanted to embed 321 magnets embedded 321 magnet
 Writing coordinates of magnets in text file Coords.txt
 Image mask in VisionDots.bmp
 Relaxing nanodisk array with pi/4 orientation as initial states for all disks and external field along x.
 Time Taken = 9.378000 picoseconds
 Relaxing nanodisk array with pi/4 orientation as initial states for all disks and external field along y.
 Time Taken = 40.211000 picoseconds
 Time taken by nanomagnet computing = 8.518761 (sec)
 Detection Rate 0.345388 at 0.095033 false alarm
dimRedAlg =

ProbPCA


 Wanted to embed 321 magnets embedded 321 magnet
 Writing coordinates of magnets in text file Coords.txt
 Image mask in VisionDots.bmp
 Relaxing nanodisk array with pi/4 orientation as initial states for all disks and external field along x.
 Time Taken = 5.956000 picoseconds
 Relaxing nanodisk array with pi/4 orientation as initial states for all disks and external field along y.
 Time Taken = 3.983000 picoseconds
 Time taken by nanomagnet computing = 195.791454 (sec)
 Detection Rate 0.538194 at 0.095311 false alarm
dimRedAlg =

FactorAnalysis

 

 Wanted to embed 321 magnets embedded 321 magnet
 Writing coordinates of magnets in text file Coords.txt
 Image mask in VisionDots.bmp
 Relaxing nanodisk array with pi/4 orientation as initial states for all disks and external field along x.
 Time Taken = 37.954000 picoseconds
 Relaxing nanodisk array with pi/4 orientation as initial states for all disks and external field along y.
 Time Taken = 4.787000 picoseconds
 Time taken by nanomagnet computing = 307.860343 (sec)
 Detection Rate 0.450977 at 0.096976 false alarm
dimRedAlg =

Sammon


 Wanted to embed 321 magnets embedded 321 magnet
 Writing coordinates of magnets in text file Coords.txt
 Image mask in VisionDots.bmp
 Relaxing nanodisk array with pi/4 orientation as initial states for all disks and external field along x.
 Time Taken = 4.333000 picoseconds
 Relaxing nanodisk array with pi/4 orientation as initial states for all disks and external field along y.
 Time Taken = 7.219000 picoseconds
 Time taken by nanomagnet computing = 208.527443 (sec)
 Detection Rate 0.698318 at 0.089761 false alarm
dimRedAlg =

Isomap

Constructing neighborhood graph...
Computing shortest paths...
Constructing low-dimensional embedding...

 Wanted to embed 317 magnets embedded 317 magnet
 #*#*# ERROR: Failed Execution. Alg: Isomap, File: Data/image24.pgm.atts

magnetVisionException = 

  MException with properties:

    identifier: 'MATLAB:badsubscript'
       message: 'Index exceeds matrix dimensions.'
         cause: {}
         stack: [3x1 struct]


dimRedAlg =

LandmarkIsomap


 Wanted to embed 317 magnets embedded 317 magnet
 #*#*# ERROR: Failed Execution. Alg: LandmarkIsomap, File: Data/image24.pgm.atts

magnetVisionException = 

  MException with properties:

    identifier: 'MATLAB:badsubscript'
       message: 'Index exceeds matrix dimensions.'
         cause: {}
         stack: [3x1 struct]


dimRedAlg =

LLE


 Wanted to embed 317 magnets embedded 317 magnet
 #*#*# ERROR: Failed Execution. Alg: LLE, File: Data/image24.pgm.atts

magnetVisionException = 

  MException with properties:

    identifier: 'MATLAB:badsubscript'
       message: 'Index exceeds matrix dimensions.'
         cause: {}
         stack: [3x1 struct]


dimRedAlg =

Laplacian


 Wanted to embed 321 magnets embedded 321 magnet
 Writing coordinates of magnets in text file Coords.txt
 Image mask in VisionDots.bmp
 Relaxing nanodisk array with pi/4 orientation as initial states for all disks and external field along x.
 Time Taken = 3.048000 picoseconds
 Relaxing nanodisk array with pi/4 orientation as initial states for all disks and external field along y.
 Time Taken = 12.432000 picoseconds
 Time taken by nanomagnet computing = 1.139191 (sec)
 Detection Rate 0.214079 at 0.099889 false alarm
dimRedAlg =

HessianLLE


 #*#*# ERROR: Failed Execution. Alg: HessianLLE, File: Data/image24.pgm.atts

magnetVisionException = 

  MException with properties:

    identifier: 'MATLAB:eigs:AminusBSingular'
       message: 'The shifted operator is singular. The shift is an eigenva...'
         cause: {0x1 cell}
         stack: [8x1 struct]


dimRedAlg =

LTSA

Find nearest neighbors...
Compute local information matrices for all datapoints...
Construct alignment matrix...
Perform eigenanalysis...

 #*#*# ERROR: Failed Execution. Alg: LTSA, File: Data/image24.pgm.atts

magnetVisionException = 

  MException with properties:

    identifier: 'MATLAB:eigs:AminusBSingular'
       message: 'The shifted operator is singular. The shift is an eigenva...'
         cause: {0x1 cell}
         stack: [8x1 struct]


dimRedAlg =

DiffusionMaps


 Wanted to embed 321 magnets embedded 321 magnet
 Writing coordinates of magnets in text file Coords.txt
 Image mask in VisionDots.bmp
 Relaxing nanodisk array with pi/4 orientation as initial states for all disks and external field along x.
 Time Taken = 1.192000 picoseconds
 Relaxing nanodisk array with pi/4 orientation as initial states for all disks and external field along y.
 Time Taken = 3.573000 picoseconds
 Time taken by nanomagnet computing = 4.026452 (sec)
 Detection Rate 0.255657 at 0.098640 false alarm
dimRedAlg =

KernelPCA


 Wanted to embed 321 magnets embedded 321 magnet
 Writing coordinates of magnets in text file Coords.txt
 Image mask in VisionDots.bmp
 Relaxing nanodisk array with pi/4 orientation as initial states for all disks and external field along x.
 Time Taken = 23.674000 picoseconds
 Relaxing nanodisk array with pi/4 orientation as initial states for all disks and external field along y.
 Time Taken = 7.971000 picoseconds
 Time taken by nanomagnet computing = 15.176994 (sec)
 Detection Rate 0.338039 at 0.098918 false alarm
dimRedAlg =

SNE


 Wanted to embed 321 magnets embedded 321 magnet
 Writing coordinates of magnets in text file Coords.txt
 Image mask in VisionDots.bmp
 Relaxing nanodisk array with pi/4 orientation as initial states for all disks and external field along x.
 Time Taken = 6.138000 picoseconds
 Relaxing nanodisk array with pi/4 orientation as initial states for all disks and external field along y.
 Time Taken = 8.661000 picoseconds
 Time taken by nanomagnet computing = 296.029099 (sec)
 Detection Rate 0.614001 at 0.085183 false alarm
dimRedAlg =

SymSNE


 Wanted to embed 321 magnets embedded 321 magnet
 Writing coordinates of magnets in text file Coords.txt
 Image mask in VisionDots.bmp
 Relaxing nanodisk array with pi/4 orientation as initial states for all disks and external field along x.
 Time Taken = 0.624000 picoseconds
 Relaxing nanodisk array with pi/4 orientation as initial states for all disks and external field along y.
 Time Taken = 0.596000 picoseconds
 Time taken by nanomagnet computing = 319.170087 (sec)
 Detection Rate 0.607039 at 0.166898 false alarm
dimRedAlg =

tSNE

Mean value of sigma: 0.43656
Minimum value of sigma: 0.20954
Maximum value of sigma: 1.6816

 Wanted to embed 321 magnets embedded 321 magnet
 Writing coordinates of magnets in text file Coords.txt
 Image mask in VisionDots.bmp
 Relaxing nanodisk array with pi/4 orientation as initial states for all disks and external field along x.
 Time Taken = 2.693000 picoseconds
 Relaxing nanodisk array with pi/4 orientation as initial states for all disks and external field along y.
 Time Taken = 2.600000 picoseconds
 Time taken by nanomagnet computing = 116.322847 (sec)
 Detection Rate 0.647457 at 0.164123 false alarm
dimRedAlg =

NPE


 Wanted to embed 321 magnets embedded 321 magnet
 Writing coordinates of magnets in text file Coords.txt
 Image mask in VisionDots.bmp
 Relaxing nanodisk array with pi/4 orientation as initial states for all disks and external field along x.
 Time Taken = 1.242000 picoseconds
 Relaxing nanodisk array with pi/4 orientation as initial states for all disks and external field along y.
 Time Taken = 3.367000 picoseconds
 Time taken by nanomagnet computing = 6.911705 (sec)
 Detection Rate 0.438020 at 0.090871 false alarm
dimRedAlg =

LPP


 Wanted to embed 321 magnets embedded 321 magnet
 Writing coordinates of magnets in text file Coords.txt
 Image mask in VisionDots.bmp
 Relaxing nanodisk array with pi/4 orientation as initial states for all disks and external field along x.
 Time Taken = 5.369000 picoseconds
 Relaxing nanodisk array with pi/4 orientation as initial states for all disks and external field along y.
 Time Taken = 6.086000 picoseconds
 Time taken by nanomagnet computing = 5.444317 (sec)
 Detection Rate 0.531812 at 0.091981 false alarm
dimRedAlg =

SPE


 Wanted to embed 321 magnets embedded 321 magnet
 Writing coordinates of magnets in text file Coords.txt
 Image mask in VisionDots.bmp
 Relaxing nanodisk array with pi/4 orientation as initial states for all disks and external field along x.
 Time Taken = 4.062000 picoseconds
 Relaxing nanodisk array with pi/4 orientation as initial states for all disks and external field along y.
 Time Taken = 6.873000 picoseconds
 Time taken by nanomagnet computing = 16.638467 (sec)
 Detection Rate 0.568749 at 0.090455 false alarm
dimRedAlg =

LLTSA


 Wanted to embed 321 magnets embedded 321 magnet
 Writing coordinates of magnets in text file Coords.txt
 Image mask in VisionDots.bmp
 Relaxing nanodisk array with pi/4 orientation as initial states for all disks and external field along x.
 Time Taken = 28.648000 picoseconds
 Relaxing nanodisk array with pi/4 orientation as initial states for all disks and external field along y.
 Time Taken = 1.443000 picoseconds
 Time taken by nanomagnet computing = 41.986802 (sec)
 Detection Rate 0.443435 at 0.099057 false alarm
dimRedAlg =

CCA

Running normal LLE...
Running Conformal Eigenmaps...
CSDP OUTPUT =============================================================================
Iedge :8469, ivertex: 24726
Elements time: 0.484277 
Factor time: 0.000678 
Other time: 0.172578 
Total time: 0.657533 
=========================================================================================

 Wanted to embed 317 magnets embedded 317 magnet
 #*#*# ERROR: Failed Execution. Alg: CCA, File: Data/image24.pgm.atts

magnetVisionException = 

  MException with properties:

    identifier: 'MATLAB:badsubscript'
       message: 'Index exceeds matrix dimensions.'
         cause: {}
         stack: [3x1 struct]


dimRedAlg =

MVU

Running normal LLE...
Running Maximum Variance Unfolding...
CSDP OUTPUT =============================================================================
Iedge :2777, ivertex: 3804
Elements time: 0.461489 
Factor time: 0.000696 
Other time: 0.156643 
Total time: 0.618828 
=========================================================================================

 Wanted to embed 317 magnets embedded 317 magnet
 #*#*# ERROR: Failed Execution. Alg: MVU, File: Data/image24.pgm.atts

magnetVisionException = 

  MException with properties:

    identifier: 'MATLAB:badsubscript'
       message: 'Index exceeds matrix dimensions.'
         cause: {}
         stack: [3x1 struct]


dimRedAlg =

LandmarkMVU

Elements time: 0.262428 
Factor time: 0.179559 
Other time: 0.190585 
Total time: 0.632572 
Elements time: 0.232678 
Factor time: 0.147802 
Other time: 0.208597 
Total time: 0.589077 

 Wanted to embed 321 magnets embedded 321 magnet
 Writing coordinates of magnets in text file Coords.txt
 Image mask in VisionDots.bmp
 Relaxing nanodisk array with pi/4 orientation as initial states for all disks and external field along x.
 Time Taken = 1.295000 picoseconds
 Relaxing nanodisk array with pi/4 orientation as initial states for all disks and external field along y.slurmstepd: *** JOB 1930760 CANCELLED AT 2015-10-12T16:05:06 DUE TO TIME LIMIT on wh-520-9-14 ***
