
                            < M A T L A B (R) >
                  Copyright 1984-2015 The MathWorks, Inc.
                   R2015a (8.5.0.197613) 64-bit (glnxa64)
                             February 12, 2015

 
To get started, type one of these: helpwin, helpdesk, or demo.
For product information, visit www.mathworks.com.
 

	Academic License


img1 =

dog3.pgm.atts


img2 =

dummy


minGap =

    20


startTime =

12-Oct-2015 13:33:33

## Starting Data/dog3.pgm.atts

 619 longest primitives returned (288 lines, 331 arcs read, but returning only 3000 max elements for computational reasons)

 Time taken by traditional algorithm = 2535.802542 (sec)
dimRedAlg =

PCA


 Wanted to embed 619 magnets embedded 619 magnet
 Writing coordinates of magnets in text file Coords.txt
 Image mask in VisionDots.bmp
 Relaxing nanodisk array with pi/4 orientation as initial states for all disks and external field along x.
 Time Taken = 27.629000 picoseconds
 Relaxing nanodisk array with pi/4 orientation as initial states for all disks and external field along y.
 Time Taken = 1.244000 picoseconds
 Time taken by nanomagnet computing = 21.437496 (sec)
 Detection Rate 0.359096 at 0.081204 false alarm
dimRedAlg =

LDA


 Wanted to embed 619 magnets embedded 619 magnet
 Writing coordinates of magnets in text file Coords.txt
 Image mask in VisionDots.bmp
 Relaxing nanodisk array with pi/4 orientation as initial states for all disks and external field along x.
 Time Taken = 10.805000 picoseconds
 Relaxing nanodisk array with pi/4 orientation as initial states for all disks and external field along y.slurmstepd: *** JOB 1930749 CANCELLED AT 2015-10-12T16:03:36 DUE TO TIME LIMIT on wh-520-9-14 ***
