
                            < M A T L A B (R) >
                  Copyright 1984-2015 The MathWorks, Inc.
                   R2015a (8.5.0.197613) 64-bit (glnxa64)
                             February 12, 2015

 
To get started, type one of these: helpwin, helpdesk, or demo.
For product information, visit www.mathworks.com.
 

	Academic License


img1 =

dog1.pgm.atts


img2 =

dummy


minGap =

    20


startTime =

12-Oct-2015 13:33:33

## Starting Data/dog1.pgm.atts

 457 longest primitives returned (205 lines, 252 arcs read, but returning only 3000 max elements for computational reasons)

 Time taken by traditional algorithm = 1742.755804 (sec)
dimRedAlg =

PCA


 Wanted to embed 457 magnets embedded 457 magnet
 Writing coordinates of magnets in text file Coords.txt
 Image mask in VisionDots.bmp
 Relaxing nanodisk array with pi/4 orientation as initial states for all disks and external field along x.
 Time Taken = 67.980000 picoseconds
 Relaxing nanodisk array with pi/4 orientation as initial states for all disks and external field along y.
 Time Taken = 3.689000 picoseconds
 Time taken by nanomagnet computing = 11.312492 (sec)
 Detection Rate 0.116812 at 0.096942 false alarm
dimRedAlg =

LDA


 Wanted to embed 457 magnets embedded 457 magnet
 Writing coordinates of magnets in text file Coords.txt
 Image mask in VisionDots.bmp
 Relaxing nanodisk array with pi/4 orientation as initial states for all disks and external field along x.
 Time Taken = 9.844000 picoseconds
 Relaxing nanodisk array with pi/4 orientation as initial states for all disks and external field along y.
 Time Taken = 3.657000 picoseconds
 Time taken by nanomagnet computing = 3.014645 (sec)
 Detection Rate 0.300477 at 0.082955 false alarm
dimRedAlg =

MDS


 Wanted to embed 457 magnets embedded 457 magnet
 Writing coordinates of magnets in text file Coords.txt
 Image mask in VisionDots.bmp
 Relaxing nanodisk array with pi/4 orientation as initial states for all disks and external field along x.
 Time Taken = 67.980000 picoseconds
 Relaxing nanodisk array with pi/4 orientation as initial states for all disks and external field along y.
 Time Taken = 3.689000 picoseconds
 Time taken by nanomagnet computing = 9.703731 (sec)
 Detection Rate 0.116812 at 0.096942 false alarm
dimRedAlg =

ProbPCA


 Wanted to embed 457 magnets embedded 457 magnet
 Writing coordinates of magnets in text file Coords.txt
 Image mask in VisionDots.bmp
 Relaxing nanodisk array with pi/4 orientation as initial states for all disks and external field along x.slurmstepd: *** JOB 1930747 CANCELLED AT 2015-10-12T16:03:36 DUE TO TIME LIMIT on wh-520-9-14 ***
