
                            < M A T L A B (R) >
                  Copyright 1984-2015 The MathWorks, Inc.
                   R2015a (8.5.0.197613) 64-bit (glnxa64)
                             February 12, 2015

 
To get started, type one of these: helpwin, helpdesk, or demo.
For product information, visit www.mathworks.com.
 

	Academic License


img1 =

coffee.pgm.atts


img2 =

dummy


minGap =

    20


startTime =

12-Oct-2015 13:32:59

## Starting Data/coffee.pgm.atts

 494 longest primitives returned (204 lines, 290 arcs read, but returning only 3000 max elements for computational reasons)

 Time taken by traditional algorithm = 1873.286439 (sec)
dimRedAlg =

PCA


 Wanted to embed 494 magnets embedded 494 magnet
 Writing coordinates of magnets in text file Coords.txt
 Image mask in VisionDots.bmp
 Relaxing nanodisk array with pi/4 orientation as initial states for all disks and external field along x.
 Time Taken = 1.814000 picoseconds
 Relaxing nanodisk array with pi/4 orientation as initial states for all disks and external field along y.
 Time Taken = 3.437000 picoseconds
 Time taken by nanomagnet computing = 11.626089 (sec)
 Detection Rate 0.269673 at 0.099188 false alarm
dimRedAlg =

LDA


 Wanted to embed 494 magnets embedded 494 magnet
 Writing coordinates of magnets in text file Coords.txt
 Image mask in VisionDots.bmp
 Relaxing nanodisk array with pi/4 orientation as initial states for all disks and external field along x.
 Time Taken = 15.619000 picoseconds
 Relaxing nanodisk array with pi/4 orientation as initial states for all disks and external field along y.
 Time Taken = 7.049000 picoseconds
 Time taken by nanomagnet computing = 4.041371 (sec)
 Detection Rate 0.387038 at 0.097642 false alarm
dimRedAlg =

MDS


 Wanted to embed 494 magnets embedded 494 magnet
 Writing coordinates of magnets in text file Coords.txt
 Image mask in VisionDots.bmp
 Relaxing nanodisk array with pi/4 orientation as initial states for all disks and external field along x.
 Time Taken = 1.814000 picoseconds
 Relaxing nanodisk array with pi/4 orientation as initial states for all disks and external field along y.
 Time Taken = 3.437000 picoseconds
 Time taken by nanomagnet computing = 8.717151 (sec)
 Detection Rate 0.269673 at 0.099188 false alarm
dimRedAlg =

ProbPCA


 Wanted to embed 494 magnets embedded 494 magnet
 Writing coordinates of magnets in text file Coords.txt
 Image mask in VisionDots.bmp
 Relaxing nanodisk array with pi/4 orientation as initial states for all disks and external field along x.
 Time Taken = 51.275000 picoseconds
 Relaxing nanodisk array with pi/4 orientation as initial states for all disks and external field along y.
 Time Taken = 42.528000 picoseconds
 Time taken by nanomagnet computing = 254.603337 (sec)
 Detection Rate 0.628566 at 0.099685 false alarm
dimRedAlg =

FactorAnalysis

 

 Wanted to embed 494 magnets embedded 494 magnet
 Writing coordinates of magnets in text file Coords.txt
 Image mask in VisionDots.bmp
 Relaxing nanodisk array with pi/4 orientation as initial states for all disks and external field along x.
 Time Taken = 5.289000 picoseconds
 Relaxing nanodisk array with pi/4 orientation as initial states for all disks and external field along y.
 Time Taken = 14.621000 picoseconds
 Time taken by nanomagnet computing = 506.551978 (sec)
 Detection Rate 0.498564 at 0.098028 false alarm
dimRedAlg =

Sammon


 Wanted to embed 494 magnets embedded 494 magnet
 Writing coordinates of magnets in text file Coords.txt
 Image mask in VisionDots.bmp
 Relaxing nanodisk array with pi/4 orientation as initial states for all disks and external field along x.
 Time Taken = 13.852000 picoseconds
 Relaxing nanodisk array with pi/4 orientation as initial states for all disks and external field along y.
 Time Taken = 2.959000 picoseconds
 Time taken by nanomagnet computing = 359.342673 (sec)
 Detection Rate 0.986311 at 0.092450 false alarm
dimRedAlg =

Isomap

Constructing neighborhood graph...
Computing shortest paths...
slurmstepd: *** JOB 1930744 CANCELLED AT 2015-10-12T16:03:06 DUE TO TIME LIMIT on wh-520-10-12 ***
