
                            < M A T L A B (R) >
                  Copyright 1984-2015 The MathWorks, Inc.
                   R2015a (8.5.0.197613) 64-bit (glnxa64)
                             February 12, 2015

 
To get started, type one of these: helpwin, helpdesk, or demo.
For product information, visit www.mathworks.com.
 

	Academic License


img1 =

image32.pgm.atts


img2 =

dummy


minGap =

    20


startTime =

12-Oct-2015 20:43:26

## Starting Data/image32.pgm.atts

 218 longest primitives returned (86 lines, 132 arcs read, but returning only 3000 max elements for computational reasons)

 Time taken by traditional algorithm = 161.909926 (sec)
dimRedAlg =

PCA


dimRedAlg =

LDA


dimRedAlg =

MDS


dimRedAlg =

ProbPCA


dimRedAlg =

FactorAnalysis


dimRedAlg =

Sammon


dimRedAlg =

Isomap


dimRedAlg =

LandmarkIsomap


dimRedAlg =

LLE


dimRedAlg =

Laplacian


dimRedAlg =

HessianLLE


dimRedAlg =

LTSA


dimRedAlg =

DiffusionMaps


dimRedAlg =

KernelPCA


dimRedAlg =

SNE


dimRedAlg =

SymSNE


dimRedAlg =

tSNE


dimRedAlg =

NPE


dimRedAlg =

LPP


dimRedAlg =

SPE


dimRedAlg =

LLTSA


dimRedAlg =

CCA


dimRedAlg =

MVU


dimRedAlg =

LandmarkMVU


dimRedAlg =

FastMVU


dimRedAlg =

LLC

Running EM algorithm and compute local factor analyzers...
.. 
Constructing mixture of factor analyzers...

 Wanted to embed 218 magnets embedded 218 magnet
 Writing coordinates of magnets in text file Coords.txt
 Image mask in VisionDots.bmp
 Relaxing nanodisk array with pi/4 orientation as initial states for all disks and external field along x.
 Time Taken = 7.100000 picoseconds
 Relaxing nanodisk array with pi/4 orientation as initial states for all disks and external field along y.
 Time Taken = 2.578000 picoseconds
 Time taken by nanomagnet computing = 6.702656 (sec)
 Detection Rate 0.396287 at 0.093143 false alarm
dimRedAlg =

GPLVM


dimRedAlg =

Autoencoder


dimRedAlg =

NCA


dimRedAlg =

MCML


dimRedAlg =

LMNN


startTime =

12-Oct-2015 20:43:26


endTIme =

12-Oct-2015 20:47:24

Elapsed time is 41.037357 seconds.

startTime =

12-Oct-2015 20:47:24

## Starting Data/dummy
{Error using fscanf
Invalid file identifier. Use fopen to generate a valid file identifier.

Error in ReadEdgeAttsFile (line 31)
paren = fscanf(infile, ' %c', 1);


Error in main (line 54)
Lines = ReadEdgeAttsFile (ImageFile);


Error in rp_gridMain_Run2Img (line 20)
	main(['Data' filesep img2], minGap);

} 
>> 