
                            < M A T L A B (R) >
                  Copyright 1984-2015 The MathWorks, Inc.
                   R2015a (8.5.0.197613) 64-bit (glnxa64)
                             February 12, 2015

 
To get started, type one of these: helpwin, helpdesk, or demo.
For product information, visit www.mathworks.com.
 

	Academic License


img1 =

S006I019.PGM.atts


img2 =

dummy


minGap =

    20


startTime =

12-Oct-2015 13:31:52

## Starting Data/S006I019.PGM.atts

 365 longest primitives returned (190 lines, 175 arcs read, but returning only 3000 max elements for computational reasons)

 Time taken by traditional algorithm = 1449.674225 (sec)
dimRedAlg =

PCA


 Wanted to embed 365 magnets embedded 365 magnet
 Writing coordinates of magnets in text file Coords.txt
 Image mask in VisionDots.bmp
 Relaxing nanodisk array with pi/4 orientation as initial states for all disks and external field along x.
 Time Taken = 3.362000 picoseconds
 Relaxing nanodisk array with pi/4 orientation as initial states for all disks and external field along y.
 Time Taken = 4.709000 picoseconds
 Time taken by nanomagnet computing = 9.097587 (sec)
 Detection Rate 0.738569 at 0.098880 false alarm
dimRedAlg =

LDA


 Wanted to embed 365 magnets embedded 365 magnet
 Writing coordinates of magnets in text file Coords.txt
 Image mask in VisionDots.bmp
 Relaxing nanodisk array with pi/4 orientation as initial states for all disks and external field along x.
 Time Taken = 7.226000 picoseconds
 Relaxing nanodisk array with pi/4 orientation as initial states for all disks and external field along y.
 Time Taken = 2.850000 picoseconds
 Time taken by nanomagnet computing = 1.420781 (sec)
 Detection Rate 0.824056 at 0.099627 false alarm
dimRedAlg =

MDS


 Wanted to embed 365 magnets embedded 365 magnet
 Writing coordinates of magnets in text file Coords.txt
 Image mask in VisionDots.bmp
 Relaxing nanodisk array with pi/4 orientation as initial states for all disks and external field along x.
 Time Taken = 3.362000 picoseconds
 Relaxing nanodisk array with pi/4 orientation as initial states for all disks and external field along y.
 Time Taken = 4.709000 picoseconds
 Time taken by nanomagnet computing = 6.169152 (sec)
 Detection Rate 0.738569 at 0.098880 false alarm
dimRedAlg =

ProbPCA


 Wanted to embed 365 magnets embedded 365 magnet
 Writing coordinates of magnets in text file Coords.txt
 Image mask in VisionDots.bmp
 Relaxing nanodisk array with pi/4 orientation as initial states for all disks and external field along x.
 Time Taken = 6.274000 picoseconds
 Relaxing nanodisk array with pi/4 orientation as initial states for all disks and external field along y.
 Time Taken = 5.855000 picoseconds
 Time taken by nanomagnet computing = 180.267661 (sec)
 Detection Rate 0.816766 at 0.097138 false alarm
dimRedAlg =

FactorAnalysis

 

 Wanted to embed 365 magnets embedded 365 magnet
 Writing coordinates of magnets in text file Coords.txt
 Image mask in VisionDots.bmp
 Relaxing nanodisk array with pi/4 orientation as initial states for all disks and external field along x.
 Time Taken = 36.969000 picoseconds
 Relaxing nanodisk array with pi/4 orientation as initial states for all disks and external field along y.
 Time Taken = 8.888000 picoseconds
 Time taken by nanomagnet computing = 288.607894 (sec)
 Detection Rate 0.659377 at 0.099461 false alarm
dimRedAlg =

Sammon


 Wanted to embed 365 magnets embedded 365 magnet
 Writing coordinates of magnets in text file Coords.txt
 Image mask in VisionDots.bmp
 Relaxing nanodisk array with pi/4 orientation as initial states for all disks and external field along x.
 Time Taken = 16.392000 picoseconds
 Relaxing nanodisk array with pi/4 orientation as initial states for all disks and external field along y.
 Time Taken = 8.122000 picoseconds
 Time taken by nanomagnet computing = 257.204353 (sec)
 Detection Rate 0.974486 at 0.293156 false alarm
dimRedAlg =

Isomap

Constructing neighborhood graph...
Computing shortest paths...
Constructing low-dimensional embedding...

 Wanted to embed 361 magnets embedded 361 magnet
 #*#*# ERROR: Failed Execution. Alg: Isomap, File: Data/S006I019.PGM.atts

magnetVisionException = 

  MException with properties:

    identifier: 'MATLAB:badsubscript'
       message: 'Index exceeds matrix dimensions.'
         cause: {}
         stack: [3x1 struct]


dimRedAlg =

LandmarkIsomap


 Wanted to embed 361 magnets embedded 361 magnet
 #*#*# ERROR: Failed Execution. Alg: LandmarkIsomap, File: Data/S006I019.PGM.atts

magnetVisionException = 

  MException with properties:

    identifier: 'MATLAB:badsubscript'
       message: 'Index exceeds matrix dimensions.'
         cause: {}
         stack: [3x1 struct]


dimRedAlg =

LLE


 Wanted to embed 361 magnets embedded 361 magnet
 #*#*# ERROR: Failed Execution. Alg: LLE, File: Data/S006I019.PGM.atts

magnetVisionException = 

  MException with properties:

    identifier: 'MATLAB:badsubscript'
       message: 'Index exceeds matrix dimensions.'
         cause: {}
         stack: [3x1 struct]


dimRedAlg =

Laplacian


 Wanted to embed 365 magnets embedded 365 magnet
 Writing coordinates of magnets in text file Coords.txt
 Image mask in VisionDots.bmp
 Relaxing nanodisk array with pi/4 orientation as initial states for all disks and external field along x.
 Time Taken = 9.580000 picoseconds
 Relaxing nanodisk array with pi/4 orientation as initial states for all disks and external field along y.
 Time Taken = 3.594000 picoseconds
 Time taken by nanomagnet computing = 1.145331 (sec)
 Detection Rate 0.448973 at 0.116549 false alarm
dimRedAlg =

HessianLLE


 #*#*# ERROR: Failed Execution. Alg: HessianLLE, File: Data/S006I019.PGM.atts

magnetVisionException = 

  MException with properties:

    identifier: 'MATLAB:eigs:AminusBSingular'
       message: 'The shifted operator is singular. The shift is an eigenva...'
         cause: {0x1 cell}
         stack: [8x1 struct]


dimRedAlg =

LTSA

Find nearest neighbors...
Compute local information matrices for all datapoints...
Construct alignment matrix...
Perform eigenanalysis...

 #*#*# ERROR: Failed Execution. Alg: LTSA, File: Data/S006I019.PGM.atts

magnetVisionException = 

  MException with properties:

    identifier: 'MATLAB:eigs:AminusBSingular'
       message: 'The shifted operator is singular. The shift is an eigenva...'
         cause: {0x1 cell}
         stack: [8x1 struct]


dimRedAlg =

DiffusionMaps


 Wanted to embed 365 magnets embedded 365 magnet
 Writing coordinates of magnets in text file Coords.txt
 Image mask in VisionDots.bmp
 Relaxing nanodisk array with pi/4 orientation as initial states for all disks and external field along x.
 Time Taken = 8.713000 picoseconds
 Relaxing nanodisk array with pi/4 orientation as initial states for all disks and external field along y.
 Time Taken = 4.643000 picoseconds
 Time taken by nanomagnet computing = 5.607898 (sec)
 Detection Rate 0.817097 at 0.094401 false alarm
dimRedAlg =

KernelPCA


 Wanted to embed 365 magnets embedded 365 magnet
 Writing coordinates of magnets in text file Coords.txt
 Image mask in VisionDots.bmp
 Relaxing nanodisk array with pi/4 orientation as initial states for all disks and external field along x.
 Time Taken = 40.752000 picoseconds
 Relaxing nanodisk array with pi/4 orientation as initial states for all disks and external field along y.
 Time Taken = 3.632000 picoseconds
 Time taken by nanomagnet computing = 11.540640 (sec)
 Detection Rate 0.450961 at 0.106263 false alarm
dimRedAlg =

SNE


 Wanted to embed 365 magnets embedded 365 magnet
 Writing coordinates of magnets in text file Coords.txt
 Image mask in VisionDots.bmp
 Relaxing nanodisk array with pi/4 orientation as initial states for all disks and external field along x.
 Time Taken = 6.568000 picoseconds
 Relaxing nanodisk array with pi/4 orientation as initial states for all disks and external field along y.
 Time Taken = 3.847000 picoseconds
 Time taken by nanomagnet computing = 324.984909 (sec)
 Detection Rate 0.794235 at 0.349896 false alarm
dimRedAlg =

SymSNE


 Wanted to embed 365 magnets embedded 365 magnet
 Writing coordinates of magnets in text file Coords.txt
 Image mask in VisionDots.bmp
 Relaxing nanodisk array with pi/4 orientation as initial states for all disks and external field along x.
 Time Taken = 0.612000 picoseconds
 Relaxing nanodisk array with pi/4 orientation as initial states for all disks and external field along y.
 Time Taken = 0.571000 picoseconds
 Time taken by nanomagnet computing = 274.861361 (sec)
 Detection Rate 0.549370 at 0.428619 false alarm
dimRedAlg =

tSNE

Mean value of sigma: 0.45964
Minimum value of sigma: 0.15304
Maximum value of sigma: 1.7911

 Wanted to embed 365 magnets embedded 365 magnet
 Writing coordinates of magnets in text file Coords.txt
 Image mask in VisionDots.bmp
 Relaxing nanodisk array with pi/4 orientation as initial states for all disks and external field along x.
 Time Taken = 2.992000 picoseconds
 Relaxing nanodisk array with pi/4 orientation as initial states for all disks and external field along y.
 Time Taken = 3.794000 picoseconds
 Time taken by nanomagnet computing = 111.861080 (sec)
 Detection Rate 0.657720 at 0.298548 false alarm
dimRedAlg =

NPE


 Wanted to embed 365 magnets embedded 365 magnet
 Writing coordinates of magnets in text file Coords.txt
 Image mask in VisionDots.bmp
 Relaxing nanodisk array with pi/4 orientation as initial states for all disks and external field along x.
 Time Taken = 4.475000 picoseconds
 Relaxing nanodisk array with pi/4 orientation as initial states for all disks and external field along y.
 Time Taken = 2.320000 picoseconds
 Time taken by nanomagnet computing = 6.317241 (sec)
 Detection Rate 0.292247 at 0.090087 false alarm
dimRedAlg =

LPP


 Wanted to embed 365 magnets embedded 365 magnet
 Writing coordinates of magnets in text file Coords.txt
 Image mask in VisionDots.bmp
 Relaxing nanodisk array with pi/4 orientation as initial states for all disks and external field along x.
 Time Taken = 10.699000 picoseconds
 Relaxing nanodisk array with pi/4 orientation as initial states for all disks and external field along y.
 Time Taken = 5.209000 picoseconds
 Time taken by nanomagnet computing = 8.829017 (sec)
 Detection Rate 0.224983 at 0.080465 false alarm
dimRedAlg =

SPE


 Wanted to embed 365 magnets embedded 365 magnet
 Writing coordinates of magnets in text file Coords.txt
 Image mask in VisionDots.bmp
 Relaxing nanodisk array with pi/4 orientation as initial states for all disks and external field along x.slurmstepd: *** JOB 1930737 CANCELLED AT 2015-10-12T16:02:06 DUE TO TIME LIMIT on wh-520-10-12 ***
