
                            < M A T L A B (R) >
                  Copyright 1984-2015 The MathWorks, Inc.
                   R2015a (8.5.0.197613) 64-bit (glnxa64)
                             February 12, 2015

 
To get started, type one of these: helpwin, helpdesk, or demo.
For product information, visit www.mathworks.com.
 

	Academic License


img1 =

pheasant.pgm.atts


img2 =

dummy


minGap =

    20


startTime =

12-Oct-2015 13:36:35

## Starting Data/pheasant.pgm.atts

 621 longest primitives returned (232 lines, 389 arcs read, but returning only 3000 max elements for computational reasons)

 Time taken by traditional algorithm = 1966.690391 (sec)
dimRedAlg =

PCA


 Wanted to embed 621 magnets embedded 621 magnet
 Writing coordinates of magnets in text file Coords.txt
 Image mask in VisionDots.bmp
 Relaxing nanodisk array with pi/4 orientation as initial states for all disks and external field along x.
 Time Taken = 3.921000 picoseconds
 Relaxing nanodisk array with pi/4 orientation as initial states for all disks and external field along y.
 Time Taken = 4.449000 picoseconds
 Time taken by nanomagnet computing = 11.964493 (sec)
 Detection Rate 0.369683 at 0.093410 false alarm
dimRedAlg =

LDA


 Wanted to embed 621 magnets embedded 621 magnet
 Writing coordinates of magnets in text file Coords.txt
 Image mask in VisionDots.bmp
 Relaxing nanodisk array with pi/4 orientation as initial states for all disks and external field along x.
 Time Taken = 6.390000 picoseconds
 Relaxing nanodisk array with pi/4 orientation as initial states for all disks and external field along y.
 Time Taken = 3.909000 picoseconds
 Time taken by nanomagnet computing = 4.878474 (sec)
 Detection Rate 0.432032 at 0.086289 false alarm
dimRedAlg =

MDS


 Wanted to embed 621 magnets embedded 621 magnet
 Writing coordinates of magnets in text file Coords.txt
 Image mask in VisionDots.bmp
 Relaxing nanodisk array with pi/4 orientation as initial states for all disks and external field along x.
 Time Taken = 3.921000 picoseconds
 Relaxing nanodisk array with pi/4 orientation as initial states for all disks and external field along y.
 Time Taken = 4.449000 picoseconds
 Time taken by nanomagnet computing = 3.958569 (sec)
 Detection Rate 0.369683 at 0.093410 false alarm
dimRedAlg =

ProbPCA


 Wanted to embed 621 magnets embedded 621 magnet
 Writing coordinates of magnets in text file Coords.txt
 Image mask in VisionDots.bmp
 Relaxing nanodisk array with pi/4 orientation as initial states for all disks and external field along x.
 Time Taken = 7.114000 picoseconds
 Relaxing nanodisk array with pi/4 orientation as initial states for all disks and external field along y.
 Time Taken = 62.969000 picoseconds
 Time taken by nanomagnet computing = 208.453073 (sec)
 Detection Rate 0.490302 at 0.095417 false alarm
dimRedAlg =

FactorAnalysis

 

 Wanted to embed 621 magnets embedded 621 magnet
 Writing coordinates of magnets in text file Coords.txt
 Image mask in VisionDots.bmp
 Relaxing nanodisk array with pi/4 orientation as initial states for all disks and external field along x.
 Time Taken = 3.041000 picoseconds
 Relaxing nanodisk array with pi/4 orientation as initial states for all disks and external field along y.
 Time Taken = 12.623000 picoseconds
 Time taken by nanomagnet computing = 392.756977 (sec)
 Detection Rate 0.205194 at 0.094187 false alarm
dimRedAlg =

Sammon


 Wanted to embed 621 magnets embedded 621 magnet
 Writing coordinates of magnets in text file Coords.txt
 Image mask in VisionDots.bmp
 Relaxing nanodisk array with pi/4 orientation as initial states for all disks and external field along x.slurmstepd: *** JOB 1930772 CANCELLED AT 2015-10-12T16:06:37 DUE TO TIME LIMIT on wh-520-9-12 ***
