
                            < M A T L A B (R) >
                  Copyright 1984-2015 The MathWorks, Inc.
                   R2015a (8.5.0.197613) 64-bit (glnxa64)
                             February 12, 2015

 
To get started, type one of these: helpwin, helpdesk, or demo.
For product information, visit www.mathworks.com.
 

	Academic License


img1 =

S006I018.PGM.atts


img2 =

dummy


minGap =

    20


startTime =

12-Oct-2015 20:39:08

## Starting Data/S006I018.PGM.atts

 347 longest primitives returned (168 lines, 179 arcs read, but returning only 3000 max elements for computational reasons)

 Time taken by traditional algorithm = 77.154947 (sec)
dimRedAlg =

PCA


dimRedAlg =

LDA


dimRedAlg =

MDS


dimRedAlg =

ProbPCA


dimRedAlg =

FactorAnalysis


dimRedAlg =

Sammon


dimRedAlg =

Isomap

Constructing neighborhood graph...
Computing shortest paths...
Constructing low-dimensional embedding...

 Wanted to embed 346 magnets embedded 346 magnet
 #*#*# ERROR: Failed Execution. Alg: Isomap, File: Data/S006I018.PGM.atts

magnetVisionException = 

  MException with properties:

    identifier: 'MATLAB:badsubscript'
       message: 'Index exceeds matrix dimensions.'
         cause: {}
         stack: [3x1 struct]


dimRedAlg =

LandmarkIsomap


 Wanted to embed 346 magnets embedded 346 magnet
 #*#*# ERROR: Failed Execution. Alg: LandmarkIsomap, File: Data/S006I018.PGM.atts

magnetVisionException = 

  MException with properties:

    identifier: 'MATLAB:badsubscript'
       message: 'Index exceeds matrix dimensions.'
         cause: {}
         stack: [3x1 struct]


dimRedAlg =

LLE


 Wanted to embed 346 magnets embedded 346 magnet
 #*#*# ERROR: Failed Execution. Alg: LLE, File: Data/S006I018.PGM.atts

magnetVisionException = 

  MException with properties:

    identifier: 'MATLAB:badsubscript'
       message: 'Index exceeds matrix dimensions.'
         cause: {}
         stack: [3x1 struct]


dimRedAlg =

Laplacian


dimRedAlg =

HessianLLE


 #*#*# ERROR: Failed Execution. Alg: HessianLLE, File: Data/S006I018.PGM.atts

magnetVisionException = 

  MException with properties:

    identifier: 'MATLAB:eigs:AminusBSingular'
       message: 'The shifted operator is singular. The shift is an eigenva...'
         cause: {0x1 cell}
         stack: [8x1 struct]


dimRedAlg =

LTSA

Find nearest neighbors...
Compute local information matrices for all datapoints...
Construct alignment matrix...
Perform eigenanalysis...

 #*#*# ERROR: Failed Execution. Alg: LTSA, File: Data/S006I018.PGM.atts

magnetVisionException = 

  MException with properties:

    identifier: 'MATLAB:eigs:AminusBSingular'
       message: 'The shifted operator is singular. The shift is an eigenva...'
         cause: {0x1 cell}
         stack: [8x1 struct]


dimRedAlg =

DiffusionMaps


dimRedAlg =

KernelPCA


dimRedAlg =

SNE


dimRedAlg =

SymSNE


dimRedAlg =

tSNE


dimRedAlg =

NPE


dimRedAlg =

LPP


dimRedAlg =

SPE


dimRedAlg =

LLTSA


dimRedAlg =

CCA

Running normal LLE...
Running Conformal Eigenmaps...
CSDP OUTPUT =============================================================================
Iedge :7962, ivertex: 26988
Elements time: 0.948963 
Factor time: 0.009618 
Other time: 0.425280 
Total time: 1.383862 
=========================================================================================

 Wanted to embed 346 magnets embedded 346 magnet
 #*#*# ERROR: Failed Execution. Alg: CCA, File: Data/S006I018.PGM.atts

magnetVisionException = 

  MException with properties:

    identifier: 'MATLAB:badsubscript'
       message: 'Index exceeds matrix dimensions.'
         cause: {}
         stack: [3x1 struct]


dimRedAlg =

MVU

Running normal LLE...
Running Maximum Variance Unfolding...
CSDP OUTPUT =============================================================================
Iedge :3030, ivertex: 4152
Elements time: 1.679862 
Factor time: 0.001677 
Other time: 0.597010 
Total time: 2.278549 
=========================================================================================

 Wanted to embed 346 magnets embedded 346 magnet
 #*#*# ERROR: Failed Execution. Alg: MVU, File: Data/S006I018.PGM.atts

magnetVisionException = 

  MException with properties:

    identifier: 'MATLAB:badsubscript'
       message: 'Index exceeds matrix dimensions.'
         cause: {}
         stack: [3x1 struct]


dimRedAlg =

LandmarkMVU


dimRedAlg =

FastMVU

Elements time: 0.001296 
Factor time: 0.000061 
Other time: 0.016459 
Total time: 0.017816 

 Wanted to embed 346 magnets embedded 346 magnet
 #*#*# ERROR: Failed Execution. Alg: FastMVU, File: Data/S006I018.PGM.atts

magnetVisionException = 

  MException with properties:

    identifier: 'MATLAB:badsubscript'
       message: 'Index exceeds matrix dimensions.'
         cause: {}
         stack: [3x1 struct]


dimRedAlg =

LLC


dimRedAlg =

GPLVM


dimRedAlg =

Autoencoder

Network size: 422   90   35    2
Initial MSE of reconstructions: 0.1951
Final MSE of reconstructions: 0.0011118
Initial MSE of reconstructions: 0.0020667
Final MSE of reconstructions: 2.7193e-05
Initial MSE of reconstructions: 0.0050991
Final MSE of reconstructions: 5.6305e-05
Initial MSE of reconstructions: 0.0049627
Final MSE of reconstructions: 5.3775e-05
MSE of initial model: 0.19048
MSE of final model: 0.45982

 Wanted to embed 347 magnets embedded 347 magnet
 Writing coordinates of magnets in text file Coords.txt
 Image mask in VisionDots.bmp
 Relaxing nanodisk array with pi/4 orientation as initial states for all disks and external field along x.
 Time Taken = 1.731000 picoseconds
 Relaxing nanodisk array with pi/4 orientation as initial states for all disks and external field along y.
 Time Taken = 13.129000 picoseconds
 Time taken by nanomagnet computing = 860.142057 (sec)
 Detection Rate 0.478585 at 0.078795 false alarm
dimRedAlg =

NCA


 Wanted to embed 347 magnets embedded 347 magnet
 Writing coordinates of magnets in text file Coords.txt
 Image mask in VisionDots.bmp
 Relaxing nanodisk array with pi/4 orientation as initial states for all disks and external field along x.
 Time Taken = 1.769000 picoseconds
 Relaxing nanodisk array with pi/4 orientation as initial states for all disks and external field along y.
 Time Taken = 2.264000 picoseconds
 Time taken by nanomagnet computing = 787.783849 (sec)
 Detection Rate 0.377740 at 0.093136 false alarm
dimRedAlg =

MCML


 Wanted to embed 347 magnets embedded 347 magnet
 Writing coordinates of magnets in text file Coords.txt
 Image mask in VisionDots.bmp
 Relaxing nanodisk array with pi/4 orientation as initial states for all disks and external field along x.
 Time Taken = 5.703000 picoseconds
 Relaxing nanodisk array with pi/4 orientation as initial states for all disks and external field along y.
 Time Taken = 4.306000 picoseconds
 Time taken by nanomagnet computing = 1004.207470 (sec)
 Detection Rate 0.530297 at 0.094502 false alarm
dimRedAlg =

LMNN


 Wanted to embed 347 magnets embedded 347 magnet
 Writing coordinates of magnets in text file Coords.txt
 Image mask in VisionDots.bmp
 Relaxing nanodisk array with pi/4 orientation as initial states for all disks and external field along x.
 Time Taken = 2.618000 picoseconds
 Relaxing nanodisk array with pi/4 orientation as initial states for all disks and external field along y.
 Time Taken = 2.665000 picoseconds
 Time taken by nanomagnet computing = 2472.419446 (sec)
 Detection Rate 0.315141 at 0.095441 false alarm
startTime =

12-Oct-2015 20:39:08


endTIme =

12-Oct-2015 22:26:40

Elapsed time is 2617.489762 seconds.

startTime =

12-Oct-2015 22:26:40

## Starting Data/dummy
{Error using fscanf
Invalid file identifier. Use fopen to generate a valid file identifier.

Error in ReadEdgeAttsFile (line 31)
paren = fscanf(infile, ' %c', 1);


Error in main (line 54)
Lines = ReadEdgeAttsFile (ImageFile);


Error in rp_gridMain_Run2Img (line 20)
	main(['Data' filesep img2], minGap);

} 
>> 