
                            < M A T L A B (R) >
                  Copyright 1984-2015 The MathWorks, Inc.
                   R2015a (8.5.0.197613) 64-bit (glnxa64)
                             February 12, 2015

 
To get started, type one of these: helpwin, helpdesk, or demo.
For product information, visit www.mathworks.com.
 

	Academic License


img1 =

buildings.pgm.atts


img2 =

dummy


minGap =

    20


startTime =

13-Oct-2015 16:59:47

## Starting Data/buildings.pgm.atts

 699 longest primitives returned (290 lines, 409 arcs read, but returning only 3000 max elements for computational reasons)

 Time taken by traditional algorithm = 735.514421 (sec)
dimRedAlg =

PCA


dimRedAlg =

LDA


dimRedAlg =

MDS


dimRedAlg =

ProbPCA


dimRedAlg =

FactorAnalysis


dimRedAlg =

Sammon


dimRedAlg =

Isomap

Constructing neighborhood graph...
Computing shortest paths...
Constructing low-dimensional embedding...

 Wanted to embed 676 magnets embedded 676 magnet
 #*#*# ERROR: Failed Execution. Alg: Isomap, File: Data/buildings.pgm.atts

magnetVisionException = 

  MException with properties:

    identifier: 'MATLAB:badsubscript'
       message: 'Index exceeds matrix dimensions.'
         cause: {}
         stack: [3x1 struct]


dimRedAlg =

LandmarkIsomap


 Wanted to embed 676 magnets embedded 676 magnet
 #*#*# ERROR: Failed Execution. Alg: LandmarkIsomap, File: Data/buildings.pgm.atts

magnetVisionException = 

  MException with properties:

    identifier: 'MATLAB:badsubscript'
       message: 'Index exceeds matrix dimensions.'
         cause: {}
         stack: [3x1 struct]


dimRedAlg =

LLE


 Wanted to embed 676 magnets embedded 676 magnet
 #*#*# ERROR: Failed Execution. Alg: LLE, File: Data/buildings.pgm.atts

magnetVisionException = 

  MException with properties:

    identifier: 'MATLAB:badsubscript'
       message: 'Index exceeds matrix dimensions.'
         cause: {}
         stack: [3x1 struct]


dimRedAlg =

Laplacian


dimRedAlg =

HessianLLE


 #*#*# ERROR: Failed Execution. Alg: HessianLLE, File: Data/buildings.pgm.atts

magnetVisionException = 

  MException with properties:

    identifier: 'MATLAB:eigs:AminusBSingular'
       message: 'The shifted operator is singular. The shift is an eigenva...'
         cause: {0x1 cell}
         stack: [8x1 struct]


dimRedAlg =

LTSA

Find nearest neighbors...
Compute local information matrices for all datapoints...
Construct alignment matrix...
Perform eigenanalysis...

 #*#*# ERROR: Failed Execution. Alg: LTSA, File: Data/buildings.pgm.atts

magnetVisionException = 

  MException with properties:

    identifier: 'MATLAB:eigs:AminusBSingular'
       message: 'The shifted operator is singular. The shift is an eigenva...'
         cause: {0x1 cell}
         stack: [8x1 struct]


dimRedAlg =

DiffusionMaps


dimRedAlg =

KernelPCA


dimRedAlg =

SNE


dimRedAlg =

SymSNE


dimRedAlg =

tSNE


dimRedAlg =

NPE


dimRedAlg =

LPP


dimRedAlg =

SPE


dimRedAlg =

LLTSA


dimRedAlg =

CCA

Running normal LLE...
Running Conformal Eigenmaps...
CSDP OUTPUT =============================================================================
Iedge :17700, ivertex: 52728
Elements time: 0.493617 
Factor time: 0.000750 
Other time: 0.179857 
Total time: 0.674224 
=========================================================================================

 Wanted to embed 676 magnets embedded 676 magnet
 #*#*# ERROR: Failed Execution. Alg: CCA, File: Data/buildings.pgm.atts

magnetVisionException = 

  MException with properties:

    identifier: 'MATLAB:badsubscript'
       message: 'Index exceeds matrix dimensions.'
         cause: {}
         stack: [3x1 struct]


dimRedAlg =

MVU

Running normal LLE...
Running Maximum Variance Unfolding...
CSDP OUTPUT =============================================================================
Iedge :5943, ivertex: 8112
Elements time: 0.427111 
Factor time: 0.000695 
Other time: 0.136017 
Total time: 0.563823 
=========================================================================================

 Wanted to embed 676 magnets embedded 676 magnet
 #*#*# ERROR: Failed Execution. Alg: MVU, File: Data/buildings.pgm.atts

magnetVisionException = 

  MException with properties:

    identifier: 'MATLAB:badsubscript'
       message: 'Index exceeds matrix dimensions.'
         cause: {}
         stack: [3x1 struct]


dimRedAlg =

LandmarkMVU


dimRedAlg =

FastMVU

Elements time: 0.001029 
Factor time: 0.000060 
Other time: 0.006570 
Total time: 0.007659 

 Wanted to embed 676 magnets embedded 676 magnet
 #*#*# ERROR: Failed Execution. Alg: FastMVU, File: Data/buildings.pgm.atts

magnetVisionException = 

  MException with properties:

    identifier: 'MATLAB:badsubscript'
       message: 'Index exceeds matrix dimensions.'
         cause: {}
         stack: [3x1 struct]


dimRedAlg =

LLC


dimRedAlg =

GPLVM


dimRedAlg =

Autoencoder

Network size: 844  178   70    2
Initial MSE of reconstructions: 0.18829
Final MSE of reconstructions: 0.0010038
Initial MSE of reconstructions: 0.083159
Final MSE of reconstructions: 0.00030565
Initial MSE of reconstructions: 0.012297
Final MSE of reconstructions: 0.00011894
Initial MSE of reconstructions: 0.014054
Final MSE of reconstructions: 0.00016138
MSE of initial model: 0.17796
MSE of final model: 0.80388

 Wanted to embed 699 magnets embedded 699 magnet
 Writing coordinates of magnets in text file Coords.txt
 Image mask in VisionDots.bmp
 Relaxing nanodisk array with pi/4 orientation as initial states for all disks and external field along x.
 Time Taken = 11.779000 picoseconds
 Relaxing nanodisk array with pi/4 orientation as initial states for all disks and external field along y.
 Time Taken = 7.581000 picoseconds
 Time taken by nanomagnet computing = 1048.584489 (sec)
 Detection Rate 0.333589 at 0.082552 false alarm
dimRedAlg =

NCA


 Wanted to embed 699 magnets embedded 699 magnet
 Writing coordinates of magnets in text file Coords.txt
 Image mask in VisionDots.bmp
 Relaxing nanodisk array with pi/4 orientation as initial states for all disks and external field along x.
 Time Taken = 2.610000 picoseconds
 Relaxing nanodisk array with pi/4 orientation as initial states for all disks and external field along y.
 Time Taken = 81.514000 picoseconds
 Time taken by nanomagnet computing = 686.023026 (sec)
 Detection Rate 0.088571 at 0.091490 false alarm
dimRedAlg =

MCML


 Wanted to embed 699 magnets embedded 699 magnet
 Writing coordinates of magnets in text file Coords.txt
 Image mask in VisionDots.bmp
 Relaxing nanodisk array with pi/4 orientation as initial states for all disks and external field along x.
 Time Taken = 2.313000 picoseconds
 Relaxing nanodisk array with pi/4 orientation as initial states for all disks and external field along y.
 Time Taken = 14.593000 picoseconds
 Time taken by nanomagnet computing = 1518.161886 (sec)
 Detection Rate 0.259303 at 0.098602 false alarm
dimRedAlg =

LMNN


 Wanted to embed 699 magnets embedded 699 magnet
 Writing coordinates of magnets in text file Coords.txt
 Image mask in VisionDots.bmp
 Relaxing nanodisk array with pi/4 orientation as initial states for all disks and external field along x.
 Time Taken = 1.852000 picoseconds
 Relaxing nanodisk array with pi/4 orientation as initial states for all disks and external field along y.
 Time Taken = 3.407000 picoseconds
 Time taken by nanomagnet computing = 485.438999 (sec)
 Detection Rate 0.304460 at 0.086925 false alarm
startTime =

13-Oct-2015 16:59:47


endTIme =

13-Oct-2015 18:44:24

Elapsed time is 540.523756 seconds.

startTime =

13-Oct-2015 18:44:24

## Starting Data/dummy
{Error using fscanf
Invalid file identifier. Use fopen to generate a valid file identifier.

Error in ReadEdgeAttsFile (line 31)
paren = fscanf(infile, ' %c', 1);


Error in main (line 54)
Lines = ReadEdgeAttsFile (ImageFile);


Error in rp_gridMain_Run2Img (line 20)
	main(['Data' filesep img2], minGap);

} 
>> 