
                            < M A T L A B (R) >
                  Copyright 1984-2015 The MathWorks, Inc.
                   R2015a (8.5.0.197613) 64-bit (glnxa64)
                             February 12, 2015

 
To get started, type one of these: helpwin, helpdesk, or demo.
For product information, visit www.mathworks.com.
 

	Academic License


img1 =

nicobarpigeon.pgm.atts


img2 =

dummy


minGap =

    20


startTime =

13-Oct-2015 17:04:07

## Starting Data/nicobarpigeon.pgm.atts

 677 longest primitives returned (285 lines, 392 arcs read, but returning only 3000 max elements for computational reasons)

 Time taken by traditional algorithm = 985.380922 (sec)
dimRedAlg =

PCA


dimRedAlg =

LDA


dimRedAlg =

MDS


dimRedAlg =

ProbPCA


dimRedAlg =

FactorAnalysis


dimRedAlg =

Sammon


dimRedAlg =

Isomap

Constructing neighborhood graph...
Computing shortest paths...
Constructing low-dimensional embedding...

 Wanted to embed 669 magnets embedded 669 magnet
 #*#*# ERROR: Failed Execution. Alg: Isomap, File: Data/nicobarpigeon.pgm.atts

magnetVisionException = 

  MException with properties:

    identifier: 'MATLAB:badsubscript'
       message: 'Index exceeds matrix dimensions.'
         cause: {}
         stack: [3x1 struct]


dimRedAlg =

LandmarkIsomap


 Wanted to embed 669 magnets embedded 669 magnet
 #*#*# ERROR: Failed Execution. Alg: LandmarkIsomap, File: Data/nicobarpigeon.pgm.atts

magnetVisionException = 

  MException with properties:

    identifier: 'MATLAB:badsubscript'
       message: 'Index exceeds matrix dimensions.'
         cause: {}
         stack: [3x1 struct]


dimRedAlg =

LLE


 Wanted to embed 669 magnets embedded 669 magnet
 #*#*# ERROR: Failed Execution. Alg: LLE, File: Data/nicobarpigeon.pgm.atts

magnetVisionException = 

  MException with properties:

    identifier: 'MATLAB:badsubscript'
       message: 'Index exceeds matrix dimensions.'
         cause: {}
         stack: [3x1 struct]


dimRedAlg =

Laplacian


dimRedAlg =

HessianLLE


 #*#*# ERROR: Failed Execution. Alg: HessianLLE, File: Data/nicobarpigeon.pgm.atts

magnetVisionException = 

  MException with properties:

    identifier: 'MATLAB:eigs:AminusBSingular'
       message: 'The shifted operator is singular. The shift is an eigenva...'
         cause: {0x1 cell}
         stack: [8x1 struct]


dimRedAlg =

LTSA

Find nearest neighbors...
Compute local information matrices for all datapoints...
Construct alignment matrix...
Perform eigenanalysis...

 #*#*# ERROR: Failed Execution. Alg: LTSA, File: Data/nicobarpigeon.pgm.atts

magnetVisionException = 

  MException with properties:

    identifier: 'MATLAB:eigs:AminusBSingular'
       message: 'The shifted operator is singular. The shift is an eigenva...'
         cause: {0x1 cell}
         stack: [8x1 struct]


dimRedAlg =

DiffusionMaps


dimRedAlg =

KernelPCA


dimRedAlg =

SNE


dimRedAlg =

SymSNE


dimRedAlg =

tSNE


dimRedAlg =

NPE


dimRedAlg =

LPP


dimRedAlg =

SPE


dimRedAlg =

LLTSA


dimRedAlg =

CCA

Running normal LLE...
Running Conformal Eigenmaps...
CSDP OUTPUT =============================================================================
Iedge :19727, ivertex: 52182
Elements time: 0.480254 
Factor time: 0.000857 
Other time: 0.183578 
Total time: 0.664689 
=========================================================================================

 Wanted to embed 669 magnets embedded 669 magnet
 #*#*# ERROR: Failed Execution. Alg: CCA, File: Data/nicobarpigeon.pgm.atts

magnetVisionException = 

  MException with properties:

    identifier: 'MATLAB:badsubscript'
       message: 'Index exceeds matrix dimensions.'
         cause: {}
         stack: [3x1 struct]


dimRedAlg =

MVU

Running normal LLE...
Running Maximum Variance Unfolding...
CSDP OUTPUT =============================================================================
Iedge :6019, ivertex: 8028
Elements time: 0.484651 
Factor time: 0.000937 
Other time: 0.163848 
Total time: 0.649436 
=========================================================================================

 Wanted to embed 669 magnets embedded 669 magnet
 #*#*# ERROR: Failed Execution. Alg: MVU, File: Data/nicobarpigeon.pgm.atts

magnetVisionException = 

  MException with properties:

    identifier: 'MATLAB:badsubscript'
       message: 'Index exceeds matrix dimensions.'
         cause: {}
         stack: [3x1 struct]


dimRedAlg =

LandmarkMVU


dimRedAlg =

FastMVU

Elements time: 0.001168 
Factor time: 0.000053 
Other time: 0.006489 
Total time: 0.007710 

 Wanted to embed 669 magnets embedded 669 magnet
 #*#*# ERROR: Failed Execution. Alg: FastMVU, File: Data/nicobarpigeon.pgm.atts

magnetVisionException = 

  MException with properties:

    identifier: 'MATLAB:badsubscript'
       message: 'Index exceeds matrix dimensions.'
         cause: {}
         stack: [3x1 struct]


dimRedAlg =

LLC


dimRedAlg =

GPLVM


dimRedAlg =

Autoencoder


dimRedAlg =

NCA


dimRedAlg =

MCML


dimRedAlg =

LMNN


startTime =

13-Oct-2015 17:04:07


endTIme =

13-Oct-2015 17:30:09

Elapsed time is 1.215380 seconds.

startTime =

13-Oct-2015 17:30:09

## Starting Data/dummy
{Error using fscanf
Invalid file identifier. Use fopen to generate a valid file identifier.

Error in ReadEdgeAttsFile (line 31)
paren = fscanf(infile, ' %c', 1);


Error in main (line 54)
Lines = ReadEdgeAttsFile (ImageFile);


Error in rp_gridMain_Run2Img (line 20)
	main(['Data' filesep img2], minGap);

} 
>> 