
                            < M A T L A B (R) >
                  Copyright 1984-2015 The MathWorks, Inc.
                   R2015a (8.5.0.197613) 64-bit (glnxa64)
                             February 12, 2015

 
To get started, type one of these: helpwin, helpdesk, or demo.
For product information, visit www.mathworks.com.
 

	Academic License


img1 =

homes.pgm.atts


img2 =

dummy


minGap =

    20


startTime =

13-Oct-2015 17:01:01

## Starting Data/homes.pgm.atts

 954 longest primitives returned (455 lines, 499 arcs read, but returning only 3000 max elements for computational reasons)

 Time taken by traditional algorithm = 832.017905 (sec)
dimRedAlg =

PCA


dimRedAlg =

LDA


dimRedAlg =

MDS


dimRedAlg =

ProbPCA


dimRedAlg =

FactorAnalysis


dimRedAlg =

Sammon


dimRedAlg =

Isomap

Constructing neighborhood graph...
Computing shortest paths...
Constructing low-dimensional embedding...

 Wanted to embed 939 magnets embedded 939 magnet
 #*#*# ERROR: Failed Execution. Alg: Isomap, File: Data/homes.pgm.atts

magnetVisionException = 

  MException with properties:

    identifier: 'MATLAB:badsubscript'
       message: 'Index exceeds matrix dimensions.'
         cause: {}
         stack: [3x1 struct]


dimRedAlg =

LandmarkIsomap


 Wanted to embed 939 magnets embedded 939 magnet
 #*#*# ERROR: Failed Execution. Alg: LandmarkIsomap, File: Data/homes.pgm.atts

magnetVisionException = 

  MException with properties:

    identifier: 'MATLAB:badsubscript'
       message: 'Index exceeds matrix dimensions.'
         cause: {}
         stack: [3x1 struct]


dimRedAlg =

LLE


 Wanted to embed 939 magnets embedded 939 magnet
 #*#*# ERROR: Failed Execution. Alg: LLE, File: Data/homes.pgm.atts

magnetVisionException = 

  MException with properties:

    identifier: 'MATLAB:badsubscript'
       message: 'Index exceeds matrix dimensions.'
         cause: {}
         stack: [3x1 struct]


dimRedAlg =

Laplacian


dimRedAlg =

HessianLLE


 #*#*# ERROR: Failed Execution. Alg: HessianLLE, File: Data/homes.pgm.atts

magnetVisionException = 

  MException with properties:

    identifier: 'MATLAB:eigs:AminusBSingular'
       message: 'The shifted operator is singular. The shift is an eigenva...'
         cause: {0x1 cell}
         stack: [8x1 struct]


dimRedAlg =

LTSA

Find nearest neighbors...
Compute local information matrices for all datapoints...
Construct alignment matrix...
Perform eigenanalysis...

 #*#*# ERROR: Failed Execution. Alg: LTSA, File: Data/homes.pgm.atts

magnetVisionException = 

  MException with properties:

    identifier: 'MATLAB:eigs:AminusBSingular'
       message: 'The shifted operator is singular. The shift is an eigenva...'
         cause: {0x1 cell}
         stack: [8x1 struct]


dimRedAlg =

DiffusionMaps


dimRedAlg =

KernelPCA


dimRedAlg =

SNE


dimRedAlg =

SymSNE


dimRedAlg =

tSNE


dimRedAlg =

NPE


dimRedAlg =

LPP


dimRedAlg =

SPE


dimRedAlg =

LLTSA


 #*#*# ERROR: Failed Execution. Alg: LLTSA, File: Data/homes.pgm.atts

magnetVisionException = 

  MException with properties:

    identifier: 'MATLAB:eigs:ARPACKroutineErrorMinus14'
       message: 'Error with ARPACK routine dneupd:
 dnaupd did not find an...'
         cause: {0x1 cell}
         stack: [7x1 struct]


dimRedAlg =

CCA

Running normal LLE...
Running Conformal Eigenmaps...
CSDP OUTPUT =============================================================================
Iedge :25102, ivertex: 73242
Elements time: 0.470725 
Factor time: 0.000692 
Other time: 0.168192 
Total time: 0.639609 
=========================================================================================

 Wanted to embed 939 magnets embedded 939 magnet
 #*#*# ERROR: Failed Execution. Alg: CCA, File: Data/homes.pgm.atts

magnetVisionException = 

  MException with properties:

    identifier: 'MATLAB:badsubscript'
       message: 'Index exceeds matrix dimensions.'
         cause: {}
         stack: [3x1 struct]


dimRedAlg =

MVU

Running normal LLE...
Running Maximum Variance Unfolding...
CSDP OUTPUT =============================================================================
Iedge :8703, ivertex: 11268
Elements time: 0.498035 
Factor time: 0.000798 
Other time: 0.154861 
Total time: 0.653693 
=========================================================================================

 Wanted to embed 939 magnets embedded 939 magnet
 #*#*# ERROR: Failed Execution. Alg: MVU, File: Data/homes.pgm.atts

magnetVisionException = 

  MException with properties:

    identifier: 'MATLAB:badsubscript'
       message: 'Index exceeds matrix dimensions.'
         cause: {}
         stack: [3x1 struct]


dimRedAlg =

LandmarkMVU


dimRedAlg =

FastMVU

Elements time: 0.001385 
Factor time: 0.000057 
Other time: 0.006857 
Total time: 0.008299 

 Wanted to embed 939 magnets embedded 939 magnet
 #*#*# ERROR: Failed Execution. Alg: FastMVU, File: Data/homes.pgm.atts

magnetVisionException = 

  MException with properties:

    identifier: 'MATLAB:badsubscript'
       message: 'Index exceeds matrix dimensions.'
         cause: {}
         stack: [3x1 struct]


dimRedAlg =

LLC


dimRedAlg =

GPLVM


dimRedAlg =

Autoencoder


dimRedAlg =

NCA


dimRedAlg =

MCML


 Wanted to embed 954 magnets embedded 954 magnet
 Writing coordinates of magnets in text file Coords.txt
 Image mask in VisionDots.bmp
 Relaxing nanodisk array with pi/4 orientation as initial states for all disks and external field along x.
 Time Taken = 8.911000 picoseconds
 Relaxing nanodisk array with pi/4 orientation as initial states for all disks and external field along y.
 Time Taken = 1.298000 picoseconds
 Time taken by nanomagnet computing = 14277.191857 (sec)
 Detection Rate 0.504609 at 0.097603 false alarm
dimRedAlg =

LMNN


 Wanted to embed 954 magnets embedded 954 magnet
 Writing coordinates of magnets in text file Coords.txt
 Image mask in VisionDots.bmp
 Relaxing nanodisk array with pi/4 orientation as initial states for all disks and external field along x.
 Time Taken = 9.728000 picoseconds
 Relaxing nanodisk array with pi/4 orientation as initial states for all disks and external field along y.
 Time Taken = 1.241000 picoseconds
 Time taken by nanomagnet computing = 1034.759731 (sec)
 Detection Rate 0.471435 at 0.085108 false alarm
startTime =

13-Oct-2015 17:01:01


endTIme =

13-Oct-2015 21:49:15

Elapsed time is 1222.863571 seconds.

startTime =

13-Oct-2015 21:49:15

## Starting Data/dummy
{Error using fscanf
Invalid file identifier. Use fopen to generate a valid file identifier.

Error in ReadEdgeAttsFile (line 31)
paren = fscanf(infile, ' %c', 1);


Error in main (line 54)
Lines = ReadEdgeAttsFile (ImageFile);


Error in rp_gridMain_Run2Img (line 20)
	main(['Data' filesep img2], minGap);

} 
>> 