
                            < M A T L A B (R) >
                  Copyright 1984-2015 The MathWorks, Inc.
                   R2015a (8.5.0.197613) 64-bit (glnxa64)
                             February 12, 2015

 
To get started, type one of these: helpwin, helpdesk, or demo.
For product information, visit www.mathworks.com.
 

	Academic License


img1 =

mailbox.pgm.atts


img2 =

dummy


minGap =

    20


startTime =

13-Oct-2015 17:03:31

## Starting Data/mailbox.pgm.atts

 790 longest primitives returned (354 lines, 436 arcs read, but returning only 3000 max elements for computational reasons)

 Time taken by traditional algorithm = 819.057594 (sec)
dimRedAlg =

PCA


dimRedAlg =

LDA


dimRedAlg =

MDS


dimRedAlg =

ProbPCA


dimRedAlg =

FactorAnalysis


dimRedAlg =

Sammon


dimRedAlg =

Isomap

Constructing neighborhood graph...
Computing shortest paths...
Constructing low-dimensional embedding...

 Wanted to embed 777 magnets embedded 777 magnet
 #*#*# ERROR: Failed Execution. Alg: Isomap, File: Data/mailbox.pgm.atts

magnetVisionException = 

  MException with properties:

    identifier: 'MATLAB:badsubscript'
       message: 'Index exceeds matrix dimensions.'
         cause: {}
         stack: [3x1 struct]


dimRedAlg =

LandmarkIsomap


 Wanted to embed 777 magnets embedded 777 magnet
 #*#*# ERROR: Failed Execution. Alg: LandmarkIsomap, File: Data/mailbox.pgm.atts

magnetVisionException = 

  MException with properties:

    identifier: 'MATLAB:badsubscript'
       message: 'Index exceeds matrix dimensions.'
         cause: {}
         stack: [3x1 struct]


dimRedAlg =

LLE


 Wanted to embed 777 magnets embedded 777 magnet
 #*#*# ERROR: Failed Execution. Alg: LLE, File: Data/mailbox.pgm.atts

magnetVisionException = 

  MException with properties:

    identifier: 'MATLAB:badsubscript'
       message: 'Index exceeds matrix dimensions.'
         cause: {}
         stack: [3x1 struct]


dimRedAlg =

Laplacian


dimRedAlg =

HessianLLE


 #*#*# ERROR: Failed Execution. Alg: HessianLLE, File: Data/mailbox.pgm.atts

magnetVisionException = 

  MException with properties:

    identifier: 'MATLAB:eigs:AminusBSingular'
       message: 'The shifted operator is singular. The shift is an eigenva...'
         cause: {0x1 cell}
         stack: [8x1 struct]


dimRedAlg =

LTSA

Find nearest neighbors...
Compute local information matrices for all datapoints...
Construct alignment matrix...
Perform eigenanalysis...

 #*#*# ERROR: Failed Execution. Alg: LTSA, File: Data/mailbox.pgm.atts

magnetVisionException = 

  MException with properties:

    identifier: 'MATLAB:eigs:AminusBSingular'
       message: 'The shifted operator is singular. The shift is an eigenva...'
         cause: {0x1 cell}
         stack: [8x1 struct]


dimRedAlg =

DiffusionMaps


dimRedAlg =

KernelPCA


dimRedAlg =

SNE


dimRedAlg =

SymSNE


dimRedAlg =

tSNE


dimRedAlg =

NPE


dimRedAlg =

LPP


dimRedAlg =

SPE


dimRedAlg =

LLTSA


 #*#*# ERROR: Failed Execution. Alg: LLTSA, File: Data/mailbox.pgm.atts

magnetVisionException = 

  MException with properties:

    identifier: 'MATLAB:eigs:ARPACKroutineErrorMinus14'
       message: 'Error with ARPACK routine dneupd:
 dnaupd did not find an...'
         cause: {0x1 cell}
         stack: [7x1 struct]


dimRedAlg =

CCA

Running normal LLE...
Running Conformal Eigenmaps...
CSDP OUTPUT =============================================================================
Iedge :22706, ivertex: 60606
Elements time: 0.469187 
Factor time: 0.000785 
Other time: 0.172803 
Total time: 0.642775 
=========================================================================================

 Wanted to embed 777 magnets embedded 777 magnet
 #*#*# ERROR: Failed Execution. Alg: CCA, File: Data/mailbox.pgm.atts

magnetVisionException = 

  MException with properties:

    identifier: 'MATLAB:badsubscript'
       message: 'Index exceeds matrix dimensions.'
         cause: {}
         stack: [3x1 struct]


dimRedAlg =

MVU

Running normal LLE...
Running Maximum Variance Unfolding...
CSDP OUTPUT =============================================================================
Iedge :7079, ivertex: 9324
Elements time: 0.474407 
Factor time: 0.000868 
Other time: 0.148720 
Total time: 0.623995 
=========================================================================================

 Wanted to embed 777 magnets embedded 777 magnet
 #*#*# ERROR: Failed Execution. Alg: MVU, File: Data/mailbox.pgm.atts

magnetVisionException = 

  MException with properties:

    identifier: 'MATLAB:badsubscript'
       message: 'Index exceeds matrix dimensions.'
         cause: {}
         stack: [3x1 struct]


dimRedAlg =

LandmarkMVU


dimRedAlg =

FastMVU

Elements time: 0.001555 
Factor time: 0.000074 
Other time: 0.008316 
Total time: 0.009945 

 Wanted to embed 777 magnets embedded 777 magnet
 #*#*# ERROR: Failed Execution. Alg: FastMVU, File: Data/mailbox.pgm.atts

magnetVisionException = 

  MException with properties:

    identifier: 'MATLAB:badsubscript'
       message: 'Index exceeds matrix dimensions.'
         cause: {}
         stack: [3x1 struct]


dimRedAlg =

LLC


dimRedAlg =

GPLVM


dimRedAlg =

Autoencoder


dimRedAlg =

NCA


dimRedAlg =

MCML


dimRedAlg =

LMNN


startTime =

13-Oct-2015 17:03:31


endTIme =

13-Oct-2015 17:26:57

Elapsed time is 1.781624 seconds.

startTime =

13-Oct-2015 17:26:57

## Starting Data/dummy
{Error using fscanf
Invalid file identifier. Use fopen to generate a valid file identifier.

Error in ReadEdgeAttsFile (line 31)
paren = fscanf(infile, ' %c', 1);


Error in main (line 54)
Lines = ReadEdgeAttsFile (ImageFile);


Error in rp_gridMain_Run2Img (line 20)
	main(['Data' filesep img2], minGap);

} 
>> 