
                            < M A T L A B (R) >
                  Copyright 1984-2015 The MathWorks, Inc.
                   R2015a (8.5.0.197613) 64-bit (glnxa64)
                             February 12, 2015

 
To get started, type one of these: helpwin, helpdesk, or demo.
For product information, visit www.mathworks.com.
 

	Academic License


img1 =

zebra1.pgm.atts


img2 =

dummy


minGap =

    20


startTime =

13-Oct-2015 17:05:15

## Starting Data/zebra1.pgm.atts

 674 longest primitives returned (250 lines, 424 arcs read, but returning only 3000 max elements for computational reasons)

 Time taken by traditional algorithm = 962.910966 (sec)
dimRedAlg =

PCA


dimRedAlg =

LDA


dimRedAlg =

MDS


dimRedAlg =

ProbPCA


dimRedAlg =

FactorAnalysis


dimRedAlg =

Sammon


dimRedAlg =

Isomap

Constructing neighborhood graph...
Computing shortest paths...
Constructing low-dimensional embedding...

 Wanted to embed 671 magnets embedded 671 magnet
 #*#*# ERROR: Failed Execution. Alg: Isomap, File: Data/zebra1.pgm.atts

magnetVisionException = 

  MException with properties:

    identifier: 'MATLAB:badsubscript'
       message: 'Index exceeds matrix dimensions.'
         cause: {}
         stack: [3x1 struct]


dimRedAlg =

LandmarkIsomap


 Wanted to embed 671 magnets embedded 671 magnet
 #*#*# ERROR: Failed Execution. Alg: LandmarkIsomap, File: Data/zebra1.pgm.atts

magnetVisionException = 

  MException with properties:

    identifier: 'MATLAB:badsubscript'
       message: 'Index exceeds matrix dimensions.'
         cause: {}
         stack: [3x1 struct]


dimRedAlg =

LLE


 Wanted to embed 671 magnets embedded 671 magnet
 #*#*# ERROR: Failed Execution. Alg: LLE, File: Data/zebra1.pgm.atts

magnetVisionException = 

  MException with properties:

    identifier: 'MATLAB:badsubscript'
       message: 'Index exceeds matrix dimensions.'
         cause: {}
         stack: [3x1 struct]


dimRedAlg =

Laplacian


dimRedAlg =

HessianLLE


 #*#*# ERROR: Failed Execution. Alg: HessianLLE, File: Data/zebra1.pgm.atts

magnetVisionException = 

  MException with properties:

    identifier: 'MATLAB:eigs:AminusBSingular'
       message: 'The shifted operator is singular. The shift is an eigenva...'
         cause: {0x1 cell}
         stack: [8x1 struct]


dimRedAlg =

LTSA

Find nearest neighbors...
Compute local information matrices for all datapoints...
Construct alignment matrix...
Perform eigenanalysis...

 #*#*# ERROR: Failed Execution. Alg: LTSA, File: Data/zebra1.pgm.atts

magnetVisionException = 

  MException with properties:

    identifier: 'MATLAB:eigs:AminusBSingular'
       message: 'The shifted operator is singular. The shift is an eigenva...'
         cause: {0x1 cell}
         stack: [8x1 struct]


dimRedAlg =

DiffusionMaps


dimRedAlg =

KernelPCA


dimRedAlg =

SNE


dimRedAlg =

SymSNE


dimRedAlg =

tSNE


dimRedAlg =

NPE


dimRedAlg =

LPP


dimRedAlg =

SPE


dimRedAlg =

LLTSA


dimRedAlg =

CCA

Running normal LLE...
Running Conformal Eigenmaps...
CSDP OUTPUT =============================================================================
Iedge :18825, ivertex: 52338
Elements time: 0.560422 
Factor time: 0.000687 
Other time: 0.196053 
Total time: 0.757162 
=========================================================================================

 Wanted to embed 671 magnets embedded 671 magnet
 #*#*# ERROR: Failed Execution. Alg: CCA, File: Data/zebra1.pgm.atts

magnetVisionException = 

  MException with properties:

    identifier: 'MATLAB:badsubscript'
       message: 'Index exceeds matrix dimensions.'
         cause: {}
         stack: [3x1 struct]


dimRedAlg =

MVU

Running normal LLE...
Running Maximum Variance Unfolding...
CSDP OUTPUT =============================================================================
Iedge :5977, ivertex: 8052
Elements time: 0.431908 
Factor time: 0.000711 
Other time: 0.143856 
Total time: 0.576475 
=========================================================================================

 Wanted to embed 671 magnets embedded 671 magnet
 #*#*# ERROR: Failed Execution. Alg: MVU, File: Data/zebra1.pgm.atts

magnetVisionException = 

  MException with properties:

    identifier: 'MATLAB:badsubscript'
       message: 'Index exceeds matrix dimensions.'
         cause: {}
         stack: [3x1 struct]


dimRedAlg =

LandmarkMVU


dimRedAlg =

FastMVU

Elements time: 0.000850 
Factor time: 0.000049 
Other time: 0.009103 
Total time: 0.010002 

 Wanted to embed 671 magnets embedded 671 magnet
 #*#*# ERROR: Failed Execution. Alg: FastMVU, File: Data/zebra1.pgm.atts

magnetVisionException = 

  MException with properties:

    identifier: 'MATLAB:badsubscript'
       message: 'Index exceeds matrix dimensions.'
         cause: {}
         stack: [3x1 struct]


dimRedAlg =

LLC


dimRedAlg =

GPLVM


dimRedAlg =

Autoencoder


dimRedAlg =

NCA


dimRedAlg =

MCML


dimRedAlg =

LMNN


startTime =

13-Oct-2015 17:05:15


endTIme =

13-Oct-2015 17:27:33

Elapsed time is 1.579974 seconds.

startTime =

13-Oct-2015 17:27:33

## Starting Data/dummy
{Error using fscanf
Invalid file identifier. Use fopen to generate a valid file identifier.

Error in ReadEdgeAttsFile (line 31)
paren = fscanf(infile, ' %c', 1);


Error in main (line 54)
Lines = ReadEdgeAttsFile (ImageFile);


Error in rp_gridMain_Run2Img (line 20)
	main(['Data' filesep img2], minGap);

} 
>> 