
                            < M A T L A B (R) >
                  Copyright 1984-2015 The MathWorks, Inc.
                   R2015a (8.5.0.197613) 64-bit (glnxa64)
                             February 12, 2015

 
To get started, type one of these: helpwin, helpdesk, or demo.
For product information, visit www.mathworks.com.
 

	Academic License


img1 =

dog3.pgm.atts


img2 =

dummy


minGap =

    20


startTime =

13-Oct-2015 17:00:22

## Starting Data/dog3.pgm.atts

 619 longest primitives returned (288 lines, 331 arcs read, but returning only 3000 max elements for computational reasons)

 Time taken by traditional algorithm = 808.370886 (sec)
dimRedAlg =

PCA


dimRedAlg =

LDA


dimRedAlg =

MDS


dimRedAlg =

ProbPCA


dimRedAlg =

FactorAnalysis


dimRedAlg =

Sammon


dimRedAlg =

Isomap

Constructing neighborhood graph...
Computing shortest paths...
Constructing low-dimensional embedding...

 Wanted to embed 603 magnets embedded 603 magnet
 #*#*# ERROR: Failed Execution. Alg: Isomap, File: Data/dog3.pgm.atts

magnetVisionException = 

  MException with properties:

    identifier: 'MATLAB:badsubscript'
       message: 'Index exceeds matrix dimensions.'
         cause: {}
         stack: [3x1 struct]


dimRedAlg =

LandmarkIsomap


 Wanted to embed 603 magnets embedded 603 magnet
 #*#*# ERROR: Failed Execution. Alg: LandmarkIsomap, File: Data/dog3.pgm.atts

magnetVisionException = 

  MException with properties:

    identifier: 'MATLAB:badsubscript'
       message: 'Index exceeds matrix dimensions.'
         cause: {}
         stack: [3x1 struct]


dimRedAlg =

LLE


 Wanted to embed 603 magnets embedded 603 magnet
 #*#*# ERROR: Failed Execution. Alg: LLE, File: Data/dog3.pgm.atts

magnetVisionException = 

  MException with properties:

    identifier: 'MATLAB:badsubscript'
       message: 'Index exceeds matrix dimensions.'
         cause: {}
         stack: [3x1 struct]


dimRedAlg =

Laplacian


dimRedAlg =

HessianLLE


 #*#*# ERROR: Failed Execution. Alg: HessianLLE, File: Data/dog3.pgm.atts

magnetVisionException = 

  MException with properties:

    identifier: 'MATLAB:eigs:AminusBSingular'
       message: 'The shifted operator is singular. The shift is an eigenva...'
         cause: {0x1 cell}
         stack: [8x1 struct]


dimRedAlg =

LTSA

Find nearest neighbors...
Compute local information matrices for all datapoints...
Construct alignment matrix...
Perform eigenanalysis...

 #*#*# ERROR: Failed Execution. Alg: LTSA, File: Data/dog3.pgm.atts

magnetVisionException = 

  MException with properties:

    identifier: 'MATLAB:eigs:AminusBSingular'
       message: 'The shifted operator is singular. The shift is an eigenva...'
         cause: {0x1 cell}
         stack: [8x1 struct]


dimRedAlg =

DiffusionMaps


dimRedAlg =

KernelPCA


dimRedAlg =

SNE


dimRedAlg =

SymSNE


dimRedAlg =

tSNE


dimRedAlg =

NPE


dimRedAlg =

LPP


dimRedAlg =

SPE


dimRedAlg =

LLTSA


dimRedAlg =

CCA

Running normal LLE...
Running Conformal Eigenmaps...
CSDP OUTPUT =============================================================================
Iedge :17593, ivertex: 47034
Elements time: 0.546778 
Factor time: 0.000720 
Other time: 0.190050 
Total time: 0.737548 
=========================================================================================

 Wanted to embed 603 magnets embedded 603 magnet
 #*#*# ERROR: Failed Execution. Alg: CCA, File: Data/dog3.pgm.atts

magnetVisionException = 

  MException with properties:

    identifier: 'MATLAB:badsubscript'
       message: 'Index exceeds matrix dimensions.'
         cause: {}
         stack: [3x1 struct]


dimRedAlg =

MVU

Running normal LLE...
Running Maximum Variance Unfolding...
CSDP OUTPUT =============================================================================
Iedge :5508, ivertex: 7236
Elements time: 0.710902 
Factor time: 0.000791 
Other time: 0.226372 
Total time: 0.938065 
=========================================================================================

 Wanted to embed 603 magnets embedded 603 magnet
 #*#*# ERROR: Failed Execution. Alg: MVU, File: Data/dog3.pgm.atts

magnetVisionException = 

  MException with properties:

    identifier: 'MATLAB:badsubscript'
       message: 'Index exceeds matrix dimensions.'
         cause: {}
         stack: [3x1 struct]


dimRedAlg =

LandmarkMVU


dimRedAlg =

FastMVU

Elements time: 0.001055 
Factor time: 0.000055 
Other time: 0.012566 
Total time: 0.013676 

 Wanted to embed 603 magnets embedded 603 magnet
 #*#*# ERROR: Failed Execution. Alg: FastMVU, File: Data/dog3.pgm.atts

magnetVisionException = 

  MException with properties:

    identifier: 'MATLAB:badsubscript'
       message: 'Index exceeds matrix dimensions.'
         cause: {}
         stack: [3x1 struct]


dimRedAlg =

LLC


dimRedAlg =

GPLVM


dimRedAlg =

Autoencoder


dimRedAlg =

NCA


 Wanted to embed 619 magnets embedded 619 magnet
 Writing coordinates of magnets in text file Coords.txt
 Image mask in VisionDots.bmp
 Relaxing nanodisk array with pi/4 orientation as initial states for all disks and external field along x.
 Time Taken = 4.916000 picoseconds
 Relaxing nanodisk array with pi/4 orientation as initial states for all disks and external field along y.
 Time Taken = 15.240000 picoseconds
 Time taken by nanomagnet computing = 618.875338 (sec)
 Detection Rate 0.538321 at 0.096833 false alarm
dimRedAlg =

MCML


 Wanted to embed 619 magnets embedded 619 magnet
 Writing coordinates of magnets in text file Coords.txt
 Image mask in VisionDots.bmp
 Relaxing nanodisk array with pi/4 orientation as initial states for all disks and external field along x.
 Time Taken = 3.033000 picoseconds
 Relaxing nanodisk array with pi/4 orientation as initial states for all disks and external field along y.
 Time Taken = 3.670000 picoseconds
 Time taken by nanomagnet computing = 1326.858447 (sec)
 Detection Rate 0.422836 at 0.093504 false alarm
dimRedAlg =

LMNN


 Wanted to embed 619 magnets embedded 619 magnet
 Writing coordinates of magnets in text file Coords.txt
 Image mask in VisionDots.bmp
 Relaxing nanodisk array with pi/4 orientation as initial states for all disks and external field along x.
 Time Taken = 6.513000 picoseconds
 Relaxing nanodisk array with pi/4 orientation as initial states for all disks and external field along y.
 Time Taken = 18.376000 picoseconds
 Time taken by nanomagnet computing = 577.505139 (sec)
 Detection Rate 0.213552 at 0.083650 false alarm
startTime =

13-Oct-2015 17:00:22


endTIme =

13-Oct-2015 18:08:22

Elapsed time is 769.534214 seconds.

startTime =

13-Oct-2015 18:08:22

## Starting Data/dummy
{Error using fscanf
Invalid file identifier. Use fopen to generate a valid file identifier.

Error in ReadEdgeAttsFile (line 31)
paren = fscanf(infile, ' %c', 1);


Error in main (line 54)
Lines = ReadEdgeAttsFile (ImageFile);


Error in rp_gridMain_Run2Img (line 20)
	main(['Data' filesep img2], minGap);

} 
