
                            < M A T L A B (R) >
                  Copyright 1984-2015 The MathWorks, Inc.
                   R2015a (8.5.0.197613) 64-bit (glnxa64)
                             February 12, 2015

 
To get started, type one of these: helpwin, helpdesk, or demo.
For product information, visit www.mathworks.com.
 

	Academic License


img1 =

image25.pgm.atts


img2 =

dummy


minGap =

    20


startTime =

13-Oct-2015 17:02:17

## Starting Data/image25.pgm.atts

 236 longest primitives returned (100 lines, 136 arcs read, but returning only 3000 max elements for computational reasons)

 Time taken by traditional algorithm = 217.775291 (sec)
dimRedAlg =

PCA


dimRedAlg =

LDA


dimRedAlg =

MDS


dimRedAlg =

ProbPCA


dimRedAlg =

FactorAnalysis


dimRedAlg =

Sammon


dimRedAlg =

Isomap

Constructing neighborhood graph...
Computing shortest paths...
Constructing low-dimensional embedding...

 Wanted to embed 234 magnets embedded 234 magnet
 #*#*# ERROR: Failed Execution. Alg: Isomap, File: Data/image25.pgm.atts

magnetVisionException = 

  MException with properties:

    identifier: 'MATLAB:badsubscript'
       message: 'Index exceeds matrix dimensions.'
         cause: {}
         stack: [3x1 struct]


dimRedAlg =

LandmarkIsomap


 Wanted to embed 234 magnets embedded 234 magnet
 #*#*# ERROR: Failed Execution. Alg: LandmarkIsomap, File: Data/image25.pgm.atts

magnetVisionException = 

  MException with properties:

    identifier: 'MATLAB:badsubscript'
       message: 'Index exceeds matrix dimensions.'
         cause: {}
         stack: [3x1 struct]


dimRedAlg =

LLE


 Wanted to embed 234 magnets embedded 234 magnet
 #*#*# ERROR: Failed Execution. Alg: LLE, File: Data/image25.pgm.atts

magnetVisionException = 

  MException with properties:

    identifier: 'MATLAB:badsubscript'
       message: 'Index exceeds matrix dimensions.'
         cause: {}
         stack: [3x1 struct]


dimRedAlg =

Laplacian


dimRedAlg =

HessianLLE


 #*#*# ERROR: Failed Execution. Alg: HessianLLE, File: Data/image25.pgm.atts

magnetVisionException = 

  MException with properties:

    identifier: 'MATLAB:eigs:AminusBSingular'
       message: 'The shifted operator is singular. The shift is an eigenva...'
         cause: {0x1 cell}
         stack: [8x1 struct]


dimRedAlg =

LTSA

Find nearest neighbors...
Compute local information matrices for all datapoints...
Construct alignment matrix...
Perform eigenanalysis...

 #*#*# ERROR: Failed Execution. Alg: LTSA, File: Data/image25.pgm.atts

magnetVisionException = 

  MException with properties:

    identifier: 'MATLAB:eigs:AminusBSingular'
       message: 'The shifted operator is singular. The shift is an eigenva...'
         cause: {0x1 cell}
         stack: [8x1 struct]


dimRedAlg =

DiffusionMaps


dimRedAlg =

KernelPCA


dimRedAlg =

SNE


dimRedAlg =

SymSNE


dimRedAlg =

tSNE


dimRedAlg =

NPE


dimRedAlg =

LPP


dimRedAlg =

SPE


dimRedAlg =

LLTSA


dimRedAlg =

CCA

Running normal LLE...
Running Conformal Eigenmaps...
CSDP OUTPUT =============================================================================
Iedge :6221, ivertex: 18252
Elements time: 0.453491 
Factor time: 0.000772 
Other time: 0.161466 
Total time: 0.615728 
=========================================================================================

 Wanted to embed 234 magnets embedded 234 magnet
 #*#*# ERROR: Failed Execution. Alg: CCA, File: Data/image25.pgm.atts

magnetVisionException = 

  MException with properties:

    identifier: 'MATLAB:badsubscript'
       message: 'Index exceeds matrix dimensions.'
         cause: {}
         stack: [3x1 struct]


dimRedAlg =

MVU

Running normal LLE...
Running Maximum Variance Unfolding...
CSDP OUTPUT =============================================================================
Iedge :2069, ivertex: 2808
Elements time: 0.536868 
Factor time: 0.000896 
Other time: 0.162786 
Total time: 0.700550 
=========================================================================================

 Wanted to embed 234 magnets embedded 234 magnet
 #*#*# ERROR: Failed Execution. Alg: MVU, File: Data/image25.pgm.atts

magnetVisionException = 

  MException with properties:

    identifier: 'MATLAB:badsubscript'
       message: 'Index exceeds matrix dimensions.'
         cause: {}
         stack: [3x1 struct]


dimRedAlg =

LandmarkMVU


dimRedAlg =

FastMVU

Elements time: 0.002245 
Factor time: 0.000188 
Other time: 0.081134 
Total time: 0.083567 

 Wanted to embed 234 magnets embedded 234 magnet
 #*#*# ERROR: Failed Execution. Alg: FastMVU, File: Data/image25.pgm.atts

magnetVisionException = 

  MException with properties:

    identifier: 'MATLAB:badsubscript'
       message: 'Index exceeds matrix dimensions.'
         cause: {}
         stack: [3x1 struct]


dimRedAlg =

LLC


dimRedAlg =

GPLVM


dimRedAlg =

Autoencoder


dimRedAlg =

NCA


dimRedAlg =

MCML


dimRedAlg =

LMNN


startTime =

13-Oct-2015 17:02:17


endTIme =

13-Oct-2015 17:06:44

Elapsed time is 1.144972 seconds.

startTime =

13-Oct-2015 17:06:44

## Starting Data/dummy
{Error using fscanf
Invalid file identifier. Use fopen to generate a valid file identifier.

Error in ReadEdgeAttsFile (line 31)
paren = fscanf(infile, ' %c', 1);


Error in main (line 54)
Lines = ReadEdgeAttsFile (ImageFile);


Error in rp_gridMain_Run2Img (line 20)
	main(['Data' filesep img2], minGap);

} 
