
                            < M A T L A B (R) >
                  Copyright 1984-2015 The MathWorks, Inc.
                   R2015a (8.5.0.197613) 64-bit (glnxa64)
                             February 12, 2015

 
To get started, type one of these: helpwin, helpdesk, or demo.
For product information, visit www.mathworks.com.
 

	Academic License


img1 =

S006I00B.PGM.atts


img2 =

dummy


minGap =

    20


startTime =

13-Oct-2015 16:58:04

## Starting Data/S006I00B.PGM.atts

 340 longest primitives returned (170 lines, 170 arcs read, but returning only 3000 max elements for computational reasons)

 Time taken by traditional algorithm = 483.383435 (sec)
dimRedAlg =

PCA


dimRedAlg =

LDA


dimRedAlg =

MDS


dimRedAlg =

ProbPCA


dimRedAlg =

FactorAnalysis


dimRedAlg =

Sammon


dimRedAlg =

Isomap

Constructing neighborhood graph...
Computing shortest paths...
Constructing low-dimensional embedding...

 Wanted to embed 337 magnets embedded 337 magnet
 #*#*# ERROR: Failed Execution. Alg: Isomap, File: Data/S006I00B.PGM.atts

magnetVisionException = 

  MException with properties:

    identifier: 'MATLAB:badsubscript'
       message: 'Index exceeds matrix dimensions.'
         cause: {}
         stack: [3x1 struct]


dimRedAlg =

LandmarkIsomap


 Wanted to embed 337 magnets embedded 337 magnet
 #*#*# ERROR: Failed Execution. Alg: LandmarkIsomap, File: Data/S006I00B.PGM.atts

magnetVisionException = 

  MException with properties:

    identifier: 'MATLAB:badsubscript'
       message: 'Index exceeds matrix dimensions.'
         cause: {}
         stack: [3x1 struct]


dimRedAlg =

LLE


 Wanted to embed 337 magnets embedded 337 magnet
 #*#*# ERROR: Failed Execution. Alg: LLE, File: Data/S006I00B.PGM.atts

magnetVisionException = 

  MException with properties:

    identifier: 'MATLAB:badsubscript'
       message: 'Index exceeds matrix dimensions.'
         cause: {}
         stack: [3x1 struct]


dimRedAlg =

Laplacian


dimRedAlg =

HessianLLE


 #*#*# ERROR: Failed Execution. Alg: HessianLLE, File: Data/S006I00B.PGM.atts

magnetVisionException = 

  MException with properties:

    identifier: 'MATLAB:eigs:AminusBSingular'
       message: 'The shifted operator is singular. The shift is an eigenva...'
         cause: {0x1 cell}
         stack: [8x1 struct]


dimRedAlg =

LTSA

Find nearest neighbors...
Compute local information matrices for all datapoints...
Construct alignment matrix...
Perform eigenanalysis...

 #*#*# ERROR: Failed Execution. Alg: LTSA, File: Data/S006I00B.PGM.atts

magnetVisionException = 

  MException with properties:

    identifier: 'MATLAB:eigs:AminusBSingular'
       message: 'The shifted operator is singular. The shift is an eigenva...'
         cause: {0x1 cell}
         stack: [8x1 struct]


dimRedAlg =

DiffusionMaps


dimRedAlg =

KernelPCA


dimRedAlg =

SNE


dimRedAlg =

SymSNE


dimRedAlg =

tSNE


dimRedAlg =

NPE


dimRedAlg =

LPP


dimRedAlg =

SPE


dimRedAlg =

LLTSA


dimRedAlg =

CCA

Running normal LLE...
Running Conformal Eigenmaps...
CSDP OUTPUT =============================================================================
Iedge :8002, ivertex: 26286
Elements time: 0.450130 
Factor time: 0.000724 
Other time: 0.162744 
Total time: 0.613598 
=========================================================================================

 Wanted to embed 337 magnets embedded 337 magnet
 #*#*# ERROR: Failed Execution. Alg: CCA, File: Data/S006I00B.PGM.atts

magnetVisionException = 

  MException with properties:

    identifier: 'MATLAB:badsubscript'
       message: 'Index exceeds matrix dimensions.'
         cause: {}
         stack: [3x1 struct]


dimRedAlg =

MVU

Running normal LLE...
Running Maximum Variance Unfolding...
CSDP OUTPUT =============================================================================
Iedge :2993, ivertex: 4044
Elements time: 0.786409 
Factor time: 0.000837 
Other time: 0.244443 
Total time: 1.031689 
=========================================================================================

 Wanted to embed 337 magnets embedded 337 magnet
 #*#*# ERROR: Failed Execution. Alg: MVU, File: Data/S006I00B.PGM.atts

magnetVisionException = 

  MException with properties:

    identifier: 'MATLAB:badsubscript'
       message: 'Index exceeds matrix dimensions.'
         cause: {}
         stack: [3x1 struct]


dimRedAlg =

LandmarkMVU


dimRedAlg =

FastMVU

params->axtol is 7.759299e-316 
params->atytol is 0.000000e+00 
params->objtol is 1.091089e+01 
params->pinftol is 4.456191e-313 
params->dinftol is 2.199594e-314 
params->maxiter is 168 
params->minstepfrac is -1.343119e+307 
params->maxstepfrac is 5.183843e-270 
params->minstepp is 0.000000e+00 
params->minstepd is 1.091089e+01 
params->usexzgap is 1 
params->tweakgap is 157049312 
params->affine is 1 
params->printlevel is 157049570 
params->perturbobj is 1.408354e-263 
params->fastmode is 1831826288 
1,1,1,12 
2,1,1,12 
3,1,1,12 
4,1,1,12 
5,1,1,12 
6,1,1,12 
7,1,1,12 
8,1,1,12 
9,1,1,12 
10,1,1,12 
11,1,1,1 
Block 1, Size 21, Fill 55, 12.47 
Structural density of O 121, 1.000000e+00 
Fnorm of Zi is 4.200000e-01 
constant offset is 0.000000e+00 
Fnorm of X is 3.061016e+03 
Fnorm of C is 4.000000e+00 
pobj is -1.068750e+04 
dobj is 0.000000e+00 
gap is 1.530508e+05 
Iter:  0 Ap: 0.00e+00 Pobj: -1.0687495e+04 Ad: 0.00e+00 Dobj:  0.0000000e+00 
mystepfrac is 0.000000e+00 
Relative primal infeasibility is 1.1391070e+02 
Relative dual infeasibility: 9.3098902e+00 
Relative duality gap is 1.4319209e+01 
XZ relative duality gap is 1.5305080e+05 
-a'*y/||A'(y)-Z|| is -0.000000e+00 
<C,X>/||A(X)||=-7.155418e+00
Fnorm of X is 3.061016e+03 
diagnrm is 3.425079e+02, adding diagadd 0.000000e+00 
Perturbing C.
Fnorm of Fd is 4.654945e+01 
Norm of rhs is 1.499923e+03 
Norm of dy is 2.295981e+01 
Fnorm of work1 is 2.170103e+00 
Before Fd, Fnorm of dZ is 2.367777e+01 
After Fd, Fnorm of dZ is 4.012902e+01 
Fnorm of dX is 1.470100e+03 
Fnorm of dZ is 4.012902e+01 
linesearch method 2 
qreig evalue -3.260338e-02 
qreig evalue 9.166573e-02 
qreig evalue 7.590455e-01 
qreig evalue 9.785599e-01 
qreig evalue 1.123788e+00 
qreig evalue -3.495432e-02 
qreig evalue 9.165159e-02 
qreig evalue 7.531681e-01 
qreig evalue 9.489313e-01 
qreig evalue 9.916286e-01 
qreig evalue 1.125109e+00 
qreig evalue -3.495433e-02 
qreig evalue 9.165159e-02 
qreig evalue 7.531679e-01 
qreig evalue 9.489171e-01 
qreig evalue 9.915899e-01 
qreig evalue 9.998510e-01 
qreig evalue 1.125109e+00 
Small beta[j]
maxeigs[1]=-1.000000e+100 
maxeigs[2]=-1.000000e+100 
maxeigs[3]=-1.000000e+100 
maxeigs[4]=-1.000000e+100 
maxeigs[5]=1.123788e+00 
maxeigs[6]=1.125109e+00 
maxeigs[7]=1.125109e+00 
maxeig 1.125109e+00 
Lancoz converged after 7 iters
eigsearch: alpha=0.000000e+00 
linesearch method 2 
qreig evalue -1.237875e-01 
qreig evalue 2.144014e-02 
qreig evalue 2.409545e-01 
qreig evalue 9.083343e-01 
qreig evalue 1.032603e+00 
qreig evalue -1.251088e-01 
qreig evalue 8.371352e-03 
qreig evalue 5.106873e-02 
qreig evalue 2.468319e-01 
qreig evalue 9.083484e-01 
qreig evalue 1.034954e+00 
qreig evalue -1.251088e-01 
qreig evalue 1.490320e-04 
qreig evalue 8.410143e-03 
qreig evalue 5.108290e-02 
qreig evalue 2.468321e-01 
qreig evalue 9.083484e-01 
qreig evalue 1.034954e+00 
Small beta[j]
maxeigs[1]=-1.000000e+100 
maxeigs[2]=-1.000000e+100 
maxeigs[3]=-1.000000e+100 
maxeigs[4]=-1.000000e+100 
maxeigs[5]=1.032603e+00 
maxeigs[6]=1.034954e+00 
maxeigs[7]=1.034954e+00 
maxeig 1.034954e+00 
Lancoz converged after 7 iters
eigsearch: alpha=0.000000e+00 
Taking an affine step because parameters.affine=1
muk is 7.288133e+03 
muplus is 7.288133e+03 
New mu is 0.000000e+00 
mu*n = target duality gap is 0.000000e+00 
refinement: Relative error in A(X+dX)=a (Fphat) is 2.369140e-14 
refinement: Before dX+dX1 Relative error in A(X+dX)=a is 2.369140e-14 
refinement: better
Fnorm of dX1 is 2.349381e+02
Fnorm of dZ1 is 2.136916e+00
refinement: Before adjust dX Relative error in A(X+dX)=a is 2.183925e-15 
refinement: better
Fnorm of dX is 1.521391e+03 
Fnorm of dZ is 4.017964e+01 
refinement: After adjust error in A(X+dX)=a is 2.183925e-15 
refinement: better
linesearch method 2 
qreig evalue -3.300550e-02 
qreig evalue 1.748900e-01 
qreig evalue 8.208054e-01 
qreig evalue 9.814985e-01 
qreig evalue 1.073741e+00 
qreig evalue -3.307123e-02 
qreig evalue 1.748887e-01 
qreig evalue 8.168969e-01 
qreig evalue 9.556886e-01 
qreig evalue 9.928903e-01 
qreig evalue 1.075805e+00 
qreig evalue -3.307176e-02 
qreig evalue 1.748613e-01 
qreig evalue 1.749896e-01 
qreig evalue 8.169651e-01 
qreig evalue 9.571078e-01 
qreig evalue 9.935212e-01 
qreig evalue 1.075842e+00 
qreig evalue -3.307176e-02 
qreig evalue 1.746967e-01 
qreig evalue 1.749032e-01 
qreig evalue 8.169650e-01 
qreig evalue 9.570991e-01 
qreig evalue 9.934952e-01 
qreig evalue 9.999046e-01 
qreig evalue 1.075842e+00 
Stopping here, on tightness j=8 
maxeigs[1]=-1.000000e+100 
maxeigs[2]=-1.000000e+100 
maxeigs[3]=-1.000000e+100 
maxeigs[4]=-1.000000e+100 
maxeigs[5]=1.073741e+00 
maxeigs[6]=1.075805e+00 
maxeigs[7]=1.075842e+00 
maxeigs[8]=1.075842e+00 
maxeig 1.086601e+00 
Lancoz converged after 8 iters
eigsearch: alpha=0.000000e+00 
linesearch method 2 
qreig evalue -2.147961e-01 
qreig evalue 3.400985e-02 
qreig evalue 3.405402e-01 
qreig evalue 8.991576e-01 
qreig evalue 9.131755e-01 
qreig evalue -2.160754e-01 
qreig evalue 1.477661e-02 
qreig evalue 9.134314e-02 
qreig evalue 3.689394e-01 
qreig evalue 9.083484e-01 
qreig evalue 9.965735e-01 
qreig evalue -2.160755e-01 
qreig evalue 2.444141e-04 
qreig evalue 1.484460e-02 
qreig evalue 9.137450e-02 
qreig evalue 3.689404e-01 
qreig evalue 9.083484e-01 
qreig evalue 9.965740e-01 
Small beta[j]
maxeigs[1]=-1.000000e+100 
maxeigs[2]=-1.000000e+100 
maxeigs[3]=-1.000000e+100 
maxeigs[4]=-1.000000e+100 
maxeigs[5]=9.131755e-01 
maxeigs[6]=9.965735e-01 
maxeigs[7]=9.965740e-01 
maxeig 9.965740e-01 
Lancoz converged after 7 iters
eigsearch: alpha=0.000000e+00 
After linesearches, alphap=0.000000e+00 alphad=0.000000e+00 
newrelpinfeas is 1.139107e+02
limrelpinfeas is 1.139107e+05
newreldinfeas is 9.309890e+00
limreldinfeas is 9.309890e+03
After feas check, alphap=0.000000e+00 alphad=0.000000e+00 
line search failure in corrector step.
diagnrm is 3.425079e+02, adding diagadd 1.032700e-15 
Perturbing C.
Fnorm of Fd is 4.654945e+01 
Norm of rhs is 1.499923e+03 
Norm of dy is 2.295981e+01 
Fnorm of work1 is 2.170103e+00 
Before Fd, Fnorm of dZ is 2.367777e+01 
After Fd, Fnorm of dZ is 4.012902e+01 
Fnorm of dX is 1.470100e+03 
Fnorm of dZ is 4.012902e+01 
linesearch method 2 
qreig evalue -3.260338e-02 
qreig evalue 9.166573e-02 
qreig evalue 7.590455e-01 
qreig evalue 9.785599e-01 
qreig evalue 1.123788e+00 
qreig evalue -3.495432e-02 
qreig evalue 9.165159e-02 
qreig evalue 7.531681e-01 
qreig evalue 9.489313e-01 
qreig evalue 9.916286e-01 
qreig evalue 1.125109e+00 
qreig evalue -3.495433e-02 
qreig evalue 9.165159e-02 
qreig evalue 7.531679e-01 
qreig evalue 9.489171e-01 
qreig evalue 9.915899e-01 
qreig evalue 9.998510e-01 
qreig evalue 1.125109e+00 
Small beta[j]
maxeigs[1]=-1.000000e+100 
maxeigs[2]=-1.000000e+100 
maxeigs[3]=-1.000000e+100 
maxeigs[4]=-1.000000e+100 
maxeigs[5]=1.123788e+00 
maxeigs[6]=1.125109e+00 
maxeigs[7]=1.125109e+00 
maxeig 1.125109e+00 
Lancoz converged after 7 iters
eigsearch: alpha=0.000000e+00 
linesearch method 2 
qreig evalue -1.237875e-01 
qreig evalue 2.144014e-02 
qreig evalue 2.409545e-01 
qreig evalue 9.083343e-01 
qreig evalue 1.032603e+00 
qreig evalue -1.251088e-01 
qreig evalue 8.371352e-03 
qreig evalue 5.106873e-02 
qreig evalue 2.468319e-01 
qreig evalue 9.083484e-01 
qreig evalue 1.034954e+00 
qreig evalue -1.251088e-01 
qreig evalue 1.490320e-04 
qreig evalue 8.410143e-03 
qreig evalue 5.108290e-02 
qreig evalue 2.468321e-01 
qreig evalue 9.083484e-01 
qreig evalue 1.034954e+00 
Small beta[j]
maxeigs[1]=-1.000000e+100 
maxeigs[2]=-1.000000e+100 
maxeigs[3]=-1.000000e+100 
maxeigs[4]=-1.000000e+100 
maxeigs[5]=1.032603e+00 
maxeigs[6]=1.034954e+00 
maxeigs[7]=1.034954e+00 
maxeig 1.034954e+00 
Lancoz converged after 7 iters
eigsearch: alpha=0.000000e+00 
Taking an affine step because parameters.affine=1
muk is 7.288133e+03 
muplus is 7.288133e+03 
New mu is 0.000000e+00 
mu*n = target duality gap is 0.000000e+00 
refinement: Relative error in A(X+dX)=a (Fphat) is 2.369140e-14 
refinement: Before dX+dX1 Relative error in A(X+dX)=a is 2.369140e-14 
refinement: better
Fnorm of dX1 is 2.349381e+02
Fnorm of dZ1 is 2.136916e+00
refinement: Before adjust dX Relative error in A(X+dX)=a is 2.183925e-15 
refinement: better
Fnorm of dX is 1.521391e+03 
Fnorm of dZ is 4.017964e+01 
refinement: After adjust error in A(X+dX)=a is 2.183925e-15 
refinement: better
linesearch method 2 
qreig evalue -3.300550e-02 
qreig evalue 1.748900e-01 
qreig evalue 8.208054e-01 
qreig evalue 9.814985e-01 
qreig evalue 1.073741e+00 
qreig evalue -3.307123e-02 
qreig evalue 1.748887e-01 
qreig evalue 8.168969e-01 
qreig evalue 9.556886e-01 
qreig evalue 9.928903e-01 
qreig evalue 1.075805e+00 
qreig evalue -3.307176e-02 
qreig evalue 1.748613e-01 
qreig evalue 1.749896e-01 
qreig evalue 8.169651e-01 
qreig evalue 9.571078e-01 
qreig evalue 9.935212e-01 
qreig evalue 1.075842e+00 
qreig evalue -3.307176e-02 
qreig evalue 1.746967e-01 
qreig evalue 1.749032e-01 
qreig evalue 8.169650e-01 
qreig evalue 9.570991e-01 
qreig evalue 9.934952e-01 
qreig evalue 9.999046e-01 
qreig evalue 1.075842e+00 
Stopping here, on tightness j=8 
maxeigs[1]=-1.000000e+100 
maxeigs[2]=-1.000000e+100 
maxeigs[3]=-1.000000e+100 
maxeigs[4]=-1.000000e+100 
maxeigs[5]=1.073741e+00 
maxeigs[6]=1.075805e+00 
maxeigs[7]=1.075842e+00 
maxeigs[8]=1.075842e+00 
maxeig 1.086601e+00 
Lancoz converged after 8 iters
eigsearch: alpha=0.000000e+00 
linesearch method 2 
qreig evalue -2.147961e-01 
qreig evalue 3.400985e-02 
qreig evalue 3.405402e-01 
qreig evalue 8.991576e-01 
qreig evalue 9.131755e-01 
qreig evalue -2.160754e-01 
qreig evalue 1.477661e-02 
qreig evalue 9.134314e-02 
qreig evalue 3.689394e-01 
qreig evalue 9.083484e-01 
qreig evalue 9.965735e-01 
qreig evalue -2.160755e-01 
qreig evalue 2.444141e-04 
qreig evalue 1.484460e-02 
qreig evalue 9.137450e-02 
qreig evalue 3.689404e-01 
qreig evalue 9.083484e-01 
qreig evalue 9.965740e-01 
Small beta[j]
maxeigs[1]=-1.000000e+100 
maxeigs[2]=-1.000000e+100 
maxeigs[3]=-1.000000e+100 
maxeigs[4]=-1.000000e+100 
maxeigs[5]=9.131755e-01 
maxeigs[6]=9.965735e-01 
maxeigs[7]=9.965740e-01 
maxeig 9.965740e-01 
Lancoz converged after 7 iters
eigsearch: alpha=0.000000e+00 
After linesearches, alphap=0.000000e+00 alphad=0.000000e+00 
newrelpinfeas is 1.139107e+02
limrelpinfeas is 1.139107e+05
newreldinfeas is 9.309890e+00
limreldinfeas is 9.309890e+03
After feas check, alphap=0.000000e+00 alphad=0.000000e+00 
line search failure in corrector step.
diagnrm is 3.425079e+02, adding diagadd 1.032700e-14 
Perturbing C.
Fnorm of Fd is 4.654945e+01 
Norm of rhs is 1.499923e+03 
Norm of dy is 2.295981e+01 
Fnorm of work1 is 2.170103e+00 
Before Fd, Fnorm of dZ is 2.367777e+01 
After Fd, Fnorm of dZ is 4.012902e+01 
Fnorm of dX is 1.470100e+03 
Fnorm of dZ is 4.012902e+01 
linesearch method 2 
qreig evalue -3.260338e-02 
qreig evalue 9.166573e-02 
qreig evalue 7.590455e-01 
qreig evalue 9.785599e-01 
qreig evalue 1.123788e+00 
qreig evalue -3.495432e-02 
qreig evalue 9.165159e-02 
qreig evalue 7.531681e-01 
qreig evalue 9.489313e-01 
qreig evalue 9.916286e-01 
qreig evalue 1.125109e+00 
qreig evalue -3.495433e-02 
qreig evalue 9.165159e-02 
qreig evalue 7.531679e-01 
qreig evalue 9.489171e-01 
qreig evalue 9.915899e-01 
qreig evalue 9.998510e-01 
qreig evalue 1.125109e+00 
Small beta[j]
maxeigs[1]=-1.000000e+100 
maxeigs[2]=-1.000000e+100 
maxeigs[3]=-1.000000e+100 
maxeigs[4]=-1.000000e+100 
maxeigs[5]=1.123788e+00 
maxeigs[6]=1.125109e+00 
maxeigs[7]=1.125109e+00 
maxeig 1.125109e+00 
Lancoz converged after 7 iters
eigsearch: alpha=0.000000e+00 
linesearch method 2 
qreig evalue -1.237875e-01 
qreig evalue 2.144014e-02 
qreig evalue 2.409545e-01 
qreig evalue 9.083343e-01 
qreig evalue 1.032603e+00 
qreig evalue -1.251088e-01 
qreig evalue 8.371352e-03 
qreig evalue 5.106873e-02 
qreig evalue 2.468319e-01 
qreig evalue 9.083484e-01 
qreig evalue 1.034954e+00 
qreig evalue -1.251088e-01 
qreig evalue 1.490320e-04 
qreig evalue 8.410143e-03 
qreig evalue 5.108290e-02 
qreig evalue 2.468321e-01 
qreig evalue 9.083484e-01 
qreig evalue 1.034954e+00 
Small beta[j]
maxeigs[1]=-1.000000e+100 
maxeigs[2]=-1.000000e+100 
maxeigs[3]=-1.000000e+100 
maxeigs[4]=-1.000000e+100 
maxeigs[5]=1.032603e+00 
maxeigs[6]=1.034954e+00 
maxeigs[7]=1.034954e+00 
maxeig 1.034954e+00 
Lancoz converged after 7 iters
eigsearch: alpha=0.000000e+00 
Taking an affine step because parameters.affine=1
muk is 7.288133e+03 
muplus is 7.288133e+03 
New mu is 0.000000e+00 
mu*n = target duality gap is 0.000000e+00 
refinement: Relative error in A(X+dX)=a (Fphat) is 2.372115e-14 
refinement: Before dX+dX1 Relative error in A(X+dX)=a is 2.372115e-14 
refinement: better
Fnorm of dX1 is 2.349381e+02
Fnorm of dZ1 is 2.136916e+00
refinement: Before adjust dX Relative error in A(X+dX)=a is 2.248295e-15 
refinement: better
Fnorm of dX is 1.521391e+03 
Fnorm of dZ is 4.017964e+01 
refinement: After adjust error in A(X+dX)=a is 2.248295e-15 
refinement: better
linesearch method 2 
qreig evalue -3.300550e-02 
qreig evalue 1.748900e-01 
qreig evalue 8.208054e-01 
qreig evalue 9.814985e-01 
qreig evalue 1.073741e+00 
qreig evalue -3.307123e-02 
qreig evalue 1.748887e-01 
qreig evalue 8.168969e-01 
qreig evalue 9.556886e-01 
qreig evalue 9.928903e-01 
qreig evalue 1.075805e+00 
qreig evalue -3.307176e-02 
qreig evalue 1.748613e-01 
qreig evalue 1.749896e-01 
qreig evalue 8.169651e-01 
qreig evalue 9.571078e-01 
qreig evalue 9.935212e-01 
qreig evalue 1.075842e+00 
qreig evalue -3.307176e-02 
qreig evalue 1.746967e-01 
qreig evalue 1.749032e-01 
qreig evalue 8.169650e-01 
qreig evalue 9.570991e-01 
qreig evalue 9.934952e-01 
qreig evalue 9.999046e-01 
qreig evalue 1.075842e+00 
Stopping here, on tightness j=8 
maxeigs[1]=-1.000000e+100 
maxeigs[2]=-1.000000e+100 
maxeigs[3]=-1.000000e+100 
maxeigs[4]=-1.000000e+100 
maxeigs[5]=1.073741e+00 
maxeigs[6]=1.075805e+00 
maxeigs[7]=1.075842e+00 
maxeigs[8]=1.075842e+00 
maxeig 1.086601e+00 
Lancoz converged after 8 iters
eigsearch: alpha=0.000000e+00 
linesearch method 2 
qreig evalue -2.147961e-01 
qreig evalue 3.400985e-02 
qreig evalue 3.405402e-01 
qreig evalue 8.991576e-01 
qreig evalue 9.131755e-01 
qreig evalue -2.160754e-01 
qreig evalue 1.477661e-02 
qreig evalue 9.134314e-02 
qreig evalue 3.689394e-01 
qreig evalue 9.083484e-01 
qreig evalue 9.965735e-01 
qreig evalue -2.160755e-01 
qreig evalue 2.444141e-04 
qreig evalue 1.484460e-02 
qreig evalue 9.137450e-02 
qreig evalue 3.689404e-01 
qreig evalue 9.083484e-01 
qreig evalue 9.965740e-01 
Small beta[j]
maxeigs[1]=-1.000000e+100 
maxeigs[2]=-1.000000e+100 
maxeigs[3]=-1.000000e+100 
maxeigs[4]=-1.000000e+100 
maxeigs[5]=9.131755e-01 
maxeigs[6]=9.965735e-01 
maxeigs[7]=9.965740e-01 
maxeig 9.965740e-01 
Lancoz converged after 7 iters
eigsearch: alpha=0.000000e+00 
After linesearches, alphap=0.000000e+00 alphad=0.000000e+00 
newrelpinfeas is 1.139107e+02
limrelpinfeas is 1.139107e+05
newreldinfeas is 9.309890e+00
limreldinfeas is 9.309890e+03
After feas check, alphap=0.000000e+00 alphad=0.000000e+00 
line search failure in corrector step.
diagnrm is 3.425079e+02, adding diagadd 1.032700e-13 
Perturbing C.
Fnorm of Fd is 4.654945e+01 
Norm of rhs is 1.499923e+03 
Norm of dy is 2.295981e+01 
Fnorm of work1 is 2.170103e+00 
Before Fd, Fnorm of dZ is 2.367777e+01 
After Fd, Fnorm of dZ is 4.012902e+01 
Fnorm of dX is 1.470100e+03 
Fnorm of dZ is 4.012902e+01 
linesearch method 2 
qreig evalue -3.260338e-02 
qreig evalue 9.166573e-02 
qreig evalue 7.590455e-01 
qreig evalue 9.785599e-01 
qreig evalue 1.123788e+00 
qreig evalue -3.495432e-02 
qreig evalue 9.165159e-02 
qreig evalue 7.531681e-01 
qreig evalue 9.489313e-01 
qreig evalue 9.916286e-01 
qreig evalue 1.125109e+00 
qreig evalue -3.495433e-02 
qreig evalue 9.165159e-02 
qreig evalue 7.531679e-01 
qreig evalue 9.489171e-01 
qreig evalue 9.915899e-01 
qreig evalue 9.998510e-01 
qreig evalue 1.125109e+00 
Small beta[j]
maxeigs[1]=-1.000000e+100 
maxeigs[2]=-1.000000e+100 
maxeigs[3]=-1.000000e+100 
maxeigs[4]=-1.000000e+100 
maxeigs[5]=1.123788e+00 
maxeigs[6]=1.125109e+00 
maxeigs[7]=1.125109e+00 
maxeig 1.125109e+00 
Lancoz converged after 7 iters
eigsearch: alpha=0.000000e+00 
linesearch method 2 
qreig evalue -1.237875e-01 
qreig evalue 2.144014e-02 
qreig evalue 2.409545e-01 
qreig evalue 9.083343e-01 
qreig evalue 1.032603e+00 
qreig evalue -1.251088e-01 
qreig evalue 8.371352e-03 
qreig evalue 5.106873e-02 
qreig evalue 2.468319e-01 
qreig evalue 9.083484e-01 
qreig evalue 1.034954e+00 
qreig evalue -1.251088e-01 
qreig evalue 1.490320e-04 
qreig evalue 8.410143e-03 
qreig evalue 5.108290e-02 
qreig evalue 2.468321e-01 
qreig evalue 9.083484e-01 
qreig evalue 1.034954e+00 
Small beta[j]
maxeigs[1]=-1.000000e+100 
maxeigs[2]=-1.000000e+100 
maxeigs[3]=-1.000000e+100 
maxeigs[4]=-1.000000e+100 
maxeigs[5]=1.032603e+00 
maxeigs[6]=1.034954e+00 
maxeigs[7]=1.034954e+00 
maxeig 1.034954e+00 
Lancoz converged after 7 iters
eigsearch: alpha=0.000000e+00 
Taking an affine step because parameters.affine=1
muk is 7.288133e+03 
muplus is 7.288133e+03 
New mu is 0.000000e+00 
mu*n = target duality gap is 0.000000e+00 
refinement: Relative error in A(X+dX)=a (Fphat) is 1.762955e-13 
refinement: Before dX+dX1 Relative error in A(X+dX)=a is 1.762955e-13 
refinement: better
Fnorm of dX1 is 2.349381e+02
Fnorm of dZ1 is 2.136916e+00
refinement: Before adjust dX Relative error in A(X+dX)=a is 1.293776e-14 
refinement: better
Fnorm of dX is 1.521391e+03 
Fnorm of dZ is 4.017964e+01 
refinement: After adjust error in A(X+dX)=a is 1.293776e-14 
refinement: better
linesearch method 2 
qreig evalue -3.300550e-02 
qreig evalue 1.748900e-01 
qreig evalue 8.208054e-01 
qreig evalue 9.814985e-01 
qreig evalue 1.073741e+00 
qreig evalue -3.307123e-02 
qreig evalue 1.748887e-01 
qreig evalue 8.168969e-01 
qreig evalue 9.556886e-01 
qreig evalue 9.928903e-01 
qreig evalue 1.075805e+00 
qreig evalue -3.307176e-02 
qreig evalue 1.748613e-01 
qreig evalue 1.749896e-01 
qreig evalue 8.169651e-01 
qreig evalue 9.571078e-01 
qreig evalue 9.935212e-01 
qreig evalue 1.075842e+00 
qreig evalue -3.307176e-02 
qreig evalue 1.746967e-01 
qreig evalue 1.749032e-01 
qreig evalue 8.169650e-01 
qreig evalue 9.570991e-01 
qreig evalue 9.934952e-01 
qreig evalue 9.999046e-01 
qreig evalue 1.075842e+00 
Stopping here, on tightness j=8 
maxeigs[1]=-1.000000e+100 
maxeigs[2]=-1.000000e+100 
maxeigs[3]=-1.000000e+100 
maxeigs[4]=-1.000000e+100 
maxeigs[5]=1.073741e+00 
maxeigs[6]=1.075805e+00 
maxeigs[7]=1.075842e+00 
maxeigs[8]=1.075842e+00 
maxeig 1.086601e+00 
Lancoz converged after 8 iters
eigsearch: alpha=0.000000e+00 
linesearch method 2 
qreig evalue -2.147961e-01 
qreig evalue 3.400985e-02 
qreig evalue 3.405402e-01 
qreig evalue 8.991576e-01 
qreig evalue 9.131755e-01 
qreig evalue -2.160754e-01 
qreig evalue 1.477661e-02 
qreig evalue 9.134314e-02 
qreig evalue 3.689394e-01 
qreig evalue 9.083484e-01 
qreig evalue 9.965735e-01 
qreig evalue -2.160755e-01 
qreig evalue 2.444141e-04 
qreig evalue 1.484460e-02 
qreig evalue 9.137450e-02 
qreig evalue 3.689404e-01 
qreig evalue 9.083484e-01 
qreig evalue 9.965740e-01 
Small beta[j]
maxeigs[1]=-1.000000e+100 
maxeigs[2]=-1.000000e+100 
maxeigs[3]=-1.000000e+100 
maxeigs[4]=-1.000000e+100 
maxeigs[5]=9.131755e-01 
maxeigs[6]=9.965735e-01 
maxeigs[7]=9.965740e-01 
maxeig 9.965740e-01 
Lancoz converged after 7 iters
eigsearch: alpha=0.000000e+00 
After linesearches, alphap=0.000000e+00 alphad=0.000000e+00 
newrelpinfeas is 1.139107e+02
limrelpinfeas is 1.139107e+05
newreldinfeas is 9.309890e+00
limreldinfeas is 9.309890e+03
After feas check, alphap=0.000000e+00 alphad=0.000000e+00 
line search failure in corrector step.
diagnrm is 3.425079e+02, adding diagadd 1.032700e-12 
Perturbing C.
Fnorm of Fd is 4.654945e+01 
Norm of rhs is 1.499923e+03 
Norm of dy is 2.295981e+01 
Fnorm of work1 is 2.170103e+00 
Before Fd, Fnorm of dZ is 2.367777e+01 
After Fd, Fnorm of dZ is 4.012902e+01 
Fnorm of dX is 1.470100e+03 
Fnorm of dZ is 4.012902e+01 
linesearch method 2 
qreig evalue -3.260338e-02 
qreig evalue 9.166573e-02 
qreig evalue 7.590455e-01 
qreig evalue 9.785599e-01 
qreig evalue 1.123788e+00 
qreig evalue -3.495432e-02 
qreig evalue 9.165159e-02 
qreig evalue 7.531681e-01 
qreig evalue 9.489313e-01 
qreig evalue 9.916286e-01 
qreig evalue 1.125109e+00 
qreig evalue -3.495433e-02 
qreig evalue 9.165159e-02 
qreig evalue 7.531679e-01 
qreig evalue 9.489171e-01 
qreig evalue 9.915899e-01 
qreig evalue 9.998510e-01 
qreig evalue 1.125109e+00 
Small beta[j]
maxeigs[1]=-1.000000e+100 
maxeigs[2]=-1.000000e+100 
maxeigs[3]=-1.000000e+100 
maxeigs[4]=-1.000000e+100 
maxeigs[5]=1.123788e+00 
maxeigs[6]=1.125109e+00 
maxeigs[7]=1.125109e+00 
maxeig 1.125109e+00 
Lancoz converged after 7 iters
eigsearch: alpha=0.000000e+00 
linesearch method 2 
qreig evalue -1.237875e-01 
qreig evalue 2.144014e-02 
qreig evalue 2.409545e-01 
qreig evalue 9.083343e-01 
qreig evalue 1.032603e+00 
qreig evalue -1.251088e-01 
qreig evalue 8.371352e-03 
qreig evalue 5.106873e-02 
qreig evalue 2.468319e-01 
qreig evalue 9.083484e-01 
qreig evalue 1.034954e+00 
qreig evalue -1.251088e-01 
qreig evalue 1.490320e-04 
qreig evalue 8.410143e-03 
qreig evalue 5.108290e-02 
qreig evalue 2.468321e-01 
qreig evalue 9.083484e-01 
qreig evalue 1.034954e+00 
Small beta[j]
maxeigs[1]=-1.000000e+100 
maxeigs[2]=-1.000000e+100 
maxeigs[3]=-1.000000e+100 
maxeigs[4]=-1.000000e+100 
maxeigs[5]=1.032603e+00 
maxeigs[6]=1.034954e+00 
maxeigs[7]=1.034954e+00 
maxeig 1.034954e+00 
Lancoz converged after 7 iters
eigsearch: alpha=0.000000e+00 
Taking an affine step because parameters.affine=1
muk is 7.288133e+03 
muplus is 7.288133e+03 
New mu is 0.000000e+00 
mu*n = target duality gap is 0.000000e+00 
refinement: Relative error in A(X+dX)=a (Fphat) is 1.797122e-12 
refinement: Before dX+dX1 Relative error in A(X+dX)=a is 1.797122e-12 
refinement: better
Fnorm of dX1 is 2.349381e+02
Fnorm of dZ1 is 2.136916e+00
refinement: Before adjust dX Relative error in A(X+dX)=a is 1.430234e-13 
refinement: better
Fnorm of dX is 1.521391e+03 
Fnorm of dZ is 4.017964e+01 
refinement: After adjust error in A(X+dX)=a is 1.430234e-13 
refinement: better
linesearch method 2 
qreig evalue -3.300550e-02 
qreig evalue 1.748900e-01 
qreig evalue 8.208054e-01 
qreig evalue 9.814985e-01 
qreig evalue 1.073741e+00 
qreig evalue -3.307123e-02 
qreig evalue 1.748887e-01 
qreig evalue 8.168969e-01 
qreig evalue 9.556886e-01 
qreig evalue 9.928903e-01 
qreig evalue 1.075805e+00 
qreig evalue -3.307176e-02 
qreig evalue 1.748613e-01 
qreig evalue 1.749896e-01 
qreig evalue 8.169651e-01 
qreig evalue 9.571078e-01 
qreig evalue 9.935212e-01 
qreig evalue 1.075842e+00 
qreig evalue -3.307176e-02 
qreig evalue 1.746967e-01 
qreig evalue 1.749032e-01 
qreig evalue 8.169650e-01 
qreig evalue 9.570991e-01 
qreig evalue 9.934952e-01 
qreig evalue 9.999046e-01 
qreig evalue 1.075842e+00 
Stopping here, on tightness j=8 
maxeigs[1]=-1.000000e+100 
maxeigs[2]=-1.000000e+100 
maxeigs[3]=-1.000000e+100 
maxeigs[4]=-1.000000e+100 
maxeigs[5]=1.073741e+00 
maxeigs[6]=1.075805e+00 
maxeigs[7]=1.075842e+00 
maxeigs[8]=1.075842e+00 
maxeig 1.086601e+00 
Lancoz converged after 8 iters
eigsearch: alpha=0.000000e+00 
linesearch method 2 
qreig evalue -2.147961e-01 
qreig evalue 3.400985e-02 
qreig evalue 3.405402e-01 
qreig evalue 8.991576e-01 
qreig evalue 9.131755e-01 
qreig evalue -2.160754e-01 
qreig evalue 1.477661e-02 
qreig evalue 9.134314e-02 
qreig evalue 3.689394e-01 
qreig evalue 9.083484e-01 
qreig evalue 9.965735e-01 
qreig evalue -2.160755e-01 
qreig evalue 2.444141e-04 
qreig evalue 1.484460e-02 
qreig evalue 9.137450e-02 
qreig evalue 3.689404e-01 
qreig evalue 9.083484e-01 
qreig evalue 9.965740e-01 
Small beta[j]
maxeigs[1]=-1.000000e+100 
maxeigs[2]=-1.000000e+100 
maxeigs[3]=-1.000000e+100 
maxeigs[4]=-1.000000e+100 
maxeigs[5]=9.131755e-01 
maxeigs[6]=9.965735e-01 
maxeigs[7]=9.965740e-01 
maxeig 9.965740e-01 
Lancoz converged after 7 iters
eigsearch: alpha=0.000000e+00 
After linesearches, alphap=0.000000e+00 alphad=0.000000e+00 
newrelpinfeas is 1.139107e+02
limrelpinfeas is 1.139107e+05
newreldinfeas is 9.309890e+00
limreldinfeas is 9.309890e+03
After feas check, alphap=0.000000e+00 alphad=0.000000e+00 
line search failure in corrector step.
diagnrm is 3.425079e+02, adding diagadd 1.032700e-11 
Perturbing C.
Fnorm of Fd is 4.654945e+01 
Norm of rhs is 1.499923e+03 
Norm of dy is 2.295981e+01 
Fnorm of work1 is 2.170103e+00 
Before Fd, Fnorm of dZ is 2.367777e+01 
After Fd, Fnorm of dZ is 4.012902e+01 
Fnorm of dX is 1.470100e+03 
Fnorm of dZ is 4.012902e+01 
linesearch method 2 
qreig evalue -3.260338e-02 
qreig evalue 9.166573e-02 
qreig evalue 7.590455e-01 
qreig evalue 9.785599e-01 
qreig evalue 1.123788e+00 
qreig evalue -3.495432e-02 
qreig evalue 9.165159e-02 
qreig evalue 7.531681e-01 
qreig evalue 9.489313e-01 
qreig evalue 9.916286e-01 
qreig evalue 1.125109e+00 
qreig evalue -3.495433e-02 
qreig evalue 9.165159e-02 
qreig evalue 7.531679e-01 
qreig evalue 9.489171e-01 
qreig evalue 9.915899e-01 
qreig evalue 9.998510e-01 
qreig evalue 1.125109e+00 
Small beta[j]
maxeigs[1]=-1.000000e+100 
maxeigs[2]=-1.000000e+100 
maxeigs[3]=-1.000000e+100 
maxeigs[4]=-1.000000e+100 
maxeigs[5]=1.123788e+00 
maxeigs[6]=1.125109e+00 
maxeigs[7]=1.125109e+00 
maxeig 1.125109e+00 
Lancoz converged after 7 iters
eigsearch: alpha=0.000000e+00 
linesearch method 2 
qreig evalue -1.237875e-01 
qreig evalue 2.144014e-02 
qreig evalue 2.409545e-01 
qreig evalue 9.083343e-01 
qreig evalue 1.032603e+00 
qreig evalue -1.251088e-01 
qreig evalue 8.371352e-03 
qreig evalue 5.106873e-02 
qreig evalue 2.468319e-01 
qreig evalue 9.083484e-01 
qreig evalue 1.034954e+00 
qreig evalue -1.251088e-01 
qreig evalue 1.490320e-04 
qreig evalue 8.410143e-03 
qreig evalue 5.108290e-02 
qreig evalue 2.468321e-01 
qreig evalue 9.083484e-01 
qreig evalue 1.034954e+00 
Small beta[j]
maxeigs[1]=-1.000000e+100 
maxeigs[2]=-1.000000e+100 
maxeigs[3]=-1.000000e+100 
maxeigs[4]=-1.000000e+100 
maxeigs[5]=1.032603e+00 
maxeigs[6]=1.034954e+00 
maxeigs[7]=1.034954e+00 
maxeig 1.034954e+00 
Lancoz converged after 7 iters
eigsearch: alpha=0.000000e+00 
Taking an affine step because parameters.affine=1
muk is 7.288133e+03 
muplus is 7.288133e+03 
New mu is 0.000000e+00 
mu*n = target duality gap is 0.000000e+00 
refinement: Relative error in A(X+dX)=a (Fphat) is 1.799680e-11 
refinement: Before dX+dX1 Relative error in A(X+dX)=a is 1.799680e-11 
refinement: better
Fnorm of dX1 is 2.349381e+02
Fnorm of dZ1 is 2.136916e+00
refinement: Before adjust dX Relative error in A(X+dX)=a is 1.445598e-12 
refinement: better
Fnorm of dX is 1.521391e+03 
Fnorm of dZ is 4.017964e+01 
refinement: After adjust error in A(X+dX)=a is 1.445598e-12 
refinement: better
linesearch method 2 
qreig evalue -3.300550e-02 
qreig evalue 1.748900e-01 
qreig evalue 8.208054e-01 
qreig evalue 9.814985e-01 
qreig evalue 1.073741e+00 
qreig evalue -3.307123e-02 
qreig evalue 1.748887e-01 
qreig evalue 8.168969e-01 
qreig evalue 9.556886e-01 
qreig evalue 9.928903e-01 
qreig evalue 1.075805e+00 
qreig evalue -3.307176e-02 
qreig evalue 1.748613e-01 
qreig evalue 1.749896e-01 
qreig evalue 8.169651e-01 
qreig evalue 9.571078e-01 
qreig evalue 9.935212e-01 
qreig evalue 1.075842e+00 
qreig evalue -3.307176e-02 
qreig evalue 1.746967e-01 
qreig evalue 1.749032e-01 
qreig evalue 8.169650e-01 
qreig evalue 9.570991e-01 
qreig evalue 9.934952e-01 
qreig evalue 9.999046e-01 
qreig evalue 1.075842e+00 
Stopping here, on tightness j=8 
maxeigs[1]=-1.000000e+100 
maxeigs[2]=-1.000000e+100 
maxeigs[3]=-1.000000e+100 
maxeigs[4]=-1.000000e+100 
maxeigs[5]=1.073741e+00 
maxeigs[6]=1.075805e+00 
maxeigs[7]=1.075842e+00 
maxeigs[8]=1.075842e+00 
maxeig 1.086601e+00 
Lancoz converged after 8 iters
eigsearch: alpha=0.000000e+00 
linesearch method 2 
qreig evalue -2.147961e-01 
qreig evalue 3.400985e-02 
qreig evalue 3.405402e-01 
qreig evalue 8.991576e-01 
qreig evalue 9.131755e-01 
qreig evalue -2.160754e-01 
qreig evalue 1.477661e-02 
qreig evalue 9.134314e-02 
qreig evalue 3.689394e-01 
qreig evalue 9.083484e-01 
qreig evalue 9.965735e-01 
qreig evalue -2.160755e-01 
qreig evalue 2.444141e-04 
qreig evalue 1.484460e-02 
qreig evalue 9.137450e-02 
qreig evalue 3.689404e-01 
qreig evalue 9.083484e-01 
qreig evalue 9.965740e-01 
Small beta[j]
maxeigs[1]=-1.000000e+100 
maxeigs[2]=-1.000000e+100 
maxeigs[3]=-1.000000e+100 
maxeigs[4]=-1.000000e+100 
maxeigs[5]=9.131755e-01 
maxeigs[6]=9.965735e-01 
maxeigs[7]=9.965740e-01 
maxeig 9.965740e-01 
Lancoz converged after 7 iters
eigsearch: alpha=0.000000e+00 
After linesearches, alphap=0.000000e+00 alphad=0.000000e+00 
newrelpinfeas is 1.139107e+02
limrelpinfeas is 1.139107e+05
newreldinfeas is 9.309890e+00
limreldinfeas is 9.309890e+03
After feas check, alphap=0.000000e+00 alphad=0.000000e+00 
line search failure in corrector step.
diagnrm is 3.425079e+02, adding diagadd 1.032700e-10 
Perturbing C.
Fnorm of Fd is 4.654945e+01 
Norm of rhs is 1.499923e+03 
Norm of dy is 2.295981e+01 
Fnorm of work1 is 2.170103e+00 
Before Fd, Fnorm of dZ is 2.367777e+01 
After Fd, Fnorm of dZ is 4.012902e+01 
Fnorm of dX is 1.470100e+03 
Fnorm of dZ is 4.012902e+01 
linesearch method 2 
qreig evalue -3.260338e-02 
qreig evalue 9.166573e-02 
qreig evalue 7.590455e-01 
qreig evalue 9.785599e-01 
qreig evalue 1.123788e+00 
qreig evalue -3.495432e-02 
qreig evalue 9.165159e-02 
qreig evalue 7.531681e-01 
qreig evalue 9.489313e-01 
qreig evalue 9.916286e-01 
qreig evalue 1.125109e+00 
qreig evalue -3.495433e-02 
qreig evalue 9.165159e-02 
qreig evalue 7.531679e-01 
qreig evalue 9.489171e-01 
qreig evalue 9.915899e-01 
qreig evalue 9.998510e-01 
qreig evalue 1.125109e+00 
Small beta[j]
maxeigs[1]=-1.000000e+100 
maxeigs[2]=-1.000000e+100 
maxeigs[3]=-1.000000e+100 
maxeigs[4]=-1.000000e+100 
maxeigs[5]=1.123788e+00 
maxeigs[6]=1.125109e+00 
maxeigs[7]=1.125109e+00 
maxeig 1.125109e+00 
Lancoz converged after 7 iters
eigsearch: alpha=0.000000e+00 
linesearch method 2 
qreig evalue -1.237875e-01 
qreig evalue 2.144014e-02 
qreig evalue 2.409545e-01 
qreig evalue 9.083343e-01 
qreig evalue 1.032603e+00 
qreig evalue -1.251088e-01 
qreig evalue 8.371352e-03 
qreig evalue 5.106873e-02 
qreig evalue 2.468319e-01 
qreig evalue 9.083484e-01 
qreig evalue 1.034954e+00 
qreig evalue -1.251088e-01 
qreig evalue 1.490320e-04 
qreig evalue 8.410143e-03 
qreig evalue 5.108290e-02 
qreig evalue 2.468321e-01 
qreig evalue 9.083484e-01 
qreig evalue 1.034954e+00 
Small beta[j]
maxeigs[1]=-1.000000e+100 
maxeigs[2]=-1.000000e+100 
maxeigs[3]=-1.000000e+100 
maxeigs[4]=-1.000000e+100 
maxeigs[5]=1.032603e+00 
maxeigs[6]=1.034954e+00 
maxeigs[7]=1.034954e+00 
maxeig 1.034954e+00 
Lancoz converged after 7 iters
eigsearch: alpha=0.000000e+00 
Taking an affine step because parameters.affine=1
muk is 7.288133e+03 
muplus is 7.288133e+03 
New mu is 0.000000e+00 
mu*n = target duality gap is 0.000000e+00 
refinement: Relative error in A(X+dX)=a (Fphat) is 1.800655e-10 
refinement: Before dX+dX1 Relative error in A(X+dX)=a is 1.800655e-10 
refinement: better
Fnorm of dX1 is 2.349381e+02
Fnorm of dZ1 is 2.136916e+00
refinement: Before adjust dX Relative error in A(X+dX)=a is 1.446980e-11 
refinement: better
Fnorm of dX is 1.521391e+03 
Fnorm of dZ is 4.017964e+01 
refinement: After adjust error in A(X+dX)=a is 1.446980e-11 
refinement: better
linesearch method 2 
qreig evalue -3.300550e-02 
qreig evalue 1.748900e-01 
qreig evalue 8.208054e-01 
qreig evalue 9.814985e-01 
qreig evalue 1.073741e+00 
qreig evalue -3.307123e-02 
qreig evalue 1.748887e-01 
qreig evalue 8.168969e-01 
qreig evalue 9.556886e-01 
qreig evalue 9.928903e-01 
qreig evalue 1.075805e+00 
qreig evalue -3.307176e-02 
qreig evalue 1.748613e-01 
qreig evalue 1.749896e-01 
qreig evalue 8.169651e-01 
qreig evalue 9.571078e-01 
qreig evalue 9.935212e-01 
qreig evalue 1.075842e+00 
qreig evalue -3.307176e-02 
qreig evalue 1.746967e-01 
qreig evalue 1.749032e-01 
qreig evalue 8.169650e-01 
qreig evalue 9.570991e-01 
qreig evalue 9.934952e-01 
qreig evalue 9.999046e-01 
qreig evalue 1.075842e+00 
Stopping here, on tightness j=8 
maxeigs[1]=-1.000000e+100 
maxeigs[2]=-1.000000e+100 
maxeigs[3]=-1.000000e+100 
maxeigs[4]=-1.000000e+100 
maxeigs[5]=1.073741e+00 
maxeigs[6]=1.075805e+00 
maxeigs[7]=1.075842e+00 
maxeigs[8]=1.075842e+00 
maxeig 1.086601e+00 
Lancoz converged after 8 iters
eigsearch: alpha=0.000000e+00 
linesearch method 2 
qreig evalue -2.147961e-01 
qreig evalue 3.400985e-02 
qreig evalue 3.405402e-01 
qreig evalue 8.991576e-01 
qreig evalue 9.131755e-01 
qreig evalue -2.160754e-01 
qreig evalue 1.477661e-02 
qreig evalue 9.134314e-02 
qreig evalue 3.689394e-01 
qreig evalue 9.083484e-01 
qreig evalue 9.965735e-01 
qreig evalue -2.160755e-01 
qreig evalue 2.444141e-04 
qreig evalue 1.484460e-02 
qreig evalue 9.137450e-02 
qreig evalue 3.689404e-01 
qreig evalue 9.083484e-01 
qreig evalue 9.965740e-01 
Small beta[j]
maxeigs[1]=-1.000000e+100 
maxeigs[2]=-1.000000e+100 
maxeigs[3]=-1.000000e+100 
maxeigs[4]=-1.000000e+100 
maxeigs[5]=9.131755e-01 
maxeigs[6]=9.965735e-01 
maxeigs[7]=9.965740e-01 
maxeig 9.965740e-01 
Lancoz converged after 7 iters
eigsearch: alpha=0.000000e+00 
After linesearches, alphap=0.000000e+00 alphad=0.000000e+00 
newrelpinfeas is 1.139107e+02
limrelpinfeas is 1.139107e+05
newreldinfeas is 9.309890e+00
limreldinfeas is 9.309890e+03
After feas check, alphap=0.000000e+00 alphad=0.000000e+00 
line search failure in corrector step.
diagnrm is 3.425079e+02, adding diagadd 1.032700e-09 
Perturbing C.
Fnorm of Fd is 4.654945e+01 
Norm of rhs is 1.499923e+03 
Norm of dy is 2.295981e+01 
Fnorm of work1 is 2.170103e+00 
Before Fd, Fnorm of dZ is 2.367777e+01 
After Fd, Fnorm of dZ is 4.012902e+01 
Fnorm of dX is 1.470100e+03 
Fnorm of dZ is 4.012902e+01 
linesearch method 2 
qreig evalue -3.260338e-02 
qreig evalue 9.166573e-02 
qreig evalue 7.590455e-01 
qreig evalue 9.785599e-01 
qreig evalue 1.123788e+00 
qreig evalue -3.495432e-02 
qreig evalue 9.165159e-02 
qreig evalue 7.531681e-01 
qreig evalue 9.489313e-01 
qreig evalue 9.916286e-01 
qreig evalue 1.125109e+00 
qreig evalue -3.495433e-02 
qreig evalue 9.165159e-02 
qreig evalue 7.531679e-01 
qreig evalue 9.489171e-01 
qreig evalue 9.915899e-01 
qreig evalue 9.998510e-01 
qreig evalue 1.125109e+00 
Small beta[j]
maxeigs[1]=-1.000000e+100 
maxeigs[2]=-1.000000e+100 
maxeigs[3]=-1.000000e+100 
maxeigs[4]=-1.000000e+100 
maxeigs[5]=1.123788e+00 
maxeigs[6]=1.125109e+00 
maxeigs[7]=1.125109e+00 
maxeig 1.125109e+00 
Lancoz converged after 7 iters
eigsearch: alpha=0.000000e+00 
linesearch method 2 
qreig evalue -1.237875e-01 
qreig evalue 2.144014e-02 
qreig evalue 2.409545e-01 
qreig evalue 9.083343e-01 
qreig evalue 1.032603e+00 
qreig evalue -1.251088e-01 
qreig evalue 8.371352e-03 
qreig evalue 5.106873e-02 
qreig evalue 2.468319e-01 
qreig evalue 9.083484e-01 
qreig evalue 1.034954e+00 
qreig evalue -1.251088e-01 
qreig evalue 1.490320e-04 
qreig evalue 8.410143e-03 
qreig evalue 5.108290e-02 
qreig evalue 2.468321e-01 
qreig evalue 9.083484e-01 
qreig evalue 1.034954e+00 
Small beta[j]
maxeigs[1]=-1.000000e+100 
maxeigs[2]=-1.000000e+100 
maxeigs[3]=-1.000000e+100 
maxeigs[4]=-1.000000e+100 
maxeigs[5]=1.032603e+00 
maxeigs[6]=1.034954e+00 
maxeigs[7]=1.034954e+00 
maxeig 1.034954e+00 
Lancoz converged after 7 iters
eigsearch: alpha=0.000000e+00 
Taking an affine step because parameters.affine=1
muk is 7.288133e+03 
muplus is 7.288133e+03 
New mu is 0.000000e+00 
mu*n = target duality gap is 0.000000e+00 
refinement: Relative error in A(X+dX)=a (Fphat) is 1.800694e-09 
refinement: Before dX+dX1 Relative error in A(X+dX)=a is 1.800694e-09 
refinement: better
Fnorm of dX1 is 2.349381e+02
Fnorm of dZ1 is 2.136916e+00
refinement: Before adjust dX Relative error in A(X+dX)=a is 1.447067e-10 
refinement: better
Fnorm of dX is 1.521391e+03 
Fnorm of dZ is 4.017964e+01 
refinement: After adjust error in A(X+dX)=a is 1.447067e-10 
refinement: better
linesearch method 2 
qreig evalue -3.300550e-02 
qreig evalue 1.748900e-01 
qreig evalue 8.208054e-01 
qreig evalue 9.814985e-01 
qreig evalue 1.073741e+00 
qreig evalue -3.307123e-02 
qreig evalue 1.748887e-01 
qreig evalue 8.168969e-01 
qreig evalue 9.556886e-01 
qreig evalue 9.928903e-01 
qreig evalue 1.075805e+00 
qreig evalue -3.307176e-02 
qreig evalue 1.748613e-01 
qreig evalue 1.749896e-01 
qreig evalue 8.169651e-01 
qreig evalue 9.571078e-01 
qreig evalue 9.935212e-01 
qreig evalue 1.075842e+00 
qreig evalue -3.307176e-02 
qreig evalue 1.746967e-01 
qreig evalue 1.749032e-01 
qreig evalue 8.169650e-01 
qreig evalue 9.570991e-01 
qreig evalue 9.934952e-01 
qreig evalue 9.999046e-01 
qreig evalue 1.075842e+00 
Stopping here, on tightness j=8 
maxeigs[1]=-1.000000e+100 
maxeigs[2]=-1.000000e+100 
maxeigs[3]=-1.000000e+100 
maxeigs[4]=-1.000000e+100 
maxeigs[5]=1.073741e+00 
maxeigs[6]=1.075805e+00 
maxeigs[7]=1.075842e+00 
maxeigs[8]=1.075842e+00 
maxeig 1.086601e+00 
Lancoz converged after 8 iters
eigsearch: alpha=0.000000e+00 
linesearch method 2 
qreig evalue -2.147961e-01 
qreig evalue 3.400985e-02 
qreig evalue 3.405402e-01 
qreig evalue 8.991576e-01 
qreig evalue 9.131755e-01 
qreig evalue -2.160754e-01 
qreig evalue 1.477661e-02 
qreig evalue 9.134314e-02 
qreig evalue 3.689394e-01 
qreig evalue 9.083484e-01 
qreig evalue 9.965735e-01 
qreig evalue -2.160755e-01 
qreig evalue 2.444142e-04 
qreig evalue 1.484460e-02 
qreig evalue 9.137450e-02 
qreig evalue 3.689404e-01 
qreig evalue 9.083484e-01 
qreig evalue 9.965740e-01 
Small beta[j]
maxeigs[1]=-1.000000e+100 
maxeigs[2]=-1.000000e+100 
maxeigs[3]=-1.000000e+100 
maxeigs[4]=-1.000000e+100 
maxeigs[5]=9.131755e-01 
maxeigs[6]=9.965735e-01 
maxeigs[7]=9.965740e-01 
maxeig 9.965740e-01 
Lancoz converged after 7 iters
eigsearch: alpha=0.000000e+00 
After linesearches, alphap=0.000000e+00 alphad=0.000000e+00 
newrelpinfeas is 1.139107e+02
limrelpinfeas is 1.139107e+05
newreldinfeas is 9.309890e+00
limreldinfeas is 9.309890e+03
After feas check, alphap=0.000000e+00 alphad=0.000000e+00 
line search failure in corrector step.
diagnrm is 3.425079e+02, adding diagadd 1.032700e-08 
Perturbing C.
Fnorm of Fd is 4.654945e+01 
Norm of rhs is 1.499923e+03 
Norm of dy is 2.295981e+01 
Fnorm of work1 is 2.170103e+00 
Before Fd, Fnorm of dZ is 2.367777e+01 
After Fd, Fnorm of dZ is 4.012902e+01 
Fnorm of dX is 1.470100e+03 
Fnorm of dZ is 4.012902e+01 
linesearch method 2 
qreig evalue -3.260338e-02 
qreig evalue 9.166573e-02 
qreig evalue 7.590455e-01 
qreig evalue 9.785599e-01 
qreig evalue 1.123788e+00 
qreig evalue -3.495432e-02 
qreig evalue 9.165159e-02 
qreig evalue 7.531681e-01 
qreig evalue 9.489313e-01 
qreig evalue 9.916286e-01 
qreig evalue 1.125109e+00 
qreig evalue -3.495433e-02 
qreig evalue 9.165159e-02 
qreig evalue 7.531679e-01 
qreig evalue 9.489171e-01 
qreig evalue 9.915899e-01 
qreig evalue 9.998510e-01 
qreig evalue 1.125109e+00 
Small beta[j]
maxeigs[1]=-1.000000e+100 
maxeigs[2]=-1.000000e+100 
maxeigs[3]=-1.000000e+100 
maxeigs[4]=-1.000000e+100 
maxeigs[5]=1.123788e+00 
maxeigs[6]=1.125109e+00 
maxeigs[7]=1.125109e+00 
maxeig 1.125109e+00 
Lancoz converged after 7 iters
eigsearch: alpha=0.000000e+00 
linesearch method 2 
qreig evalue -1.237875e-01 
qreig evalue 2.144014e-02 
qreig evalue 2.409545e-01 
qreig evalue 9.083343e-01 
qreig evalue 1.032603e+00 
qreig evalue -1.251088e-01 
qreig evalue 8.371352e-03 
qreig evalue 5.106873e-02 
qreig evalue 2.468319e-01 
qreig evalue 9.083484e-01 
qreig evalue 1.034954e+00 
qreig evalue -1.251088e-01 
qreig evalue 1.490321e-04 
qreig evalue 8.410143e-03 
qreig evalue 5.108290e-02 
qreig evalue 2.468321e-01 
qreig evalue 9.083484e-01 
qreig evalue 1.034954e+00 
Small beta[j]
maxeigs[1]=-1.000000e+100 
maxeigs[2]=-1.000000e+100 
maxeigs[3]=-1.000000e+100 
maxeigs[4]=-1.000000e+100 
maxeigs[5]=1.032603e+00 
maxeigs[6]=1.034954e+00 
maxeigs[7]=1.034954e+00 
maxeig 1.034954e+00 
Lancoz converged after 7 iters
eigsearch: alpha=0.000000e+00 
Taking an affine step because parameters.affine=1
muk is 7.288133e+03 
muplus is 7.288133e+03 
New mu is 0.000000e+00 
mu*n = target duality gap is 0.000000e+00 
refinement: Relative error in A(X+dX)=a (Fphat) is 1.800686e-08 
refinement: Before dX+dX1 Relative error in A(X+dX)=a is 1.800686e-08 
refinement: better
Fnorm of dX1 is 2.349381e+02
Fnorm of dZ1 is 2.136916e+00
refinement: Before adjust dX Relative error in A(X+dX)=a is 1.447033e-09 
refinement: better
Fnorm of dX is 1.521391e+03 
Fnorm of dZ is 4.017964e+01 
refinement: After adjust error in A(X+dX)=a is 1.447033e-09 
refinement: better
linesearch method 2 
qreig evalue -3.300550e-02 
qreig evalue 1.748900e-01 
qreig evalue 8.208054e-01 
qreig evalue 9.814985e-01 
qreig evalue 1.073741e+00 
qreig evalue -3.307123e-02 
qreig evalue 1.748887e-01 
qreig evalue 8.168969e-01 
qreig evalue 9.556886e-01 
qreig evalue 9.928903e-01 
qreig evalue 1.075805e+00 
qreig evalue -3.307176e-02 
qreig evalue 1.748613e-01 
qreig evalue 1.749896e-01 
qreig evalue 8.169651e-01 
qreig evalue 9.571078e-01 
qreig evalue 9.935212e-01 
qreig evalue 1.075842e+00 
qreig evalue -3.307176e-02 
qreig evalue 1.746967e-01 
qreig evalue 1.749032e-01 
qreig evalue 8.169650e-01 
qreig evalue 9.570991e-01 
qreig evalue 9.934952e-01 
qreig evalue 9.999046e-01 
qreig evalue 1.075842e+00 
Stopping here, on tightness j=8 
maxeigs[1]=-1.000000e+100 
maxeigs[2]=-1.000000e+100 
maxeigs[3]=-1.000000e+100 
maxeigs[4]=-1.000000e+100 
maxeigs[5]=1.073741e+00 
maxeigs[6]=1.075805e+00 
maxeigs[7]=1.075842e+00 
maxeigs[8]=1.075842e+00 
maxeig 1.086601e+00 
Lancoz converged after 8 iters
eigsearch: alpha=0.000000e+00 
linesearch method 2 
qreig evalue -2.147961e-01 
qreig evalue 3.400985e-02 
qreig evalue 3.405402e-01 
qreig evalue 8.991576e-01 
qreig evalue 9.131755e-01 
qreig evalue -2.160754e-01 
qreig evalue 1.477661e-02 
qreig evalue 9.134314e-02 
qreig evalue 3.689394e-01 
qreig evalue 9.083484e-01 
qreig evalue 9.965735e-01 
qreig evalue -2.160755e-01 
qreig evalue 2.444143e-04 
qreig evalue 1.484460e-02 
qreig evalue 9.137450e-02 
qreig evalue 3.689404e-01 
qreig evalue 9.083484e-01 
qreig evalue 9.965740e-01 
Small beta[j]
maxeigs[1]=-1.000000e+100 
maxeigs[2]=-1.000000e+100 
maxeigs[3]=-1.000000e+100 
maxeigs[4]=-1.000000e+100 
maxeigs[5]=9.131755e-01 
maxeigs[6]=9.965735e-01 
maxeigs[7]=9.965740e-01 
maxeig 9.965740e-01 
Lancoz converged after 7 iters
eigsearch: alpha=0.000000e+00 
After linesearches, alphap=0.000000e+00 alphad=0.000000e+00 
newrelpinfeas is 1.139107e+02
limrelpinfeas is 1.139107e+05
newreldinfeas is 9.309890e+00
limreldinfeas is 9.309890e+03
After feas check, alphap=0.000000e+00 alphad=0.000000e+00 
line search failure in corrector step.
diagnrm is 3.425079e+02, adding diagadd 1.032700e-07 
Perturbing C.
Fnorm of Fd is 4.654945e+01 
Norm of rhs is 1.499923e+03 
Norm of dy is 2.295981e+01 
Fnorm of work1 is 2.170103e+00 
Before Fd, Fnorm of dZ is 2.367777e+01 
After Fd, Fnorm of dZ is 4.012902e+01 
Fnorm of dX is 1.470100e+03 
Fnorm of dZ is 4.012902e+01 
linesearch method 2 
qreig evalue -3.260338e-02 
qreig evalue 9.166573e-02 
qreig evalue 7.590455e-01 
qreig evalue 9.785599e-01 
qreig evalue 1.123788e+00 
qreig evalue -3.495432e-02 
qreig evalue 9.165159e-02 
qreig evalue 7.531681e-01 
qreig evalue 9.489313e-01 
qreig evalue 9.916286e-01 
qreig evalue 1.125109e+00 
qreig evalue -3.495433e-02 
qreig evalue 9.165159e-02 
qreig evalue 7.531679e-01 
qreig evalue 9.489171e-01 
qreig evalue 9.915899e-01 
qreig evalue 9.998510e-01 
qreig evalue 1.125109e+00 
Small beta[j]
maxeigs[1]=-1.000000e+100 
maxeigs[2]=-1.000000e+100 
maxeigs[3]=-1.000000e+100 
maxeigs[4]=-1.000000e+100 
maxeigs[5]=1.123788e+00 
maxeigs[6]=1.125109e+00 
maxeigs[7]=1.125109e+00 
maxeig 1.125109e+00 
Lancoz converged after 7 iters
eigsearch: alpha=0.000000e+00 
linesearch method 2 
qreig evalue -1.237875e-01 
qreig evalue 2.144014e-02 
qreig evalue 2.409545e-01 
qreig evalue 9.083343e-01 
qreig evalue 1.032603e+00 
qreig evalue -1.251088e-01 
qreig evalue 8.371354e-03 
qreig evalue 5.106873e-02 
qreig evalue 2.468319e-01 
qreig evalue 9.083484e-01 
qreig evalue 1.034954e+00 
qreig evalue -1.251088e-01 
qreig evalue 1.490336e-04 
qreig evalue 8.410145e-03 
qreig evalue 5.108290e-02 
qreig evalue 2.468321e-01 
qreig evalue 9.083484e-01 
qreig evalue 1.034954e+00 
Small beta[j]
maxeigs[1]=-1.000000e+100 
maxeigs[2]=-1.000000e+100 
maxeigs[3]=-1.000000e+100 
maxeigs[4]=-1.000000e+100 
maxeigs[5]=1.032603e+00 
maxeigs[6]=1.034954e+00 
maxeigs[7]=1.034954e+00 
maxeig 1.034954e+00 
Lancoz converged after 7 iters
eigsearch: alpha=0.000000e+00 
Taking an affine step because parameters.affine=1
muk is 7.288133e+03 
muplus is 7.288133e+03 
New mu is 0.000000e+00 
mu*n = target duality gap is 0.000000e+00 
refinement: Relative error in A(X+dX)=a (Fphat) is 1.800687e-07 
refinement: Before dX+dX1 Relative error in A(X+dX)=a is 1.800687e-07 
refinement: better
Fnorm of dX1 is 2.349381e+02
Fnorm of dZ1 is 2.136916e+00
refinement: Before adjust dX Relative error in A(X+dX)=a is 1.447034e-08 
refinement: better
Fnorm of dX is 1.521391e+03 
Fnorm of dZ is 4.017964e+01 
refinement: After adjust error in A(X+dX)=a is 1.447034e-08 
refinement: better
linesearch method 2 
qreig evalue -3.300550e-02 
qreig evalue 1.748900e-01 
qreig evalue 8.208054e-01 
qreig evalue 9.814985e-01 
qreig evalue 1.073741e+00 
qreig evalue -3.307123e-02 
qreig evalue 1.748887e-01 
qreig evalue 8.168969e-01 
qreig evalue 9.556886e-01 
qreig evalue 9.928903e-01 
qreig evalue 1.075805e+00 
qreig evalue -3.307176e-02 
qreig evalue 1.748613e-01 
qreig evalue 1.749896e-01 
qreig evalue 8.169651e-01 
qreig evalue 9.571078e-01 
qreig evalue 9.935212e-01 
qreig evalue 1.075842e+00 
qreig evalue -3.307176e-02 
qreig evalue 1.746967e-01 
qreig evalue 1.749032e-01 
qreig evalue 8.169650e-01 
qreig evalue 9.570991e-01 
qreig evalue 9.934952e-01 
qreig evalue 9.999046e-01 
qreig evalue 1.075842e+00 
Stopping here, on tightness j=8 
maxeigs[1]=-1.000000e+100 
maxeigs[2]=-1.000000e+100 
maxeigs[3]=-1.000000e+100 
maxeigs[4]=-1.000000e+100 
maxeigs[5]=1.073741e+00 
maxeigs[6]=1.075805e+00 
maxeigs[7]=1.075842e+00 
maxeigs[8]=1.075842e+00 
maxeig 1.086601e+00 
Lancoz converged after 8 iters
eigsearch: alpha=0.000000e+00 
linesearch method 2 
qreig evalue -2.147961e-01 
qreig evalue 3.400985e-02 
qreig evalue 3.405402e-01 
qreig evalue 8.991576e-01 
qreig evalue 9.131755e-01 
qreig evalue -2.160754e-01 
qreig evalue 1.477661e-02 
qreig evalue 9.134314e-02 
qreig evalue 3.689394e-01 
qreig evalue 9.083484e-01 
qreig evalue 9.965735e-01 
qreig evalue -2.160755e-01 
qreig evalue 2.444157e-04 
qreig evalue 1.484461e-02 
qreig evalue 9.137450e-02 
qreig evalue 3.689404e-01 
qreig evalue 9.083484e-01 
qreig evalue 9.965740e-01 
Small beta[j]
maxeigs[1]=-1.000000e+100 
maxeigs[2]=-1.000000e+100 
maxeigs[3]=-1.000000e+100 
maxeigs[4]=-1.000000e+100 
maxeigs[5]=9.131755e-01 
maxeigs[6]=9.965735e-01 
maxeigs[7]=9.965740e-01 
maxeig 9.965740e-01 
Lancoz converged after 7 iters
eigsearch: alpha=0.000000e+00 
After linesearches, alphap=0.000000e+00 alphad=0.000000e+00 
newrelpinfeas is 1.139107e+02
limrelpinfeas is 1.139107e+05
newreldinfeas is 9.309890e+00
limreldinfeas is 9.309890e+03
After feas check, alphap=0.000000e+00 alphad=0.000000e+00 
line search failure in corrector step.
diagnrm is 3.425079e+02, adding diagadd 1.032700e-06 
Perturbing C.
Fnorm of Fd is 4.654945e+01 
Norm of rhs is 1.499923e+03 
Norm of dy is 2.295981e+01 
Fnorm of work1 is 2.170103e+00 
Before Fd, Fnorm of dZ is 2.367777e+01 
After Fd, Fnorm of dZ is 4.012902e+01 
Fnorm of dX is 1.470100e+03 
Fnorm of dZ is 4.012902e+01 
linesearch method 2 
qreig evalue -3.260338e-02 
qreig evalue 9.166573e-02 
qreig evalue 7.590455e-01 
qreig evalue 9.785598e-01 
qreig evalue 1.123788e+00 
qreig evalue -3.495432e-02 
qreig evalue 9.165159e-02 
qreig evalue 7.531680e-01 
qreig evalue 9.489313e-01 
qreig evalue 9.916286e-01 
qreig evalue 1.125109e+00 
qreig evalue -3.495433e-02 
qreig evalue 9.165159e-02 
qreig evalue 7.531679e-01 
qreig evalue 9.489171e-01 
qreig evalue 9.915898e-01 
qreig evalue 9.998510e-01 
qreig evalue 1.125109e+00 
Small beta[j]
maxeigs[1]=-1.000000e+100 
maxeigs[2]=-1.000000e+100 
maxeigs[3]=-1.000000e+100 
maxeigs[4]=-1.000000e+100 
maxeigs[5]=1.123788e+00 
maxeigs[6]=1.125109e+00 
maxeigs[7]=1.125109e+00 
maxeig 1.125109e+00 
Lancoz converged after 7 iters
eigsearch: alpha=0.000000e+00 
linesearch method 2 
qreig evalue -1.237875e-01 
qreig evalue 2.144016e-02 
qreig evalue 2.409545e-01 
qreig evalue 9.083343e-01 
qreig evalue 1.032603e+00 
qreig evalue -1.251088e-01 
qreig evalue 8.371368e-03 
qreig evalue 5.106874e-02 
qreig evalue 2.468320e-01 
qreig evalue 9.083484e-01 
qreig evalue 1.034954e+00 
qreig evalue -1.251088e-01 
qreig evalue 1.490481e-04 
qreig evalue 8.410159e-03 
qreig evalue 5.108292e-02 
qreig evalue 2.468321e-01 
qreig evalue 9.083484e-01 
qreig evalue 1.034954e+00 
Small beta[j]
maxeigs[1]=-1.000000e+100 
maxeigs[2]=-1.000000e+100 
maxeigs[3]=-1.000000e+100 
maxeigs[4]=-1.000000e+100 
maxeigs[5]=1.032603e+00 
maxeigs[6]=1.034954e+00 
maxeigs[7]=1.034954e+00 
maxeig 1.034954e+00 
Lancoz converged after 7 iters
eigsearch: alpha=0.000000e+00 
Taking an affine step because parameters.affine=1
muk is 7.288133e+03 
muplus is 7.288133e+03 
New mu is 0.000000e+00 
mu*n = target duality gap is 0.000000e+00 
refinement: Relative error in A(X+dX)=a (Fphat) is 1.800686e-06 
refinement: Before dX+dX1 Relative error in A(X+dX)=a is 1.800686e-06 
refinement: better
Fnorm of dX1 is 2.349381e+02
Fnorm of dZ1 is 2.136916e+00
refinement: Before adjust dX Relative error in A(X+dX)=a is 1.447033e-07 
refinement: better
Fnorm of dX is 1.521391e+03 
Fnorm of dZ is 4.017964e+01 
refinement: After adjust error in A(X+dX)=a is 1.447033e-07 
refinement: better
linesearch method 2 
qreig evalue -3.300550e-02 
qreig evalue 1.748900e-01 
qreig evalue 8.208054e-01 
qreig evalue 9.814985e-01 
qreig evalue 1.073741e+00 
qreig evalue -3.307123e-02 
qreig evalue 1.748887e-01 
qreig evalue 8.168968e-01 
qreig evalue 9.556886e-01 
qreig evalue 9.928903e-01 
qreig evalue 1.075805e+00 
qreig evalue -3.307176e-02 
qreig evalue 1.748613e-01 
qreig evalue 1.749896e-01 
qreig evalue 8.169651e-01 
qreig evalue 9.571078e-01 
qreig evalue 9.935212e-01 
qreig evalue 1.075842e+00 
qreig evalue -3.307176e-02 
qreig evalue 1.746967e-01 
qreig evalue 1.749032e-01 
qreig evalue 8.169650e-01 
qreig evalue 9.570991e-01 
qreig evalue 9.934952e-01 
qreig evalue 9.999046e-01 
qreig evalue 1.075842e+00 
Stopping here, on tightness j=8 
maxeigs[1]=-1.000000e+100 
maxeigs[2]=-1.000000e+100 
maxeigs[3]=-1.000000e+100 
maxeigs[4]=-1.000000e+100 
maxeigs[5]=1.073741e+00 
maxeigs[6]=1.075805e+00 
maxeigs[7]=1.075842e+00 
maxeigs[8]=1.075842e+00 
maxeig 1.086601e+00 
Lancoz converged after 8 iters
eigsearch: alpha=0.000000e+00 
linesearch method 2 
qreig evalue -2.147961e-01 
qreig evalue 3.400986e-02 
qreig evalue 3.405402e-01 
qreig evalue 8.991576e-01 
qreig evalue 9.131755e-01 
qreig evalue -2.160754e-01 
qreig evalue 1.477663e-02 
qreig evalue 9.134315e-02 
qreig evalue 3.689394e-01 
qreig evalue 9.083484e-01 
qreig evalue 9.965735e-01 
qreig evalue -2.160755e-01 
qreig evalue 2.444299e-04 
qreig evalue 1.484462e-02 
qreig evalue 9.137451e-02 
qreig evalue 3.689404e-01 
qreig evalue 9.083484e-01 
qreig evalue 9.965740e-01 
Small beta[j]
maxeigs[1]=-1.000000e+100 
maxeigs[2]=-1.000000e+100 
maxeigs[3]=-1.000000e+100 
maxeigs[4]=-1.000000e+100 
maxeigs[5]=9.131755e-01 
maxeigs[6]=9.965735e-01 
maxeigs[7]=9.965740e-01 
maxeig 9.965740e-01 
Lancoz converged after 7 iters
eigsearch: alpha=0.000000e+00 
After linesearches, alphap=0.000000e+00 alphad=0.000000e+00 
newrelpinfeas is 1.139107e+02
limrelpinfeas is 1.139107e+05
newreldinfeas is 9.309890e+00
limreldinfeas is 9.309890e+03
After feas check, alphap=0.000000e+00 alphad=0.000000e+00 
line search failure in corrector step.
diagnrm is 3.425079e+02, adding diagadd 1.032700e-05 
Perturbing C.
Fnorm of Fd is 4.654945e+01 
Norm of rhs is 1.499923e+03 
Norm of dy is 2.295980e+01 
Fnorm of work1 is 2.170103e+00 
Before Fd, Fnorm of dZ is 2.367777e+01 
After Fd, Fnorm of dZ is 4.012902e+01 
Fnorm of dX is 1.470100e+03 
Fnorm of dZ is 4.012902e+01 
linesearch method 2 
qreig evalue -3.260337e-02 
qreig evalue 9.166573e-02 
qreig evalue 7.590454e-01 
qreig evalue 9.785597e-01 
qreig evalue 1.123787e+00 
qreig evalue -3.495431e-02 
qreig evalue 9.165159e-02 
qreig evalue 7.531679e-01 
qreig evalue 9.489311e-01 
qreig evalue 9.916285e-01 
qreig evalue 1.125109e+00 
qreig evalue -3.495431e-02 
qreig evalue 9.165159e-02 
qreig evalue 7.531678e-01 
qreig evalue 9.489169e-01 
qreig evalue 9.915897e-01 
qreig evalue 9.998508e-01 
qreig evalue 1.125109e+00 
Small beta[j]
maxeigs[1]=-1.000000e+100 
maxeigs[2]=-1.000000e+100 
maxeigs[3]=-1.000000e+100 
maxeigs[4]=-1.000000e+100 
maxeigs[5]=1.123787e+00 
maxeigs[6]=1.125109e+00 
maxeigs[7]=1.125109e+00 
maxeig 1.125109e+00 
Lancoz converged after 7 iters
eigsearch: alpha=0.000000e+00 
linesearch method 2 
qreig evalue -1.237873e-01 
qreig evalue 2.144030e-02 
qreig evalue 2.409546e-01 
qreig evalue 9.083343e-01 
qreig evalue 1.032603e+00 
qreig evalue -1.251086e-01 
qreig evalue 8.371512e-03 
qreig evalue 5.106888e-02 
qreig evalue 2.468321e-01 
qreig evalue 9.083484e-01 
qreig evalue 1.034954e+00 
qreig evalue -1.251087e-01 
qreig evalue 1.491931e-04 
qreig evalue 8.410303e-03 
qreig evalue 5.108305e-02 
qreig evalue 2.468322e-01 
qreig evalue 9.083484e-01 
qreig evalue 1.034954e+00 
qreig evalue -1.251087e-01 
qreig evalue 1.491931e-04 
qreig evalue 8.410303e-03 
qreig evalue 5.108305e-02 
qreig evalue 2.468322e-01 
qreig evalue 9.083484e-01 
qreig evalue 9.083484e-01 
qreig evalue 1.034954e+00 
Stopping here, on tightness j=8 
maxeigs[1]=-1.000000e+100 
maxeigs[2]=-1.000000e+100 
maxeigs[3]=-1.000000e+100 
maxeigs[4]=-1.000000e+100 
maxeigs[5]=1.032603e+00 
maxeigs[6]=1.034954e+00 
maxeigs[7]=1.034954e+00 
maxeigs[8]=1.034954e+00 
maxeig 1.045304e+00 
Lancoz converged after 8 iters
eigsearch: alpha=0.000000e+00 
Taking an affine step because parameters.affine=1
muk is 7.288133e+03 
muplus is 7.288133e+03 
New mu is 0.000000e+00 
mu*n = target duality gap is 0.000000e+00 
refinement: Relative error in A(X+dX)=a (Fphat) is 1.800686e-05 
refinement: Before dX+dX1 Relative error in A(X+dX)=a is 1.800686e-05 
refinement: better
Fnorm of dX1 is 2.349381e+02
Fnorm of dZ1 is 2.136916e+00
refinement: Before adjust dX Relative error in A(X+dX)=a is 1.447032e-06 
refinement: better
Fnorm of dX is 1.521391e+03 
Fnorm of dZ is 4.017964e+01 
refinement: After adjust error in A(X+dX)=a is 1.447032e-06 
refinement: better
linesearch method 2 
qreig evalue -3.300548e-02 
qreig evalue 1.748900e-01 
qreig evalue 8.208054e-01 
qreig evalue 9.814985e-01 
qreig evalue 1.073741e+00 
qreig evalue -3.307121e-02 
qreig evalue 1.748887e-01 
qreig evalue 8.168968e-01 
qreig evalue 9.556886e-01 
qreig evalue 9.928903e-01 
qreig evalue 1.075805e+00 
qreig evalue -3.307175e-02 
qreig evalue 1.748613e-01 
qreig evalue 1.749896e-01 
qreig evalue 8.169651e-01 
qreig evalue 9.571078e-01 
qreig evalue 9.935212e-01 
qreig evalue 1.075842e+00 
qreig evalue -3.307175e-02 
qreig evalue 1.746967e-01 
qreig evalue 1.749032e-01 
qreig evalue 8.169650e-01 
qreig evalue 9.570991e-01 
qreig evalue 9.934952e-01 
qreig evalue 9.999046e-01 
qreig evalue 1.075842e+00 
Stopping here, on tightness j=8 
maxeigs[1]=-1.000000e+100 
maxeigs[2]=-1.000000e+100 
maxeigs[3]=-1.000000e+100 
maxeigs[4]=-1.000000e+100 
maxeigs[5]=1.073741e+00 
maxeigs[6]=1.075805e+00 
maxeigs[7]=1.075842e+00 
maxeigs[8]=1.075842e+00 
maxeig 1.086601e+00 
Lancoz converged after 8 iters
eigsearch: alpha=0.000000e+00 
linesearch method 2 
qreig evalue -2.147959e-01 
qreig evalue 3.401000e-02 
qreig evalue 3.405403e-01 
qreig evalue 8.991576e-01 
qreig evalue 9.131755e-01 
qreig evalue -2.160752e-01 
qreig evalue 1.477677e-02 
qreig evalue 9.134327e-02 
qreig evalue 3.689394e-01 
qreig evalue 9.083484e-01 
qreig evalue 9.965735e-01 
qreig evalue -2.160753e-01 
qreig evalue 2.445715e-04 
qreig evalue 1.484476e-02 
qreig evalue 9.137463e-02 
qreig evalue 3.689405e-01 
qreig evalue 9.083484e-01 
qreig evalue 9.965740e-01 
Small beta[j]
maxeigs[1]=-1.000000e+100 
maxeigs[2]=-1.000000e+100 
maxeigs[3]=-1.000000e+100 
maxeigs[4]=-1.000000e+100 
maxeigs[5]=9.131755e-01 
maxeigs[6]=9.965735e-01 
maxeigs[7]=9.965740e-01 
maxeig 9.965740e-01 
Lancoz converged after 7 iters
eigsearch: alpha=0.000000e+00 
After linesearches, alphap=0.000000e+00 alphad=0.000000e+00 
newrelpinfeas is 1.139107e+02
limrelpinfeas is 1.139107e+05
newreldinfeas is 9.309890e+00
limreldinfeas is 9.309890e+03
After feas check, alphap=0.000000e+00 alphad=0.000000e+00 
line search failure in corrector step.
diagnrm is 3.425079e+02, adding diagadd 1.032700e-04 
Perturbing C.
Fnorm of Fd is 4.654945e+01 
Norm of rhs is 1.499923e+03 
Norm of dy is 2.295977e+01 
Fnorm of work1 is 2.170100e+00 
Before Fd, Fnorm of dZ is 2.367773e+01 
After Fd, Fnorm of dZ is 4.012902e+01 
Fnorm of dX is 1.470098e+03 
Fnorm of dZ is 4.012902e+01 
linesearch method 2 
qreig evalue -3.260326e-02 
qreig evalue 9.166573e-02 
qreig evalue 7.590445e-01 
qreig evalue 9.785583e-01 
qreig evalue 1.123786e+00 
qreig evalue -3.495418e-02 
qreig evalue 9.165159e-02 
qreig evalue 7.531670e-01 
qreig evalue 9.489298e-01 
qreig evalue 9.916271e-01 
qreig evalue 1.125107e+00 
qreig evalue -3.495419e-02 
qreig evalue 9.165159e-02 
qreig evalue 7.531669e-01 
qreig evalue 9.489156e-01 
qreig evalue 9.915883e-01 
qreig evalue 9.998494e-01 
qreig evalue 1.125107e+00 
Small beta[j]
maxeigs[1]=-1.000000e+100 
maxeigs[2]=-1.000000e+100 
maxeigs[3]=-1.000000e+100 
maxeigs[4]=-1.000000e+100 
maxeigs[5]=1.123786e+00 
maxeigs[6]=1.125107e+00 
maxeigs[7]=1.125107e+00 
maxeig 1.125107e+00 
Lancoz converged after 7 iters
eigsearch: alpha=0.000000e+00 
linesearch method 2 
qreig evalue -1.237857e-01 
qreig evalue 2.144171e-02 
qreig evalue 2.409555e-01 
qreig evalue 9.083343e-01 
qreig evalue 1.032603e+00 
qreig evalue -1.251069e-01 
qreig evalue 8.372948e-03 
qreig evalue 5.107024e-02 
qreig evalue 2.468330e-01 
qreig evalue 9.083484e-01 
qreig evalue 1.034954e+00 
qreig evalue -1.251070e-01 
qreig evalue 1.506431e-04 
qreig evalue 8.411739e-03 
qreig evalue 5.108441e-02 
qreig evalue 2.468331e-01 
qreig evalue 9.083484e-01 
qreig evalue 1.034954e+00 
Small beta[j]
maxeigs[1]=-1.000000e+100 
maxeigs[2]=-1.000000e+100 
maxeigs[3]=-1.000000e+100 
maxeigs[4]=-1.000000e+100 
maxeigs[5]=1.032603e+00 
maxeigs[6]=1.034954e+00 
maxeigs[7]=1.034954e+00 
maxeig 1.034954e+00 
Lancoz converged after 7 iters
eigsearch: alpha=0.000000e+00 
Taking an affine step because parameters.affine=1
muk is 7.288133e+03 
muplus is 7.288133e+03 
New mu is 0.000000e+00 
mu*n = target duality gap is 0.000000e+00 
refinement: Relative error in A(X+dX)=a (Fphat) is 1.800684e-04 
refinement: Before dX+dX1 Relative error in A(X+dX)=a is 1.800684e-04 
refinement: better
Fnorm of dX1 is 2.349380e+02
Fnorm of dZ1 is 2.136908e+00
refinement: Before adjust dX Relative error in A(X+dX)=a is 1.447027e-05 
refinement: better
Fnorm of dX is 1.521391e+03 
Fnorm of dZ is 4.017964e+01 
refinement: After adjust error in A(X+dX)=a is 1.447027e-05 
refinement: better
linesearch method 2 
qreig evalue -3.300532e-02 
qreig evalue 1.748900e-01 
qreig evalue 8.208053e-01 
qreig evalue 9.814985e-01 
qreig evalue 1.073741e+00 
qreig evalue -3.307104e-02 
qreig evalue 1.748887e-01 
qreig evalue 8.168967e-01 
qreig evalue 9.556886e-01 
qreig evalue 9.928903e-01 
qreig evalue 1.075805e+00 
qreig evalue -3.307158e-02 
qreig evalue 1.748613e-01 
qreig evalue 1.749896e-01 
qreig evalue 8.169650e-01 
qreig evalue 9.571078e-01 
qreig evalue 9.935212e-01 
qreig evalue 1.075842e+00 
qreig evalue -3.307158e-02 
qreig evalue 1.746967e-01 
qreig evalue 1.749032e-01 
qreig evalue 8.169649e-01 
qreig evalue 9.570992e-01 
qreig evalue 9.934952e-01 
qreig evalue 9.999047e-01 
qreig evalue 1.075842e+00 
Stopping here, on tightness j=8 
maxeigs[1]=-1.000000e+100 
maxeigs[2]=-1.000000e+100 
maxeigs[3]=-1.000000e+100 
maxeigs[4]=-1.000000e+100 
maxeigs[5]=1.073741e+00 
maxeigs[6]=1.075805e+00 
maxeigs[7]=1.075842e+00 
maxeigs[8]=1.075842e+00 
maxeig 1.086601e+00 
Lancoz converged after 8 iters
eigsearch: alpha=0.000000e+00 
linesearch method 2 
qreig evalue -2.147938e-01 
qreig evalue 3.401134e-02 
qreig evalue 3.405410e-01 
qreig evalue 8.991582e-01 
qreig evalue 9.131758e-01 
qreig evalue -2.160731e-01 
qreig evalue 1.477815e-02 
qreig evalue 9.134446e-02 
qreig evalue 3.689400e-01 
qreig evalue 9.083484e-01 
qreig evalue 9.965735e-01 
qreig evalue -2.160732e-01 
qreig evalue 2.459875e-04 
qreig evalue 1.484614e-02 
qreig evalue 9.137582e-02 
qreig evalue 3.689410e-01 
qreig evalue 9.083484e-01 
qreig evalue 9.965740e-01 
Small beta[j]
maxeigs[1]=-1.000000e+100 
maxeigs[2]=-1.000000e+100 
maxeigs[3]=-1.000000e+100 
maxeigs[4]=-1.000000e+100 
maxeigs[5]=9.131758e-01 
maxeigs[6]=9.965735e-01 
maxeigs[7]=9.965740e-01 
maxeig 9.965740e-01 
Lancoz converged after 7 iters
eigsearch: alpha=0.000000e+00 
After linesearches, alphap=0.000000e+00 alphad=0.000000e+00 
newrelpinfeas is 1.139107e+02
limrelpinfeas is 1.139107e+05
newreldinfeas is 9.309890e+00
limreldinfeas is 9.309890e+03
After feas check, alphap=0.000000e+00 alphad=0.000000e+00 
line search failure in corrector step.
diagnrm is 3.425079e+02, adding diagadd 1.032700e-03 
Perturbing C.
Fnorm of Fd is 4.654945e+01 
Norm of rhs is 1.499923e+03 
Norm of dy is 2.295944e+01 
Fnorm of work1 is 2.170069e+00 
Before Fd, Fnorm of dZ is 2.367739e+01 
After Fd, Fnorm of dZ is 4.012902e+01 
Fnorm of dX is 1.470077e+03 
Fnorm of dZ is 4.012902e+01 
linesearch method 2 
qreig evalue -3.260210e-02 
qreig evalue 9.166572e-02 
qreig evalue 7.590350e-01 
qreig evalue 9.785442e-01 
qreig evalue 1.123769e+00 
qreig evalue -3.495292e-02 
qreig evalue 9.165159e-02 
qreig evalue 7.531576e-01 
qreig evalue 9.489162e-01 
qreig evalue 9.916127e-01 
qreig evalue 1.125091e+00 
qreig evalue -3.495292e-02 
qreig evalue 9.165159e-02 
qreig evalue 7.531575e-01 
qreig evalue 9.489020e-01 
qreig evalue 9.915739e-01 
qreig evalue 9.998349e-01 
qreig evalue 1.125091e+00 
Small beta[j]
maxeigs[1]=-1.000000e+100 
maxeigs[2]=-1.000000e+100 
maxeigs[3]=-1.000000e+100 
maxeigs[4]=-1.000000e+100 
maxeigs[5]=1.123769e+00 
maxeigs[6]=1.125091e+00 
maxeigs[7]=1.125091e+00 
maxeig 1.125091e+00 
Lancoz converged after 7 iters
eigsearch: alpha=0.000000e+00 
linesearch method 2 
qreig evalue -1.237693e-01 
qreig evalue 2.145581e-02 
qreig evalue 2.409650e-01 
qreig evalue 9.083343e-01 
qreig evalue 1.032602e+00 
qreig evalue -1.250905e-01 
qreig evalue 8.387315e-03 
qreig evalue 5.108382e-02 
qreig evalue 2.468424e-01 
qreig evalue 9.083484e-01 
qreig evalue 1.034953e+00 
qreig evalue -1.250906e-01 
qreig evalue 1.651432e-04 
qreig evalue 8.426103e-03 
qreig evalue 5.109799e-02 
qreig evalue 2.468425e-01 
qreig evalue 9.083484e-01 
qreig evalue 1.034953e+00 
Small beta[j]
maxeigs[1]=-1.000000e+100 
maxeigs[2]=-1.000000e+100 
maxeigs[3]=-1.000000e+100 
maxeigs[4]=-1.000000e+100 
maxeigs[5]=1.032602e+00 
maxeigs[6]=1.034953e+00 
maxeigs[7]=1.034953e+00 
maxeig 1.034953e+00 
Lancoz converged after 7 iters
eigsearch: alpha=0.000000e+00 
Taking an affine step because parameters.affine=1
muk is 7.288133e+03 
muplus is 7.288133e+03 
New mu is 0.000000e+00 
mu*n = target duality gap is 0.000000e+00 
refinement: Relative error in A(X+dX)=a (Fphat) is 1.800658e-03 
refinement: Before dX+dX1 Relative error in A(X+dX)=a is 1.800658e-03 
refinement: better
Fnorm of dX1 is 2.349367e+02
Fnorm of dZ1 is 2.136832e+00
refinement: Before adjust dX Relative error in A(X+dX)=a is 1.446972e-04 
refinement: better
Fnorm of dX is 1.521391e+03 
Fnorm of dZ is 4.017963e+01 
refinement: After adjust error in A(X+dX)=a is 1.446972e-04 
refinement: better
linesearch method 2 
qreig evalue -3.300367e-02 
qreig evalue 1.748900e-01 
qreig evalue 8.208043e-01 
qreig evalue 9.814988e-01 
qreig evalue 1.073741e+00 
qreig evalue -3.306940e-02 
qreig evalue 1.748887e-01 
qreig evalue 8.168958e-01 
qreig evalue 9.556892e-01 
qreig evalue 9.928907e-01 
qreig evalue 1.075805e+00 
qreig evalue -3.306993e-02 
qreig evalue 1.748613e-01 
qreig evalue 1.749897e-01 
qreig evalue 8.169640e-01 
qreig evalue 9.571082e-01 
qreig evalue 9.935215e-01 
qreig evalue 1.075842e+00 
qreig evalue -3.306993e-02 
qreig evalue 1.746968e-01 
qreig evalue 1.749032e-01 
qreig evalue 8.169639e-01 
qreig evalue 9.570995e-01 
qreig evalue 9.934955e-01 
qreig evalue 9.999050e-01 
qreig evalue 1.075842e+00 
Stopping here, on tightness j=8 
maxeigs[1]=-1.000000e+100 
maxeigs[2]=-1.000000e+100 
maxeigs[3]=-1.000000e+100 
maxeigs[4]=-1.000000e+100 
maxeigs[5]=1.073741e+00 
maxeigs[6]=1.075805e+00 
maxeigs[7]=1.075842e+00 
maxeigs[8]=1.075842e+00 
maxeig 1.086601e+00 
Lancoz converged after 8 iters
eigsearch: alpha=0.000000e+00 
linesearch method 2 
qreig evalue -2.147732e-01 
qreig evalue 3.402480e-02 
qreig evalue 3.405482e-01 
qreig evalue 8.991639e-01 
qreig evalue 9.131784e-01 
qreig evalue -2.160524e-01 
qreig evalue 1.479198e-02 
qreig evalue 9.135629e-02 
qreig evalue 3.689457e-01 
qreig evalue 9.083484e-01 
qreig evalue 9.965733e-01 
qreig evalue -2.160525e-01 
qreig evalue 2.601473e-04 
qreig evalue 1.485996e-02 
qreig evalue 9.138765e-02 
qreig evalue 3.689467e-01 
qreig evalue 9.083484e-01 
qreig evalue 9.965738e-01 
Small beta[j]
maxeigs[1]=-1.000000e+100 
maxeigs[2]=-1.000000e+100 
maxeigs[3]=-1.000000e+100 
maxeigs[4]=-1.000000e+100 
maxeigs[5]=9.131784e-01 
maxeigs[6]=9.965733e-01 
maxeigs[7]=9.965738e-01 
maxeig 9.965738e-01 
Lancoz converged after 7 iters
eigsearch: alpha=0.000000e+00 
After linesearches, alphap=0.000000e+00 alphad=0.000000e+00 
newrelpinfeas is 1.139107e+02
limrelpinfeas is 1.139107e+05
newreldinfeas is 9.309890e+00
limreldinfeas is 9.309890e+03
After feas check, alphap=0.000000e+00 alphad=0.000000e+00 
line search failure in corrector step.
diagnrm is 3.425079e+02, adding diagadd 1.032700e-02 
Perturbing C.
Fnorm of Fd is 4.654945e+01 
Norm of rhs is 1.499923e+03 
Norm of dy is 2.295615e+01 
Fnorm of work1 is 2.169759e+00 
Before Fd, Fnorm of dZ is 2.367401e+01 
After Fd, Fnorm of dZ is 4.012901e+01 
Fnorm of dX is 1.469873e+03 
Fnorm of dZ is 4.012901e+01 
linesearch method 2 
qreig evalue -3.259057e-02 
qreig evalue 9.166572e-02 
qreig evalue 7.589402e-01 
qreig evalue 9.784032e-01 
qreig evalue 1.123605e+00 
qreig evalue -3.494028e-02 
qreig evalue 9.165159e-02 
qreig evalue 7.530637e-01 
qreig evalue 9.487804e-01 
qreig evalue 9.914690e-01 
qreig evalue 1.124926e+00 
qreig evalue -3.494028e-02 
qreig evalue 9.165159e-02 
qreig evalue 7.530636e-01 
qreig evalue 9.487662e-01 
qreig evalue 9.914303e-01 
qreig evalue 9.996899e-01 
qreig evalue 1.124926e+00 
Small beta[j]
maxeigs[1]=-1.000000e+100 
maxeigs[2]=-1.000000e+100 
maxeigs[3]=-1.000000e+100 
maxeigs[4]=-1.000000e+100 
maxeigs[5]=1.123605e+00 
maxeigs[6]=1.124926e+00 
maxeigs[7]=1.124926e+00 
maxeig 1.124926e+00 
Lancoz converged after 7 iters
eigsearch: alpha=0.000000e+00 
linesearch method 2 
qreig evalue -1.236055e-01 
qreig evalue 2.159683e-02 
qreig evalue 2.410598e-01 
qreig evalue 9.083343e-01 
qreig evalue 1.032591e+00 
qreig evalue -1.249263e-01 
qreig evalue 8.530956e-03 
qreig evalue 5.121964e-02 
qreig evalue 2.469363e-01 
qreig evalue 9.083484e-01 
qreig evalue 1.034940e+00 
qreig evalue -1.249264e-01 
qreig evalue 3.101218e-04 
qreig evalue 8.569726e-03 
qreig evalue 5.123380e-02 
qreig evalue 2.469364e-01 
qreig evalue 9.083484e-01 
qreig evalue 1.034940e+00 
Small beta[j]
maxeigs[1]=-1.000000e+100 
maxeigs[2]=-1.000000e+100 
maxeigs[3]=-1.000000e+100 
maxeigs[4]=-1.000000e+100 
maxeigs[5]=1.032591e+00 
maxeigs[6]=1.034940e+00 
maxeigs[7]=1.034940e+00 
maxeig 1.034940e+00 
Lancoz converged after 7 iters
eigsearch: alpha=0.000000e+00 
Taking an affine step because parameters.affine=1
muk is 7.288133e+03 
muplus is 7.288133e+03 
New mu is 0.000000e+00 
mu*n = target duality gap is 0.000000e+00 
refinement: Relative error in A(X+dX)=a (Fphat) is 1.800400e-02 
refinement: Before dX+dX1 Relative error in A(X+dX)=a is 1.800400e-02 
refinement: better
Fnorm of dX1 is 2.349240e+02
Fnorm of dZ1 is 2.136071e+00
refinement: Before adjust dX Relative error in A(X+dX)=a is 1.446425e-03 
refinement: better
Fnorm of dX is 1.521390e+03 
Fnorm of dZ is 4.017960e+01 
refinement: After adjust error in A(X+dX)=a is 1.446425e-03 
refinement: better
linesearch method 2 
qreig evalue -3.298715e-02 
qreig evalue 1.748900e-01 
qreig evalue 8.207942e-01 
qreig evalue 9.815012e-01 
qreig evalue 1.073738e+00 
qreig evalue -3.305291e-02 
qreig evalue 1.748888e-01 
qreig evalue 8.168865e-01 
qreig evalue 9.556953e-01 
qreig evalue 9.928947e-01 
qreig evalue 1.075803e+00 
qreig evalue -3.305345e-02 
qreig evalue 1.748614e-01 
qreig evalue 1.749901e-01 
qreig evalue 8.169546e-01 
qreig evalue 9.571118e-01 
qreig evalue 9.935245e-01 
qreig evalue 1.075840e+00 
qreig evalue -3.305345e-02 
qreig evalue 1.746969e-01 
qreig evalue 1.749032e-01 
qreig evalue 8.169545e-01 
qreig evalue 9.571032e-01 
qreig evalue 9.934985e-01 
qreig evalue 9.999084e-01 
qreig evalue 1.075840e+00 
Stopping here, on tightness j=8 
maxeigs[1]=-1.000000e+100 
maxeigs[2]=-1.000000e+100 
maxeigs[3]=-1.000000e+100 
maxeigs[4]=-1.000000e+100 
maxeigs[5]=1.073738e+00 
maxeigs[6]=1.075803e+00 
maxeigs[7]=1.075840e+00 
maxeigs[8]=1.075840e+00 
maxeig 1.086598e+00 
Lancoz converged after 8 iters
eigsearch: alpha=0.000000e+00 
linesearch method 2 
qreig evalue -2.145667e-01 
qreig evalue 3.415935e-02 
qreig evalue 3.406203e-01 
qreig evalue 8.992212e-01 
qreig evalue 9.132042e-01 
qreig evalue -2.158460e-01 
qreig evalue 1.493020e-02 
qreig evalue 9.147460e-02 
qreig evalue 3.690026e-01 
qreig evalue 9.083484e-01 
qreig evalue 9.965714e-01 
qreig evalue -2.158460e-01 
qreig evalue 4.017012e-04 
qreig evalue 1.499815e-02 
qreig evalue 9.150594e-02 
qreig evalue 3.690037e-01 
qreig evalue 9.083484e-01 
qreig evalue 9.965719e-01 
Small beta[j]
maxeigs[1]=-1.000000e+100 
maxeigs[2]=-1.000000e+100 
maxeigs[3]=-1.000000e+100 
maxeigs[4]=-1.000000e+100 
maxeigs[5]=9.132042e-01 
maxeigs[6]=9.965714e-01 
maxeigs[7]=9.965719e-01 
maxeig 9.965719e-01 
Lancoz converged after 7 iters
eigsearch: alpha=0.000000e+00 
After linesearches, alphap=0.000000e+00 alphad=0.000000e+00 
newrelpinfeas is 1.139107e+02
limrelpinfeas is 1.139107e+05
newreldinfeas is 9.309890e+00
limreldinfeas is 9.309890e+03
After feas check, alphap=0.000000e+00 alphad=0.000000e+00 
line search failure in corrector step.
diagnrm is 3.425079e+02, adding diagadd 1.032700e-01 
Perturbing C.
Fnorm of Fd is 4.654945e+01 
Norm of rhs is 1.499923e+03 
Norm of dy is 2.292332e+01 
Fnorm of work1 is 2.166667e+00 
Before Fd, Fnorm of dZ is 2.364027e+01 
After Fd, Fnorm of dZ is 4.012896e+01 
Fnorm of dX is 1.467836e+03 
Fnorm of dZ is 4.012896e+01 
linesearch method 2 
qreig evalue -3.247536e-02 
qreig evalue 9.166565e-02 
qreig evalue 7.579933e-01 
qreig evalue 9.769953e-01 
qreig evalue 1.121970e+00 
qreig evalue -3.481405e-02 
qreig evalue 9.165159e-02 
qreig evalue 7.521263e-01 
qreig evalue 9.474243e-01 
qreig evalue 9.900349e-01 
qreig evalue 1.123287e+00 
qreig evalue -3.481405e-02 
qreig evalue 9.165159e-02 
qreig evalue 7.521261e-01 
qreig evalue 9.474102e-01 
qreig evalue 9.899963e-01 
qreig evalue 9.982424e-01 
qreig evalue 1.123287e+00 
Small beta[j]
maxeigs[1]=-1.000000e+100 
maxeigs[2]=-1.000000e+100 
maxeigs[3]=-1.000000e+100 
maxeigs[4]=-1.000000e+100 
maxeigs[5]=1.121970e+00 
maxeigs[6]=1.123287e+00 
maxeigs[7]=1.123287e+00 
maxeig 1.123287e+00 
Lancoz converged after 7 iters
eigsearch: alpha=0.000000e+00 
linesearch method 2 
qreig evalue -1.219696e-01 
qreig evalue 2.300475e-02 
qreig evalue 2.420067e-01 
qreig evalue 9.083343e-01 
qreig evalue 1.032475e+00 
qreig evalue -1.232870e-01 
qreig evalue 9.965116e-03 
qreig evalue 5.257566e-02 
qreig evalue 2.478737e-01 
qreig evalue 9.083484e-01 
qreig evalue 1.034814e+00 
qreig evalue -1.232871e-01 
qreig evalue 1.757646e-03 
qreig evalue 1.000370e-02 
qreig evalue 5.258977e-02 
qreig evalue 2.478739e-01 
qreig evalue 9.083484e-01 
qreig evalue 1.034814e+00 
Small beta[j]
maxeigs[1]=-1.000000e+100 
maxeigs[2]=-1.000000e+100 
maxeigs[3]=-1.000000e+100 
maxeigs[4]=-1.000000e+100 
maxeigs[5]=1.032475e+00 
maxeigs[6]=1.034814e+00 
maxeigs[7]=1.034814e+00 
maxeig 1.034814e+00 
Lancoz converged after 7 iters
eigsearch: alpha=0.000000e+00 
Taking an affine step because parameters.affine=1
muk is 7.288133e+03 
muplus is 7.288133e+03 
New mu is 0.000000e+00 
mu*n = target duality gap is 0.000000e+00 
refinement: Relative error in A(X+dX)=a (Fphat) is 1.797825e-01 
refinement: Before dX+dX1 Relative error in A(X+dX)=a is 1.797825e-01 
refinement: better
Fnorm of dX1 is 2.348082e+02
Fnorm of dZ1 is 2.128486e+00
refinement: Before adjust dX Relative error in A(X+dX)=a is 1.440968e-02 
refinement: better
Fnorm of dX is 1.521388e+03 
Fnorm of dZ is 4.017924e+01 
refinement: After adjust error in A(X+dX)=a is 1.440968e-02 
refinement: better
linesearch method 2 
qreig evalue -3.282236e-02 
qreig evalue 1.748901e-01 
qreig evalue 8.206935e-01 
qreig evalue 9.815257e-01 
qreig evalue 1.073712e+00 
qreig evalue -3.288847e-02 
qreig evalue 1.748889e-01 
qreig evalue 8.167938e-01 
qreig evalue 9.557552e-01 
qreig evalue 9.929340e-01 
qreig evalue 1.075780e+00 
qreig evalue -3.288900e-02 
qreig evalue 1.748629e-01 
qreig evalue 1.749941e-01 
qreig evalue 8.168606e-01 
qreig evalue 9.571478e-01 
qreig evalue 9.935542e-01 
qreig evalue 1.075816e+00 
qreig evalue -3.288900e-02 
qreig evalue 1.746984e-01 
qreig evalue 1.749032e-01 
qreig evalue 8.168605e-01 
qreig evalue 9.571391e-01 
qreig evalue 9.935282e-01 
qreig evalue 9.999418e-01 
qreig evalue 1.075816e+00 
Stopping here, on tightness j=8 
maxeigs[1]=-1.000000e+100 
maxeigs[2]=-1.000000e+100 
maxeigs[3]=-1.000000e+100 
maxeigs[4]=-1.000000e+100 
maxeigs[5]=1.073712e+00 
maxeigs[6]=1.075780e+00 
maxeigs[7]=1.075816e+00 
maxeigs[8]=1.075816e+00 
maxeig 1.086574e+00 
Lancoz converged after 8 iters
eigsearch: alpha=0.000000e+00 
linesearch method 2 
qreig evalue -2.125084e-01 
qreig evalue 3.550064e-02 
qreig evalue 3.413387e-01 
qreig evalue 8.997789e-01 
qreig evalue 9.134733e-01 
qreig evalue -2.137879e-01 
qreig evalue 1.630813e-02 
qreig evalue 9.265399e-02 
qreig evalue 3.695703e-01 
qreig evalue 9.083484e-01 
qreig evalue 9.965522e-01 
qreig evalue -2.137880e-01 
qreig evalue 1.812835e-03 
qreig evalue 1.637574e-02 
qreig evalue 9.268516e-02 
qreig evalue 3.695713e-01 
qreig evalue 9.083484e-01 
qreig evalue 9.965527e-01 
Small beta[j]
maxeigs[1]=-1.000000e+100 
maxeigs[2]=-1.000000e+100 
maxeigs[3]=-1.000000e+100 
maxeigs[4]=-1.000000e+100 
maxeigs[5]=9.134733e-01 
maxeigs[6]=9.965522e-01 
maxeigs[7]=9.965527e-01 
maxeig 9.965527e-01 
Lancoz converged after 7 iters
eigsearch: alpha=0.000000e+00 
After linesearches, alphap=0.000000e+00 alphad=0.000000e+00 
newrelpinfeas is 1.139107e+02
limrelpinfeas is 1.139107e+05
newreldinfeas is 9.309890e+00
limreldinfeas is 9.309890e+03
After feas check, alphap=0.000000e+00 alphad=0.000000e+00 
line search failure in corrector step.
Too many line search failures, giving up. 
Total Iterations: 0 
Failure: return code is 9 
XZ Gap: 1.5305080e+05 
Real Gap: 1.0687495e+04 
Primal objective value: -1.0687495e+04 
Dual objective value: 0.0000000e+00 
Relative primal infeasibility: 1.14e+02 
Relative dual infeasibility: 9.31e+00 
Real Relative Gap: 1.00e-00 
XZ Relative Gap: 1.43e+01 
DIMACS error measures: 1.91e+02 0.00e+00 2.33e+01 0.00e+00 1.00e-00 1.43e+01
Elements time: 0.000052 
Factor time: 0.000062 
Other time: 0.059131 
Total time: 0.059245 
slurmstepd: *** JOB 1953680 CANCELLED AT 2015-10-14T04:57:53 DUE TO TIME LIMIT on wh-520-10-17 ***
