
                            < M A T L A B (R) >
                  Copyright 1984-2015 The MathWorks, Inc.
                   R2015a (8.5.0.197613) 64-bit (glnxa64)
                             February 12, 2015

 
To get started, type one of these: helpwin, helpdesk, or demo.
For product information, visit www.mathworks.com.
 

	Academic License


img1 =

217.pgm.atts


img2 =

dummy


minGap =

    20


startTime =

13-Oct-2015 16:53:20

## Starting Data/217.pgm.atts

 558 longest primitives returned (211 lines, 347 arcs read, but returning only 3000 max elements for computational reasons)

 Time taken by traditional algorithm = 808.544832 (sec)
dimRedAlg =

PCA


dimRedAlg =

LDA


dimRedAlg =

MDS


dimRedAlg =

ProbPCA


dimRedAlg =

FactorAnalysis


dimRedAlg =

Sammon


dimRedAlg =

Isomap

Constructing neighborhood graph...
Computing shortest paths...
Constructing low-dimensional embedding...

 Wanted to embed 554 magnets embedded 554 magnet
 #*#*# ERROR: Failed Execution. Alg: Isomap, File: Data/217.pgm.atts

magnetVisionException = 

  MException with properties:

    identifier: 'MATLAB:badsubscript'
       message: 'Index exceeds matrix dimensions.'
         cause: {}
         stack: [3x1 struct]


dimRedAlg =

LandmarkIsomap


 Wanted to embed 554 magnets embedded 554 magnet
 #*#*# ERROR: Failed Execution. Alg: LandmarkIsomap, File: Data/217.pgm.atts

magnetVisionException = 

  MException with properties:

    identifier: 'MATLAB:badsubscript'
       message: 'Index exceeds matrix dimensions.'
         cause: {}
         stack: [3x1 struct]


dimRedAlg =

LLE


 Wanted to embed 554 magnets embedded 554 magnet
 #*#*# ERROR: Failed Execution. Alg: LLE, File: Data/217.pgm.atts

magnetVisionException = 

  MException with properties:

    identifier: 'MATLAB:badsubscript'
       message: 'Index exceeds matrix dimensions.'
         cause: {}
         stack: [3x1 struct]


dimRedAlg =

Laplacian


dimRedAlg =

HessianLLE


 #*#*# ERROR: Failed Execution. Alg: HessianLLE, File: Data/217.pgm.atts

magnetVisionException = 

  MException with properties:

    identifier: 'MATLAB:eigs:AminusBSingular'
       message: 'The shifted operator is singular. The shift is an eigenva...'
         cause: {0x1 cell}
         stack: [8x1 struct]


dimRedAlg =

LTSA

Find nearest neighbors...
Compute local information matrices for all datapoints...
Construct alignment matrix...
Perform eigenanalysis...

 #*#*# ERROR: Failed Execution. Alg: LTSA, File: Data/217.pgm.atts

magnetVisionException = 

  MException with properties:

    identifier: 'MATLAB:eigs:AminusBSingular'
       message: 'The shifted operator is singular. The shift is an eigenva...'
         cause: {0x1 cell}
         stack: [8x1 struct]


dimRedAlg =

DiffusionMaps


dimRedAlg =

KernelPCA


dimRedAlg =

SNE


dimRedAlg =

SymSNE


dimRedAlg =

tSNE


dimRedAlg =

NPE


dimRedAlg =

LPP


dimRedAlg =

SPE


dimRedAlg =

LLTSA


 #*#*# ERROR: Failed Execution. Alg: LLTSA, File: Data/217.pgm.atts

magnetVisionException = 

  MException with properties:

    identifier: 'MATLAB:eigs:ARPACKroutineErrorMinus14'
       message: 'Error with ARPACK routine dneupd:
 dnaupd did not find an...'
         cause: {0x1 cell}
         stack: [7x1 struct]


dimRedAlg =

CCA

Running normal LLE...
Running Conformal Eigenmaps...
CSDP OUTPUT =============================================================================
Iedge :14759, ivertex: 43212
Elements time: 1.053661 
Factor time: 0.000855 
Other time: 0.537828 
Total time: 1.592344 
=========================================================================================

 Wanted to embed 554 magnets embedded 554 magnet
 #*#*# ERROR: Failed Execution. Alg: CCA, File: Data/217.pgm.atts

magnetVisionException = 

  MException with properties:

    identifier: 'MATLAB:badsubscript'
       message: 'Index exceeds matrix dimensions.'
         cause: {}
         stack: [3x1 struct]


dimRedAlg =

MVU

Running normal LLE...
Running Maximum Variance Unfolding...
CSDP OUTPUT =============================================================================
Iedge :4990, ivertex: 6648
Elements time: 0.781496 
Factor time: 0.000900 
Other time: 0.267618 
Total time: 1.050014 
=========================================================================================

 Wanted to embed 554 magnets embedded 554 magnet
 #*#*# ERROR: Failed Execution. Alg: MVU, File: Data/217.pgm.atts

magnetVisionException = 

  MException with properties:

    identifier: 'MATLAB:badsubscript'
       message: 'Index exceeds matrix dimensions.'
         cause: {}
         stack: [3x1 struct]


dimRedAlg =

LandmarkMVU


dimRedAlg =

FastMVU

Elements time: 0.001463 
Factor time: 0.000063 
Other time: 0.011030 
Total time: 0.012557 

 Wanted to embed 554 magnets embedded 554 magnet
 #*#*# ERROR: Failed Execution. Alg: FastMVU, File: Data/217.pgm.atts

magnetVisionException = 

  MException with properties:

    identifier: 'MATLAB:badsubscript'
       message: 'Index exceeds matrix dimensions.'
         cause: {}
         stack: [3x1 struct]


dimRedAlg =

LLC


dimRedAlg =

GPLVM


dimRedAlg =

Autoencoder


dimRedAlg =

NCA


dimRedAlg =

MCML


dimRedAlg =

LMNN


startTime =

13-Oct-2015 16:53:20


endTIme =

13-Oct-2015 17:13:18

Elapsed time is 2.644015 seconds.

startTime =

13-Oct-2015 17:13:18

## Starting Data/dummy
{Error using fscanf
Invalid file identifier. Use fopen to generate a valid file identifier.

Error in ReadEdgeAttsFile (line 31)
paren = fscanf(infile, ' %c', 1);


Error in main (line 54)
Lines = ReadEdgeAttsFile (ImageFile);


Error in rp_gridMain_Run2Img (line 20)
	main(['Data' filesep img2], minGap);

} 
>> 