
                            < M A T L A B (R) >
                  Copyright 1984-2015 The MathWorks, Inc.
                   R2015a (8.5.0.197613) 64-bit (glnxa64)
                             February 12, 2015

 
To get started, type one of these: helpwin, helpdesk, or demo.
For product information, visit www.mathworks.com.
 

	Academic License


img1 =

S005I008.pgm.atts


img2 =

dummy


minGap =

    20


startTime =

13-Oct-2015 16:56:49

## Starting Data/S005I008.pgm.atts

 384 longest primitives returned (217 lines, 167 arcs read, but returning only 3000 max elements for computational reasons)

 Time taken by traditional algorithm = 433.451220 (sec)
dimRedAlg =

PCA


dimRedAlg =

LDA


dimRedAlg =

MDS


dimRedAlg =

ProbPCA


dimRedAlg =

FactorAnalysis


dimRedAlg =

Sammon


dimRedAlg =

Isomap

Constructing neighborhood graph...
Computing shortest paths...
Constructing low-dimensional embedding...

 Wanted to embed 381 magnets embedded 381 magnet
 #*#*# ERROR: Failed Execution. Alg: Isomap, File: Data/S005I008.pgm.atts

magnetVisionException = 

  MException with properties:

    identifier: 'MATLAB:badsubscript'
       message: 'Index exceeds matrix dimensions.'
         cause: {}
         stack: [3x1 struct]


dimRedAlg =

LandmarkIsomap


 Wanted to embed 381 magnets embedded 381 magnet
 #*#*# ERROR: Failed Execution. Alg: LandmarkIsomap, File: Data/S005I008.pgm.atts

magnetVisionException = 

  MException with properties:

    identifier: 'MATLAB:badsubscript'
       message: 'Index exceeds matrix dimensions.'
         cause: {}
         stack: [3x1 struct]


dimRedAlg =

LLE


 Wanted to embed 381 magnets embedded 381 magnet
 #*#*# ERROR: Failed Execution. Alg: LLE, File: Data/S005I008.pgm.atts

magnetVisionException = 

  MException with properties:

    identifier: 'MATLAB:badsubscript'
       message: 'Index exceeds matrix dimensions.'
         cause: {}
         stack: [3x1 struct]


dimRedAlg =

Laplacian


dimRedAlg =

HessianLLE


 #*#*# ERROR: Failed Execution. Alg: HessianLLE, File: Data/S005I008.pgm.atts

magnetVisionException = 

  MException with properties:

    identifier: 'MATLAB:eigs:AminusBSingular'
       message: 'The shifted operator is singular. The shift is an eigenva...'
         cause: {0x1 cell}
         stack: [8x1 struct]


dimRedAlg =

LTSA

Find nearest neighbors...
Compute local information matrices for all datapoints...
Construct alignment matrix...
Perform eigenanalysis...

 #*#*# ERROR: Failed Execution. Alg: LTSA, File: Data/S005I008.pgm.atts

magnetVisionException = 

  MException with properties:

    identifier: 'MATLAB:eigs:AminusBSingular'
       message: 'The shifted operator is singular. The shift is an eigenva...'
         cause: {0x1 cell}
         stack: [8x1 struct]


dimRedAlg =

DiffusionMaps


dimRedAlg =

KernelPCA


dimRedAlg =

SNE


dimRedAlg =

SymSNE


dimRedAlg =

tSNE


dimRedAlg =

NPE


dimRedAlg =

LPP


dimRedAlg =

SPE


dimRedAlg =

LLTSA


 Wanted to embed 384 magnets embedded 384 magnet
 Writing coordinates of magnets in text file Coords.txt
 Image mask in VisionDots.bmp
 Relaxing nanodisk array with pi/4 orientation as initial states for all disks and external field along x.
 Time Taken = 1.205000 picoseconds
 Relaxing nanodisk array with pi/4 orientation as initial states for all disks and external field along y.
 Time Taken = 3.314000 picoseconds
 Time taken by nanomagnet computing = 39.020352 (sec)
 Detection Rate 0.348456 at 0.090964 false alarm
dimRedAlg =

CCA

Running normal LLE...
Running Conformal Eigenmaps...
CSDP OUTPUT =============================================================================
Iedge :9757, ivertex: 29718
Elements time: 0.470182 
Factor time: 0.000800 
Other time: 0.190773 
Total time: 0.661755 
=========================================================================================

 Wanted to embed 381 magnets embedded 381 magnet
 #*#*# ERROR: Failed Execution. Alg: CCA, File: Data/S005I008.pgm.atts

magnetVisionException = 

  MException with properties:

    identifier: 'MATLAB:badsubscript'
       message: 'Index exceeds matrix dimensions.'
         cause: {}
         stack: [3x1 struct]


dimRedAlg =

MVU

Running normal LLE...
Running Maximum Variance Unfolding...
CSDP OUTPUT =============================================================================
Iedge :3392, ivertex: 4572
Elements time: 0.485724 
Factor time: 0.000836 
Other time: 0.146057 
Total time: 0.632617 
=========================================================================================

 Wanted to embed 381 magnets embedded 381 magnet
 #*#*# ERROR: Failed Execution. Alg: MVU, File: Data/S005I008.pgm.atts

magnetVisionException = 

  MException with properties:

    identifier: 'MATLAB:badsubscript'
       message: 'Index exceeds matrix dimensions.'
         cause: {}
         stack: [3x1 struct]


dimRedAlg =

LandmarkMVU


dimRedAlg =

FastMVU

Elements time: 0.001257 
Factor time: 0.000058 
Other time: 0.009652 
Total time: 0.010967 

 Wanted to embed 381 magnets embedded 381 magnet
 #*#*# ERROR: Failed Execution. Alg: FastMVU, File: Data/S005I008.pgm.atts

magnetVisionException = 

  MException with properties:

    identifier: 'MATLAB:badsubscript'
       message: 'Index exceeds matrix dimensions.'
         cause: {}
         stack: [3x1 struct]


dimRedAlg =

LLC


dimRedAlg =

GPLVM


dimRedAlg =

Autoencoder


dimRedAlg =

NCA


dimRedAlg =

MCML


dimRedAlg =

LMNN


startTime =

13-Oct-2015 16:56:49


endTIme =

13-Oct-2015 17:07:28

Elapsed time is 0.602677 seconds.

startTime =

13-Oct-2015 17:07:28

## Starting Data/dummy
{Error using fscanf
Invalid file identifier. Use fopen to generate a valid file identifier.

Error in ReadEdgeAttsFile (line 31)
paren = fscanf(infile, ' %c', 1);


Error in main (line 54)
Lines = ReadEdgeAttsFile (ImageFile);


Error in rp_gridMain_Run2Img (line 20)
	main(['Data' filesep img2], minGap);

} 
