
                            < M A T L A B (R) >
                  Copyright 1984-2015 The MathWorks, Inc.
                   R2015a (8.5.0.197613) 64-bit (glnxa64)
                             February 12, 2015

 
To get started, type one of these: helpwin, helpdesk, or demo.
For product information, visit www.mathworks.com.
 

	Academic License


img1 =

S006I016.PGM.atts


img2 =

dummy


minGap =

    20


startTime =

13-Oct-2015 16:58:36

## Starting Data/S006I016.PGM.atts

 322 longest primitives returned (169 lines, 153 arcs read, but returning only 3000 max elements for computational reasons)

 Time taken by traditional algorithm = 500.429870 (sec)
dimRedAlg =

PCA


dimRedAlg =

LDA


dimRedAlg =

MDS


dimRedAlg =

ProbPCA


dimRedAlg =

FactorAnalysis


dimRedAlg =

Sammon


dimRedAlg =

Isomap

Constructing neighborhood graph...
Computing shortest paths...
Constructing low-dimensional embedding...

 Wanted to embed 319 magnets embedded 319 magnet
 #*#*# ERROR: Failed Execution. Alg: Isomap, File: Data/S006I016.PGM.atts

magnetVisionException = 

  MException with properties:

    identifier: 'MATLAB:badsubscript'
       message: 'Index exceeds matrix dimensions.'
         cause: {}
         stack: [3x1 struct]


dimRedAlg =

LandmarkIsomap


 Wanted to embed 319 magnets embedded 319 magnet
 #*#*# ERROR: Failed Execution. Alg: LandmarkIsomap, File: Data/S006I016.PGM.atts

magnetVisionException = 

  MException with properties:

    identifier: 'MATLAB:badsubscript'
       message: 'Index exceeds matrix dimensions.'
         cause: {}
         stack: [3x1 struct]


dimRedAlg =

LLE


 Wanted to embed 319 magnets embedded 319 magnet
 #*#*# ERROR: Failed Execution. Alg: LLE, File: Data/S006I016.PGM.atts

magnetVisionException = 

  MException with properties:

    identifier: 'MATLAB:badsubscript'
       message: 'Index exceeds matrix dimensions.'
         cause: {}
         stack: [3x1 struct]


dimRedAlg =

Laplacian


dimRedAlg =

HessianLLE


dimRedAlg =

LTSA


dimRedAlg =

DiffusionMaps


dimRedAlg =

KernelPCA


dimRedAlg =

SNE


dimRedAlg =

SymSNE


dimRedAlg =

tSNE


dimRedAlg =

NPE


dimRedAlg =

LPP


dimRedAlg =

SPE


dimRedAlg =

LLTSA


dimRedAlg =

CCA

Running normal LLE...
Running Conformal Eigenmaps...
CSDP OUTPUT =============================================================================
Iedge :7259, ivertex: 24882
Elements time: 0.504830 
Factor time: 0.000809 
Other time: 0.185166 
Total time: 0.690805 
=========================================================================================

 Wanted to embed 319 magnets embedded 319 magnet
 #*#*# ERROR: Failed Execution. Alg: CCA, File: Data/S006I016.PGM.atts

magnetVisionException = 

  MException with properties:

    identifier: 'MATLAB:badsubscript'
       message: 'Index exceeds matrix dimensions.'
         cause: {}
         stack: [3x1 struct]


dimRedAlg =

MVU

Running normal LLE...
Running Maximum Variance Unfolding...
CSDP OUTPUT =============================================================================
Iedge :2791, ivertex: 3828
Elements time: 0.951900 
Factor time: 0.000957 
Other time: 0.267225 
Total time: 1.220082 
=========================================================================================

 Wanted to embed 319 magnets embedded 319 magnet
 #*#*# ERROR: Failed Execution. Alg: MVU, File: Data/S006I016.PGM.atts

magnetVisionException = 

  MException with properties:

    identifier: 'MATLAB:badsubscript'
       message: 'Index exceeds matrix dimensions.'
         cause: {}
         stack: [3x1 struct]


dimRedAlg =

LandmarkMVU


dimRedAlg =

FastMVU

Elements time: 0.000823 
Factor time: 0.000061 
Other time: 0.006680 
Total time: 0.007564 

 Wanted to embed 319 magnets embedded 319 magnet
 #*#*# ERROR: Failed Execution. Alg: FastMVU, File: Data/S006I016.PGM.atts

magnetVisionException = 

  MException with properties:

    identifier: 'MATLAB:badsubscript'
       message: 'Index exceeds matrix dimensions.'
         cause: {}
         stack: [3x1 struct]


dimRedAlg =

LLC


dimRedAlg =

GPLVM


dimRedAlg =

Autoencoder


dimRedAlg =

NCA


dimRedAlg =

MCML


dimRedAlg =

LMNN


startTime =

13-Oct-2015 16:58:36


endTIme =

13-Oct-2015 17:08:43

Elapsed time is 1.625239 seconds.

startTime =

13-Oct-2015 17:08:43

## Starting Data/dummy
{Error using fscanf
Invalid file identifier. Use fopen to generate a valid file identifier.

Error in ReadEdgeAttsFile (line 31)
paren = fscanf(infile, ' %c', 1);


Error in main (line 54)
Lines = ReadEdgeAttsFile (ImageFile);


Error in rp_gridMain_Run2Img (line 20)
	main(['Data' filesep img2], minGap);

} 
>> 