
                            < M A T L A B (R) >
                  Copyright 1984-2015 The MathWorks, Inc.
                   R2015a (8.5.0.197613) 64-bit (glnxa64)
                             February 12, 2015

 
To get started, type one of these: helpwin, helpdesk, or demo.
For product information, visit www.mathworks.com.
 

	Academic License


img1 =

woods.pgm.atts


img2 =

dummy


minGap =

    20


startTime =

13-Oct-2015 17:05:17

## Starting Data/woods.pgm.atts

 576 longest primitives returned (221 lines, 355 arcs read, but returning only 3000 max elements for computational reasons)

 Time taken by traditional algorithm = 928.192963 (sec)
dimRedAlg =

PCA


dimRedAlg =

LDA


dimRedAlg =

MDS


dimRedAlg =

ProbPCA


dimRedAlg =

FactorAnalysis


dimRedAlg =

Sammon


dimRedAlg =

Isomap

Constructing neighborhood graph...
Computing shortest paths...
Constructing low-dimensional embedding...

 Wanted to embed 574 magnets embedded 574 magnet
 #*#*# ERROR: Failed Execution. Alg: Isomap, File: Data/woods.pgm.atts

magnetVisionException = 

  MException with properties:

    identifier: 'MATLAB:badsubscript'
       message: 'Index exceeds matrix dimensions.'
         cause: {}
         stack: [3x1 struct]


dimRedAlg =

LandmarkIsomap


 Wanted to embed 574 magnets embedded 574 magnet
 #*#*# ERROR: Failed Execution. Alg: LandmarkIsomap, File: Data/woods.pgm.atts

magnetVisionException = 

  MException with properties:

    identifier: 'MATLAB:badsubscript'
       message: 'Index exceeds matrix dimensions.'
         cause: {}
         stack: [3x1 struct]


dimRedAlg =

LLE


 Wanted to embed 574 magnets embedded 574 magnet
 #*#*# ERROR: Failed Execution. Alg: LLE, File: Data/woods.pgm.atts

magnetVisionException = 

  MException with properties:

    identifier: 'MATLAB:badsubscript'
       message: 'Index exceeds matrix dimensions.'
         cause: {}
         stack: [3x1 struct]


dimRedAlg =

Laplacian


dimRedAlg =

HessianLLE


 #*#*# ERROR: Failed Execution. Alg: HessianLLE, File: Data/woods.pgm.atts

magnetVisionException = 

  MException with properties:

    identifier: 'MATLAB:eigs:AminusBSingular'
       message: 'The shifted operator is singular. The shift is an eigenva...'
         cause: {0x1 cell}
         stack: [8x1 struct]


dimRedAlg =

LTSA

Find nearest neighbors...
Compute local information matrices for all datapoints...
Construct alignment matrix...
Perform eigenanalysis...

 #*#*# ERROR: Failed Execution. Alg: LTSA, File: Data/woods.pgm.atts

magnetVisionException = 

  MException with properties:

    identifier: 'MATLAB:eigs:AminusBSingular'
       message: 'The shifted operator is singular. The shift is an eigenva...'
         cause: {0x1 cell}
         stack: [8x1 struct]


dimRedAlg =

DiffusionMaps


dimRedAlg =

KernelPCA


dimRedAlg =

SNE


dimRedAlg =

SymSNE


dimRedAlg =

tSNE


dimRedAlg =

NPE


dimRedAlg =

LPP


dimRedAlg =

SPE


dimRedAlg =

LLTSA


 #*#*# ERROR: Failed Execution. Alg: LLTSA, File: Data/woods.pgm.atts

magnetVisionException = 

  MException with properties:

    identifier: 'MATLAB:eigs:ARPACKroutineErrorMinus14'
       message: 'Error with ARPACK routine dneupd:
 dnaupd did not find an...'
         cause: {0x1 cell}
         stack: [7x1 struct]


dimRedAlg =

CCA

Running normal LLE...
Running Conformal Eigenmaps...
CSDP OUTPUT =============================================================================
Iedge :15763, ivertex: 44772
Elements time: 0.446515 
Factor time: 0.000778 
Other time: 0.171496 
Total time: 0.618789 
=========================================================================================

 Wanted to embed 574 magnets embedded 574 magnet
 #*#*# ERROR: Failed Execution. Alg: CCA, File: Data/woods.pgm.atts

magnetVisionException = 

  MException with properties:

    identifier: 'MATLAB:badsubscript'
       message: 'Index exceeds matrix dimensions.'
         cause: {}
         stack: [3x1 struct]


dimRedAlg =

MVU

Running normal LLE...
Running Maximum Variance Unfolding...
CSDP OUTPUT =============================================================================
Iedge :5220, ivertex: 6888
Elements time: 0.746910 
Factor time: 0.000902 
Other time: 0.293934 
Total time: 1.041746 
=========================================================================================

 Wanted to embed 574 magnets embedded 574 magnet
 #*#*# ERROR: Failed Execution. Alg: MVU, File: Data/woods.pgm.atts

magnetVisionException = 

  MException with properties:

    identifier: 'MATLAB:badsubscript'
       message: 'Index exceeds matrix dimensions.'
         cause: {}
         stack: [3x1 struct]


dimRedAlg =

LandmarkMVU


dimRedAlg =

FastMVU

Elements time: 0.000936 
Factor time: 0.000051 
Other time: 0.006050 
Total time: 0.007037 

 Wanted to embed 574 magnets embedded 574 magnet
 #*#*# ERROR: Failed Execution. Alg: FastMVU, File: Data/woods.pgm.atts

magnetVisionException = 

  MException with properties:

    identifier: 'MATLAB:badsubscript'
       message: 'Index exceeds matrix dimensions.'
         cause: {}
         stack: [3x1 struct]


dimRedAlg =

LLC


dimRedAlg =

GPLVM


dimRedAlg =

Autoencoder


dimRedAlg =

NCA


dimRedAlg =

MCML


dimRedAlg =

LMNN


startTime =

13-Oct-2015 17:05:17


endTIme =

13-Oct-2015 17:28:50

Elapsed time is 1.388017 seconds.

startTime =

13-Oct-2015 17:28:50

## Starting Data/dummy
{Error using fscanf
Invalid file identifier. Use fopen to generate a valid file identifier.

Error in ReadEdgeAttsFile (line 31)
paren = fscanf(infile, ' %c', 1);


Error in main (line 54)
Lines = ReadEdgeAttsFile (ImageFile);


Error in rp_gridMain_Run2Img (line 20)
	main(['Data' filesep img2], minGap);

} 
>> 