
                            < M A T L A B (R) >
                  Copyright 1984-2015 The MathWorks, Inc.
                   R2015a (8.5.0.197613) 64-bit (glnxa64)
                             February 12, 2015

 
To get started, type one of these: helpwin, helpdesk, or demo.
For product information, visit www.mathworks.com.
 

	Academic License


img1 =

image12.pgm.atts


img2 =

dummy


minGap =

    20


startTime =

13-Oct-2015 17:01:38

## Starting Data/image12.pgm.atts

 249 longest primitives returned (106 lines, 143 arcs read, but returning only 3000 max elements for computational reasons)

 Time taken by traditional algorithm = 322.319850 (sec)
dimRedAlg =

PCA


dimRedAlg =

LDA


dimRedAlg =

MDS


dimRedAlg =

ProbPCA


dimRedAlg =

FactorAnalysis


dimRedAlg =

Sammon


dimRedAlg =

Isomap

Constructing neighborhood graph...
Computing shortest paths...
Constructing low-dimensional embedding...

 Wanted to embed 243 magnets embedded 243 magnet
 #*#*# ERROR: Failed Execution. Alg: Isomap, File: Data/image12.pgm.atts

magnetVisionException = 

  MException with properties:

    identifier: 'MATLAB:badsubscript'
       message: 'Index exceeds matrix dimensions.'
         cause: {}
         stack: [3x1 struct]


dimRedAlg =

LandmarkIsomap


 Wanted to embed 243 magnets embedded 243 magnet
 #*#*# ERROR: Failed Execution. Alg: LandmarkIsomap, File: Data/image12.pgm.atts

magnetVisionException = 

  MException with properties:

    identifier: 'MATLAB:badsubscript'
       message: 'Index exceeds matrix dimensions.'
         cause: {}
         stack: [3x1 struct]


dimRedAlg =

LLE


 Wanted to embed 243 magnets embedded 243 magnet
 #*#*# ERROR: Failed Execution. Alg: LLE, File: Data/image12.pgm.atts

magnetVisionException = 

  MException with properties:

    identifier: 'MATLAB:badsubscript'
       message: 'Index exceeds matrix dimensions.'
         cause: {}
         stack: [3x1 struct]


dimRedAlg =

Laplacian


dimRedAlg =

HessianLLE


 #*#*# ERROR: Failed Execution. Alg: HessianLLE, File: Data/image12.pgm.atts

magnetVisionException = 

  MException with properties:

    identifier: 'MATLAB:eigs:AminusBSingular'
       message: 'The shifted operator is singular. The shift is an eigenva...'
         cause: {0x1 cell}
         stack: [8x1 struct]


dimRedAlg =

LTSA

Find nearest neighbors...
Compute local information matrices for all datapoints...
Construct alignment matrix...
Perform eigenanalysis...

 #*#*# ERROR: Failed Execution. Alg: LTSA, File: Data/image12.pgm.atts

magnetVisionException = 

  MException with properties:

    identifier: 'MATLAB:eigs:AminusBSingular'
       message: 'The shifted operator is singular. The shift is an eigenva...'
         cause: {0x1 cell}
         stack: [8x1 struct]


dimRedAlg =

DiffusionMaps


dimRedAlg =

KernelPCA


dimRedAlg =

SNE


dimRedAlg =

SymSNE


dimRedAlg =

tSNE


dimRedAlg =

NPE


dimRedAlg =

LPP


dimRedAlg =

SPE


dimRedAlg =

LLTSA


dimRedAlg =

CCA

Running normal LLE...
Running Conformal Eigenmaps...
CSDP OUTPUT =============================================================================
Iedge :6435, ivertex: 18954
params->axtol is 8.277209e-316 
params->atytol is 0.000000e+00 
params->objtol is 1.048403e+01 
params->pinftol is 1.973456e-312 
params->dinftol is 2.204861e-314 
params->maxiter is 744 
params->minstepfrac is nan 
params->maxstepfrac is 5.183843e-270 
params->minstepp is 0.000000e+00 
params->minstepd is 1.048403e+01 
params->usexzgap is 1 
params->tweakgap is 167530944 
params->affine is 1 
params->printlevel is 167532174 
params->perturbobj is 1.438954e-260 
params->fastmode is 1831826288 
1,1,0,66 
2,1,0,64 
3,1,0,64 
4,1,0,64 
5,1,0,64 
6,1,0,64 
7,1,0,64 
8,1,0,64 
9,1,0,64 
10,1,0,66 
11,1,0,64 
12,1,0,64 
13,1,0,63 
14,1,0,64 
15,1,0,64 
16,1,0,64 
17,1,0,64 
18,1,0,66 
19,1,0,64 
20,1,0,64 
21,1,0,64 
22,1,0,64 
23,1,0,64 
24,1,0,63 
25,1,0,66 
26,1,0,64 
27,1,0,64 
28,1,0,64 
29,1,0,64 
30,1,0,64 
31,1,0,66 
32,1,0,64 
33,1,0,64 
34,1,0,64 
35,1,0,64 
36,1,0,66 
37,1,0,64 
38,1,0,64 
39,1,0,64 
40,1,0,66 
41,1,0,63 
42,1,0,64 
43,1,0,66 
44,1,0,64 
45,1,0,49 
46,1,1,1 
Block 1, Size 93, Fill 291, 3.36 
Structural density of O 2116, 1.000000e+00 
Fnorm of Zi is 9.198419e-01 
constant offset is 0.000000e+00 
Fnorm of X is 8.968595e+03 
Fnorm of C is 9.110434e+00 
pobj is -7.533000e+04 
dobj is 0.000000e+00 
gap is 9.067639e+05 
Iter:  0 Ap: 0.00e+00 Pobj: -7.5330000e+04 Ad: 0.00e+00 Dobj:  0.0000000e+00 
mystepfrac is nan 
Relative primal infeasibility is 1.4703011e+03 
Relative dual infeasibility: 9.1758834e+00 
Relative duality gap is 1.2037061e+01 
XZ relative duality gap is 9.0676386e+05 
-a'*y/||A'(y)-Z|| is -0.000000e+00 
<C,X>/||A(X)||=-2.561445e+01
Fnorm of X is 8.968595e+03 
diagnrm is 2.594723e+03, adding diagadd 0.000000e+00 
Perturbing C.
Fnorm of Fd is 9.277215e+01 
Norm of rhs is 3.449682e+03 
Norm of dy is 1.065218e+01 
Fnorm of work1 is 1.267258e+00 
Before Fd, Fnorm of dZ is 1.328598e+01 
After Fd, Fnorm of dZ is 9.181459e+01 
Fnorm of dX is 1.368787e+03 
Fnorm of dZ is 9.181459e+01 
linesearch method 2 
qreig evalue -4.152856e-01 
qreig evalue 3.763112e-02 
qreig evalue 9.470230e-02 
qreig evalue 4.151594e-01 
qreig evalue 1.025051e+00 
qreig evalue -4.152906e-01 
qreig evalue 2.687697e-02 
qreig evalue 6.154233e-02 
qreig evalue 9.542751e-02 
qreig evalue 4.152904e-01 
qreig evalue 1.025052e+00 
qreig evalue -4.152906e-01 
qreig evalue 2.124560e-02 
qreig evalue 4.412332e-02 
qreig evalue 7.661658e-02 
qreig evalue 9.569433e-02 
qreig evalue 4.152908e-01 
qreig evalue 1.025052e+00 
qreig evalue -4.152906e-01 
qreig evalue 7.865713e-03 
qreig evalue 3.076976e-02 
qreig evalue 6.337147e-02 
qreig evalue 9.534269e-02 
qreig evalue 1.177595e-01 
qreig evalue 4.152908e-01 
qreig evalue 1.025052e+00 
Stopping here, on tightness j=8 
maxeigs[1]=-1.000000e+100 
maxeigs[2]=-1.000000e+100 
maxeigs[3]=-1.000000e+100 
maxeigs[4]=-1.000000e+100 
maxeigs[5]=1.025051e+00 
maxeigs[6]=1.025052e+00 
maxeigs[7]=1.025052e+00 
maxeigs[8]=1.025052e+00 
maxeig 1.035302e+00 
Lancoz converged after 8 iters
eigsearch: alpha=nan 
linesearch method 2 
qreig evalue -2.505129e-02 
qreig evalue 5.848406e-01 
qreig evalue 9.052977e-01 
qreig evalue 9.623689e-01 
qreig evalue 1.415286e+00 
qreig evalue -2.505176e-02 
qreig evalue 5.847096e-01 
qreig evalue 9.045725e-01 
qreig evalue 9.384577e-01 
qreig evalue 9.731230e-01 
qreig evalue 1.415291e+00 
qreig evalue -2.505176e-02 
qreig evalue 5.847092e-01 
qreig evalue 9.043057e-01 
qreig evalue 9.233834e-01 
qreig evalue 9.558767e-01 
qreig evalue 9.787544e-01 
qreig evalue 1.415291e+00 
qreig evalue -2.505176e-02 
qreig evalue 5.847092e-01 
qreig evalue 8.822405e-01 
qreig evalue 9.046573e-01 
qreig evalue 9.366285e-01 
qreig evalue 9.692302e-01 
qreig evalue 9.921343e-01 
qreig evalue 1.415291e+00 
Stopping here, on tightness j=8 
maxeigs[1]=-1.000000e+100 
maxeigs[2]=-1.000000e+100 
maxeigs[3]=-1.000000e+100 
maxeigs[4]=-1.000000e+100 
maxeigs[5]=1.415286e+00 
maxeigs[6]=1.415291e+00 
maxeigs[7]=1.415291e+00 
maxeigs[8]=1.415291e+00 
maxeig 1.429444e+00 
Lancoz converged after 8 iters
eigsearch: alpha=nan 
Taking an affine step because parameters.affine=1
muk is 9.750149e+03 
muplus is 4.875075e+03 
New mu is 0.000000e+00 
mu*n = target duality gap is 0.000000e+00 
refinement: Relative error in A(X+dX)=a (Fphat) is 1.174546e-13 
refinement: Before dX+dX1 Relative error in A(X+dX)=a is 1.174546e-13 
refinement: better
Fnorm of dX1 is 7.740174e+02
Fnorm of dZ1 is 6.147415e+00
refinement: Before adjust dX Relative error in A(X+dX)=a is 1.221998e-13 
refinement: worse
Fnorm of dX is 1.900175e+03 
Fnorm of dZ is 9.202013e+01 
refinement: After adjust error in A(X+dX)=a is 1.221998e-13 
refinement: worse
linesearch method 2 
qreig evalue -6.216000e-01 
qreig evalue 5.103505e-02 
qreig evalue 1.785617e-01 
qreig evalue 2.479739e-01 
qreig evalue 1.001335e+00 
qreig evalue -6.216032e-01 
qreig evalue 2.823319e-02 
qreig evalue 7.563800e-02 
qreig evalue 1.812632e-01 
qreig evalue 2.758086e-01 
qreig evalue 1.001336e+00 
qreig evalue -6.216032e-01 
qreig evalue 2.354853e-02 
qreig evalue 6.851331e-02 
qreig evalue 1.284716e-01 
qreig evalue 1.815139e-01 
qreig evalue 2.766093e-01 
qreig evalue 1.001336e+00 
qreig evalue -6.216032e-01 
qreig evalue 2.107874e-02 
qreig evalue 5.262596e-02 
qreig evalue 7.771908e-02 
qreig evalue 1.551497e-01 
qreig evalue 1.816643e-01 
qreig evalue 2.766705e-01 
qreig evalue 1.001336e+00 
Stopping here, on tightness j=8 
maxeigs[1]=-1.000000e+100 
maxeigs[2]=-1.000000e+100 
maxeigs[3]=-1.000000e+100 
maxeigs[4]=-1.000000e+100 
maxeigs[5]=1.001335e+00 
maxeigs[6]=1.001336e+00 
maxeigs[7]=1.001336e+00 
maxeigs[8]=1.001336e+00 
maxeig 1.011350e+00 
Lancoz converged after 8 iters
eigsearch: alpha=nan 
linesearch method 2 
qreig evalue -2.574808e-02 
qreig evalue 9.046852e-01 
qreig evalue 9.661858e-01 
qreig evalue 9.894722e-01 
qreig evalue 1.033129e+00 
qreig evalue -2.574808e-02 
qreig evalue 9.046664e-01 
qreig evalue 9.193130e-01 
qreig evalue 9.711268e-01 
qreig evalue 9.933106e-01 
qreig evalue 1.033727e+00 
qreig evalue -2.574808e-02 
qreig evalue 9.046192e-01 
qreig evalue 9.083768e-01 
qreig evalue 9.681151e-01 
qreig evalue 9.859458e-01 
qreig evalue 9.989564e-01 
qreig evalue 1.033841e+00 
qreig evalue -2.574808e-02 
qreig evalue 9.046168e-01 
qreig evalue 9.082275e-01 
qreig evalue 9.676036e-01 
qreig evalue 9.812522e-01 
qreig evalue 9.918587e-01 
qreig evalue 1.002014e+00 
qreig evalue 1.033846e+00 
Stopping here, on tightness j=8 
maxeigs[1]=-1.000000e+100 
maxeigs[2]=-1.000000e+100 
maxeigs[3]=-1.000000e+100 
maxeigs[4]=-1.000000e+100 
maxeigs[5]=1.033129e+00 
maxeigs[6]=1.033727e+00 
maxeigs[7]=1.033841e+00 
maxeigs[8]=1.033846e+00 
maxeig 1.044184e+00 
Lancoz converged after 8 iters
eigsearch: alpha=nan 
After linesearches, alphap=nan alphad=nan 
newrelpinfeas is nan
limrelpinfeas is 1.470301e+06
newreldinfeas is nan
limreldinfeas is 9.175883e+03
After feas check, alphap=nan alphad=nan 
line search failure in corrector step.
diagnrm is 2.594723e+03, adding diagadd 3.825710e-15 
Perturbing C.
Fnorm of Fd is 9.277215e+01 
Norm of rhs is 3.449682e+03 
Norm of dy is 1.065218e+01 
Fnorm of work1 is 1.267258e+00 
Before Fd, Fnorm of dZ is 1.328598e+01 
After Fd, Fnorm of dZ is 9.181459e+01 
Fnorm of dX is 1.368787e+03 
Fnorm of dZ is 9.181459e+01 
linesearch method 2 
qreig evalue -4.152856e-01 
qreig evalue 3.763112e-02 
qreig evalue 9.470230e-02 
qreig evalue 4.151594e-01 
qreig evalue 1.025051e+00 
qreig evalue -4.152906e-01 
qreig evalue 2.687697e-02 
qreig evalue 6.154233e-02 
qreig evalue 9.542751e-02 
qreig evalue 4.152904e-01 
qreig evalue 1.025052e+00 
qreig evalue -4.152906e-01 
qreig evalue 2.124560e-02 
qreig evalue 4.412332e-02 
qreig evalue 7.661658e-02 
qreig evalue 9.569433e-02 
qreig evalue 4.152908e-01 
qreig evalue 1.025052e+00 
qreig evalue -4.152906e-01 
qreig evalue 7.865713e-03 
qreig evalue 3.076976e-02 
qreig evalue 6.337147e-02 
qreig evalue 9.534269e-02 
qreig evalue 1.177595e-01 
qreig evalue 4.152908e-01 
qreig evalue 1.025052e+00 
Stopping here, on tightness j=8 
maxeigs[1]=-1.000000e+100 
maxeigs[2]=-1.000000e+100 
maxeigs[3]=-1.000000e+100 
maxeigs[4]=-1.000000e+100 
maxeigs[5]=1.025051e+00 
maxeigs[6]=1.025052e+00 
maxeigs[7]=1.025052e+00 
maxeigs[8]=1.025052e+00 
maxeig 1.035302e+00 
Lancoz converged after 8 iters
eigsearch: alpha=nan 
linesearch method 2 
qreig evalue -2.505129e-02 
qreig evalue 5.848406e-01 
qreig evalue 9.052977e-01 
qreig evalue 9.623689e-01 
qreig evalue 1.415286e+00 
qreig evalue -2.505176e-02 
qreig evalue 5.847096e-01 
qreig evalue 9.045725e-01 
qreig evalue 9.384577e-01 
qreig evalue 9.731230e-01 
qreig evalue 1.415291e+00 
qreig evalue -2.505176e-02 
qreig evalue 5.847092e-01 
qreig evalue 9.043057e-01 
qreig evalue 9.233834e-01 
qreig evalue 9.558767e-01 
qreig evalue 9.787544e-01 
qreig evalue 1.415291e+00 
qreig evalue -2.505176e-02 
qreig evalue 5.847092e-01 
qreig evalue 8.822405e-01 
qreig evalue 9.046573e-01 
qreig evalue 9.366285e-01 
qreig evalue 9.692302e-01 
qreig evalue 9.921343e-01 
qreig evalue 1.415291e+00 
Stopping here, on tightness j=8 
maxeigs[1]=-1.000000e+100 
maxeigs[2]=-1.000000e+100 
maxeigs[3]=-1.000000e+100 
maxeigs[4]=-1.000000e+100 
maxeigs[5]=1.415286e+00 
maxeigs[6]=1.415291e+00 
maxeigs[7]=1.415291e+00 
maxeigs[8]=1.415291e+00 
maxeig 1.429444e+00 
Lancoz converged after 8 iters
eigsearch: alpha=nan 
Taking an affine step because parameters.affine=1
muk is 9.750149e+03 
muplus is 4.875075e+03 
New mu is 0.000000e+00 
mu*n = target duality gap is 0.000000e+00 
refinement: Relative error in A(X+dX)=a (Fphat) is 1.174546e-13 
refinement: Before dX+dX1 Relative error in A(X+dX)=a is 1.174546e-13 
refinement: better
Fnorm of dX1 is 7.740174e+02
Fnorm of dZ1 is 6.147415e+00
refinement: Before adjust dX Relative error in A(X+dX)=a is 1.221998e-13 
refinement: worse
Fnorm of dX is 1.900175e+03 
Fnorm of dZ is 9.202013e+01 
refinement: After adjust error in A(X+dX)=a is 1.221998e-13 
refinement: worse
linesearch method 2 
qreig evalue -6.216000e-01 
qreig evalue 5.103505e-02 
qreig evalue 1.785617e-01 
qreig evalue 2.479739e-01 
qreig evalue 1.001335e+00 
qreig evalue -6.216032e-01 
qreig evalue 2.823319e-02 
qreig evalue 7.563800e-02 
qreig evalue 1.812632e-01 
qreig evalue 2.758086e-01 
qreig evalue 1.001336e+00 
qreig evalue -6.216032e-01 
qreig evalue 2.354853e-02 
qreig evalue 6.851331e-02 
qreig evalue 1.284716e-01 
qreig evalue 1.815139e-01 
qreig evalue 2.766093e-01 
qreig evalue 1.001336e+00 
qreig evalue -6.216032e-01 
qreig evalue 2.107874e-02 
qreig evalue 5.262596e-02 
qreig evalue 7.771908e-02 
qreig evalue 1.551497e-01 
qreig evalue 1.816643e-01 
qreig evalue 2.766705e-01 
qreig evalue 1.001336e+00 
Stopping here, on tightness j=8 
maxeigs[1]=-1.000000e+100 
maxeigs[2]=-1.000000e+100 
maxeigs[3]=-1.000000e+100 
maxeigs[4]=-1.000000e+100 
maxeigs[5]=1.001335e+00 
maxeigs[6]=1.001336e+00 
maxeigs[7]=1.001336e+00 
maxeigs[8]=1.001336e+00 
maxeig 1.011350e+00 
Lancoz converged after 8 iters
eigsearch: alpha=nan 
linesearch method 2 
qreig evalue -2.574808e-02 
qreig evalue 9.046852e-01 
qreig evalue 9.661858e-01 
qreig evalue 9.894722e-01 
qreig evalue 1.033129e+00 
qreig evalue -2.574808e-02 
qreig evalue 9.046664e-01 
qreig evalue 9.193130e-01 
qreig evalue 9.711268e-01 
qreig evalue 9.933106e-01 
qreig evalue 1.033727e+00 
qreig evalue -2.574808e-02 
qreig evalue 9.046192e-01 
qreig evalue 9.083768e-01 
qreig evalue 9.681151e-01 
qreig evalue 9.859458e-01 
qreig evalue 9.989564e-01 
qreig evalue 1.033841e+00 
qreig evalue -2.574808e-02 
qreig evalue 9.046168e-01 
qreig evalue 9.082275e-01 
qreig evalue 9.676036e-01 
qreig evalue 9.812522e-01 
qreig evalue 9.918587e-01 
qreig evalue 1.002014e+00 
qreig evalue 1.033846e+00 
Stopping here, on tightness j=8 
maxeigs[1]=-1.000000e+100 
maxeigs[2]=-1.000000e+100 
maxeigs[3]=-1.000000e+100 
maxeigs[4]=-1.000000e+100 
maxeigs[5]=1.033129e+00 
maxeigs[6]=1.033727e+00 
maxeigs[7]=1.033841e+00 
maxeigs[8]=1.033846e+00 
maxeig 1.044184e+00 
Lancoz converged after 8 iters
eigsearch: alpha=nan 
After linesearches, alphap=nan alphad=nan 
newrelpinfeas is nan
limrelpinfeas is 1.470301e+06
newreldinfeas is nan
limreldinfeas is 9.175883e+03
After feas check, alphap=nan alphad=nan 
line search failure in corrector step.
diagnrm is 2.594723e+03, adding diagadd 3.825710e-14 
Perturbing C.
Fnorm of Fd is 9.277215e+01 
Norm of rhs is 3.449682e+03 
Norm of dy is 1.065218e+01 
Fnorm of work1 is 1.267258e+00 
Before Fd, Fnorm of dZ is 1.328598e+01 
After Fd, Fnorm of dZ is 9.181459e+01 
Fnorm of dX is 1.368787e+03 
Fnorm of dZ is 9.181459e+01 
linesearch method 2 
qreig evalue -4.152856e-01 
qreig evalue 3.763112e-02 
qreig evalue 9.470230e-02 
qreig evalue 4.151594e-01 
qreig evalue 1.025051e+00 
qreig evalue -4.152906e-01 
qreig evalue 2.687697e-02 
qreig evalue 6.154233e-02 
qreig evalue 9.542751e-02 
qreig evalue 4.152904e-01 
qreig evalue 1.025052e+00 
qreig evalue -4.152906e-01 
qreig evalue 2.124560e-02 
qreig evalue 4.412332e-02 
qreig evalue 7.661658e-02 
qreig evalue 9.569433e-02 
qreig evalue 4.152908e-01 
qreig evalue 1.025052e+00 
qreig evalue -4.152906e-01 
qreig evalue 7.865713e-03 
qreig evalue 3.076976e-02 
qreig evalue 6.337147e-02 
qreig evalue 9.534269e-02 
qreig evalue 1.177595e-01 
qreig evalue 4.152908e-01 
qreig evalue 1.025052e+00 
Stopping here, on tightness j=8 
maxeigs[1]=-1.000000e+100 
maxeigs[2]=-1.000000e+100 
maxeigs[3]=-1.000000e+100 
maxeigs[4]=-1.000000e+100 
maxeigs[5]=1.025051e+00 
maxeigs[6]=1.025052e+00 
maxeigs[7]=1.025052e+00 
maxeigs[8]=1.025052e+00 
maxeig 1.035302e+00 
Lancoz converged after 8 iters
eigsearch: alpha=nan 
linesearch method 2 
qreig evalue -2.505129e-02 
qreig evalue 5.848406e-01 
qreig evalue 9.052977e-01 
qreig evalue 9.623689e-01 
qreig evalue 1.415286e+00 
qreig evalue -2.505176e-02 
qreig evalue 5.847096e-01 
qreig evalue 9.045725e-01 
qreig evalue 9.384577e-01 
qreig evalue 9.731230e-01 
qreig evalue 1.415291e+00 
qreig evalue -2.505176e-02 
qreig evalue 5.847092e-01 
qreig evalue 9.043057e-01 
qreig evalue 9.233834e-01 
qreig evalue 9.558767e-01 
qreig evalue 9.787544e-01 
qreig evalue 1.415291e+00 
qreig evalue -2.505176e-02 
qreig evalue 5.847092e-01 
qreig evalue 8.822405e-01 
qreig evalue 9.046573e-01 
qreig evalue 9.366285e-01 
qreig evalue 9.692302e-01 
qreig evalue 9.921343e-01 
qreig evalue 1.415291e+00 
Stopping here, on tightness j=8 
maxeigs[1]=-1.000000e+100 
maxeigs[2]=-1.000000e+100 
maxeigs[3]=-1.000000e+100 
maxeigs[4]=-1.000000e+100 
maxeigs[5]=1.415286e+00 
maxeigs[6]=1.415291e+00 
maxeigs[7]=1.415291e+00 
maxeigs[8]=1.415291e+00 
maxeig 1.429444e+00 
Lancoz converged after 8 iters
eigsearch: alpha=nan 
Taking an affine step because parameters.affine=1
muk is 9.750149e+03 
muplus is 4.875075e+03 
New mu is 0.000000e+00 
mu*n = target duality gap is 0.000000e+00 
refinement: Relative error in A(X+dX)=a (Fphat) is 2.198144e-13 
refinement: Before dX+dX1 Relative error in A(X+dX)=a is 2.198144e-13 
refinement: better
Fnorm of dX1 is 7.740174e+02
Fnorm of dZ1 is 6.147415e+00
refinement: Before adjust dX Relative error in A(X+dX)=a is 9.228258e-14 
refinement: better
Fnorm of dX is 1.900175e+03 
Fnorm of dZ is 9.202013e+01 
refinement: After adjust error in A(X+dX)=a is 9.228258e-14 
refinement: better
linesearch method 2 
qreig evalue -6.216000e-01 
qreig evalue 5.103505e-02 
qreig evalue 1.785617e-01 
qreig evalue 2.479739e-01 
qreig evalue 1.001335e+00 
qreig evalue -6.216032e-01 
qreig evalue 2.823319e-02 
qreig evalue 7.563800e-02 
qreig evalue 1.812632e-01 
qreig evalue 2.758086e-01 
qreig evalue 1.001336e+00 
qreig evalue -6.216032e-01 
qreig evalue 2.354853e-02 
qreig evalue 6.851331e-02 
qreig evalue 1.284716e-01 
qreig evalue 1.815139e-01 
qreig evalue 2.766093e-01 
qreig evalue 1.001336e+00 
qreig evalue -6.216032e-01 
qreig evalue 2.107874e-02 
qreig evalue 5.262596e-02 
qreig evalue 7.771908e-02 
qreig evalue 1.551497e-01 
qreig evalue 1.816643e-01 
qreig evalue 2.766705e-01 
qreig evalue 1.001336e+00 
Stopping here, on tightness j=8 
maxeigs[1]=-1.000000e+100 
maxeigs[2]=-1.000000e+100 
maxeigs[3]=-1.000000e+100 
maxeigs[4]=-1.000000e+100 
maxeigs[5]=1.001335e+00 
maxeigs[6]=1.001336e+00 
maxeigs[7]=1.001336e+00 
maxeigs[8]=1.001336e+00 
maxeig 1.011350e+00 
Lancoz converged after 8 iters
eigsearch: alpha=nan 
linesearch method 2 
qreig evalue -2.574808e-02 
qreig evalue 9.046852e-01 
qreig evalue 9.661858e-01 
qreig evalue 9.894722e-01 
qreig evalue 1.033129e+00 
qreig evalue -2.574808e-02 
qreig evalue 9.046664e-01 
qreig evalue 9.193130e-01 
qreig evalue 9.711268e-01 
qreig evalue 9.933106e-01 
qreig evalue 1.033727e+00 
qreig evalue -2.574808e-02 
qreig evalue 9.046192e-01 
qreig evalue 9.083768e-01 
qreig evalue 9.681151e-01 
qreig evalue 9.859458e-01 
qreig evalue 9.989564e-01 
qreig evalue 1.033841e+00 
qreig evalue -2.574808e-02 
qreig evalue 9.046168e-01 
qreig evalue 9.082275e-01 
qreig evalue 9.676036e-01 
qreig evalue 9.812522e-01 
qreig evalue 9.918587e-01 
qreig evalue 1.002014e+00 
qreig evalue 1.033846e+00 
Stopping here, on tightness j=8 
maxeigs[1]=-1.000000e+100 
maxeigs[2]=-1.000000e+100 
maxeigs[3]=-1.000000e+100 
maxeigs[4]=-1.000000e+100 
maxeigs[5]=1.033129e+00 
maxeigs[6]=1.033727e+00 
maxeigs[7]=1.033841e+00 
maxeigs[8]=1.033846e+00 
maxeig 1.044184e+00 
Lancoz converged after 8 iters
eigsearch: alpha=nan 
After linesearches, alphap=nan alphad=nan 
newrelpinfeas is nan
limrelpinfeas is 1.470301e+06
newreldinfeas is nan
limreldinfeas is 9.175883e+03
After feas check, alphap=nan alphad=nan 
line search failure in corrector step.
diagnrm is 2.594723e+03, adding diagadd 3.825710e-13 
Perturbing C.
Fnorm of Fd is 9.277215e+01 
Norm of rhs is 3.449682e+03 
Norm of dy is 1.065218e+01 
Fnorm of work1 is 1.267258e+00 
Before Fd, Fnorm of dZ is 1.328598e+01 
After Fd, Fnorm of dZ is 9.181459e+01 
Fnorm of dX is 1.368787e+03 
Fnorm of dZ is 9.181459e+01 
linesearch method 2 
qreig evalue -4.152856e-01 
qreig evalue 3.763112e-02 
qreig evalue 9.470230e-02 
qreig evalue 4.151594e-01 
qreig evalue 1.025051e+00 
qreig evalue -4.152906e-01 
qreig evalue 2.687697e-02 
qreig evalue 6.154233e-02 
qreig evalue 9.542751e-02 
qreig evalue 4.152904e-01 
qreig evalue 1.025052e+00 
qreig evalue -4.152906e-01 
qreig evalue 2.124560e-02 
qreig evalue 4.412332e-02 
qreig evalue 7.661658e-02 
qreig evalue 9.569433e-02 
qreig evalue 4.152908e-01 
qreig evalue 1.025052e+00 
qreig evalue -4.152906e-01 
qreig evalue 7.865713e-03 
qreig evalue 3.076976e-02 
qreig evalue 6.337147e-02 
qreig evalue 9.534269e-02 
qreig evalue 1.177595e-01 
qreig evalue 4.152908e-01 
qreig evalue 1.025052e+00 
Stopping here, on tightness j=8 
maxeigs[1]=-1.000000e+100 
maxeigs[2]=-1.000000e+100 
maxeigs[3]=-1.000000e+100 
maxeigs[4]=-1.000000e+100 
maxeigs[5]=1.025051e+00 
maxeigs[6]=1.025052e+00 
maxeigs[7]=1.025052e+00 
maxeigs[8]=1.025052e+00 
maxeig 1.035302e+00 
Lancoz converged after 8 iters
eigsearch: alpha=nan 
linesearch method 2 
qreig evalue -2.505129e-02 
qreig evalue 5.848406e-01 
qreig evalue 9.052977e-01 
qreig evalue 9.623689e-01 
qreig evalue 1.415286e+00 
qreig evalue -2.505176e-02 
qreig evalue 5.847096e-01 
qreig evalue 9.045725e-01 
qreig evalue 9.384577e-01 
qreig evalue 9.731230e-01 
qreig evalue 1.415291e+00 
qreig evalue -2.505176e-02 
qreig evalue 5.847092e-01 
qreig evalue 9.043057e-01 
qreig evalue 9.233834e-01 
qreig evalue 9.558767e-01 
qreig evalue 9.787544e-01 
qreig evalue 1.415291e+00 
qreig evalue -2.505176e-02 
qreig evalue 5.847092e-01 
qreig evalue 8.822405e-01 
qreig evalue 9.046573e-01 
qreig evalue 9.366285e-01 
qreig evalue 9.692302e-01 
qreig evalue 9.921343e-01 
qreig evalue 1.415291e+00 
Stopping here, on tightness j=8 
maxeigs[1]=-1.000000e+100 
maxeigs[2]=-1.000000e+100 
maxeigs[3]=-1.000000e+100 
maxeigs[4]=-1.000000e+100 
maxeigs[5]=1.415286e+00 
maxeigs[6]=1.415291e+00 
maxeigs[7]=1.415291e+00 
maxeigs[8]=1.415291e+00 
maxeig 1.429444e+00 
Lancoz converged after 8 iters
eigsearch: alpha=nan 
Taking an affine step because parameters.affine=1
muk is 9.750149e+03 
muplus is 4.875075e+03 
New mu is 0.000000e+00 
mu*n = target duality gap is 0.000000e+00 
refinement: Relative error in A(X+dX)=a (Fphat) is 2.056344e-12 
refinement: Before dX+dX1 Relative error in A(X+dX)=a is 2.056344e-12 
refinement: better
Fnorm of dX1 is 7.740174e+02
Fnorm of dZ1 is 6.147415e+00
refinement: Before adjust dX Relative error in A(X+dX)=a is 2.947482e-13 
refinement: better
Fnorm of dX is 1.900175e+03 
Fnorm of dZ is 9.202013e+01 
refinement: After adjust error in A(X+dX)=a is 2.947482e-13 
refinement: better
linesearch method 2 
qreig evalue -6.216000e-01 
qreig evalue 5.103505e-02 
qreig evalue 1.785617e-01 
qreig evalue 2.479739e-01 
qreig evalue 1.001335e+00 
qreig evalue -6.216032e-01 
qreig evalue 2.823319e-02 
qreig evalue 7.563800e-02 
qreig evalue 1.812632e-01 
qreig evalue 2.758086e-01 
qreig evalue 1.001336e+00 
qreig evalue -6.216032e-01 
qreig evalue 2.354853e-02 
qreig evalue 6.851331e-02 
qreig evalue 1.284716e-01 
qreig evalue 1.815139e-01 
qreig evalue 2.766093e-01 
qreig evalue 1.001336e+00 
qreig evalue -6.216032e-01 
qreig evalue 2.107874e-02 
qreig evalue 5.262596e-02 
qreig evalue 7.771908e-02 
qreig evalue 1.551497e-01 
qreig evalue 1.816643e-01 
qreig evalue 2.766705e-01 
qreig evalue 1.001336e+00 
Stopping here, on tightness j=8 
maxeigs[1]=-1.000000e+100 
maxeigs[2]=-1.000000e+100 
maxeigs[3]=-1.000000e+100 
maxeigs[4]=-1.000000e+100 
maxeigs[5]=1.001335e+00 
maxeigs[6]=1.001336e+00 
maxeigs[7]=1.001336e+00 
maxeigs[8]=1.001336e+00 
maxeig 1.011350e+00 
Lancoz converged after 8 iters
eigsearch: alpha=nan 
linesearch method 2 
qreig evalue -2.574808e-02 
qreig evalue 9.046852e-01 
qreig evalue 9.661858e-01 
qreig evalue 9.894722e-01 
qreig evalue 1.033129e+00 
qreig evalue -2.574808e-02 
qreig evalue 9.046664e-01 
qreig evalue 9.193130e-01 
qreig evalue 9.711268e-01 
qreig evalue 9.933106e-01 
qreig evalue 1.033727e+00 
qreig evalue -2.574808e-02 
qreig evalue 9.046192e-01 
qreig evalue 9.083768e-01 
qreig evalue 9.681151e-01 
qreig evalue 9.859458e-01 
qreig evalue 9.989564e-01 
qreig evalue 1.033841e+00 
qreig evalue -2.574808e-02 
qreig evalue 9.046168e-01 
qreig evalue 9.082275e-01 
qreig evalue 9.676036e-01 
qreig evalue 9.812522e-01 
qreig evalue 9.918587e-01 
qreig evalue 1.002014e+00 
qreig evalue 1.033846e+00 
Stopping here, on tightness j=8 
maxeigs[1]=-1.000000e+100 
maxeigs[2]=-1.000000e+100 
maxeigs[3]=-1.000000e+100 
maxeigs[4]=-1.000000e+100 
maxeigs[5]=1.033129e+00 
maxeigs[6]=1.033727e+00 
maxeigs[7]=1.033841e+00 
maxeigs[8]=1.033846e+00 
maxeig 1.044184e+00 
Lancoz converged after 8 iters
eigsearch: alpha=nan 
After linesearches, alphap=nan alphad=nan 
newrelpinfeas is nan
limrelpinfeas is 1.470301e+06
newreldinfeas is nan
limreldinfeas is 9.175883e+03
After feas check, alphap=nan alphad=nan 
line search failure in corrector step.
diagnrm is 2.594723e+03, adding diagadd 3.825710e-12 
Perturbing C.
Fnorm of Fd is 9.277215e+01 
Norm of rhs is 3.449682e+03 
Norm of dy is 1.065218e+01 
Fnorm of work1 is 1.267258e+00 
Before Fd, Fnorm of dZ is 1.328598e+01 
After Fd, Fnorm of dZ is 9.181459e+01 
Fnorm of dX is 1.368787e+03 
Fnorm of dZ is 9.181459e+01 
linesearch method 2 
qreig evalue -4.152856e-01 
qreig evalue 3.763112e-02 
qreig evalue 9.470230e-02 
qreig evalue 4.151594e-01 
qreig evalue 1.025051e+00 
qreig evalue -4.152906e-01 
qreig evalue 2.687697e-02 
qreig evalue 6.154233e-02 
qreig evalue 9.542751e-02 
qreig evalue 4.152904e-01 
qreig evalue 1.025052e+00 
qreig evalue -4.152906e-01 
qreig evalue 2.124560e-02 
qreig evalue 4.412332e-02 
qreig evalue 7.661658e-02 
qreig evalue 9.569433e-02 
qreig evalue 4.152908e-01 
qreig evalue 1.025052e+00 
qreig evalue -4.152906e-01 
qreig evalue 7.865713e-03 
qreig evalue 3.076976e-02 
qreig evalue 6.337147e-02 
qreig evalue 9.534269e-02 
qreig evalue 1.177595e-01 
qreig evalue 4.152908e-01 
qreig evalue 1.025052e+00 
Stopping here, on tightness j=8 
maxeigs[1]=-1.000000e+100 
maxeigs[2]=-1.000000e+100 
maxeigs[3]=-1.000000e+100 
maxeigs[4]=-1.000000e+100 
maxeigs[5]=1.025051e+00 
maxeigs[6]=1.025052e+00 
maxeigs[7]=1.025052e+00 
maxeigs[8]=1.025052e+00 
maxeig 1.035302e+00 
Lancoz converged after 8 iters
eigsearch: alpha=nan 
linesearch method 2 
qreig evalue -2.505129e-02 
qreig evalue 5.848406e-01 
qreig evalue 9.052977e-01 
qreig evalue 9.623689e-01 
qreig evalue 1.415286e+00 
qreig evalue -2.505176e-02 
qreig evalue 5.847096e-01 
qreig evalue 9.045725e-01 
qreig evalue 9.384577e-01 
qreig evalue 9.731230e-01 
qreig evalue 1.415291e+00 
qreig evalue -2.505176e-02 
qreig evalue 5.847092e-01 
qreig evalue 9.043057e-01 
qreig evalue 9.233834e-01 
qreig evalue 9.558767e-01 
qreig evalue 9.787544e-01 
qreig evalue 1.415291e+00 
qreig evalue -2.505176e-02 
qreig evalue 5.847092e-01 
qreig evalue 8.822405e-01 
qreig evalue 9.046573e-01 
qreig evalue 9.366285e-01 
qreig evalue 9.692302e-01 
qreig evalue 9.921343e-01 
qreig evalue 1.415291e+00 
Stopping here, on tightness j=8 
maxeigs[1]=-1.000000e+100 
maxeigs[2]=-1.000000e+100 
maxeigs[3]=-1.000000e+100 
maxeigs[4]=-1.000000e+100 
maxeigs[5]=1.415286e+00 
maxeigs[6]=1.415291e+00 
maxeigs[7]=1.415291e+00 
maxeigs[8]=1.415291e+00 
maxeig 1.429444e+00 
Lancoz converged after 8 iters
eigsearch: alpha=nan 
Taking an affine step because parameters.affine=1
muk is 9.750149e+03 
muplus is 4.875075e+03 
New mu is 0.000000e+00 
mu*n = target duality gap is 0.000000e+00 
refinement: Relative error in A(X+dX)=a (Fphat) is 2.036249e-11 
refinement: Before dX+dX1 Relative error in A(X+dX)=a is 2.036249e-11 
refinement: better
Fnorm of dX1 is 7.740174e+02
Fnorm of dZ1 is 6.147415e+00
refinement: Before adjust dX Relative error in A(X+dX)=a is 3.308460e-12 
refinement: better
Fnorm of dX is 1.900175e+03 
Fnorm of dZ is 9.202013e+01 
refinement: After adjust error in A(X+dX)=a is 3.308460e-12 
refinement: better
linesearch method 2 
qreig evalue -6.216000e-01 
qreig evalue 5.103505e-02 
qreig evalue 1.785617e-01 
qreig evalue 2.479739e-01 
qreig evalue 1.001335e+00 
qreig evalue -6.216032e-01 
qreig evalue 2.823319e-02 
qreig evalue 7.563800e-02 
qreig evalue 1.812632e-01 
qreig evalue 2.758086e-01 
qreig evalue 1.001336e+00 
qreig evalue -6.216032e-01 
qreig evalue 2.354853e-02 
qreig evalue 6.851331e-02 
qreig evalue 1.284716e-01 
qreig evalue 1.815139e-01 
qreig evalue 2.766093e-01 
qreig evalue 1.001336e+00 
qreig evalue -6.216032e-01 
qreig evalue 2.107874e-02 
qreig evalue 5.262596e-02 
qreig evalue 7.771908e-02 
qreig evalue 1.551497e-01 
qreig evalue 1.816643e-01 
qreig evalue 2.766705e-01 
qreig evalue 1.001336e+00 
Stopping here, on tightness j=8 
maxeigs[1]=-1.000000e+100 
maxeigs[2]=-1.000000e+100 
maxeigs[3]=-1.000000e+100 
maxeigs[4]=-1.000000e+100 
maxeigs[5]=1.001335e+00 
maxeigs[6]=1.001336e+00 
maxeigs[7]=1.001336e+00 
maxeigs[8]=1.001336e+00 
maxeig 1.011350e+00 
Lancoz converged after 8 iters
eigsearch: alpha=nan 
linesearch method 2 
qreig evalue -2.574808e-02 
qreig evalue 9.046852e-01 
qreig evalue 9.661858e-01 
qreig evalue 9.894722e-01 
qreig evalue 1.033129e+00 
qreig evalue -2.574808e-02 
qreig evalue 9.046664e-01 
qreig evalue 9.193130e-01 
qreig evalue 9.711268e-01 
qreig evalue 9.933106e-01 
qreig evalue 1.033727e+00 
qreig evalue -2.574808e-02 
qreig evalue 9.046192e-01 
qreig evalue 9.083768e-01 
qreig evalue 9.681151e-01 
qreig evalue 9.859458e-01 
qreig evalue 9.989564e-01 
qreig evalue 1.033841e+00 
qreig evalue -2.574808e-02 
qreig evalue 9.046168e-01 
qreig evalue 9.082275e-01 
qreig evalue 9.676036e-01 
qreig evalue 9.812522e-01 
qreig evalue 9.918587e-01 
qreig evalue 1.002014e+00 
qreig evalue 1.033846e+00 
Stopping here, on tightness j=8 
maxeigs[1]=-1.000000e+100 
maxeigs[2]=-1.000000e+100 
maxeigs[3]=-1.000000e+100 
maxeigs[4]=-1.000000e+100 
maxeigs[5]=1.033129e+00 
maxeigs[6]=1.033727e+00 
maxeigs[7]=1.033841e+00 
maxeigs[8]=1.033846e+00 
maxeig 1.044184e+00 
Lancoz converged after 8 iters
eigsearch: alpha=nan 
After linesearches, alphap=nan alphad=nan 
newrelpinfeas is nan
limrelpinfeas is 1.470301e+06
newreldinfeas is nan
limreldinfeas is 9.175883e+03
After feas check, alphap=nan alphad=nan 
line search failure in corrector step.
diagnrm is 2.594723e+03, adding diagadd 3.825710e-11 
Perturbing C.
Fnorm of Fd is 9.277215e+01 
Norm of rhs is 3.449682e+03 
Norm of dy is 1.065218e+01 
Fnorm of work1 is 1.267258e+00 
Before Fd, Fnorm of dZ is 1.328598e+01 
After Fd, Fnorm of dZ is 9.181459e+01 
Fnorm of dX is 1.368787e+03 
Fnorm of dZ is 9.181459e+01 
linesearch method 2 
qreig evalue -4.152856e-01 
qreig evalue 3.763112e-02 
qreig evalue 9.470230e-02 
qreig evalue 4.151594e-01 
qreig evalue 1.025051e+00 
qreig evalue -4.152906e-01 
qreig evalue 2.687697e-02 
qreig evalue 6.154233e-02 
qreig evalue 9.542751e-02 
qreig evalue 4.152904e-01 
qreig evalue 1.025052e+00 
qreig evalue -4.152906e-01 
qreig evalue 2.124560e-02 
qreig evalue 4.412332e-02 
qreig evalue 7.661658e-02 
qreig evalue 9.569433e-02 
qreig evalue 4.152908e-01 
qreig evalue 1.025052e+00 
qreig evalue -4.152906e-01 
qreig evalue 7.865713e-03 
qreig evalue 3.076976e-02 
qreig evalue 6.337147e-02 
qreig evalue 9.534269e-02 
qreig evalue 1.177595e-01 
qreig evalue 4.152908e-01 
qreig evalue 1.025052e+00 
Stopping here, on tightness j=8 
maxeigs[1]=-1.000000e+100 
maxeigs[2]=-1.000000e+100 
maxeigs[3]=-1.000000e+100 
maxeigs[4]=-1.000000e+100 
maxeigs[5]=1.025051e+00 
maxeigs[6]=1.025052e+00 
maxeigs[7]=1.025052e+00 
maxeigs[8]=1.025052e+00 
maxeig 1.035302e+00 
Lancoz converged after 8 iters
eigsearch: alpha=nan 
linesearch method 2 
qreig evalue -2.505129e-02 
qreig evalue 5.848406e-01 
qreig evalue 9.052977e-01 
qreig evalue 9.623689e-01 
qreig evalue 1.415286e+00 
qreig evalue -2.505176e-02 
qreig evalue 5.847096e-01 
qreig evalue 9.045725e-01 
qreig evalue 9.384577e-01 
qreig evalue 9.731230e-01 
qreig evalue 1.415291e+00 
qreig evalue -2.505176e-02 
qreig evalue 5.847092e-01 
qreig evalue 9.043057e-01 
qreig evalue 9.233834e-01 
qreig evalue 9.558767e-01 
qreig evalue 9.787544e-01 
qreig evalue 1.415291e+00 
qreig evalue -2.505176e-02 
qreig evalue 5.847092e-01 
qreig evalue 8.822405e-01 
qreig evalue 9.046573e-01 
qreig evalue 9.366285e-01 
qreig evalue 9.692302e-01 
qreig evalue 9.921343e-01 
qreig evalue 1.415291e+00 
Stopping here, on tightness j=8 
maxeigs[1]=-1.000000e+100 
maxeigs[2]=-1.000000e+100 
maxeigs[3]=-1.000000e+100 
maxeigs[4]=-1.000000e+100 
maxeigs[5]=1.415286e+00 
maxeigs[6]=1.415291e+00 
maxeigs[7]=1.415291e+00 
maxeigs[8]=1.415291e+00 
maxeig 1.429444e+00 
Lancoz converged after 8 iters
eigsearch: alpha=nan 
Taking an affine step because parameters.affine=1
muk is 9.750149e+03 
muplus is 4.875075e+03 
New mu is 0.000000e+00 
mu*n = target duality gap is 0.000000e+00 
refinement: Relative error in A(X+dX)=a (Fphat) is 2.036456e-10 
refinement: Before dX+dX1 Relative error in A(X+dX)=a is 2.036456e-10 
refinement: better
Fnorm of dX1 is 7.740174e+02
Fnorm of dZ1 is 6.147415e+00
refinement: Before adjust dX Relative error in A(X+dX)=a is 3.187747e-11 
refinement: better
Fnorm of dX is 1.900175e+03 
Fnorm of dZ is 9.202013e+01 
refinement: After adjust error in A(X+dX)=a is 3.187747e-11 
refinement: better
linesearch method 2 
qreig evalue -6.216000e-01 
qreig evalue 5.103505e-02 
qreig evalue 1.785617e-01 
qreig evalue 2.479739e-01 
qreig evalue 1.001335e+00 
qreig evalue -6.216032e-01 
qreig evalue 2.823319e-02 
qreig evalue 7.563800e-02 
qreig evalue 1.812632e-01 
qreig evalue 2.758086e-01 
qreig evalue 1.001336e+00 
qreig evalue -6.216032e-01 
qreig evalue 2.354853e-02 
qreig evalue 6.851331e-02 
qreig evalue 1.284716e-01 
qreig evalue 1.815139e-01 
qreig evalue 2.766093e-01 
qreig evalue 1.001336e+00 
qreig evalue -6.216032e-01 
qreig evalue 2.107874e-02 
qreig evalue 5.262596e-02 
qreig evalue 7.771908e-02 
qreig evalue 1.551497e-01 
qreig evalue 1.816643e-01 
qreig evalue 2.766705e-01 
qreig evalue 1.001336e+00 
Stopping here, on tightness j=8 
maxeigs[1]=-1.000000e+100 
maxeigs[2]=-1.000000e+100 
maxeigs[3]=-1.000000e+100 
maxeigs[4]=-1.000000e+100 
maxeigs[5]=1.001335e+00 
maxeigs[6]=1.001336e+00 
maxeigs[7]=1.001336e+00 
maxeigs[8]=1.001336e+00 
maxeig 1.011350e+00 
Lancoz converged after 8 iters
eigsearch: alpha=nan 
linesearch method 2 
qreig evalue -2.574808e-02 
qreig evalue 9.046852e-01 
qreig evalue 9.661858e-01 
qreig evalue 9.894722e-01 
qreig evalue 1.033129e+00 
qreig evalue -2.574808e-02 
qreig evalue 9.046664e-01 
qreig evalue 9.193130e-01 
qreig evalue 9.711268e-01 
qreig evalue 9.933106e-01 
qreig evalue 1.033727e+00 
qreig evalue -2.574808e-02 
qreig evalue 9.046192e-01 
qreig evalue 9.083768e-01 
qreig evalue 9.681151e-01 
qreig evalue 9.859458e-01 
qreig evalue 9.989564e-01 
qreig evalue 1.033841e+00 
qreig evalue -2.574808e-02 
qreig evalue 9.046168e-01 
qreig evalue 9.082275e-01 
qreig evalue 9.676036e-01 
qreig evalue 9.812522e-01 
qreig evalue 9.918587e-01 
qreig evalue 1.002014e+00 
qreig evalue 1.033846e+00 
Stopping here, on tightness j=8 
maxeigs[1]=-1.000000e+100 
maxeigs[2]=-1.000000e+100 
maxeigs[3]=-1.000000e+100 
maxeigs[4]=-1.000000e+100 
maxeigs[5]=1.033129e+00 
maxeigs[6]=1.033727e+00 
maxeigs[7]=1.033841e+00 
maxeigs[8]=1.033846e+00 
maxeig 1.044184e+00 
Lancoz converged after 8 iters
eigsearch: alpha=nan 
After linesearches, alphap=nan alphad=nan 
newrelpinfeas is nan
limrelpinfeas is 1.470301e+06
newreldinfeas is nan
limreldinfeas is 9.175883e+03
After feas check, alphap=nan alphad=nan 
line search failure in corrector step.
diagnrm is 2.594723e+03, adding diagadd 3.825710e-10 
Perturbing C.
Fnorm of Fd is 9.277215e+01 
Norm of rhs is 3.449682e+03 
Norm of dy is 1.065218e+01 
Fnorm of work1 is 1.267258e+00 
Before Fd, Fnorm of dZ is 1.328598e+01 
After Fd, Fnorm of dZ is 9.181459e+01 
Fnorm of dX is 1.368787e+03 
Fnorm of dZ is 9.181459e+01 
linesearch method 2 
qreig evalue -4.152856e-01 
qreig evalue 3.763112e-02 
qreig evalue 9.470230e-02 
qreig evalue 4.151594e-01 
qreig evalue 1.025051e+00 
qreig evalue -4.152906e-01 
qreig evalue 2.687697e-02 
qreig evalue 6.154233e-02 
qreig evalue 9.542751e-02 
qreig evalue 4.152904e-01 
qreig evalue 1.025052e+00 
qreig evalue -4.152906e-01 
qreig evalue 2.124560e-02 
qreig evalue 4.412332e-02 
qreig evalue 7.661658e-02 
qreig evalue 9.569433e-02 
qreig evalue 4.152908e-01 
qreig evalue 1.025052e+00 
qreig evalue -4.152906e-01 
qreig evalue 7.865713e-03 
qreig evalue 3.076976e-02 
qreig evalue 6.337147e-02 
qreig evalue 9.534269e-02 
qreig evalue 1.177595e-01 
qreig evalue 4.152908e-01 
qreig evalue 1.025052e+00 
Stopping here, on tightness j=8 
maxeigs[1]=-1.000000e+100 
maxeigs[2]=-1.000000e+100 
maxeigs[3]=-1.000000e+100 
maxeigs[4]=-1.000000e+100 
maxeigs[5]=1.025051e+00 
maxeigs[6]=1.025052e+00 
maxeigs[7]=1.025052e+00 
maxeigs[8]=1.025052e+00 
maxeig 1.035302e+00 
Lancoz converged after 8 iters
eigsearch: alpha=nan 
linesearch method 2 
qreig evalue -2.505129e-02 
qreig evalue 5.848406e-01 
qreig evalue 9.052977e-01 
qreig evalue 9.623689e-01 
qreig evalue 1.415286e+00 
qreig evalue -2.505176e-02 
qreig evalue 5.847096e-01 
qreig evalue 9.045725e-01 
qreig evalue 9.384577e-01 
qreig evalue 9.731230e-01 
qreig evalue 1.415291e+00 
qreig evalue -2.505176e-02 
qreig evalue 5.847092e-01 
qreig evalue 9.043057e-01 
qreig evalue 9.233834e-01 
qreig evalue 9.558767e-01 
qreig evalue 9.787544e-01 
qreig evalue 1.415291e+00 
qreig evalue -2.505176e-02 
qreig evalue 5.847092e-01 
qreig evalue 8.822405e-01 
qreig evalue 9.046573e-01 
qreig evalue 9.366285e-01 
qreig evalue 9.692302e-01 
qreig evalue 9.921343e-01 
qreig evalue 1.415291e+00 
Stopping here, on tightness j=8 
maxeigs[1]=-1.000000e+100 
maxeigs[2]=-1.000000e+100 
maxeigs[3]=-1.000000e+100 
maxeigs[4]=-1.000000e+100 
maxeigs[5]=1.415286e+00 
maxeigs[6]=1.415291e+00 
maxeigs[7]=1.415291e+00 
maxeigs[8]=1.415291e+00 
maxeig 1.429444e+00 
Lancoz converged after 8 iters
eigsearch: alpha=nan 
Taking an affine step because parameters.affine=1
muk is 9.750149e+03 
muplus is 4.875075e+03 
New mu is 0.000000e+00 
mu*n = target duality gap is 0.000000e+00 
refinement: Relative error in A(X+dX)=a (Fphat) is 2.037521e-09 
refinement: Before dX+dX1 Relative error in A(X+dX)=a is 2.037521e-09 
refinement: better
Fnorm of dX1 is 7.740174e+02
Fnorm of dZ1 is 6.147415e+00
refinement: Before adjust dX Relative error in A(X+dX)=a is 3.185109e-10 
refinement: better
Fnorm of dX is 1.900175e+03 
Fnorm of dZ is 9.202013e+01 
refinement: After adjust error in A(X+dX)=a is 3.185109e-10 
refinement: better
linesearch method 2 
qreig evalue -6.216000e-01 
qreig evalue 5.103505e-02 
qreig evalue 1.785617e-01 
qreig evalue 2.479739e-01 
qreig evalue 1.001335e+00 
qreig evalue -6.216032e-01 
qreig evalue 2.823319e-02 
qreig evalue 7.563800e-02 
qreig evalue 1.812632e-01 
qreig evalue 2.758086e-01 
qreig evalue 1.001336e+00 
qreig evalue -6.216032e-01 
qreig evalue 2.354853e-02 
qreig evalue 6.851331e-02 
qreig evalue 1.284716e-01 
qreig evalue 1.815139e-01 
qreig evalue 2.766093e-01 
qreig evalue 1.001336e+00 
qreig evalue -6.216032e-01 
qreig evalue 2.107874e-02 
qreig evalue 5.262596e-02 
qreig evalue 7.771908e-02 
qreig evalue 1.551497e-01 
qreig evalue 1.816643e-01 
qreig evalue 2.766705e-01 
qreig evalue 1.001336e+00 
Stopping here, on tightness j=8 
maxeigs[1]=-1.000000e+100 
maxeigs[2]=-1.000000e+100 
maxeigs[3]=-1.000000e+100 
maxeigs[4]=-1.000000e+100 
maxeigs[5]=1.001335e+00 
maxeigs[6]=1.001336e+00 
maxeigs[7]=1.001336e+00 
maxeigs[8]=1.001336e+00 
maxeig 1.011350e+00 
Lancoz converged after 8 iters
eigsearch: alpha=nan 
linesearch method 2 
qreig evalue -2.574808e-02 
qreig evalue 9.046852e-01 
qreig evalue 9.661858e-01 
qreig evalue 9.894722e-01 
qreig evalue 1.033129e+00 
qreig evalue -2.574808e-02 
qreig evalue 9.046664e-01 
qreig evalue 9.193130e-01 
qreig evalue 9.711268e-01 
qreig evalue 9.933106e-01 
qreig evalue 1.033727e+00 
qreig evalue -2.574808e-02 
qreig evalue 9.046192e-01 
qreig evalue 9.083768e-01 
qreig evalue 9.681151e-01 
qreig evalue 9.859458e-01 
qreig evalue 9.989564e-01 
qreig evalue 1.033841e+00 
qreig evalue -2.574808e-02 
qreig evalue 9.046168e-01 
qreig evalue 9.082275e-01 
qreig evalue 9.676036e-01 
qreig evalue 9.812522e-01 
qreig evalue 9.918587e-01 
qreig evalue 1.002014e+00 
qreig evalue 1.033846e+00 
Stopping here, on tightness j=8 
maxeigs[1]=-1.000000e+100 
maxeigs[2]=-1.000000e+100 
maxeigs[3]=-1.000000e+100 
maxeigs[4]=-1.000000e+100 
maxeigs[5]=1.033129e+00 
maxeigs[6]=1.033727e+00 
maxeigs[7]=1.033841e+00 
maxeigs[8]=1.033846e+00 
maxeig 1.044184e+00 
Lancoz converged after 8 iters
eigsearch: alpha=nan 
After linesearches, alphap=nan alphad=nan 
newrelpinfeas is nan
limrelpinfeas is 1.470301e+06
newreldinfeas is nan
limreldinfeas is 9.175883e+03
After feas check, alphap=nan alphad=nan 
line search failure in corrector step.
diagnrm is 2.594723e+03, adding diagadd 3.825710e-09 
Perturbing C.
Fnorm of Fd is 9.277215e+01 
Norm of rhs is 3.449682e+03 
Norm of dy is 1.065218e+01 
Fnorm of work1 is 1.267258e+00 
Before Fd, Fnorm of dZ is 1.328598e+01 
After Fd, Fnorm of dZ is 9.181459e+01 
Fnorm of dX is 1.368787e+03 
Fnorm of dZ is 9.181459e+01 
linesearch method 2 
qreig evalue -4.152856e-01 
qreig evalue 3.763112e-02 
qreig evalue 9.470230e-02 
qreig evalue 4.151594e-01 
qreig evalue 1.025051e+00 
qreig evalue -4.152906e-01 
qreig evalue 2.687697e-02 
qreig evalue 6.154233e-02 
qreig evalue 9.542751e-02 
qreig evalue 4.152904e-01 
qreig evalue 1.025052e+00 
qreig evalue -4.152906e-01 
qreig evalue 2.124560e-02 
qreig evalue 4.412332e-02 
qreig evalue 7.661658e-02 
qreig evalue 9.569433e-02 
qreig evalue 4.152908e-01 
qreig evalue 1.025052e+00 
qreig evalue -4.152906e-01 
qreig evalue 7.865713e-03 
qreig evalue 3.076976e-02 
qreig evalue 6.337147e-02 
qreig evalue 9.534269e-02 
qreig evalue 1.177595e-01 
qreig evalue 4.152908e-01 
qreig evalue 1.025052e+00 
Stopping here, on tightness j=8 
maxeigs[1]=-1.000000e+100 
maxeigs[2]=-1.000000e+100 
maxeigs[3]=-1.000000e+100 
maxeigs[4]=-1.000000e+100 
maxeigs[5]=1.025051e+00 
maxeigs[6]=1.025052e+00 
maxeigs[7]=1.025052e+00 
maxeigs[8]=1.025052e+00 
maxeig 1.035302e+00 
Lancoz converged after 8 iters
eigsearch: alpha=nan 
linesearch method 2 
qreig evalue -2.505129e-02 
qreig evalue 5.848406e-01 
qreig evalue 9.052977e-01 
qreig evalue 9.623689e-01 
qreig evalue 1.415286e+00 
qreig evalue -2.505176e-02 
qreig evalue 5.847096e-01 
qreig evalue 9.045725e-01 
qreig evalue 9.384577e-01 
qreig evalue 9.731230e-01 
qreig evalue 1.415291e+00 
qreig evalue -2.505176e-02 
qreig evalue 5.847092e-01 
qreig evalue 9.043057e-01 
qreig evalue 9.233834e-01 
qreig evalue 9.558767e-01 
qreig evalue 9.787544e-01 
qreig evalue 1.415291e+00 
qreig evalue -2.505176e-02 
qreig evalue 5.847092e-01 
qreig evalue 8.822405e-01 
qreig evalue 9.046573e-01 
qreig evalue 9.366285e-01 
qreig evalue 9.692302e-01 
qreig evalue 9.921343e-01 
qreig evalue 1.415291e+00 
Stopping here, on tightness j=8 
maxeigs[1]=-1.000000e+100 
maxeigs[2]=-1.000000e+100 
maxeigs[3]=-1.000000e+100 
maxeigs[4]=-1.000000e+100 
maxeigs[5]=1.415286e+00 
maxeigs[6]=1.415291e+00 
maxeigs[7]=1.415291e+00 
maxeigs[8]=1.415291e+00 
maxeig 1.429444e+00 
Lancoz converged after 8 iters
eigsearch: alpha=nan 
Taking an affine step because parameters.affine=1
muk is 9.750149e+03 
muplus is 4.875075e+03 
New mu is 0.000000e+00 
mu*n = target duality gap is 0.000000e+00 
refinement: Relative error in A(X+dX)=a (Fphat) is 2.037605e-08 
refinement: Before dX+dX1 Relative error in A(X+dX)=a is 2.037605e-08 
refinement: better
Fnorm of dX1 is 7.740174e+02
Fnorm of dZ1 is 6.147415e+00
refinement: Before adjust dX Relative error in A(X+dX)=a is 3.186110e-09 
refinement: better
Fnorm of dX is 1.900175e+03 
Fnorm of dZ is 9.202013e+01 
refinement: After adjust error in A(X+dX)=a is 3.186110e-09 
refinement: better
linesearch method 2 
qreig evalue -6.216000e-01 
qreig evalue 5.103505e-02 
qreig evalue 1.785617e-01 
qreig evalue 2.479739e-01 
qreig evalue 1.001335e+00 
qreig evalue -6.216032e-01 
qreig evalue 2.823319e-02 
qreig evalue 7.563800e-02 
qreig evalue 1.812632e-01 
qreig evalue 2.758086e-01 
qreig evalue 1.001336e+00 
qreig evalue -6.216032e-01 
qreig evalue 2.354853e-02 
qreig evalue 6.851331e-02 
qreig evalue 1.284716e-01 
qreig evalue 1.815139e-01 
qreig evalue 2.766093e-01 
qreig evalue 1.001336e+00 
qreig evalue -6.216032e-01 
qreig evalue 2.107874e-02 
qreig evalue 5.262596e-02 
qreig evalue 7.771908e-02 
qreig evalue 1.551497e-01 
qreig evalue 1.816643e-01 
qreig evalue 2.766705e-01 
qreig evalue 1.001336e+00 
Stopping here, on tightness j=8 
maxeigs[1]=-1.000000e+100 
maxeigs[2]=-1.000000e+100 
maxeigs[3]=-1.000000e+100 
maxeigs[4]=-1.000000e+100 
maxeigs[5]=1.001335e+00 
maxeigs[6]=1.001336e+00 
maxeigs[7]=1.001336e+00 
maxeigs[8]=1.001336e+00 
maxeig 1.011350e+00 
Lancoz converged after 8 iters
eigsearch: alpha=nan 
linesearch method 2 
qreig evalue -2.574808e-02 
qreig evalue 9.046852e-01 
qreig evalue 9.661858e-01 
qreig evalue 9.894722e-01 
qreig evalue 1.033129e+00 
qreig evalue -2.574808e-02 
qreig evalue 9.046664e-01 
qreig evalue 9.193130e-01 
qreig evalue 9.711268e-01 
qreig evalue 9.933106e-01 
qreig evalue 1.033727e+00 
qreig evalue -2.574808e-02 
qreig evalue 9.046192e-01 
qreig evalue 9.083768e-01 
qreig evalue 9.681151e-01 
qreig evalue 9.859458e-01 
qreig evalue 9.989564e-01 
qreig evalue 1.033841e+00 
qreig evalue -2.574808e-02 
qreig evalue 9.046168e-01 
qreig evalue 9.082275e-01 
qreig evalue 9.676036e-01 
qreig evalue 9.812522e-01 
qreig evalue 9.918587e-01 
qreig evalue 1.002014e+00 
qreig evalue 1.033846e+00 
Stopping here, on tightness j=8 
maxeigs[1]=-1.000000e+100 
maxeigs[2]=-1.000000e+100 
maxeigs[3]=-1.000000e+100 
maxeigs[4]=-1.000000e+100 
maxeigs[5]=1.033129e+00 
maxeigs[6]=1.033727e+00 
maxeigs[7]=1.033841e+00 
maxeigs[8]=1.033846e+00 
maxeig 1.044184e+00 
Lancoz converged after 8 iters
eigsearch: alpha=nan 
After linesearches, alphap=nan alphad=nan 
newrelpinfeas is nan
limrelpinfeas is 1.470301e+06
newreldinfeas is nan
limreldinfeas is 9.175883e+03
After feas check, alphap=nan alphad=nan 
line search failure in corrector step.
diagnrm is 2.594723e+03, adding diagadd 3.825710e-08 
Perturbing C.
Fnorm of Fd is 9.277215e+01 
Norm of rhs is 3.449682e+03 
Norm of dy is 1.065218e+01 
Fnorm of work1 is 1.267258e+00 
Before Fd, Fnorm of dZ is 1.328598e+01 
After Fd, Fnorm of dZ is 9.181459e+01 
Fnorm of dX is 1.368787e+03 
Fnorm of dZ is 9.181459e+01 
linesearch method 2 
qreig evalue -4.152856e-01 
qreig evalue 3.763112e-02 
qreig evalue 9.470230e-02 
qreig evalue 4.151594e-01 
qreig evalue 1.025051e+00 
qreig evalue -4.152906e-01 
qreig evalue 2.687697e-02 
qreig evalue 6.154233e-02 
qreig evalue 9.542751e-02 
qreig evalue 4.152904e-01 
qreig evalue 1.025052e+00 
qreig evalue -4.152906e-01 
qreig evalue 2.124560e-02 
qreig evalue 4.412332e-02 
qreig evalue 7.661658e-02 
qreig evalue 9.569433e-02 
qreig evalue 4.152908e-01 
qreig evalue 1.025052e+00 
qreig evalue -4.152906e-01 
qreig evalue 7.865713e-03 
qreig evalue 3.076976e-02 
qreig evalue 6.337147e-02 
qreig evalue 9.534269e-02 
qreig evalue 1.177595e-01 
qreig evalue 4.152908e-01 
qreig evalue 1.025052e+00 
Stopping here, on tightness j=8 
maxeigs[1]=-1.000000e+100 
maxeigs[2]=-1.000000e+100 
maxeigs[3]=-1.000000e+100 
maxeigs[4]=-1.000000e+100 
maxeigs[5]=1.025051e+00 
maxeigs[6]=1.025052e+00 
maxeigs[7]=1.025052e+00 
maxeigs[8]=1.025052e+00 
maxeig 1.035302e+00 
Lancoz converged after 8 iters
eigsearch: alpha=nan 
linesearch method 2 
qreig evalue -2.505129e-02 
qreig evalue 5.848406e-01 
qreig evalue 9.052977e-01 
qreig evalue 9.623689e-01 
qreig evalue 1.415286e+00 
qreig evalue -2.505176e-02 
qreig evalue 5.847096e-01 
qreig evalue 9.045725e-01 
qreig evalue 9.384577e-01 
qreig evalue 9.731230e-01 
qreig evalue 1.415291e+00 
qreig evalue -2.505176e-02 
qreig evalue 5.847092e-01 
qreig evalue 9.043057e-01 
qreig evalue 9.233834e-01 
qreig evalue 9.558767e-01 
qreig evalue 9.787544e-01 
qreig evalue 1.415291e+00 
qreig evalue -2.505176e-02 
qreig evalue 5.847092e-01 
qreig evalue 8.822405e-01 
qreig evalue 9.046573e-01 
qreig evalue 9.366285e-01 
qreig evalue 9.692302e-01 
qreig evalue 9.921343e-01 
qreig evalue 1.415291e+00 
Stopping here, on tightness j=8 
maxeigs[1]=-1.000000e+100 
maxeigs[2]=-1.000000e+100 
maxeigs[3]=-1.000000e+100 
maxeigs[4]=-1.000000e+100 
maxeigs[5]=1.415286e+00 
maxeigs[6]=1.415291e+00 
maxeigs[7]=1.415291e+00 
maxeigs[8]=1.415291e+00 
maxeig 1.429444e+00 
Lancoz converged after 8 iters
eigsearch: alpha=nan 
Taking an affine step because parameters.affine=1
muk is 9.750149e+03 
muplus is 4.875075e+03 
New mu is 0.000000e+00 
mu*n = target duality gap is 0.000000e+00 
refinement: Relative error in A(X+dX)=a (Fphat) is 2.037608e-07 
refinement: Before dX+dX1 Relative error in A(X+dX)=a is 2.037608e-07 
refinement: better
Fnorm of dX1 is 7.740174e+02
Fnorm of dZ1 is 6.147415e+00
refinement: Before adjust dX Relative error in A(X+dX)=a is 3.185965e-08 
refinement: better
Fnorm of dX is 1.900175e+03 
Fnorm of dZ is 9.202013e+01 
refinement: After adjust error in A(X+dX)=a is 3.185965e-08 
refinement: better
linesearch method 2 
qreig evalue -6.216000e-01 
qreig evalue 5.103505e-02 
qreig evalue 1.785617e-01 
qreig evalue 2.479739e-01 
qreig evalue 1.001335e+00 
qreig evalue -6.216032e-01 
qreig evalue 2.823319e-02 
qreig evalue 7.563800e-02 
qreig evalue 1.812632e-01 
qreig evalue 2.758086e-01 
qreig evalue 1.001336e+00 
qreig evalue -6.216032e-01 
qreig evalue 2.354853e-02 
qreig evalue 6.851331e-02 
qreig evalue 1.284716e-01 
qreig evalue 1.815139e-01 
qreig evalue 2.766093e-01 
qreig evalue 1.001336e+00 
qreig evalue -6.216032e-01 
qreig evalue 2.107874e-02 
qreig evalue 5.262596e-02 
qreig evalue 7.771908e-02 
qreig evalue 1.551497e-01 
qreig evalue 1.816643e-01 
qreig evalue 2.766705e-01 
qreig evalue 1.001336e+00 
Stopping here, on tightness j=8 
maxeigs[1]=-1.000000e+100 
maxeigs[2]=-1.000000e+100 
maxeigs[3]=-1.000000e+100 
maxeigs[4]=-1.000000e+100 
maxeigs[5]=1.001335e+00 
maxeigs[6]=1.001336e+00 
maxeigs[7]=1.001336e+00 
maxeigs[8]=1.001336e+00 
maxeig 1.011350e+00 
Lancoz converged after 8 iters
eigsearch: alpha=nan 
linesearch method 2 
qreig evalue -2.574808e-02 
qreig evalue 9.046852e-01 
qreig evalue 9.661858e-01 
qreig evalue 9.894722e-01 
qreig evalue 1.033129e+00 
qreig evalue -2.574808e-02 
qreig evalue 9.046664e-01 
qreig evalue 9.193130e-01 
qreig evalue 9.711268e-01 
qreig evalue 9.933106e-01 
qreig evalue 1.033727e+00 
qreig evalue -2.574808e-02 
qreig evalue 9.046192e-01 
qreig evalue 9.083768e-01 
qreig evalue 9.681151e-01 
qreig evalue 9.859458e-01 
qreig evalue 9.989564e-01 
qreig evalue 1.033841e+00 
qreig evalue -2.574808e-02 
qreig evalue 9.046168e-01 
qreig evalue 9.082275e-01 
qreig evalue 9.676036e-01 
qreig evalue 9.812522e-01 
qreig evalue 9.918587e-01 
qreig evalue 1.002014e+00 
qreig evalue 1.033846e+00 
Stopping here, on tightness j=8 
maxeigs[1]=-1.000000e+100 
maxeigs[2]=-1.000000e+100 
maxeigs[3]=-1.000000e+100 
maxeigs[4]=-1.000000e+100 
maxeigs[5]=1.033129e+00 
maxeigs[6]=1.033727e+00 
maxeigs[7]=1.033841e+00 
maxeigs[8]=1.033846e+00 
maxeig 1.044184e+00 
Lancoz converged after 8 iters
eigsearch: alpha=nan 
After linesearches, alphap=nan alphad=nan 
newrelpinfeas is nan
limrelpinfeas is 1.470301e+06
newreldinfeas is nan
limreldinfeas is 9.175883e+03
After feas check, alphap=nan alphad=nan 
line search failure in corrector step.
diagnrm is 2.594723e+03, adding diagadd 3.825710e-07 
Perturbing C.
Fnorm of Fd is 9.277215e+01 
Norm of rhs is 3.449682e+03 
Norm of dy is 1.065218e+01 
Fnorm of work1 is 1.267258e+00 
Before Fd, Fnorm of dZ is 1.328598e+01 
After Fd, Fnorm of dZ is 9.181459e+01 
Fnorm of dX is 1.368787e+03 
Fnorm of dZ is 9.181459e+01 
linesearch method 2 
qreig evalue -4.152856e-01 
qreig evalue 3.763112e-02 
qreig evalue 9.470230e-02 
qreig evalue 4.151594e-01 
qreig evalue 1.025051e+00 
qreig evalue -4.152906e-01 
qreig evalue 2.687697e-02 
qreig evalue 6.154233e-02 
qreig evalue 9.542751e-02 
qreig evalue 4.152904e-01 
qreig evalue 1.025052e+00 
qreig evalue -4.152906e-01 
qreig evalue 2.124560e-02 
qreig evalue 4.412332e-02 
qreig evalue 7.661658e-02 
qreig evalue 9.569433e-02 
qreig evalue 4.152908e-01 
qreig evalue 1.025052e+00 
qreig evalue -4.152906e-01 
qreig evalue 7.865713e-03 
qreig evalue 3.076976e-02 
qreig evalue 6.337147e-02 
qreig evalue 9.534269e-02 
qreig evalue 1.177595e-01 
qreig evalue 4.152908e-01 
qreig evalue 1.025052e+00 
Stopping here, on tightness j=8 
maxeigs[1]=-1.000000e+100 
maxeigs[2]=-1.000000e+100 
maxeigs[3]=-1.000000e+100 
maxeigs[4]=-1.000000e+100 
maxeigs[5]=1.025051e+00 
maxeigs[6]=1.025052e+00 
maxeigs[7]=1.025052e+00 
maxeigs[8]=1.025052e+00 
maxeig 1.035302e+00 
Lancoz converged after 8 iters
eigsearch: alpha=nan 
linesearch method 2 
qreig evalue -2.505129e-02 
qreig evalue 5.848406e-01 
qreig evalue 9.052977e-01 
qreig evalue 9.623689e-01 
qreig evalue 1.415286e+00 
qreig evalue -2.505176e-02 
qreig evalue 5.847096e-01 
qreig evalue 9.045725e-01 
qreig evalue 9.384577e-01 
qreig evalue 9.731230e-01 
qreig evalue 1.415291e+00 
qreig evalue -2.505176e-02 
qreig evalue 5.847092e-01 
qreig evalue 9.043057e-01 
qreig evalue 9.233834e-01 
qreig evalue 9.558767e-01 
qreig evalue 9.787544e-01 
qreig evalue 1.415291e+00 
qreig evalue -2.505176e-02 
qreig evalue 5.847092e-01 
qreig evalue 8.822405e-01 
qreig evalue 9.046573e-01 
qreig evalue 9.366285e-01 
qreig evalue 9.692302e-01 
qreig evalue 9.921343e-01 
qreig evalue 1.415291e+00 
Stopping here, on tightness j=8 
maxeigs[1]=-1.000000e+100 
maxeigs[2]=-1.000000e+100 
maxeigs[3]=-1.000000e+100 
maxeigs[4]=-1.000000e+100 
maxeigs[5]=1.415286e+00 
maxeigs[6]=1.415291e+00 
maxeigs[7]=1.415291e+00 
maxeigs[8]=1.415291e+00 
maxeig 1.429444e+00 
Lancoz converged after 8 iters
eigsearch: alpha=nan 
Taking an affine step because parameters.affine=1
muk is 9.750149e+03 
muplus is 4.875075e+03 
New mu is 0.000000e+00 
mu*n = target duality gap is 0.000000e+00 
refinement: Relative error in A(X+dX)=a (Fphat) is 2.037607e-06 
refinement: Before dX+dX1 Relative error in A(X+dX)=a is 2.037607e-06 
refinement: better
Fnorm of dX1 is 7.740174e+02
Fnorm of dZ1 is 6.147415e+00
refinement: Before adjust dX Relative error in A(X+dX)=a is 3.185961e-07 
refinement: better
Fnorm of dX is 1.900175e+03 
Fnorm of dZ is 9.202013e+01 
refinement: After adjust error in A(X+dX)=a is 3.185961e-07 
refinement: better
linesearch method 2 
qreig evalue -6.216000e-01 
qreig evalue 5.103505e-02 
qreig evalue 1.785617e-01 
qreig evalue 2.479739e-01 
qreig evalue 1.001335e+00 
qreig evalue -6.216032e-01 
qreig evalue 2.823319e-02 
qreig evalue 7.563799e-02 
qreig evalue 1.812632e-01 
qreig evalue 2.758086e-01 
qreig evalue 1.001336e+00 
qreig evalue -6.216032e-01 
qreig evalue 2.354853e-02 
qreig evalue 6.851331e-02 
qreig evalue 1.284716e-01 
qreig evalue 1.815139e-01 
qreig evalue 2.766093e-01 
qreig evalue 1.001336e+00 
qreig evalue -6.216032e-01 
qreig evalue 2.107874e-02 
qreig evalue 5.262596e-02 
qreig evalue 7.771908e-02 
qreig evalue 1.551497e-01 
qreig evalue 1.816643e-01 
qreig evalue 2.766705e-01 
qreig evalue 1.001336e+00 
Stopping here, on tightness j=8 
maxeigs[1]=-1.000000e+100 
maxeigs[2]=-1.000000e+100 
maxeigs[3]=-1.000000e+100 
maxeigs[4]=-1.000000e+100 
maxeigs[5]=1.001335e+00 
maxeigs[6]=1.001336e+00 
maxeigs[7]=1.001336e+00 
maxeigs[8]=1.001336e+00 
maxeig 1.011350e+00 
Lancoz converged after 8 iters
eigsearch: alpha=nan 
linesearch method 2 
qreig evalue -2.574807e-02 
qreig evalue 9.046852e-01 
qreig evalue 9.661858e-01 
qreig evalue 9.894722e-01 
qreig evalue 1.033129e+00 
qreig evalue -2.574807e-02 
qreig evalue 9.046664e-01 
qreig evalue 9.193130e-01 
qreig evalue 9.711268e-01 
qreig evalue 9.933106e-01 
qreig evalue 1.033727e+00 
qreig evalue -2.574807e-02 
qreig evalue 9.046192e-01 
qreig evalue 9.083768e-01 
qreig evalue 9.681151e-01 
qreig evalue 9.859458e-01 
qreig evalue 9.989564e-01 
qreig evalue 1.033841e+00 
qreig evalue -2.574807e-02 
qreig evalue 9.046168e-01 
qreig evalue 9.082275e-01 
qreig evalue 9.676036e-01 
qreig evalue 9.812522e-01 
qreig evalue 9.918587e-01 
qreig evalue 1.002014e+00 
qreig evalue 1.033846e+00 
Stopping here, on tightness j=8 
maxeigs[1]=-1.000000e+100 
maxeigs[2]=-1.000000e+100 
maxeigs[3]=-1.000000e+100 
maxeigs[4]=-1.000000e+100 
maxeigs[5]=1.033129e+00 
maxeigs[6]=1.033727e+00 
maxeigs[7]=1.033841e+00 
maxeigs[8]=1.033846e+00 
maxeig 1.044184e+00 
Lancoz converged after 8 iters
eigsearch: alpha=nan 
After linesearches, alphap=nan alphad=nan 
newrelpinfeas is nan
limrelpinfeas is 1.470301e+06
newreldinfeas is nan
limreldinfeas is 9.175883e+03
After feas check, alphap=nan alphad=nan 
line search failure in corrector step.
diagnrm is 2.594723e+03, adding diagadd 3.825710e-06 
Perturbing C.
Fnorm of Fd is 9.277215e+01 
Norm of rhs is 3.449682e+03 
Norm of dy is 1.065218e+01 
Fnorm of work1 is 1.267258e+00 
Before Fd, Fnorm of dZ is 1.328598e+01 
After Fd, Fnorm of dZ is 9.181459e+01 
Fnorm of dX is 1.368787e+03 
Fnorm of dZ is 9.181459e+01 
linesearch method 2 
qreig evalue -4.152856e-01 
qreig evalue 3.763112e-02 
qreig evalue 9.470230e-02 
qreig evalue 4.151594e-01 
qreig evalue 1.025051e+00 
qreig evalue -4.152906e-01 
qreig evalue 2.687697e-02 
qreig evalue 6.154233e-02 
qreig evalue 9.542751e-02 
qreig evalue 4.152904e-01 
qreig evalue 1.025052e+00 
qreig evalue -4.152906e-01 
qreig evalue 2.124560e-02 
qreig evalue 4.412332e-02 
qreig evalue 7.661657e-02 
qreig evalue 9.569433e-02 
qreig evalue 4.152908e-01 
qreig evalue 1.025052e+00 
qreig evalue -4.152906e-01 
qreig evalue 7.865714e-03 
qreig evalue 3.076976e-02 
qreig evalue 6.337147e-02 
qreig evalue 9.534269e-02 
qreig evalue 1.177595e-01 
qreig evalue 4.152908e-01 
qreig evalue 1.025052e+00 
Stopping here, on tightness j=8 
maxeigs[1]=-1.000000e+100 
maxeigs[2]=-1.000000e+100 
maxeigs[3]=-1.000000e+100 
maxeigs[4]=-1.000000e+100 
maxeigs[5]=1.025051e+00 
maxeigs[6]=1.025052e+00 
maxeigs[7]=1.025052e+00 
maxeigs[8]=1.025052e+00 
maxeig 1.035302e+00 
Lancoz converged after 8 iters
eigsearch: alpha=nan 
linesearch method 2 
qreig evalue -2.505125e-02 
qreig evalue 5.848406e-01 
qreig evalue 9.052977e-01 
qreig evalue 9.623689e-01 
qreig evalue 1.415286e+00 
qreig evalue -2.505172e-02 
qreig evalue 5.847096e-01 
qreig evalue 9.045725e-01 
qreig evalue 9.384577e-01 
qreig evalue 9.731230e-01 
qreig evalue 1.415291e+00 
qreig evalue -2.505172e-02 
qreig evalue 5.847092e-01 
qreig evalue 9.043057e-01 
qreig evalue 9.233834e-01 
qreig evalue 9.558767e-01 
qreig evalue 9.787544e-01 
qreig evalue 1.415291e+00 
qreig evalue -2.505172e-02 
qreig evalue 5.847092e-01 
qreig evalue 8.822405e-01 
qreig evalue 9.046573e-01 
qreig evalue 9.366285e-01 
qreig evalue 9.692302e-01 
qreig evalue 9.921343e-01 
qreig evalue 1.415291e+00 
Stopping here, on tightness j=8 
maxeigs[1]=-1.000000e+100 
maxeigs[2]=-1.000000e+100 
maxeigs[3]=-1.000000e+100 
maxeigs[4]=-1.000000e+100 
maxeigs[5]=1.415286e+00 
maxeigs[6]=1.415291e+00 
maxeigs[7]=1.415291e+00 
maxeigs[8]=1.415291e+00 
maxeig 1.429444e+00 
Lancoz converged after 8 iters
eigsearch: alpha=nan 
Taking an affine step because parameters.affine=1
muk is 9.750149e+03 
muplus is 4.875075e+03 
New mu is 0.000000e+00 
mu*n = target duality gap is 0.000000e+00 
refinement: Relative error in A(X+dX)=a (Fphat) is 2.037607e-05 
refinement: Before dX+dX1 Relative error in A(X+dX)=a is 2.037607e-05 
refinement: better
Fnorm of dX1 is 7.740174e+02
Fnorm of dZ1 is 6.147414e+00
refinement: Before adjust dX Relative error in A(X+dX)=a is 3.185959e-06 
refinement: better
Fnorm of dX is 1.900175e+03 
Fnorm of dZ is 9.202013e+01 
refinement: After adjust error in A(X+dX)=a is 3.185959e-06 
refinement: better
linesearch method 2 
qreig evalue -6.216000e-01 
qreig evalue 5.103505e-02 
qreig evalue 1.785617e-01 
qreig evalue 2.479739e-01 
qreig evalue 1.001335e+00 
qreig evalue -6.216032e-01 
qreig evalue 2.823319e-02 
qreig evalue 7.563799e-02 
qreig evalue 1.812632e-01 
qreig evalue 2.758086e-01 
qreig evalue 1.001336e+00 
qreig evalue -6.216032e-01 
qreig evalue 2.354853e-02 
qreig evalue 6.851331e-02 
qreig evalue 1.284716e-01 
qreig evalue 1.815139e-01 
qreig evalue 2.766093e-01 
qreig evalue 1.001336e+00 
qreig evalue -6.216032e-01 
qreig evalue 2.107874e-02 
qreig evalue 5.262596e-02 
qreig evalue 7.771908e-02 
qreig evalue 1.551497e-01 
qreig evalue 1.816643e-01 
qreig evalue 2.766705e-01 
qreig evalue 1.001336e+00 
Stopping here, on tightness j=8 
maxeigs[1]=-1.000000e+100 
maxeigs[2]=-1.000000e+100 
maxeigs[3]=-1.000000e+100 
maxeigs[4]=-1.000000e+100 
maxeigs[5]=1.001335e+00 
maxeigs[6]=1.001336e+00 
maxeigs[7]=1.001336e+00 
maxeigs[8]=1.001336e+00 
maxeig 1.011350e+00 
Lancoz converged after 8 iters
eigsearch: alpha=nan 
linesearch method 2 
qreig evalue -2.574804e-02 
qreig evalue 9.046852e-01 
qreig evalue 9.661858e-01 
qreig evalue 9.894722e-01 
qreig evalue 1.033129e+00 
qreig evalue -2.574804e-02 
qreig evalue 9.046664e-01 
qreig evalue 9.193130e-01 
qreig evalue 9.711268e-01 
qreig evalue 9.933106e-01 
qreig evalue 1.033727e+00 
qreig evalue -2.574804e-02 
qreig evalue 9.046192e-01 
qreig evalue 9.083768e-01 
qreig evalue 9.681151e-01 
qreig evalue 9.859458e-01 
qreig evalue 9.989564e-01 
qreig evalue 1.033841e+00 
qreig evalue -2.574804e-02 
qreig evalue 9.046168e-01 
qreig evalue 9.082275e-01 
qreig evalue 9.676036e-01 
qreig evalue 9.812522e-01 
qreig evalue 9.918587e-01 
qreig evalue 1.002014e+00 
qreig evalue 1.033846e+00 
Stopping here, on tightness j=8 
maxeigs[1]=-1.000000e+100 
maxeigs[2]=-1.000000e+100 
maxeigs[3]=-1.000000e+100 
maxeigs[4]=-1.000000e+100 
maxeigs[5]=1.033129e+00 
maxeigs[6]=1.033727e+00 
maxeigs[7]=1.033841e+00 
maxeigs[8]=1.033846e+00 
maxeig 1.044184e+00 
Lancoz converged after 8 iters
eigsearch: alpha=nan 
After linesearches, alphap=nan alphad=nan 
newrelpinfeas is nan
limrelpinfeas is 1.470301e+06
newreldinfeas is nan
limreldinfeas is 9.175883e+03
After feas check, alphap=nan alphad=nan 
line search failure in corrector step.
diagnrm is 2.594723e+03, adding diagadd 3.825710e-05 
Perturbing C.
Fnorm of Fd is 9.277215e+01 
Norm of rhs is 3.449682e+03 
Norm of dy is 1.065218e+01 
Fnorm of work1 is 1.267258e+00 
Before Fd, Fnorm of dZ is 1.328597e+01 
After Fd, Fnorm of dZ is 9.181459e+01 
Fnorm of dX is 1.368787e+03 
Fnorm of dZ is 9.181459e+01 
linesearch method 2 
qreig evalue -4.152856e-01 
qreig evalue 3.763112e-02 
qreig evalue 9.470230e-02 
qreig evalue 4.151594e-01 
qreig evalue 1.025051e+00 
qreig evalue -4.152906e-01 
qreig evalue 2.687696e-02 
qreig evalue 6.154232e-02 
qreig evalue 9.542751e-02 
qreig evalue 4.152903e-01 
qreig evalue 1.025051e+00 
qreig evalue -4.152906e-01 
qreig evalue 2.124559e-02 
qreig evalue 4.412331e-02 
qreig evalue 7.661655e-02 
qreig evalue 9.569433e-02 
qreig evalue 4.152908e-01 
qreig evalue 1.025051e+00 
qreig evalue -4.152906e-01 
qreig evalue 7.865716e-03 
qreig evalue 3.076976e-02 
qreig evalue 6.337147e-02 
qreig evalue 9.534269e-02 
qreig evalue 1.177595e-01 
qreig evalue 4.152908e-01 
qreig evalue 1.025051e+00 
Stopping here, on tightness j=8 
maxeigs[1]=-1.000000e+100 
maxeigs[2]=-1.000000e+100 
maxeigs[3]=-1.000000e+100 
maxeigs[4]=-1.000000e+100 
maxeigs[5]=1.025051e+00 
maxeigs[6]=1.025051e+00 
maxeigs[7]=1.025051e+00 
maxeigs[8]=1.025051e+00 
maxeig 1.035302e+00 
Lancoz converged after 8 iters
eigsearch: alpha=nan 
linesearch method 2 
qreig evalue -2.505088e-02 
qreig evalue 5.848406e-01 
qreig evalue 9.052977e-01 
qreig evalue 9.623689e-01 
qreig evalue 1.415286e+00 
qreig evalue -2.505134e-02 
qreig evalue 5.847097e-01 
qreig evalue 9.045725e-01 
qreig evalue 9.384577e-01 
qreig evalue 9.731230e-01 
qreig evalue 1.415291e+00 
qreig evalue -2.505134e-02 
qreig evalue 5.847092e-01 
qreig evalue 9.043057e-01 
qreig evalue 9.233835e-01 
qreig evalue 9.558767e-01 
qreig evalue 9.787544e-01 
qreig evalue 1.415291e+00 
qreig evalue -2.505134e-02 
qreig evalue 5.847092e-01 
qreig evalue 8.822405e-01 
qreig evalue 9.046573e-01 
qreig evalue 9.366285e-01 
qreig evalue 9.692302e-01 
qreig evalue 9.921343e-01 
qreig evalue 1.415291e+00 
Stopping here, on tightness j=8 
maxeigs[1]=-1.000000e+100 
maxeigs[2]=-1.000000e+100 
maxeigs[3]=-1.000000e+100 
maxeigs[4]=-1.000000e+100 
maxeigs[5]=1.415286e+00 
maxeigs[6]=1.415291e+00 
maxeigs[7]=1.415291e+00 
maxeigs[8]=1.415291e+00 
maxeig 1.429444e+00 
Lancoz converged after 8 iters
eigsearch: alpha=nan 
Taking an affine step because parameters.affine=1
muk is 9.750149e+03 
muplus is 4.875075e+03 
New mu is 0.000000e+00 
mu*n = target duality gap is 0.000000e+00 
refinement: Relative error in A(X+dX)=a (Fphat) is 2.037607e-04 
refinement: Before dX+dX1 Relative error in A(X+dX)=a is 2.037607e-04 
refinement: better
Fnorm of dX1 is 7.740174e+02
Fnorm of dZ1 is 6.147414e+00
refinement: Before adjust dX Relative error in A(X+dX)=a is 3.185958e-05 
refinement: better
Fnorm of dX is 1.900175e+03 
Fnorm of dZ is 9.202013e+01 
refinement: After adjust error in A(X+dX)=a is 3.185958e-05 
refinement: better
linesearch method 2 
qreig evalue -6.216000e-01 
qreig evalue 5.103505e-02 
qreig evalue 1.785617e-01 
qreig evalue 2.479739e-01 
qreig evalue 1.001335e+00 
qreig evalue -6.216031e-01 
qreig evalue 2.823320e-02 
qreig evalue 7.563799e-02 
qreig evalue 1.812632e-01 
qreig evalue 2.758086e-01 
qreig evalue 1.001336e+00 
qreig evalue -6.216031e-01 
qreig evalue 2.354853e-02 
qreig evalue 6.851330e-02 
qreig evalue 1.284716e-01 
qreig evalue 1.815139e-01 
qreig evalue 2.766093e-01 
qreig evalue 1.001336e+00 
qreig evalue -6.216031e-01 
qreig evalue 2.107874e-02 
qreig evalue 5.262595e-02 
qreig evalue 7.771907e-02 
qreig evalue 1.551497e-01 
qreig evalue 1.816643e-01 
qreig evalue 2.766705e-01 
qreig evalue 1.001336e+00 
Stopping here, on tightness j=8 
maxeigs[1]=-1.000000e+100 
maxeigs[2]=-1.000000e+100 
maxeigs[3]=-1.000000e+100 
maxeigs[4]=-1.000000e+100 
maxeigs[5]=1.001335e+00 
maxeigs[6]=1.001336e+00 
maxeigs[7]=1.001336e+00 
maxeigs[8]=1.001336e+00 
maxeig 1.011350e+00 
Lancoz converged after 8 iters
eigsearch: alpha=nan 
linesearch method 2 
qreig evalue -2.574764e-02 
qreig evalue 9.046852e-01 
qreig evalue 9.661858e-01 
qreig evalue 9.894722e-01 
qreig evalue 1.033129e+00 
qreig evalue -2.574764e-02 
qreig evalue 9.046664e-01 
qreig evalue 9.193129e-01 
qreig evalue 9.711268e-01 
qreig evalue 9.933106e-01 
qreig evalue 1.033727e+00 
qreig evalue -2.574764e-02 
qreig evalue 9.046192e-01 
qreig evalue 9.083768e-01 
qreig evalue 9.681151e-01 
qreig evalue 9.859457e-01 
qreig evalue 9.989564e-01 
qreig evalue 1.033841e+00 
qreig evalue -2.574764e-02 
qreig evalue 9.046168e-01 
qreig evalue 9.082275e-01 
qreig evalue 9.676037e-01 
qreig evalue 9.812521e-01 
qreig evalue 9.918587e-01 
qreig evalue 1.002014e+00 
qreig evalue 1.033846e+00 
Stopping here, on tightness j=8 
maxeigs[1]=-1.000000e+100 
maxeigs[2]=-1.000000e+100 
maxeigs[3]=-1.000000e+100 
maxeigs[4]=-1.000000e+100 
maxeigs[5]=1.033129e+00 
maxeigs[6]=1.033727e+00 
maxeigs[7]=1.033841e+00 
maxeigs[8]=1.033846e+00 
maxeig 1.044184e+00 
Lancoz converged after 8 iters
eigsearch: alpha=nan 
After linesearches, alphap=nan alphad=nan 
newrelpinfeas is nan
limrelpinfeas is 1.470301e+06
newreldinfeas is nan
limreldinfeas is 9.175883e+03
After feas check, alphap=nan alphad=nan 
line search failure in corrector step.
diagnrm is 2.594723e+03, adding diagadd 3.825710e-04 
Perturbing C.
Fnorm of Fd is 9.277215e+01 
Norm of rhs is 3.449682e+03 
Norm of dy is 1.065214e+01 
Fnorm of work1 is 1.267255e+00 
Before Fd, Fnorm of dZ is 1.328594e+01 
After Fd, Fnorm of dZ is 9.181459e+01 
Fnorm of dX is 1.368784e+03 
Fnorm of dZ is 9.181459e+01 
linesearch method 2 
qreig evalue -4.152855e-01 
qreig evalue 3.763113e-02 
qreig evalue 9.470230e-02 
qreig evalue 4.151593e-01 
qreig evalue 1.025047e+00 
qreig evalue -4.152905e-01 
qreig evalue 2.687692e-02 
qreig evalue 6.154224e-02 
qreig evalue 9.542751e-02 
qreig evalue 4.152902e-01 
qreig evalue 1.025048e+00 
qreig evalue -4.152905e-01 
qreig evalue 2.124549e-02 
qreig evalue 4.412316e-02 
qreig evalue 7.661629e-02 
qreig evalue 9.569433e-02 
qreig evalue 4.152907e-01 
qreig evalue 1.025048e+00 
qreig evalue -4.152905e-01 
qreig evalue 7.865735e-03 
qreig evalue 3.076977e-02 
qreig evalue 6.337144e-02 
qreig evalue 9.534269e-02 
qreig evalue 1.177594e-01 
qreig evalue 4.152907e-01 
qreig evalue 1.025048e+00 
Stopping here, on tightness j=8 
maxeigs[1]=-1.000000e+100 
maxeigs[2]=-1.000000e+100 
maxeigs[3]=-1.000000e+100 
maxeigs[4]=-1.000000e+100 
maxeigs[5]=1.025047e+00 
maxeigs[6]=1.025048e+00 
maxeigs[7]=1.025048e+00 
maxeigs[8]=1.025048e+00 
maxeig 1.035298e+00 
Lancoz converged after 8 iters
eigsearch: alpha=nan 
linesearch method 2 
qreig evalue -2.504710e-02 
qreig evalue 5.848407e-01 
qreig evalue 9.052977e-01 
qreig evalue 9.623689e-01 
qreig evalue 1.415285e+00 
qreig evalue -2.504757e-02 
qreig evalue 5.847098e-01 
qreig evalue 9.045725e-01 
qreig evalue 9.384578e-01 
qreig evalue 9.731231e-01 
qreig evalue 1.415291e+00 
qreig evalue -2.504757e-02 
qreig evalue 5.847093e-01 
qreig evalue 9.043057e-01 
qreig evalue 9.233837e-01 
qreig evalue 9.558768e-01 
qreig evalue 9.787545e-01 
qreig evalue 1.415291e+00 
qreig evalue -2.504757e-02 
qreig evalue 5.847093e-01 
qreig evalue 8.822406e-01 
qreig evalue 9.046573e-01 
qreig evalue 9.366286e-01 
qreig evalue 9.692302e-01 
qreig evalue 9.921343e-01 
qreig evalue 1.415291e+00 
Stopping here, on tightness j=8 
maxeigs[1]=-1.000000e+100 
maxeigs[2]=-1.000000e+100 
maxeigs[3]=-1.000000e+100 
maxeigs[4]=-1.000000e+100 
maxeigs[5]=1.415285e+00 
maxeigs[6]=1.415291e+00 
maxeigs[7]=1.415291e+00 
maxeigs[8]=1.415291e+00 
maxeig 1.429443e+00 
Lancoz converged after 8 iters
eigsearch: alpha=nan 
Taking an affine step because parameters.affine=1
muk is 9.750149e+03 
muplus is 4.875075e+03 
New mu is 0.000000e+00 
mu*n = target duality gap is 0.000000e+00 
refinement: Relative error in A(X+dX)=a (Fphat) is 2.037599e-03 
refinement: Before dX+dX1 Relative error in A(X+dX)=a is 2.037599e-03 
refinement: better
Fnorm of dX1 is 7.740172e+02
Fnorm of dZ1 is 6.147411e+00
refinement: Before adjust dX Relative error in A(X+dX)=a is 3.185952e-04 
refinement: better
Fnorm of dX is 1.900175e+03 
Fnorm of dZ is 9.202013e+01 
refinement: After adjust error in A(X+dX)=a is 3.185952e-04 
refinement: better
linesearch method 2 
qreig evalue -6.215999e-01 
qreig evalue 5.103505e-02 
qreig evalue 1.785617e-01 
qreig evalue 2.479740e-01 
qreig evalue 1.001334e+00 
qreig evalue -6.216030e-01 
qreig evalue 2.823324e-02 
qreig evalue 7.563795e-02 
qreig evalue 1.812632e-01 
qreig evalue 2.758086e-01 
qreig evalue 1.001336e+00 
qreig evalue -6.216030e-01 
qreig evalue 2.354852e-02 
qreig evalue 6.851321e-02 
qreig evalue 1.284715e-01 
qreig evalue 1.815139e-01 
qreig evalue 2.766093e-01 
qreig evalue 1.001336e+00 
qreig evalue -6.216030e-01 
qreig evalue 2.107869e-02 
qreig evalue 5.262583e-02 
qreig evalue 7.771903e-02 
qreig evalue 1.551497e-01 
qreig evalue 1.816643e-01 
qreig evalue 2.766706e-01 
qreig evalue 1.001336e+00 
Stopping here, on tightness j=8 
maxeigs[1]=-1.000000e+100 
maxeigs[2]=-1.000000e+100 
maxeigs[3]=-1.000000e+100 
maxeigs[4]=-1.000000e+100 
maxeigs[5]=1.001334e+00 
maxeigs[6]=1.001336e+00 
maxeigs[7]=1.001336e+00 
maxeigs[8]=1.001336e+00 
maxeig 1.011350e+00 
Lancoz converged after 8 iters
eigsearch: alpha=nan 
linesearch method 2 
qreig evalue -2.574367e-02 
qreig evalue 9.046852e-01 
qreig evalue 9.661859e-01 
qreig evalue 9.894722e-01 
qreig evalue 1.033129e+00 
qreig evalue -2.574367e-02 
qreig evalue 9.046664e-01 
qreig evalue 9.193126e-01 
qreig evalue 9.711269e-01 
qreig evalue 9.933106e-01 
qreig evalue 1.033727e+00 
qreig evalue -2.574367e-02 
qreig evalue 9.046192e-01 
qreig evalue 9.083768e-01 
qreig evalue 9.681152e-01 
qreig evalue 9.859456e-01 
qreig evalue 9.989561e-01 
qreig evalue 1.033841e+00 
qreig evalue -2.574367e-02 
qreig evalue 9.046168e-01 
qreig evalue 9.082275e-01 
qreig evalue 9.676037e-01 
qreig evalue 9.812518e-01 
qreig evalue 9.918584e-01 
qreig evalue 1.002014e+00 
qreig evalue 1.033846e+00 
Stopping here, on tightness j=8 
maxeigs[1]=-1.000000e+100 
maxeigs[2]=-1.000000e+100 
maxeigs[3]=-1.000000e+100 
maxeigs[4]=-1.000000e+100 
maxeigs[5]=1.033129e+00 
maxeigs[6]=1.033727e+00 
maxeigs[7]=1.033841e+00 
maxeigs[8]=1.033846e+00 
maxeig 1.044184e+00 
Lancoz converged after 8 iters
eigsearch: alpha=nan 
After linesearches, alphap=nan alphad=nan 
newrelpinfeas is nan
limrelpinfeas is 1.470301e+06
newreldinfeas is nan
limreldinfeas is 9.175883e+03
After feas check, alphap=nan alphad=nan 
line search failure in corrector step.
diagnrm is 2.594723e+03, adding diagadd 3.825710e-03 
Perturbing C.
Fnorm of Fd is 9.277215e+01 
Norm of rhs is 3.449682e+03 
Norm of dy is 1.065173e+01 
Fnorm of work1 is 1.267223e+00 
Before Fd, Fnorm of dZ is 1.328561e+01 
After Fd, Fnorm of dZ is 9.181459e+01 
Fnorm of dX is 1.368759e+03 
Fnorm of dZ is 9.181459e+01 
linesearch method 2 
qreig evalue -4.152844e-01 
qreig evalue 3.763126e-02 
qreig evalue 9.470230e-02 
qreig evalue 4.151582e-01 
qreig evalue 1.025009e+00 
qreig evalue -4.152894e-01 
qreig evalue 2.687656e-02 
qreig evalue 6.154141e-02 
qreig evalue 9.542750e-02 
qreig evalue 4.152891e-01 
qreig evalue 1.025010e+00 
qreig evalue -4.152894e-01 
qreig evalue 2.124449e-02 
qreig evalue 4.412173e-02 
qreig evalue 7.661371e-02 
qreig evalue 9.569425e-02 
qreig evalue 4.152896e-01 
qreig evalue 1.025010e+00 
qreig evalue -4.152894e-01 
qreig evalue 7.865932e-03 
qreig evalue 3.076990e-02 
qreig evalue 6.337112e-02 
qreig evalue 9.534269e-02 
qreig evalue 1.177583e-01 
qreig evalue 4.152896e-01 
qreig evalue 1.025010e+00 
Stopping here, on tightness j=8 
maxeigs[1]=-1.000000e+100 
maxeigs[2]=-1.000000e+100 
maxeigs[3]=-1.000000e+100 
maxeigs[4]=-1.000000e+100 
maxeigs[5]=1.025009e+00 
maxeigs[6]=1.025010e+00 
maxeigs[7]=1.025010e+00 
maxeigs[8]=1.025010e+00 
maxeig 1.035260e+00 
Lancoz converged after 8 iters
eigsearch: alpha=nan 
linesearch method 2 
qreig evalue -2.500939e-02 
qreig evalue 5.848418e-01 
qreig evalue 9.052977e-01 
qreig evalue 9.623687e-01 
qreig evalue 1.415284e+00 
qreig evalue -2.500986e-02 
qreig evalue 5.847109e-01 
qreig evalue 9.045725e-01 
qreig evalue 9.384586e-01 
qreig evalue 9.731234e-01 
qreig evalue 1.415289e+00 
qreig evalue -2.500986e-02 
qreig evalue 5.847104e-01 
qreig evalue 9.043058e-01 
qreig evalue 9.233863e-01 
qreig evalue 9.558783e-01 
qreig evalue 9.787555e-01 
qreig evalue 1.415289e+00 
qreig evalue -2.500986e-02 
qreig evalue 5.847104e-01 
qreig evalue 8.822417e-01 
qreig evalue 9.046573e-01 
qreig evalue 9.366289e-01 
qreig evalue 9.692301e-01 
qreig evalue 9.921341e-01 
qreig evalue 1.415289e+00 
Stopping here, on tightness j=8 
maxeigs[1]=-1.000000e+100 
maxeigs[2]=-1.000000e+100 
maxeigs[3]=-1.000000e+100 
maxeigs[4]=-1.000000e+100 
maxeigs[5]=1.415284e+00 
maxeigs[6]=1.415289e+00 
maxeigs[7]=1.415289e+00 
maxeigs[8]=1.415289e+00 
maxeig 1.429442e+00 
Lancoz converged after 8 iters
eigsearch: alpha=nan 
Taking an affine step because parameters.affine=1
muk is 9.750149e+03 
muplus is 4.875075e+03 
New mu is 0.000000e+00 
mu*n = target duality gap is 0.000000e+00 
refinement: Relative error in A(X+dX)=a (Fphat) is 2.037522e-02 
refinement: Before dX+dX1 Relative error in A(X+dX)=a is 2.037522e-02 
refinement: better
Fnorm of dX1 is 7.740152e+02
Fnorm of dZ1 is 6.147378e+00
refinement: Before adjust dX Relative error in A(X+dX)=a is 3.185883e-03 
refinement: better
Fnorm of dX is 1.900174e+03 
Fnorm of dZ is 9.202013e+01 
refinement: After adjust error in A(X+dX)=a is 3.185883e-03 
refinement: better
linesearch method 2 
qreig evalue -6.215982e-01 
qreig evalue 5.103513e-02 
qreig evalue 1.785618e-01 
qreig evalue 2.479750e-01 
qreig evalue 1.001334e+00 
qreig evalue -6.216013e-01 
qreig evalue 2.823368e-02 
qreig evalue 7.563753e-02 
qreig evalue 1.812632e-01 
qreig evalue 2.758088e-01 
qreig evalue 1.001336e+00 
qreig evalue -6.216014e-01 
qreig evalue 2.354848e-02 
qreig evalue 6.851230e-02 
qreig evalue 1.284709e-01 
qreig evalue 1.815139e-01 
qreig evalue 2.766095e-01 
qreig evalue 1.001336e+00 
qreig evalue -6.216014e-01 
qreig evalue 2.107823e-02 
qreig evalue 5.262468e-02 
qreig evalue 7.771857e-02 
qreig evalue 1.551492e-01 
qreig evalue 1.816643e-01 
qreig evalue 2.766708e-01 
qreig evalue 1.001336e+00 
Stopping here, on tightness j=8 
maxeigs[1]=-1.000000e+100 
maxeigs[2]=-1.000000e+100 
maxeigs[3]=-1.000000e+100 
maxeigs[4]=-1.000000e+100 
maxeigs[5]=1.001334e+00 
maxeigs[6]=1.001336e+00 
maxeigs[7]=1.001336e+00 
maxeigs[8]=1.001336e+00 
maxeig 1.011349e+00 
Lancoz converged after 8 iters
eigsearch: alpha=nan 
linesearch method 2 
qreig evalue -2.570402e-02 
qreig evalue 9.046852e-01 
qreig evalue 9.661867e-01 
qreig evalue 9.894717e-01 
qreig evalue 1.033129e+00 
qreig evalue -2.570402e-02 
qreig evalue 9.046664e-01 
qreig evalue 9.193098e-01 
qreig evalue 9.711278e-01 
qreig evalue 9.933101e-01 
qreig evalue 1.033728e+00 
qreig evalue -2.570402e-02 
qreig evalue 9.046192e-01 
qreig evalue 9.083767e-01 
qreig evalue 9.681163e-01 
qreig evalue 9.859444e-01 
qreig evalue 9.989538e-01 
qreig evalue 1.033841e+00 
qreig evalue -2.570402e-02 
qreig evalue 9.046168e-01 
qreig evalue 9.082274e-01 
qreig evalue 9.676046e-01 
qreig evalue 9.812485e-01 
qreig evalue 9.918556e-01 
qreig evalue 1.002010e+00 
qreig evalue 1.033846e+00 
Stopping here, on tightness j=8 
maxeigs[1]=-1.000000e+100 
maxeigs[2]=-1.000000e+100 
maxeigs[3]=-1.000000e+100 
maxeigs[4]=-1.000000e+100 
maxeigs[5]=1.033129e+00 
maxeigs[6]=1.033728e+00 
maxeigs[7]=1.033841e+00 
maxeigs[8]=1.033846e+00 
maxeig 1.044185e+00 
Lancoz converged after 8 iters
eigsearch: alpha=nan 
After linesearches, alphap=nan alphad=nan 
newrelpinfeas is nan
limrelpinfeas is 1.470301e+06
newreldinfeas is nan
limreldinfeas is 9.175883e+03
After feas check, alphap=nan alphad=nan 
line search failure in corrector step.
diagnrm is 2.594723e+03, adding diagadd 3.825710e-02 
Perturbing C.
Fnorm of Fd is 9.277215e+01 
Norm of rhs is 3.449682e+03 
Norm of dy is 1.064772e+01 
Fnorm of work1 is 1.266907e+00 
Before Fd, Fnorm of dZ is 1.328229e+01 
After Fd, Fnorm of dZ is 9.181459e+01 
Fnorm of dX is 1.368507e+03 
Fnorm of dZ is 9.181459e+01 
linesearch method 2 
qreig evalue -4.152731e-01 
qreig evalue 3.763247e-02 
qreig evalue 9.470225e-02 
qreig evalue 4.151468e-01 
qreig evalue 1.024632e+00 
qreig evalue -4.152781e-01 
qreig evalue 2.687287e-02 
qreig evalue 6.153314e-02 
qreig evalue 9.542735e-02 
qreig evalue 4.152779e-01 
qreig evalue 1.024633e+00 
qreig evalue -4.152782e-01 
qreig evalue 2.123445e-02 
qreig evalue 4.410740e-02 
qreig evalue 7.658796e-02 
qreig evalue 9.569348e-02 
qreig evalue 4.152783e-01 
qreig evalue 1.024633e+00 
qreig evalue -4.152782e-01 
qreig evalue 7.867898e-03 
qreig evalue 3.077120e-02 
qreig evalue 6.336793e-02 
qreig evalue 9.534275e-02 
qreig evalue 1.177469e-01 
qreig evalue 4.152783e-01 
qreig evalue 1.024633e+00 
Stopping here, on tightness j=8 
maxeigs[1]=-1.000000e+100 
maxeigs[2]=-1.000000e+100 
maxeigs[3]=-1.000000e+100 
maxeigs[4]=-1.000000e+100 
maxeigs[5]=1.024632e+00 
maxeigs[6]=1.024633e+00 
maxeigs[7]=1.024633e+00 
maxeigs[8]=1.024633e+00 
maxeig 1.034879e+00 
Lancoz converged after 8 iters
eigsearch: alpha=nan 
linesearch method 2 
qreig evalue -2.463243e-02 
qreig evalue 5.848532e-01 
qreig evalue 9.052977e-01 
qreig evalue 9.623675e-01 
qreig evalue 1.415273e+00 
qreig evalue -2.463290e-02 
qreig evalue 5.847221e-01 
qreig evalue 9.045726e-01 
qreig evalue 9.384669e-01 
qreig evalue 9.731271e-01 
qreig evalue 1.415278e+00 
qreig evalue -2.463290e-02 
qreig evalue 5.847217e-01 
qreig evalue 9.043065e-01 
qreig evalue 9.234120e-01 
qreig evalue 9.558926e-01 
qreig evalue 9.787656e-01 
qreig evalue 1.415278e+00 
qreig evalue -2.463290e-02 
qreig evalue 5.847217e-01 
qreig evalue 8.822531e-01 
qreig evalue 9.046573e-01 
qreig evalue 9.366321e-01 
qreig evalue 9.692288e-01 
qreig evalue 9.921321e-01 
qreig evalue 1.415278e+00 
Stopping here, on tightness j=8 
maxeigs[1]=-1.000000e+100 
maxeigs[2]=-1.000000e+100 
maxeigs[3]=-1.000000e+100 
maxeigs[4]=-1.000000e+100 
maxeigs[5]=1.415273e+00 
maxeigs[6]=1.415278e+00 
maxeigs[7]=1.415278e+00 
maxeigs[8]=1.415278e+00 
maxeig 1.429431e+00 
Lancoz converged after 8 iters
eigsearch: alpha=nan 
Taking an affine step because parameters.affine=1
muk is 9.750149e+03 
muplus is 4.875075e+03 
New mu is 0.000000e+00 
mu*n = target duality gap is 0.000000e+00 
refinement: Relative error in A(X+dX)=a (Fphat) is 2.036755e-01 
refinement: Before dX+dX1 Relative error in A(X+dX)=a is 2.036755e-01 
refinement: better
Fnorm of dX1 is 7.739954e+02
Fnorm of dZ1 is 6.147045e+00
refinement: Before adjust dX Relative error in A(X+dX)=a is 3.185200e-02 
refinement: better
Fnorm of dX is 1.900168e+03 
Fnorm of dZ is 9.202011e+01 
refinement: After adjust error in A(X+dX)=a is 3.185200e-02 
refinement: better
linesearch method 2 
qreig evalue -6.215819e-01 
qreig evalue 5.103585e-02 
qreig evalue 1.785629e-01 
qreig evalue 2.479854e-01 
qreig evalue 1.001328e+00 
qreig evalue -6.215851e-01 
qreig evalue 2.823812e-02 
qreig evalue 7.563339e-02 
qreig evalue 1.812631e-01 
qreig evalue 2.758110e-01 
qreig evalue 1.001330e+00 
qreig evalue -6.215851e-01 
qreig evalue 2.354806e-02 
qreig evalue 6.850319e-02 
qreig evalue 1.284640e-01 
qreig evalue 1.815139e-01 
qreig evalue 2.766119e-01 
qreig evalue 1.001330e+00 
qreig evalue -6.215851e-01 
qreig evalue 2.107361e-02 
qreig evalue 5.261317e-02 
qreig evalue 7.771402e-02 
qreig evalue 1.551446e-01 
qreig evalue 1.816643e-01 
qreig evalue 2.766732e-01 
qreig evalue 1.001330e+00 
Stopping here, on tightness j=8 
maxeigs[1]=-1.000000e+100 
maxeigs[2]=-1.000000e+100 
maxeigs[3]=-1.000000e+100 
maxeigs[4]=-1.000000e+100 
maxeigs[5]=1.001328e+00 
maxeigs[6]=1.001330e+00 
maxeigs[7]=1.001330e+00 
maxeigs[8]=1.001330e+00 
maxeig 1.011343e+00 
Lancoz converged after 8 iters
eigsearch: alpha=nan 
linesearch method 2 
qreig evalue -2.530782e-02 
qreig evalue 9.046852e-01 
qreig evalue 9.661951e-01 
qreig evalue 9.894668e-01 
qreig evalue 1.033135e+00 
qreig evalue -2.530782e-02 
qreig evalue 9.046663e-01 
qreig evalue 9.192813e-01 
qreig evalue 9.711366e-01 
qreig evalue 9.933051e-01 
qreig evalue 1.033732e+00 
qreig evalue -2.530782e-02 
qreig evalue 9.046192e-01 
qreig evalue 9.083757e-01 
qreig evalue 9.681274e-01 
qreig evalue 9.859323e-01 
qreig evalue 9.989301e-01 
qreig evalue 1.033846e+00 
qreig evalue -2.530782e-02 
qreig evalue 9.046168e-01 
qreig evalue 9.082268e-01 
qreig evalue 9.676132e-01 
qreig evalue 9.812153e-01 
qreig evalue 9.918278e-01 
qreig evalue 1.001970e+00 
qreig evalue 1.033851e+00 
Stopping here, on tightness j=8 
maxeigs[1]=-1.000000e+100 
maxeigs[2]=-1.000000e+100 
maxeigs[3]=-1.000000e+100 
maxeigs[4]=-1.000000e+100 
maxeigs[5]=1.033135e+00 
maxeigs[6]=1.033732e+00 
maxeigs[7]=1.033846e+00 
maxeigs[8]=1.033851e+00 
maxeig 1.044189e+00 
Lancoz converged after 8 iters
eigsearch: alpha=nan 
After linesearches, alphap=nan alphad=nan 
newrelpinfeas is nan
limrelpinfeas is 1.470301e+06
newreldinfeas is nan
limreldinfeas is 9.175883e+03
After feas check, alphap=nan alphad=nan 
line search failure in corrector step.
diagnrm is 2.594723e+03, adding diagadd 3.825710e-01 
Perturbing C.
Fnorm of Fd is 9.277215e+01 
Norm of rhs is 3.449682e+03 
Norm of dy is 1.060779e+01 
Fnorm of work1 is 1.263762e+00 
Before Fd, Fnorm of dZ is 1.324932e+01 
After Fd, Fnorm of dZ is 9.181461e+01 
Fnorm of dX is 1.366003e+03 
Fnorm of dZ is 9.181461e+01 
linesearch method 2 
qreig evalue -4.151608e-01 
qreig evalue 3.764452e-02 
qreig evalue 9.470182e-02 
qreig evalue 4.150337e-01 
qreig evalue 1.020879e+00 
qreig evalue -4.151658e-01 
qreig evalue 2.683605e-02 
qreig evalue 6.145081e-02 
qreig evalue 9.542593e-02 
qreig evalue 4.151655e-01 
qreig evalue 1.020880e+00 
qreig evalue -4.151658e-01 
qreig evalue 2.113413e-02 
qreig evalue 4.396496e-02 
qreig evalue 7.633250e-02 
qreig evalue 9.568599e-02 
qreig evalue 4.151660e-01 
qreig evalue 1.020880e+00 
qreig evalue -4.151658e-01 
qreig evalue 7.887689e-03 
qreig evalue 3.078418e-02 
qreig evalue 6.333594e-02 
qreig evalue 9.534327e-02 
qreig evalue 1.176340e-01 
qreig evalue 4.151660e-01 
qreig evalue 1.020880e+00 
Stopping here, on tightness j=8 
maxeigs[1]=-1.000000e+100 
maxeigs[2]=-1.000000e+100 
maxeigs[3]=-1.000000e+100 
maxeigs[4]=-1.000000e+100 
maxeigs[5]=1.020879e+00 
maxeigs[6]=1.020880e+00 
maxeigs[7]=1.020880e+00 
maxeigs[8]=1.020880e+00 
maxeig 1.031089e+00 
Lancoz converged after 8 iters
eigsearch: alpha=nan 
linesearch method 2 
qreig evalue -2.087926e-02 
qreig evalue 5.849663e-01 
qreig evalue 9.052982e-01 
qreig evalue 9.623555e-01 
qreig evalue 1.415161e+00 
qreig evalue -2.087974e-02 
qreig evalue 5.848345e-01 
qreig evalue 9.045741e-01 
qreig evalue 9.385492e-01 
qreig evalue 9.731639e-01 
qreig evalue 1.415166e+00 
qreig evalue -2.087974e-02 
qreig evalue 5.848340e-01 
qreig evalue 9.043140e-01 
qreig evalue 9.236675e-01 
qreig evalue 9.560350e-01 
qreig evalue 9.788659e-01 
qreig evalue 1.415166e+00 
qreig evalue -2.087974e-02 
qreig evalue 5.848340e-01 
qreig evalue 8.823660e-01 
qreig evalue 9.046567e-01 
qreig evalue 9.366641e-01 
qreig evalue 9.692158e-01 
qreig evalue 9.921123e-01 
qreig evalue 1.415166e+00 
Stopping here, on tightness j=8 
maxeigs[1]=-1.000000e+100 
maxeigs[2]=-1.000000e+100 
maxeigs[3]=-1.000000e+100 
maxeigs[4]=-1.000000e+100 
maxeigs[5]=1.415161e+00 
maxeigs[6]=1.415166e+00 
maxeigs[7]=1.415166e+00 
maxeigs[8]=1.415166e+00 
maxeig 1.429317e+00 
Lancoz converged after 8 iters
eigsearch: alpha=nan 
Taking an affine step because parameters.affine=1
muk is 9.750149e+03 
muplus is 4.875075e+03 
New mu is 0.000000e+00 
mu*n = target duality gap is 0.000000e+00 
refinement: Relative error in A(X+dX)=a (Fphat) is 2.029117e+00 
refinement: Before dX+dX1 Relative error in A(X+dX)=a is 2.029117e+00 
refinement: better
Fnorm of dX1 is 7.738074e+02
Fnorm of dZ1 is 6.143731e+00
refinement: Before adjust dX Relative error in A(X+dX)=a is 3.178451e-01 
refinement: better
Fnorm of dX is 1.900102e+03 
Fnorm of dZ is 9.201993e+01 
refinement: After adjust error in A(X+dX)=a is 3.178451e-01 
refinement: better
linesearch method 2 
qreig evalue -6.214197e-01 
qreig evalue 5.104282e-02 
qreig evalue 1.785730e-01 
qreig evalue 2.480897e-01 
qreig evalue 1.001272e+00 
qreig evalue -6.214229e-01 
qreig evalue 2.828265e-02 
qreig evalue 7.559269e-02 
qreig evalue 1.812624e-01 
qreig evalue 2.758329e-01 
qreig evalue 1.001274e+00 
qreig evalue -6.214229e-01 
qreig evalue 2.354403e-02 
qreig evalue 6.841269e-02 
qreig evalue 1.283962e-01 
qreig evalue 1.815137e-01 
qreig evalue 2.766361e-01 
qreig evalue 1.001274e+00 
qreig evalue -6.214229e-01 
qreig evalue 2.102749e-02 
qreig evalue 5.249897e-02 
qreig evalue 7.766905e-02 
qreig evalue 1.550980e-01 
qreig evalue 1.816643e-01 
qreig evalue 2.766976e-01 
qreig evalue 1.001274e+00 
Stopping here, on tightness j=8 
maxeigs[1]=-1.000000e+100 
maxeigs[2]=-1.000000e+100 
maxeigs[3]=-1.000000e+100 
maxeigs[4]=-1.000000e+100 
maxeigs[5]=1.001272e+00 
maxeigs[6]=1.001274e+00 
maxeigs[7]=1.001274e+00 
maxeigs[8]=1.001274e+00 
maxeig 1.011287e+00 
Lancoz converged after 8 iters
eigsearch: alpha=nan 
linesearch method 2 
qreig evalue -2.137888e-02 
qreig evalue 9.046851e-01 
qreig evalue 9.662761e-01 
qreig evalue 9.894175e-01 
qreig evalue 1.033190e+00 
qreig evalue -2.137888e-02 
qreig evalue 9.046660e-01 
qreig evalue 9.190043e-01 
qreig evalue 9.712242e-01 
qreig evalue 9.932548e-01 
qreig evalue 1.033781e+00 
qreig evalue -2.137888e-02 
qreig evalue 9.046192e-01 
qreig evalue 9.083664e-01 
qreig evalue 9.682339e-01 
qreig evalue 9.858049e-01 
qreig evalue 9.986940e-01 
qreig evalue 1.033890e+00 
qreig evalue -2.137888e-02 
qreig evalue 9.046168e-01 
qreig evalue 9.082205e-01 
qreig evalue 9.676916e-01 
qreig evalue 9.808595e-01 
qreig evalue 9.915422e-01 
qreig evalue 1.001576e+00 
qreig evalue 1.033894e+00 
Stopping here, on tightness j=8 
maxeigs[1]=-1.000000e+100 
maxeigs[2]=-1.000000e+100 
maxeigs[3]=-1.000000e+100 
maxeigs[4]=-1.000000e+100 
maxeigs[5]=1.033190e+00 
maxeigs[6]=1.033781e+00 
maxeigs[7]=1.033890e+00 
maxeigs[8]=1.033894e+00 
maxeig 1.044233e+00 
Lancoz converged after 8 iters
eigsearch: alpha=nan 
After linesearches, alphap=nan alphad=nan 
newrelpinfeas is nan
limrelpinfeas is 1.470301e+06
newreldinfeas is nan
limreldinfeas is 9.175883e+03
After feas check, alphap=nan alphad=nan 
line search failure in corrector step.
Too many line search failures, giving up. 
Total Iterations: 0 
Failure: return code is 9 
XZ Gap: 9.0676386e+05 
Real Gap: 7.5330000e+04 
Primal objective value: -7.5330000e+04 
Dual objective value: 0.0000000e+00 
Relative primal infeasibility: 1.47e+03 
Relative dual infeasibility: 9.18e+00 
Real Relative Gap: 1.00e-00 
XZ Relative Gap: 1.20e+01 
DIMACS error measures: 1.47e+03 0.00e+00 4.64e+01 0.00e+00 1.00e-00 1.20e+01
Elements time: 0.056919 
Factor time: 0.003850 
Other time: 1.515680 
Total time: 1.576449 
[Warning: File 'param.csdp' not found.] 
[> In csdp (line 215)
  In cca (line 108)
  In compute_mapping (line 277)
  In MagnetVision (line 62)
  In main (line 121)
  In rp_gridMain_Run2Img (line 11)] 
=========================================================================================
slurmstepd: *** JOB 1953706 CANCELLED AT 2015-10-14T05:01:28 DUE TO TIME LIMIT on wh-520-8-11 ***
